number,value,datetime_start,datetime_complete,duration,params_batch_size,params_classifier_dropout,params_label_smoothing,params_learning_rate,params_loss_mode,params_lr_decay,params_num_train_epochs,params_preprocessing,params_weight_decay,user_attrs_best_epochs_inner,user_attrs_f1_inner_std,user_attrs_refit_epochs,system_attrs_tpe:relative_params:0,state
0,0.7071804197481879,2026-10-02 15:55:51.097534,2026-10-02 15:56:45.528001,0 days 00:00:54.430467,16,0.3,0.1,1e-05,balanced,0.9,4,PYSENTIMIENTO,0.1,"[4, 4, 4]",0.02960980036286327,4,,COMPLETE
1,0.7621328293058284,2026-10-02 15:56:45.764311,2026-10-02 15:58:05.284306,0 days 00:01:19.519995,16,0.2,0.1,2e-05,standard,0.9,6,PYSENTIMIENTO,0.1,"[5, 6, 5]",0.018688186449435526,5,,COMPLETE
2,0.7677953484069068,2026-10-02 15:58:05.504615,2026-10-02 15:59:24.771021,0 days 00:01:19.266406,16,0.1,0.1,2e-05,standard,0.9,6,PYSENTIMIENTO,0.01,"[5, 4, 5]",0.01632354649098639,5,,COMPLETE
3,0.7707843581462793,2026-10-02 15:59:24.998876,2026-10-02 16:00:43.848029,0 days 00:01:18.849153,16,0.2,0.1,2e-05,balanced,0.9,6,PYSENTIMIENTO,0.01,"[5, 4, 5]",0.017510135899737052,5,,COMPLETE
4,0.7503882961579298,2026-10-02 16:00:44.083157,2026-10-02 16:01:38.442363,0 days 00:00:54.359206,16,0.1,0.1,2e-05,standard,0.9,4,PYSENTIMIENTO,0.01,"[3, 4, 4]",0.023516517422060512,4,,COMPLETE
5,0.7680336451138988,2026-10-02 16:01:38.679234,2026-10-02 16:02:57.564964,0 days 00:01:18.885730,16,0.3,0.1,2e-05,balanced,0.9,6,PYSENTIMIENTO,0.01,"[6, 6, 5]",0.018341454086483803,6,"{""classifier_dropout"": 0.3, ""learning_rate"": 2e-05, ""loss_mode"": ""balanced"", ""num_train_epochs"": 6, ""weight_decay"": 0.01}",COMPLETE
6,0.7417379005702779,2026-10-02 16:02:57.798153,2026-10-02 16:04:18.051589,0 days 00:01:20.253436,16,0.2,0.1,1e-05,balanced,0.9,6,PYSENTIMIENTO,0.01,"[6, 6, 6]",0.025018136787331672,6,"{""classifier_dropout"": 0.2, ""learning_rate"": 1e-05, ""loss_mode"": ""balanced"", ""num_train_epochs"": 6, ""weight_decay"": 0.01}",COMPLETE
7,0.7707843581462793,2026-10-02 16:04:18.299565,2026-10-02 16:04:18.422341,0 days 00:00:00.122776,16,0.2,0.1,2e-05,balanced,0.9,6,PYSENTIMIENTO,0.01,"[5, 4, 5]",0.017510135899737052,5,"{""classifier_dropout"": 0.2, ""learning_rate"": 2e-05, ""loss_mode"": ""balanced"", ""num_train_epochs"": 6, ""weight_decay"": 0.01}",COMPLETE
8,0.7534433601373395,2026-10-02 16:04:18.655552,2026-10-02 16:05:12.051086,0 days 00:00:53.395534,16,0.2,0.1,2e-05,balanced,0.9,4,PYSENTIMIENTO,0.01,"[4, 4, 4]",0.017682690788166526,4,"{""classifier_dropout"": 0.2, ""learning_rate"": 2e-05, ""loss_mode"": ""balanced"", ""num_train_epochs"": 4, ""weight_decay"": 0.01}",COMPLETE
9,0.7720451181280324,2026-10-02 16:05:12.300128,2026-10-02 16:06:32.981387,0 days 00:01:20.681259,16,0.1,0.1,2e-05,balanced,0.9,6,PYSENTIMIENTO,0.1,"[5, 6, 5]",0.011762523082561874,5,"{""classifier_dropout"": 0.1, ""learning_rate"": 2e-05, ""loss_mode"": ""balanced"", ""num_train_epochs"": 6, ""weight_decay"": 0.1}",COMPLETE
10,0.7720451181280324,2026-10-02 16:06:33.221516,2026-10-02 16:06:33.347295,0 days 00:00:00.125779,16,0.1,0.1,2e-05,balanced,0.9,6,PYSENTIMIENTO,0.1,"[5, 6, 5]",0.011762523082561874,5,"{""classifier_dropout"": 0.1, ""learning_rate"": 2e-05, ""loss_mode"": ""balanced"", ""num_train_epochs"": 6, ""weight_decay"": 0.1}",COMPLETE
11,0.7720451181280324,2026-10-02 16:06:33.583201,2026-10-02 16:06:33.705869,0 days 00:00:00.122668,16,0.1,0.1,2e-05,balanced,0.9,6,PYSENTIMIENTO,0.1,"[5, 6, 5]",0.011762523082561874,5,"{""classifier_dropout"": 0.1, ""learning_rate"": 2e-05, ""loss_mode"": ""balanced"", ""num_train_epochs"": 6, ""weight_decay"": 0.1}",COMPLETE
12,0.7471303489170169,2026-10-02 16:06:33.941635,2026-10-02 16:07:52.294125,0 days 00:01:18.352490,16,0.1,0.1,1e-05,balanced,0.9,6,PYSENTIMIENTO,0.1,"[6, 5, 6]",0.01878950950047224,6,"{""classifier_dropout"": 0.1, ""learning_rate"": 1e-05, ""loss_mode"": ""balanced"", ""num_train_epochs"": 6, ""weight_decay"": 0.1}",COMPLETE
13,0.7579512520415942,2026-10-02 16:07:52.531155,2026-10-02 16:08:46.343533,0 days 00:00:53.812378,16,0.1,0.1,2e-05,balanced,0.9,4,PYSENTIMIENTO,0.1,"[4, 4, 4]",0.014299788589877955,4,"{""classifier_dropout"": 0.1, ""learning_rate"": 2e-05, ""loss_mode"": ""balanced"", ""num_train_epochs"": 4, ""weight_decay"": 0.1}",COMPLETE
14,0.7676809844204852,2026-10-02 16:08:46.584765,2026-10-02 16:10:05.350530,0 days 00:01:18.765765,16,0.3,0.1,2e-05,balanced,0.9,6,PYSENTIMIENTO,0.1,"[6, 6, 6]",0.017825433325329626,6,"{""classifier_dropout"": 0.3, ""learning_rate"": 2e-05, ""loss_mode"": ""balanced"", ""num_train_epochs"": 6, ""weight_decay"": 0.1}",COMPLETE
15,0.7202970440411859,2026-10-02 16:10:05.579287,2026-10-02 16:11:25.996702,0 days 00:01:20.417415,16,0.3,0.1,1e-05,standard,0.9,6,PYSENTIMIENTO,0.1,"[5, 4, 6]",0.022190785926506154,5,"{""classifier_dropout"": 0.3, ""learning_rate"": 1e-05, ""loss_mode"": ""standard"", ""num_train_epochs"": 6, ""weight_decay"": 0.1}",COMPLETE
16,0.7666891383196491,2026-10-02 16:11:26.244239,2026-10-02 16:12:39.357494,0 days 00:01:13.113255,16,0.1,0.1,2e-05,standard,0.9,6,PYSENTIMIENTO,0.1,"[5, 4, 2]",0.012366718737429014,4,"{""classifier_dropout"": 0.1, ""learning_rate"": 2e-05, ""loss_mode"": ""standard"", ""num_train_epochs"": 6, ""weight_decay"": 0.1}",COMPLETE
17,0.7338855429254655,2026-10-02 16:12:39.592706,2026-10-02 16:13:34.615116,0 days 00:00:55.022410,16,0.3,0.1,2e-05,standard,0.9,4,PYSENTIMIENTO,0.1,"[4, 4, 2]",0.019222542421194245,4,"{""classifier_dropout"": 0.3, ""learning_rate"": 2e-05, ""loss_mode"": ""standard"", ""num_train_epochs"": 4, ""weight_decay"": 0.1}",COMPLETE
18,0.7168380945163935,2026-10-02 16:13:34.846917,2026-10-02 16:14:29.383106,0 days 00:00:54.536189,16,0.1,0.1,1e-05,balanced,0.9,4,PYSENTIMIENTO,0.01,"[4, 4, 4]",0.02482667934898704,4,"{""classifier_dropout"": 0.1, ""learning_rate"": 1e-05, ""loss_mode"": ""balanced"", ""num_train_epochs"": 4, ""weight_decay"": 0.01}",COMPLETE
19,0.6950457148804329,2026-10-02 16:14:29.618831,2026-10-02 16:15:23.550672,0 days 00:00:53.931841,16,0.2,0.1,1e-05,standard,0.9,4,PYSENTIMIENTO,0.1,"[4, 3, 4]",0.020331245839137688,4,"{""classifier_dropout"": 0.2, ""learning_rate"": 1e-05, ""loss_mode"": ""standard"", ""num_train_epochs"": 4, ""weight_decay"": 0.1}",COMPLETE
