number,value,datetime_start,datetime_complete,duration,params_batch_size,params_classifier_dropout,params_label_smoothing,params_learning_rate,params_loss_mode,params_lr_decay,params_num_train_epochs,params_preprocessing,params_weight_decay,user_attrs_best_epochs_inner,user_attrs_f1_inner_std,user_attrs_refit_epochs,system_attrs_tpe:relative_params:0,state
0,0.7392796200029171,2026-10-02 19:13:35.630067,2026-10-02 19:14:40.463875,0 days 00:01:04.833808,16,0.2,0.1,2e-05,balanced,0.9,4,PYSENTIMIENTO,0.01,"[4, 4, 4]",0.018482809258862146,4,,COMPLETE
1,0.6477911513422444,2026-10-02 19:14:40.694747,2026-10-02 19:15:44.560536,0 days 00:01:03.865789,16,0.2,0.1,1e-05,standard,0.9,4,PYSENTIMIENTO,0.1,"[4, 4, 4]",0.006053094932056201,4,,COMPLETE
2,0.7401127970889655,2026-10-02 19:15:44.799459,2026-10-02 19:17:07.380288,0 days 00:01:22.580829,16,0.1,0.1,2e-05,standard,0.9,6,PYSENTIMIENTO,0.1,"[4, 6, 2]",0.014521442506615958,4,,COMPLETE
3,0.7083501786074441,2026-10-02 19:17:07.611384,2026-10-02 19:18:11.411984,0 days 00:01:03.800600,16,0.3,0.1,2e-05,standard,0.9,4,PYSENTIMIENTO,0.1,"[3, 4, 4]",0.02388801885830829,4,,COMPLETE
4,0.7399246075239897,2026-10-02 19:18:11.630710,2026-10-02 19:19:34.771871,0 days 00:01:23.141161,16,0.1,0.1,2e-05,standard,0.9,6,PYSENTIMIENTO,0.01,"[4, 6, 2]",0.01341709369731117,4,,COMPLETE
5,0.751952496990646,2026-10-02 19:19:34.997045,2026-10-02 19:21:11.614702,0 days 00:01:36.617657,16,0.1,0.1,2e-05,balanced,0.9,6,PYSENTIMIENTO,0.1,"[4, 6, 5]",0.014059645291902356,5,"{""classifier_dropout"": 0.1, ""learning_rate"": 2e-05, ""loss_mode"": ""balanced"", ""num_train_epochs"": 6, ""weight_decay"": 0.1}",COMPLETE
6,0.7333044695114275,2026-10-02 19:21:11.848365,2026-10-02 19:22:45.953095,0 days 00:01:34.104730,16,0.1,0.1,1e-05,balanced,0.9,6,PYSENTIMIENTO,0.1,"[6, 4, 5]",0.01788824097437666,5,"{""classifier_dropout"": 0.1, ""learning_rate"": 1e-05, ""loss_mode"": ""balanced"", ""num_train_epochs"": 6, ""weight_decay"": 0.1}",COMPLETE
7,0.746215833341182,2026-10-02 19:22:46.201612,2026-10-02 19:24:20.456237,0 days 00:01:34.254625,16,0.3,0.1,2e-05,balanced,0.9,6,PYSENTIMIENTO,0.1,"[4, 5, 5]",0.017904292015355056,5,"{""classifier_dropout"": 0.3, ""learning_rate"": 2e-05, ""loss_mode"": ""balanced"", ""num_train_epochs"": 6, ""weight_decay"": 0.1}",COMPLETE
8,0.7422556322994405,2026-10-02 19:24:20.679023,2026-10-02 19:25:25.001547,0 days 00:01:04.322524,16,0.1,0.1,2e-05,balanced,0.9,4,PYSENTIMIENTO,0.1,"[4, 3, 4]",0.016264466153713422,4,"{""classifier_dropout"": 0.1, ""learning_rate"": 2e-05, ""loss_mode"": ""balanced"", ""num_train_epochs"": 4, ""weight_decay"": 0.1}",COMPLETE
9,0.751952496990646,2026-10-02 19:25:25.232998,2026-10-02 19:25:25.361265,0 days 00:00:00.128267,16,0.1,0.1,2e-05,balanced,0.9,6,PYSENTIMIENTO,0.1,"[4, 6, 5]",0.014059645291902356,5,"{""classifier_dropout"": 0.1, ""learning_rate"": 2e-05, ""loss_mode"": ""balanced"", ""num_train_epochs"": 6, ""weight_decay"": 0.1}",COMPLETE
10,0.7220675686288379,2026-10-02 19:25:25.601348,2026-10-02 19:27:00.278667,0 days 00:01:34.677319,16,0.3,0.1,1e-05,balanced,0.9,6,PYSENTIMIENTO,0.01,"[6, 5, 6]",0.012441008693951683,6,"{""classifier_dropout"": 0.3, ""learning_rate"": 1e-05, ""loss_mode"": ""balanced"", ""num_train_epochs"": 6, ""weight_decay"": 0.01}",COMPLETE
11,0.751952496990646,2026-10-02 19:27:00.512110,2026-10-02 19:27:00.639020,0 days 00:00:00.126910,16,0.1,0.1,2e-05,balanced,0.9,6,PYSENTIMIENTO,0.1,"[4, 6, 5]",0.014059645291902356,5,"{""classifier_dropout"": 0.1, ""learning_rate"": 2e-05, ""loss_mode"": ""balanced"", ""num_train_epochs"": 6, ""weight_decay"": 0.1}",COMPLETE
12,0.7499986344714561,2026-10-02 19:27:00.878546,2026-10-02 19:28:35.435035,0 days 00:01:34.556489,16,0.2,0.1,2e-05,balanced,0.9,6,PYSENTIMIENTO,0.1,"[5, 5, 6]",0.017663630201424304,5,"{""classifier_dropout"": 0.2, ""learning_rate"": 2e-05, ""loss_mode"": ""balanced"", ""num_train_epochs"": 6, ""weight_decay"": 0.1}",COMPLETE
13,0.710848281150831,2026-10-02 19:28:35.671787,2026-10-02 19:29:39.778412,0 days 00:01:04.106625,16,0.1,0.1,1e-05,balanced,0.9,4,PYSENTIMIENTO,0.01,"[4, 3, 3]",0.015638467931061408,3,"{""classifier_dropout"": 0.1, ""learning_rate"": 1e-05, ""loss_mode"": ""balanced"", ""num_train_epochs"": 4, ""weight_decay"": 0.01}",COMPLETE
14,0.7523433402962683,2026-10-02 19:29:40.017465,2026-10-02 19:31:15.373019,0 days 00:01:35.355554,16,0.1,0.1,2e-05,balanced,0.9,6,PYSENTIMIENTO,0.01,"[4, 6, 5]",0.0141890389250443,5,"{""classifier_dropout"": 0.1, ""learning_rate"": 2e-05, ""loss_mode"": ""balanced"", ""num_train_epochs"": 6, ""weight_decay"": 0.01}",COMPLETE
15,0.7523433402962683,2026-10-02 19:31:15.610718,2026-10-02 19:31:15.731952,0 days 00:00:00.121234,16,0.1,0.1,2e-05,balanced,0.9,6,PYSENTIMIENTO,0.01,"[4, 6, 5]",0.0141890389250443,5,"{""classifier_dropout"": 0.1, ""learning_rate"": 2e-05, ""loss_mode"": ""balanced"", ""num_train_epochs"": 6, ""weight_decay"": 0.01}",COMPLETE
16,0.7523433402962683,2026-10-02 19:31:15.971051,2026-10-02 19:31:16.089142,0 days 00:00:00.118091,16,0.1,0.1,2e-05,balanced,0.9,6,PYSENTIMIENTO,0.01,"[4, 6, 5]",0.0141890389250443,5,"{""classifier_dropout"": 0.1, ""learning_rate"": 2e-05, ""loss_mode"": ""balanced"", ""num_train_epochs"": 6, ""weight_decay"": 0.01}",COMPLETE
17,0.7320144416784983,2026-10-02 19:31:16.319834,2026-10-02 19:32:50.516713,0 days 00:01:34.196879,16,0.1,0.1,1e-05,balanced,0.9,6,PYSENTIMIENTO,0.01,"[6, 4, 6]",0.018313176857609928,6,"{""classifier_dropout"": 0.1, ""learning_rate"": 1e-05, ""loss_mode"": ""balanced"", ""num_train_epochs"": 6, ""weight_decay"": 0.01}",COMPLETE
18,0.7497408753304073,2026-10-02 19:32:50.749972,2026-10-02 19:34:24.907162,0 days 00:01:34.157190,16,0.2,0.1,2e-05,balanced,0.9,6,PYSENTIMIENTO,0.01,"[5, 4, 6]",0.01805947236799987,5,"{""classifier_dropout"": 0.2, ""learning_rate"": 2e-05, ""loss_mode"": ""balanced"", ""num_train_epochs"": 6, ""weight_decay"": 0.01}",COMPLETE
19,0.6924134296460743,2026-10-02 19:34:25.142437,2026-10-02 19:35:58.958468,0 days 00:01:33.816031,16,0.2,0.1,1e-05,standard,0.9,6,PYSENTIMIENTO,0.01,"[6, 5, 6]",0.009944924922464612,6,"{""classifier_dropout"": 0.2, ""learning_rate"": 1e-05, ""loss_mode"": ""standard"", ""num_train_epochs"": 6, ""weight_decay"": 0.01}",COMPLETE
