number,value,datetime_start,datetime_complete,duration,params_batch_size,params_classifier_dropout,params_label_smoothing,params_learning_rate,params_loss_mode,params_lr_decay,params_num_train_epochs,params_preprocessing,params_weight_decay,user_attrs_best_epochs_inner,user_attrs_f1_inner_std,user_attrs_refit_epochs,system_attrs_tpe:relative_params:0,state
0,0.7031437146211267,2026-10-02 16:50:14.249939,2026-10-02 16:51:35.433694,0 days 00:01:21.183755,16,0.2,0.1,2e-05,standard,0.9,6,PYSENTIMIENTO,0.1,"[5, 4, 5]",0.008262197537134676,5,,COMPLETE
1,0.6463355547943412,2026-10-02 16:51:35.670252,2026-10-02 16:52:53.379083,0 days 00:01:17.708831,16,0.3,0.1,1e-05,standard,0.9,6,PYSENTIMIENTO,0.1,"[6, 5, 6]",0.006196407679473391,6,,COMPLETE
2,0.7031437146211267,2026-10-02 16:52:53.621348,2026-10-02 16:52:53.731704,0 days 00:00:00.110356,16,0.2,0.1,2e-05,standard,0.9,6,PYSENTIMIENTO,0.1,"[5, 4, 5]",0.008262197537134676,5,,COMPLETE
3,0.745635589626116,2026-10-02 16:52:53.964401,2026-10-02 16:54:12.076622,0 days 00:01:18.112221,16,0.2,0.1,2e-05,balanced,0.9,6,PYSENTIMIENTO,0.01,"[5, 5, 6]",0.01634159002030394,5,,COMPLETE
4,0.5701896113748136,2026-10-02 16:54:12.304529,2026-10-02 16:55:05.428346,0 days 00:00:53.123817,16,0.3,0.1,1e-05,standard,0.9,4,PYSENTIMIENTO,0.1,"[4, 4, 4]",0.018277795062889443,4,,COMPLETE
5,0.745635589626116,2026-10-02 16:55:05.666335,2026-10-02 16:55:05.787441,0 days 00:00:00.121106,16,0.2,0.1,2e-05,balanced,0.9,6,PYSENTIMIENTO,0.01,"[5, 5, 6]",0.01634159002030394,5,"{""classifier_dropout"": 0.2, ""learning_rate"": 2e-05, ""loss_mode"": ""balanced"", ""num_train_epochs"": 6, ""weight_decay"": 0.01}",COMPLETE
6,0.721046691583283,2026-10-02 16:55:06.023448,2026-10-02 16:55:59.652959,0 days 00:00:53.629511,16,0.3,0.1,2e-05,balanced,0.9,4,PYSENTIMIENTO,0.01,"[3, 4, 4]",0.012504431739108087,4,"{""classifier_dropout"": 0.3, ""learning_rate"": 2e-05, ""loss_mode"": ""balanced"", ""num_train_epochs"": 4, ""weight_decay"": 0.01}",COMPLETE
7,0.7123454455535089,2026-10-02 16:55:59.886002,2026-10-02 16:57:17.400051,0 days 00:01:17.514049,16,0.2,0.1,1e-05,balanced,0.9,6,PYSENTIMIENTO,0.01,"[6, 6, 6]",0.015805524577462236,6,"{""classifier_dropout"": 0.2, ""learning_rate"": 1e-05, ""loss_mode"": ""balanced"", ""num_train_epochs"": 6, ""weight_decay"": 0.01}",COMPLETE
8,0.7351879257758448,2026-10-02 16:57:17.625074,2026-10-02 16:58:11.608539,0 days 00:00:53.983465,16,0.1,0.1,2e-05,balanced,0.9,4,PYSENTIMIENTO,0.1,"[3, 4, 4]",0.01100704674131179,4,"{""classifier_dropout"": 0.1, ""learning_rate"": 2e-05, ""loss_mode"": ""balanced"", ""num_train_epochs"": 4, ""weight_decay"": 0.1}",COMPLETE
9,0.7431669185944297,2026-10-02 16:58:11.834208,2026-10-02 16:59:25.137860,0 days 00:01:13.303652,16,0.1,0.1,2e-05,balanced,0.9,6,PYSENTIMIENTO,0.01,"[3, 5, 4]",0.010877539936984983,4,"{""classifier_dropout"": 0.1, ""learning_rate"": 2e-05, ""loss_mode"": ""balanced"", ""num_train_epochs"": 6, ""weight_decay"": 0.01}",COMPLETE
10,0.7435730935076391,2026-10-02 16:59:25.370387,2026-10-02 17:00:43.913416,0 days 00:01:18.543029,16,0.3,0.1,2e-05,balanced,0.9,6,PYSENTIMIENTO,0.1,"[5, 5, 5]",0.013414701576831485,5,"{""classifier_dropout"": 0.3, ""learning_rate"": 2e-05, ""loss_mode"": ""balanced"", ""num_train_epochs"": 6, ""weight_decay"": 0.1}",COMPLETE
11,0.745635589626116,2026-10-02 17:00:44.146302,2026-10-02 17:00:44.266238,0 days 00:00:00.119936,16,0.2,0.1,2e-05,balanced,0.9,6,PYSENTIMIENTO,0.01,"[5, 5, 6]",0.01634159002030394,5,"{""classifier_dropout"": 0.2, ""learning_rate"": 2e-05, ""loss_mode"": ""balanced"", ""num_train_epochs"": 6, ""weight_decay"": 0.01}",COMPLETE
12,0.6887057078420669,2026-10-02 17:00:44.503272,2026-10-02 17:01:38.564814,0 days 00:00:54.061542,16,0.2,0.1,1e-05,balanced,0.9,4,PYSENTIMIENTO,0.1,"[4, 3, 4]",0.011553628581382902,4,"{""classifier_dropout"": 0.2, ""learning_rate"": 1e-05, ""loss_mode"": ""balanced"", ""num_train_epochs"": 4, ""weight_decay"": 0.1}",COMPLETE
13,0.7279736872740029,2026-10-02 17:01:38.795814,2026-10-02 17:02:31.810815,0 days 00:00:53.015001,16,0.2,0.1,2e-05,balanced,0.9,4,PYSENTIMIENTO,0.01,"[4, 3, 4]",0.014230452481811304,4,"{""classifier_dropout"": 0.2, ""learning_rate"": 2e-05, ""loss_mode"": ""balanced"", ""num_train_epochs"": 4, ""weight_decay"": 0.01}",COMPLETE
14,0.6712309944845827,2026-10-02 17:02:32.043153,2026-10-02 17:03:49.540655,0 days 00:01:17.497502,16,0.1,0.1,1e-05,standard,0.9,6,PYSENTIMIENTO,0.01,"[6, 4, 5]",0.003201287352873509,5,"{""classifier_dropout"": 0.1, ""learning_rate"": 1e-05, ""loss_mode"": ""standard"", ""num_train_epochs"": 6, ""weight_decay"": 0.01}",COMPLETE
15,0.7042511159592318,2026-10-02 17:03:49.763610,2026-10-02 17:05:06.039944,0 days 00:01:16.276334,16,0.2,0.1,2e-05,standard,0.9,6,PYSENTIMIENTO,0.01,"[5, 4, 5]",0.010060072324544315,5,"{""classifier_dropout"": 0.2, ""learning_rate"": 2e-05, ""loss_mode"": ""standard"", ""num_train_epochs"": 6, ""weight_decay"": 0.01}",COMPLETE
16,0.7435730935076391,2026-10-02 17:05:06.263103,2026-10-02 17:06:25.849287,0 days 00:01:19.586184,16,0.3,0.1,2e-05,balanced,0.9,6,PYSENTIMIENTO,0.01,"[5, 5, 5]",0.013414701576831485,5,"{""classifier_dropout"": 0.3, ""learning_rate"": 2e-05, ""loss_mode"": ""balanced"", ""num_train_epochs"": 6, ""weight_decay"": 0.01}",COMPLETE
17,0.6001748455100565,2026-10-02 17:06:26.084138,2026-10-02 17:07:18.384467,0 days 00:00:52.300329,16,0.2,0.1,1e-05,standard,0.9,4,PYSENTIMIENTO,0.01,"[4, 4, 4]",0.015636840318415977,4,"{""classifier_dropout"": 0.2, ""learning_rate"": 1e-05, ""loss_mode"": ""standard"", ""num_train_epochs"": 4, ""weight_decay"": 0.01}",COMPLETE
18,0.746347435790255,2026-10-02 17:07:18.614379,2026-10-02 17:08:35.608780,0 days 00:01:16.994401,16,0.2,0.1,2e-05,balanced,0.9,6,PYSENTIMIENTO,0.1,"[5, 5, 6]",0.015741452214159443,5,"{""classifier_dropout"": 0.2, ""learning_rate"": 2e-05, ""loss_mode"": ""balanced"", ""num_train_epochs"": 6, ""weight_decay"": 0.1}",COMPLETE
19,0.746347435790255,2026-10-02 17:08:35.840643,2026-10-02 17:08:35.966516,0 days 00:00:00.125873,16,0.2,0.1,2e-05,balanced,0.9,6,PYSENTIMIENTO,0.1,"[5, 5, 6]",0.015741452214159443,5,"{""classifier_dropout"": 0.2, ""learning_rate"": 2e-05, ""loss_mode"": ""balanced"", ""num_train_epochs"": 6, ""weight_decay"": 0.1}",COMPLETE
