number,value,datetime_start,datetime_complete,duration,params_batch_size,params_classifier_dropout,params_label_smoothing,params_learning_rate,params_loss_mode,params_lr_decay,params_num_train_epochs,params_preprocessing,params_weight_decay,user_attrs_best_epochs_inner,user_attrs_f1_inner_std,user_attrs_refit_epochs,system_attrs_tpe:relative_params:0,state
0,0.7482738235712757,2026-10-02 18:50:18.372661,2026-10-02 18:51:23.188416,0 days 00:01:04.815755,16,0.2,0.1,2e-05,balanced,0.9,4,PYSENTIMIENTO,0.01,"[3, 3, 4]",0.01072173185409219,3,,COMPLETE
1,0.7091120511414992,2026-10-02 18:51:23.421832,2026-10-02 18:52:26.915590,0 days 00:01:03.493758,16,0.2,0.1,1e-05,standard,0.9,4,PYSENTIMIENTO,0.1,"[4, 4, 3]",0.004732634130352343,4,,COMPLETE
2,0.7607508755650407,2026-10-02 18:52:27.151027,2026-10-02 18:53:54.665519,0 days 00:01:27.514492,16,0.1,0.1,2e-05,standard,0.9,6,PYSENTIMIENTO,0.1,"[4, 4, 3]",0.008846897102469883,4,,COMPLETE
3,0.7321033570408018,2026-10-02 18:53:54.899330,2026-10-02 18:54:58.337530,0 days 00:01:03.438200,16,0.3,0.1,2e-05,standard,0.9,4,PYSENTIMIENTO,0.1,"[3, 4, 3]",0.00017357764684472986,3,,COMPLETE
4,0.7603545929007307,2026-10-02 18:54:58.567320,2026-10-02 18:56:26.761794,0 days 00:01:28.194474,16,0.1,0.1,2e-05,standard,0.9,6,PYSENTIMIENTO,0.01,"[4, 4, 3]",0.009512644275444966,4,,COMPLETE
5,0.7703604404915408,2026-10-02 18:56:26.994440,2026-10-02 18:57:55.611968,0 days 00:01:28.617528,16,0.1,0.1,2e-05,balanced,0.9,6,PYSENTIMIENTO,0.1,"[6, 6, 3]",0.022739987689264978,6,"{""classifier_dropout"": 0.1, ""learning_rate"": 2e-05, ""loss_mode"": ""balanced"", ""num_train_epochs"": 6, ""weight_decay"": 0.1}",COMPLETE
6,0.7441525463346373,2026-10-02 18:57:55.843774,2026-10-02 18:59:30.285783,0 days 00:01:34.442009,16,0.1,0.1,1e-05,balanced,0.9,6,PYSENTIMIENTO,0.1,"[6, 5, 4]",0.015899995142118265,5,"{""classifier_dropout"": 0.1, ""learning_rate"": 1e-05, ""loss_mode"": ""balanced"", ""num_train_epochs"": 6, ""weight_decay"": 0.1}",COMPLETE
7,0.7623171757351344,2026-10-02 18:59:30.519609,2026-10-02 19:01:04.730550,0 days 00:01:34.210941,16,0.3,0.1,2e-05,balanced,0.9,6,PYSENTIMIENTO,0.1,"[6, 5, 6]",0.015816505900061305,6,"{""classifier_dropout"": 0.3, ""learning_rate"": 2e-05, ""loss_mode"": ""balanced"", ""num_train_epochs"": 6, ""weight_decay"": 0.1}",COMPLETE
8,0.7518615750812763,2026-10-02 19:01:04.961007,2026-10-02 19:02:09.478121,0 days 00:01:04.517114,16,0.1,0.1,2e-05,balanced,0.9,4,PYSENTIMIENTO,0.1,"[4, 4, 4]",0.012516256959448595,4,"{""classifier_dropout"": 0.1, ""learning_rate"": 2e-05, ""loss_mode"": ""balanced"", ""num_train_epochs"": 4, ""weight_decay"": 0.1}",COMPLETE
9,0.7703604404915408,2026-10-02 19:02:09.704683,2026-10-02 19:02:09.834301,0 days 00:00:00.129618,16,0.1,0.1,2e-05,balanced,0.9,6,PYSENTIMIENTO,0.1,"[6, 6, 3]",0.022739987689264978,6,"{""classifier_dropout"": 0.1, ""learning_rate"": 2e-05, ""loss_mode"": ""balanced"", ""num_train_epochs"": 6, ""weight_decay"": 0.1}",COMPLETE
10,0.7338613141589286,2026-10-02 19:02:10.071570,2026-10-02 19:03:44.200771,0 days 00:01:34.129201,16,0.3,0.1,1e-05,balanced,0.9,6,PYSENTIMIENTO,0.01,"[6, 6, 6]",0.017658524860146577,6,"{""classifier_dropout"": 0.3, ""learning_rate"": 1e-05, ""loss_mode"": ""balanced"", ""num_train_epochs"": 6, ""weight_decay"": 0.01}",COMPLETE
11,0.7703604404915408,2026-10-02 19:03:44.433539,2026-10-02 19:03:44.547666,0 days 00:00:00.114127,16,0.1,0.1,2e-05,balanced,0.9,6,PYSENTIMIENTO,0.1,"[6, 6, 3]",0.022739987689264978,6,"{""classifier_dropout"": 0.1, ""learning_rate"": 2e-05, ""loss_mode"": ""balanced"", ""num_train_epochs"": 6, ""weight_decay"": 0.1}",COMPLETE
12,0.7669523958897427,2026-10-02 19:03:44.780174,2026-10-02 19:05:18.447488,0 days 00:01:33.667314,16,0.2,0.1,2e-05,balanced,0.9,6,PYSENTIMIENTO,0.1,"[6, 6, 6]",0.016633684657419056,6,"{""classifier_dropout"": 0.2, ""learning_rate"": 2e-05, ""loss_mode"": ""balanced"", ""num_train_epochs"": 6, ""weight_decay"": 0.1}",COMPLETE
13,0.7212029089061986,2026-10-02 19:05:18.667725,2026-10-02 19:06:23.499814,0 days 00:01:04.832089,16,0.1,0.1,1e-05,balanced,0.9,4,PYSENTIMIENTO,0.01,"[4, 4, 4]",0.01074640878081336,4,"{""classifier_dropout"": 0.1, ""learning_rate"": 1e-05, ""loss_mode"": ""balanced"", ""num_train_epochs"": 4, ""weight_decay"": 0.01}",COMPLETE
14,0.7677517056039846,2026-10-02 19:06:23.733727,2026-10-02 19:07:52.617116,0 days 00:01:28.883389,16,0.1,0.1,2e-05,balanced,0.9,6,PYSENTIMIENTO,0.01,"[5, 6, 3]",0.0215114787012612,5,"{""classifier_dropout"": 0.1, ""learning_rate"": 2e-05, ""loss_mode"": ""balanced"", ""num_train_epochs"": 6, ""weight_decay"": 0.01}",COMPLETE
15,0.7241151496212138,2026-10-02 19:07:52.856272,2026-10-02 19:09:26.605264,0 days 00:01:33.748992,16,0.2,0.1,1e-05,standard,0.9,6,PYSENTIMIENTO,0.01,"[4, 6, 6]",0.00587232185421181,6,"{""classifier_dropout"": 0.2, ""learning_rate"": 1e-05, ""loss_mode"": ""standard"", ""num_train_epochs"": 6, ""weight_decay"": 0.01}",COMPLETE
16,0.7703604404915408,2026-10-02 19:09:26.843522,2026-10-02 19:09:26.966214,0 days 00:00:00.122692,16,0.1,0.1,2e-05,balanced,0.9,6,PYSENTIMIENTO,0.1,"[6, 6, 3]",0.022739987689264978,6,"{""classifier_dropout"": 0.1, ""learning_rate"": 2e-05, ""loss_mode"": ""balanced"", ""num_train_epochs"": 6, ""weight_decay"": 0.1}",COMPLETE
17,0.7217292108654886,2026-10-02 19:09:27.203657,2026-10-02 19:11:01.628974,0 days 00:01:34.425317,16,0.3,0.1,1e-05,standard,0.9,6,PYSENTIMIENTO,0.1,"[5, 6, 6]",0.001724626682231691,6,"{""classifier_dropout"": 0.3, ""learning_rate"": 1e-05, ""loss_mode"": ""standard"", ""num_train_epochs"": 6, ""weight_decay"": 0.1}",COMPLETE
18,0.7102613068952763,2026-10-02 19:11:01.862697,2026-10-02 19:12:05.967138,0 days 00:01:04.104441,16,0.3,0.1,1e-05,balanced,0.9,4,PYSENTIMIENTO,0.1,"[4, 3, 3]",0.014411733870441456,3,"{""classifier_dropout"": 0.3, ""learning_rate"": 1e-05, ""loss_mode"": ""balanced"", ""num_train_epochs"": 4, ""weight_decay"": 0.1}",COMPLETE
19,0.7610616970005695,2026-10-02 19:12:06.208537,2026-10-02 19:13:34.808686,0 days 00:01:28.600149,16,0.2,0.1,2e-05,standard,0.9,6,PYSENTIMIENTO,0.1,"[4, 6, 3]",0.009380322844405728,4,"{""classifier_dropout"": 0.2, ""learning_rate"": 2e-05, ""loss_mode"": ""standard"", ""num_train_epochs"": 6, ""weight_decay"": 0.1}",COMPLETE
