number,value,datetime_start,datetime_complete,duration,params_batch_size,params_classifier_dropout,params_label_smoothing,params_learning_rate,params_loss_mode,params_lr_decay,params_num_train_epochs,params_preprocessing,params_weight_decay,user_attrs_best_epochs_inner,user_attrs_f1_inner_std,user_attrs_refit_epochs,system_attrs_tpe:relative_params:0,state
0,0.7360596849958553,2026-10-02 17:48:24.236748,2026-10-02 17:49:41.589479,0 days 00:01:17.352731,16,0.1,0.1,1e-05,balanced,0.9,6,PYSENTIMIENTO,0.1,"[6, 6, 5]",0.008056995152450452,6,,COMPLETE
1,0.7398665982212941,2026-10-02 17:49:41.822371,2026-10-02 17:50:52.234906,0 days 00:01:10.412535,16,0.1,0.1,2e-05,standard,0.9,6,PYSENTIMIENTO,0.01,"[6, 6, 2]",0.012489162895913918,6,,COMPLETE
2,0.7535136716071236,2026-10-02 17:50:52.464076,2026-10-02 17:52:06.085319,0 days 00:01:13.621243,16,0.2,0.1,2e-05,balanced,0.9,6,PYSENTIMIENTO,0.01,"[3, 5, 6]",0.00876234154935343,5,,COMPLETE
3,0.6472157415062113,2026-10-02 17:52:06.320956,2026-10-02 17:52:59.186692,0 days 00:00:52.865736,16,0.1,0.1,1e-05,standard,0.9,4,PYSENTIMIENTO,0.1,"[4, 4, 4]",0.02544673547634794,4,,COMPLETE
4,0.754166727743975,2026-10-02 17:52:59.424169,2026-10-02 17:54:17.467689,0 days 00:01:18.043520,16,0.3,0.1,2e-05,balanced,0.9,6,PYSENTIMIENTO,0.1,"[5, 6, 6]",0.010833862168393308,6,,COMPLETE
5,0.754166727743975,2026-10-02 17:54:17.697832,2026-10-02 17:54:17.818407,0 days 00:00:00.120575,16,0.3,0.1,2e-05,balanced,0.9,6,PYSENTIMIENTO,0.1,"[5, 6, 6]",0.010833862168393308,6,"{""classifier_dropout"": 0.3, ""learning_rate"": 2e-05, ""loss_mode"": ""balanced"", ""num_train_epochs"": 6, ""weight_decay"": 0.1}",COMPLETE
6,0.696148439452514,2026-10-02 17:54:18.055415,2026-10-02 17:55:10.579826,0 days 00:00:52.524411,16,0.3,0.1,2e-05,standard,0.9,4,PYSENTIMIENTO,0.1,"[4, 4, 2]",0.00890444885788503,4,"{""classifier_dropout"": 0.3, ""learning_rate"": 2e-05, ""loss_mode"": ""standard"", ""num_train_epochs"": 4, ""weight_decay"": 0.1}",COMPLETE
7,0.7250261667879299,2026-10-02 17:55:10.814594,2026-10-02 17:56:29.455213,0 days 00:01:18.640619,16,0.3,0.1,1e-05,balanced,0.9,6,PYSENTIMIENTO,0.01,"[6, 5, 5]",0.01012595796281184,5,"{""classifier_dropout"": 0.3, ""learning_rate"": 1e-05, ""loss_mode"": ""balanced"", ""num_train_epochs"": 6, ""weight_decay"": 0.01}",COMPLETE
8,0.6916716916236697,2026-10-02 17:56:29.685856,2026-10-02 17:57:23.210491,0 days 00:00:53.524635,16,0.3,0.1,1e-05,balanced,0.9,4,PYSENTIMIENTO,0.1,"[4, 4, 3]",0.007707308447453614,4,"{""classifier_dropout"": 0.3, ""learning_rate"": 1e-05, ""loss_mode"": ""balanced"", ""num_train_epochs"": 4, ""weight_decay"": 0.1}",COMPLETE
9,0.7363858509220327,2026-10-02 17:57:23.441129,2026-10-02 17:58:17.539269,0 days 00:00:54.098140,16,0.3,0.1,2e-05,balanced,0.9,4,PYSENTIMIENTO,0.01,"[3, 4, 4]",0.0019919492051343754,4,"{""classifier_dropout"": 0.3, ""learning_rate"": 2e-05, ""loss_mode"": ""balanced"", ""num_train_epochs"": 4, ""weight_decay"": 0.01}",COMPLETE
10,0.7410968980531019,2026-10-02 17:58:17.781938,2026-10-02 17:59:35.898651,0 days 00:01:18.116713,16,0.2,0.1,2e-05,standard,0.9,6,PYSENTIMIENTO,0.1,"[6, 6, 5]",0.013622409373931986,6,"{""classifier_dropout"": 0.2, ""learning_rate"": 2e-05, ""loss_mode"": ""standard"", ""num_train_epochs"": 6, ""weight_decay"": 0.1}",COMPLETE
11,0.754166727743975,2026-10-02 17:59:36.132136,2026-10-02 17:59:36.257825,0 days 00:00:00.125689,16,0.3,0.1,2e-05,balanced,0.9,6,PYSENTIMIENTO,0.1,"[5, 6, 6]",0.010833862168393308,6,"{""classifier_dropout"": 0.3, ""learning_rate"": 2e-05, ""loss_mode"": ""balanced"", ""num_train_epochs"": 6, ""weight_decay"": 0.1}",COMPLETE
12,0.7515718476210221,2026-10-02 17:59:36.495084,2026-10-02 18:00:46.804314,0 days 00:01:10.309230,16,0.1,0.1,2e-05,balanced,0.9,6,PYSENTIMIENTO,0.1,"[2, 6, 5]",0.012373957908964638,5,"{""classifier_dropout"": 0.1, ""learning_rate"": 2e-05, ""loss_mode"": ""balanced"", ""num_train_epochs"": 6, ""weight_decay"": 0.1}",COMPLETE
13,0.6758188359909343,2026-10-02 18:00:47.036086,2026-10-02 18:02:04.175998,0 days 00:01:17.139912,16,0.3,0.1,1e-05,standard,0.9,6,PYSENTIMIENTO,0.1,"[4, 6, 6]",0.011857070073021034,6,"{""classifier_dropout"": 0.3, ""learning_rate"": 1e-05, ""loss_mode"": ""standard"", ""num_train_epochs"": 6, ""weight_decay"": 0.1}",COMPLETE
14,0.7396311720381029,2026-10-02 18:02:04.414298,2026-10-02 18:02:57.277674,0 days 00:00:52.863376,16,0.2,0.1,2e-05,balanced,0.9,4,PYSENTIMIENTO,0.1,"[3, 4, 4]",0.008610436917220996,4,"{""classifier_dropout"": 0.2, ""learning_rate"": 2e-05, ""loss_mode"": ""balanced"", ""num_train_epochs"": 4, ""weight_decay"": 0.1}",COMPLETE
15,0.7538521325560845,2026-10-02 18:02:57.514032,2026-10-02 18:04:14.597692,0 days 00:01:17.083660,16,0.3,0.1,2e-05,balanced,0.9,6,PYSENTIMIENTO,0.01,"[5, 5, 6]",0.01142925225058947,5,"{""classifier_dropout"": 0.3, ""learning_rate"": 2e-05, ""loss_mode"": ""balanced"", ""num_train_epochs"": 6, ""weight_decay"": 0.01}",COMPLETE
16,0.7355778005123806,2026-10-02 18:04:14.829430,2026-10-02 18:05:32.498553,0 days 00:01:17.669123,16,0.3,0.1,2e-05,standard,0.9,6,PYSENTIMIENTO,0.1,"[4, 5, 5]",0.012540861605568944,5,"{""classifier_dropout"": 0.3, ""learning_rate"": 2e-05, ""loss_mode"": ""standard"", ""num_train_epochs"": 6, ""weight_decay"": 0.1}",COMPLETE
17,0.7376979056930116,2026-10-02 18:05:32.745685,2026-10-02 18:06:27.161050,0 days 00:00:54.415365,16,0.3,0.1,2e-05,balanced,0.9,4,PYSENTIMIENTO,0.1,"[3, 4, 4]",0.005466245684052385,4,"{""classifier_dropout"": 0.3, ""learning_rate"": 2e-05, ""loss_mode"": ""balanced"", ""num_train_epochs"": 4, ""weight_decay"": 0.1}",COMPLETE
18,0.7154606487264376,2026-10-02 18:06:27.401529,2026-10-02 18:07:20.184200,0 days 00:00:52.782671,16,0.1,0.1,1e-05,balanced,0.9,4,PYSENTIMIENTO,0.01,"[4, 4, 4]",0.007494963617358967,4,"{""classifier_dropout"": 0.1, ""learning_rate"": 1e-05, ""loss_mode"": ""balanced"", ""num_train_epochs"": 4, ""weight_decay"": 0.01}",COMPLETE
19,0.5900258824036727,2026-10-02 18:07:20.426534,2026-10-02 18:08:13.146700,0 days 00:00:52.720166,16,0.3,0.1,1e-05,standard,0.9,4,PYSENTIMIENTO,0.01,"[3, 4, 4]",0.02835134255123758,4,"{""classifier_dropout"": 0.3, ""learning_rate"": 1e-05, ""loss_mode"": ""standard"", ""num_train_epochs"": 4, ""weight_decay"": 0.01}",COMPLETE
