number,value,datetime_start,datetime_complete,duration,params_batch_size,params_classifier_dropout,params_label_smoothing,params_learning_rate,params_loss_mode,params_lr_decay,params_num_train_epochs,params_preprocessing,params_weight_decay,user_attrs_best_epochs_inner,user_attrs_f1_inner_std,user_attrs_refit_epochs,system_attrs_tpe:relative_params:0,state
0,0.7129384502416182,2026-10-02 18:08:56.853267,2026-10-02 18:09:49.368896,0 days 00:00:52.515629,16,0.1,0.1,2e-05,standard,0.9,4,PYSENTIMIENTO,0.1,"[3, 2, 4]",0.010764405566103736,3,,COMPLETE
1,0.7263033330072083,2026-10-02 18:09:49.611575,2026-10-02 18:10:56.330193,0 days 00:01:06.718618,16,0.2,0.1,2e-05,standard,0.9,6,PYSENTIMIENTO,0.01,"[3, 2, 5]",0.006495489336122742,3,,COMPLETE
2,0.6164955820972947,2026-10-02 18:10:56.565277,2026-10-02 18:11:50.279687,0 days 00:00:53.714410,16,0.1,0.1,1e-05,standard,0.9,4,PYSENTIMIENTO,0.1,"[3, 2, 4]",0.015718892843506676,3,,COMPLETE
3,0.6899873235259192,2026-10-02 18:11:50.511003,2026-10-02 18:12:42.961283,0 days 00:00:52.450280,16,0.3,0.1,1e-05,balanced,0.9,4,PYSENTIMIENTO,0.1,"[4, 3, 4]",0.01093688761164954,4,,COMPLETE
4,0.7267861469720455,2026-10-02 18:12:43.187711,2026-10-02 18:13:47.710897,0 days 00:01:04.523186,16,0.2,0.1,2e-05,standard,0.9,6,PYSENTIMIENTO,0.1,"[3, 2, 5]",0.005686029243301611,3,,COMPLETE
5,0.740840839905669,2026-10-02 18:13:47.935236,2026-10-02 18:15:05.824760,0 days 00:01:17.889524,16,0.2,0.1,2e-05,balanced,0.9,6,PYSENTIMIENTO,0.1,"[5, 6, 6]",0.01928957608333277,6,"{""classifier_dropout"": 0.2, ""learning_rate"": 2e-05, ""loss_mode"": ""balanced"", ""num_train_epochs"": 6, ""weight_decay"": 0.1}",COMPLETE
6,0.740840839905669,2026-10-02 18:15:06.065653,2026-10-02 18:15:06.193366,0 days 00:00:00.127713,16,0.2,0.1,2e-05,balanced,0.9,6,PYSENTIMIENTO,0.1,"[5, 6, 6]",0.01928957608333277,6,"{""classifier_dropout"": 0.2, ""learning_rate"": 2e-05, ""loss_mode"": ""balanced"", ""num_train_epochs"": 6, ""weight_decay"": 0.1}",COMPLETE
7,0.7377991964576078,2026-10-02 18:15:06.426064,2026-10-02 18:16:25.529141,0 days 00:01:19.103077,16,0.1,0.1,2e-05,balanced,0.9,6,PYSENTIMIENTO,0.01,"[6, 6, 6]",0.019180507540437822,6,"{""classifier_dropout"": 0.1, ""learning_rate"": 2e-05, ""loss_mode"": ""balanced"", ""num_train_epochs"": 6, ""weight_decay"": 0.01}",COMPLETE
8,0.6960577850626567,2026-10-02 18:16:25.751850,2026-10-02 18:17:19.353709,0 days 00:00:53.601859,16,0.2,0.1,1e-05,balanced,0.9,4,PYSENTIMIENTO,0.01,"[4, 3, 4]",0.013000575268049881,4,"{""classifier_dropout"": 0.2, ""learning_rate"": 1e-05, ""loss_mode"": ""balanced"", ""num_train_epochs"": 4, ""weight_decay"": 0.01}",COMPLETE
9,0.7261908263571377,2026-10-02 18:17:19.586580,2026-10-02 18:18:38.138719,0 days 00:01:18.552139,16,0.1,0.1,1e-05,balanced,0.9,6,PYSENTIMIENTO,0.1,"[6, 5, 6]",0.02182930996106553,6,"{""classifier_dropout"": 0.1, ""learning_rate"": 1e-05, ""loss_mode"": ""balanced"", ""num_train_epochs"": 6, ""weight_decay"": 0.1}",COMPLETE
10,0.7372039100289935,2026-10-02 18:18:38.379935,2026-10-02 18:19:54.840641,0 days 00:01:16.460706,16,0.3,0.1,2e-05,balanced,0.9,6,PYSENTIMIENTO,0.1,"[6, 4, 5]",0.015256790609643038,5,"{""classifier_dropout"": 0.3, ""learning_rate"": 2e-05, ""loss_mode"": ""balanced"", ""num_train_epochs"": 6, ""weight_decay"": 0.1}",COMPLETE
11,0.740840839905669,2026-10-02 18:19:55.082364,2026-10-02 18:19:55.191584,0 days 00:00:00.109220,16,0.2,0.1,2e-05,balanced,0.9,6,PYSENTIMIENTO,0.1,"[5, 6, 6]",0.01928957608333277,6,"{""classifier_dropout"": 0.2, ""learning_rate"": 2e-05, ""loss_mode"": ""balanced"", ""num_train_epochs"": 6, ""weight_decay"": 0.1}",COMPLETE
12,0.7225505497965462,2026-10-02 18:19:55.432191,2026-10-02 18:20:49.189519,0 days 00:00:53.757328,16,0.2,0.1,2e-05,balanced,0.9,4,PYSENTIMIENTO,0.1,"[3, 4, 4]",0.02064002511645841,4,"{""classifier_dropout"": 0.2, ""learning_rate"": 2e-05, ""loss_mode"": ""balanced"", ""num_train_epochs"": 4, ""weight_decay"": 0.1}",COMPLETE
13,0.7239150229194341,2026-10-02 18:20:49.424664,2026-10-02 18:22:08.102528,0 days 00:01:18.677864,16,0.2,0.1,1e-05,balanced,0.9,6,PYSENTIMIENTO,0.1,"[6, 6, 6]",0.01999663292594077,6,"{""classifier_dropout"": 0.2, ""learning_rate"": 1e-05, ""loss_mode"": ""balanced"", ""num_train_epochs"": 6, ""weight_decay"": 0.1}",COMPLETE
14,0.7408468973640479,2026-10-02 18:22:08.333799,2026-10-02 18:23:26.548244,0 days 00:01:18.214445,16,0.2,0.1,2e-05,balanced,0.9,6,PYSENTIMIENTO,0.01,"[5, 6, 6]",0.01978426623241941,6,"{""classifier_dropout"": 0.2, ""learning_rate"": 2e-05, ""loss_mode"": ""balanced"", ""num_train_epochs"": 6, ""weight_decay"": 0.01}",COMPLETE
15,0.7408468973640479,2026-10-02 18:23:26.781020,2026-10-02 18:23:26.909692,0 days 00:00:00.128672,16,0.2,0.1,2e-05,balanced,0.9,6,PYSENTIMIENTO,0.01,"[5, 6, 6]",0.01978426623241941,6,"{""classifier_dropout"": 0.2, ""learning_rate"": 2e-05, ""loss_mode"": ""balanced"", ""num_train_epochs"": 6, ""weight_decay"": 0.01}",COMPLETE
16,0.7408468973640479,2026-10-02 18:23:27.145082,2026-10-02 18:23:27.270659,0 days 00:00:00.125577,16,0.2,0.1,2e-05,balanced,0.9,6,PYSENTIMIENTO,0.01,"[5, 6, 6]",0.01978426623241941,6,"{""classifier_dropout"": 0.2, ""learning_rate"": 2e-05, ""loss_mode"": ""balanced"", ""num_train_epochs"": 6, ""weight_decay"": 0.01}",COMPLETE
17,0.737509480472862,2026-10-02 18:23:27.505609,2026-10-02 18:24:44.983243,0 days 00:01:17.477634,16,0.3,0.1,2e-05,balanced,0.9,6,PYSENTIMIENTO,0.01,"[5, 4, 5]",0.01577670623285804,5,"{""classifier_dropout"": 0.3, ""learning_rate"": 2e-05, ""loss_mode"": ""balanced"", ""num_train_epochs"": 6, ""weight_decay"": 0.01}",COMPLETE
18,0.6949437485573222,2026-10-02 18:24:45.212275,2026-10-02 18:25:38.485238,0 days 00:00:53.272963,16,0.3,0.1,2e-05,standard,0.9,4,PYSENTIMIENTO,0.01,"[3, 4, 3]",0.014416305355106289,3,"{""classifier_dropout"": 0.3, ""learning_rate"": 2e-05, ""loss_mode"": ""standard"", ""num_train_epochs"": 4, ""weight_decay"": 0.01}",COMPLETE
19,0.7224207481737173,2026-10-02 18:25:38.721428,2026-10-02 18:26:32.032634,0 days 00:00:53.311206,16,0.2,0.1,2e-05,balanced,0.9,4,PYSENTIMIENTO,0.01,"[4, 4, 4]",0.02172184884336189,4,"{""classifier_dropout"": 0.2, ""learning_rate"": 2e-05, ""loss_mode"": ""balanced"", ""num_train_epochs"": 4, ""weight_decay"": 0.01}",COMPLETE
