number,value,datetime_start,datetime_complete,duration,params_batch_size,params_classifier_dropout,params_label_smoothing,params_learning_rate,params_loss_mode,params_lr_decay,params_num_train_epochs,params_preprocessing,params_weight_decay,user_attrs_best_epochs_inner,user_attrs_f1_inner_std,user_attrs_refit_epochs,system_attrs_tpe:relative_params:0,state
0,0.6485834645479831,2026-10-02 14:02:51.463591,2026-10-02 14:03:43.340796,0 days 00:00:51.877205,16,0.3,0.1,1e-05,balanced,0.9,4,PYSENTIMIENTO,0.1,"[4, 2, 3]",0.016670098479561885,3,,COMPLETE
1,0.6478503846925545,2026-10-02 14:03:43.556765,2026-10-02 14:04:58.161356,0 days 00:01:14.604591,16,0.2,0.1,1e-05,standard,0.9,6,PYSENTIMIENTO,0.01,"[6, 6, 4]",0.004008030472920022,6,,COMPLETE
2,0.6784911392364044,2026-10-02 14:04:58.382063,2026-10-02 14:06:14.317367,0 days 00:01:15.935304,16,0.3,0.1,2e-05,standard,0.9,6,PYSENTIMIENTO,0.01,"[6, 4, 4]",0.021842085628459566,4,,COMPLETE
3,0.6822495511582088,2026-10-02 14:06:14.544365,2026-10-02 14:07:05.616943,0 days 00:00:51.072578,16,0.2,0.1,2e-05,balanced,0.9,4,PYSENTIMIENTO,0.1,"[4, 4, 4]",0.02525104404982693,4,,COMPLETE
4,0.6628249092769131,2026-10-02 14:07:05.835525,2026-10-02 14:08:16.390503,0 days 00:01:10.554978,16,0.3,0.1,1e-05,balanced,0.9,6,PYSENTIMIENTO,0.01,"[3, 5, 5]",0.023014979176819335,5,,COMPLETE
5,0.6647506825676858,2026-10-02 14:08:16.606220,2026-10-02 14:09:07.633357,0 days 00:00:51.027137,16,0.2,0.1,2e-05,standard,0.9,4,PYSENTIMIENTO,0.1,"[4, 3, 3]",0.016120787389677,3,"{""classifier_dropout"": 0.2, ""learning_rate"": 2e-05, ""loss_mode"": ""standard"", ""num_train_epochs"": 4, ""weight_decay"": 0.1}",COMPLETE
6,0.6822495511582088,2026-10-02 14:09:07.856570,2026-10-02 14:09:07.980019,0 days 00:00:00.123449,16,0.2,0.1,2e-05,balanced,0.9,4,PYSENTIMIENTO,0.1,"[4, 4, 4]",0.02525104404982693,4,"{""classifier_dropout"": 0.2, ""learning_rate"": 2e-05, ""loss_mode"": ""balanced"", ""num_train_epochs"": 4, ""weight_decay"": 0.1}",COMPLETE
7,0.690555592470753,2026-10-02 14:09:08.210005,2026-10-02 14:10:00.000133,0 days 00:00:51.790128,16,0.1,0.1,2e-05,balanced,0.9,4,PYSENTIMIENTO,0.01,"[3, 4, 4]",0.023780267935939053,4,"{""classifier_dropout"": 0.1, ""learning_rate"": 2e-05, ""loss_mode"": ""balanced"", ""num_train_epochs"": 4, ""weight_decay"": 0.01}",COMPLETE
8,0.690555592470753,2026-10-02 14:10:00.227063,2026-10-02 14:10:00.349685,0 days 00:00:00.122622,16,0.1,0.1,2e-05,balanced,0.9,4,PYSENTIMIENTO,0.01,"[3, 4, 4]",0.023780267935939053,4,"{""classifier_dropout"": 0.1, ""learning_rate"": 2e-05, ""loss_mode"": ""balanced"", ""num_train_epochs"": 4, ""weight_decay"": 0.01}",COMPLETE
9,0.7076977902193979,2026-10-02 14:10:00.577992,2026-10-02 14:11:15.884074,0 days 00:01:15.306082,16,0.1,0.1,2e-05,balanced,0.9,6,PYSENTIMIENTO,0.01,"[5, 5, 4]",0.02524453794012054,5,"{""classifier_dropout"": 0.1, ""learning_rate"": 2e-05, ""loss_mode"": ""balanced"", ""num_train_epochs"": 6, ""weight_decay"": 0.01}",COMPLETE
10,0.7075608899774872,2026-10-02 14:11:16.114469,2026-10-02 14:12:30.853389,0 days 00:01:14.738920,16,0.1,0.1,2e-05,balanced,0.9,6,PYSENTIMIENTO,0.1,"[5, 5, 4]",0.025339408879472728,5,"{""classifier_dropout"": 0.1, ""learning_rate"": 2e-05, ""loss_mode"": ""balanced"", ""num_train_epochs"": 6, ""weight_decay"": 0.1}",COMPLETE
11,0.7075608899774872,2026-10-02 14:12:31.081720,2026-10-02 14:12:31.204718,0 days 00:00:00.122998,16,0.1,0.1,2e-05,balanced,0.9,6,PYSENTIMIENTO,0.1,"[5, 5, 4]",0.025339408879472728,5,"{""classifier_dropout"": 0.1, ""learning_rate"": 2e-05, ""loss_mode"": ""balanced"", ""num_train_epochs"": 6, ""weight_decay"": 0.1}",COMPLETE
12,0.7076977902193979,2026-10-02 14:12:31.435224,2026-10-02 14:12:31.570091,0 days 00:00:00.134867,16,0.1,0.1,2e-05,balanced,0.9,6,PYSENTIMIENTO,0.01,"[5, 5, 4]",0.02524453794012054,5,"{""classifier_dropout"": 0.1, ""learning_rate"": 2e-05, ""loss_mode"": ""balanced"", ""num_train_epochs"": 6, ""weight_decay"": 0.01}",COMPLETE
13,0.6986533386108791,2026-10-02 14:12:31.797062,2026-10-02 14:13:38.542579,0 days 00:01:06.745517,16,0.2,0.1,2e-05,balanced,0.9,6,PYSENTIMIENTO,0.01,"[5, 2, 6]",0.031463755716536604,5,"{""classifier_dropout"": 0.2, ""learning_rate"": 2e-05, ""loss_mode"": ""balanced"", ""num_train_epochs"": 6, ""weight_decay"": 0.01}",COMPLETE
14,0.7076977902193979,2026-10-02 14:13:38.772099,2026-10-02 14:13:38.888783,0 days 00:00:00.116684,16,0.1,0.1,2e-05,balanced,0.9,6,PYSENTIMIENTO,0.01,"[5, 5, 4]",0.02524453794012054,5,"{""classifier_dropout"": 0.1, ""learning_rate"": 2e-05, ""loss_mode"": ""balanced"", ""num_train_epochs"": 6, ""weight_decay"": 0.01}",COMPLETE
15,0.6739988223777381,2026-10-02 14:13:39.120045,2026-10-02 14:14:54.953324,0 days 00:01:15.833279,16,0.1,0.1,1e-05,balanced,0.9,6,PYSENTIMIENTO,0.01,"[6, 6, 6]",0.017712941937770767,6,"{""classifier_dropout"": 0.1, ""learning_rate"": 1e-05, ""loss_mode"": ""balanced"", ""num_train_epochs"": 6, ""weight_decay"": 0.01}",COMPLETE
16,0.6960455876424824,2026-10-02 14:14:55.170229,2026-10-02 14:16:13.992355,0 days 00:01:18.822126,16,0.1,0.1,2e-05,standard,0.9,6,PYSENTIMIENTO,0.01,"[4, 4, 6]",0.023651993301315677,4,"{""classifier_dropout"": 0.1, ""learning_rate"": 2e-05, ""loss_mode"": ""standard"", ""num_train_epochs"": 6, ""weight_decay"": 0.01}",COMPLETE
17,0.6976054780386046,2026-10-02 14:16:14.214671,2026-10-02 14:17:30.286285,0 days 00:01:16.071614,16,0.3,0.1,2e-05,balanced,0.9,6,PYSENTIMIENTO,0.01,"[5, 5, 6]",0.026798258438315552,5,"{""classifier_dropout"": 0.3, ""learning_rate"": 2e-05, ""loss_mode"": ""balanced"", ""num_train_epochs"": 6, ""weight_decay"": 0.01}",COMPLETE
18,0.5993192900799088,2026-10-02 14:17:30.501639,2026-10-02 14:18:21.243176,0 days 00:00:50.741537,16,0.1,0.1,1e-05,standard,0.9,4,PYSENTIMIENTO,0.1,"[4, 3, 4]",0.025900899594501054,4,"{""classifier_dropout"": 0.1, ""learning_rate"": 1e-05, ""loss_mode"": ""standard"", ""num_train_epochs"": 4, ""weight_decay"": 0.1}",COMPLETE
19,0.6295902760110366,2026-10-02 14:18:21.474906,2026-10-02 14:19:36.970807,0 days 00:01:15.495901,16,0.3,0.1,1e-05,standard,0.9,6,PYSENTIMIENTO,0.1,"[6, 5, 4]",0.01567248812788971,5,"{""classifier_dropout"": 0.3, ""learning_rate"": 1e-05, ""loss_mode"": ""standard"", ""num_train_epochs"": 6, ""weight_decay"": 0.1}",COMPLETE
