number,value,datetime_start,datetime_complete,duration,params_batch_size,params_classifier_dropout,params_label_smoothing,params_learning_rate,params_loss_mode,params_lr_decay,params_num_train_epochs,params_preprocessing,params_weight_decay,user_attrs_best_epochs_inner,user_attrs_f1_inner_std,user_attrs_refit_epochs,system_attrs_tpe:relative_params:0,state
0,0.6803733284518683,2026-10-02 17:28:38.789083,2026-10-02 17:29:32.806016,0 days 00:00:54.016933,16,0.3,0.1,1e-05,balanced,0.9,4,PYSENTIMIENTO,0.1,"[4, 4, 4]",0.011329465774928858,4,,COMPLETE
1,0.73207467576285,2026-10-02 17:29:33.044551,2026-10-02 17:30:50.423821,0 days 00:01:17.379270,16,0.2,0.1,2e-05,standard,0.9,6,PYSENTIMIENTO,0.1,"[4, 4, 6]",0.00699365366790733,4,,COMPLETE
2,0.7322457023467542,2026-10-02 17:30:50.657642,2026-10-02 17:32:08.544636,0 days 00:01:17.886994,16,0.1,0.1,2e-05,standard,0.9,6,PYSENTIMIENTO,0.01,"[4, 4, 6]",0.003942021705119735,4,,COMPLETE
3,0.7420055786783465,2026-10-02 17:32:08.780094,2026-10-02 17:33:25.434226,0 days 00:01:16.654132,16,0.2,0.1,2e-05,balanced,0.9,6,PYSENTIMIENTO,0.01,"[6, 5, 6]",0.015348619808361068,6,,COMPLETE
4,0.7078018028544815,2026-10-02 17:33:25.663441,2026-10-02 17:34:18.432994,0 days 00:00:52.769553,16,0.1,0.1,2e-05,standard,0.9,4,PYSENTIMIENTO,0.01,"[4, 3, 3]",0.00407604730929639,3,,COMPLETE
5,0.7402189890686698,2026-10-02 17:34:18.671010,2026-10-02 17:35:36.955772,0 days 00:01:18.284762,16,0.3,0.1,2e-05,balanced,0.9,6,PYSENTIMIENTO,0.01,"[6, 6, 6]",0.0179354640703631,6,"{""classifier_dropout"": 0.3, ""learning_rate"": 2e-05, ""loss_mode"": ""balanced"", ""num_train_epochs"": 6, ""weight_decay"": 0.01}",COMPLETE
6,0.7142423132843781,2026-10-02 17:35:37.197127,2026-10-02 17:36:56.572630,0 days 00:01:19.375503,16,0.2,0.1,1e-05,balanced,0.9,6,PYSENTIMIENTO,0.01,"[6, 5, 5]",0.01765459188530109,5,"{""classifier_dropout"": 0.2, ""learning_rate"": 1e-05, ""loss_mode"": ""balanced"", ""num_train_epochs"": 6, ""weight_decay"": 0.01}",COMPLETE
7,0.7420055786783465,2026-10-02 17:36:56.809396,2026-10-02 17:36:56.919936,0 days 00:00:00.110540,16,0.2,0.1,2e-05,balanced,0.9,6,PYSENTIMIENTO,0.01,"[6, 5, 6]",0.015348619808361068,6,"{""classifier_dropout"": 0.2, ""learning_rate"": 2e-05, ""loss_mode"": ""balanced"", ""num_train_epochs"": 6, ""weight_decay"": 0.01}",COMPLETE
8,0.7299234114466683,2026-10-02 17:36:57.164992,2026-10-02 17:37:50.975453,0 days 00:00:53.810461,16,0.2,0.1,2e-05,balanced,0.9,4,PYSENTIMIENTO,0.01,"[4, 4, 3]",0.00724688796437759,4,"{""classifier_dropout"": 0.2, ""learning_rate"": 2e-05, ""loss_mode"": ""balanced"", ""num_train_epochs"": 4, ""weight_decay"": 0.01}",COMPLETE
9,0.7462532223091062,2026-10-02 17:37:51.215563,2026-10-02 17:39:08.549537,0 days 00:01:17.333974,16,0.1,0.1,2e-05,balanced,0.9,6,PYSENTIMIENTO,0.1,"[6, 4, 4]",0.017844078654715382,4,"{""classifier_dropout"": 0.1, ""learning_rate"": 2e-05, ""loss_mode"": ""balanced"", ""num_train_epochs"": 6, ""weight_decay"": 0.1}",COMPLETE
10,0.7462532223091062,2026-10-02 17:39:08.787807,2026-10-02 17:39:08.905106,0 days 00:00:00.117299,16,0.1,0.1,2e-05,balanced,0.9,6,PYSENTIMIENTO,0.1,"[6, 4, 4]",0.017844078654715382,4,"{""classifier_dropout"": 0.1, ""learning_rate"": 2e-05, ""loss_mode"": ""balanced"", ""num_train_epochs"": 6, ""weight_decay"": 0.1}",COMPLETE
11,0.7462532223091062,2026-10-02 17:39:09.127311,2026-10-02 17:39:09.253168,0 days 00:00:00.125857,16,0.1,0.1,2e-05,balanced,0.9,6,PYSENTIMIENTO,0.1,"[6, 4, 4]",0.017844078654715382,4,"{""classifier_dropout"": 0.1, ""learning_rate"": 2e-05, ""loss_mode"": ""balanced"", ""num_train_epochs"": 6, ""weight_decay"": 0.1}",COMPLETE
12,0.7216782406723778,2026-10-02 17:39:09.497472,2026-10-02 17:40:27.121940,0 days 00:01:17.624468,16,0.1,0.1,1e-05,balanced,0.9,6,PYSENTIMIENTO,0.1,"[6, 6, 6]",0.021946668763704647,6,"{""classifier_dropout"": 0.1, ""learning_rate"": 1e-05, ""loss_mode"": ""balanced"", ""num_train_epochs"": 6, ""weight_decay"": 0.1}",COMPLETE
13,0.7297831293241878,2026-10-02 17:40:27.370914,2026-10-02 17:41:21.797966,0 days 00:00:54.427052,16,0.1,0.1,2e-05,balanced,0.9,4,PYSENTIMIENTO,0.1,"[3, 3, 3]",0.011261185989311402,3,"{""classifier_dropout"": 0.1, ""learning_rate"": 2e-05, ""loss_mode"": ""balanced"", ""num_train_epochs"": 4, ""weight_decay"": 0.1}",COMPLETE
14,0.7389710515508682,2026-10-02 17:41:22.026269,2026-10-02 17:42:36.050672,0 days 00:01:14.024403,16,0.3,0.1,2e-05,balanced,0.9,6,PYSENTIMIENTO,0.1,"[3, 6, 6]",0.01792554554742873,6,"{""classifier_dropout"": 0.3, ""learning_rate"": 2e-05, ""loss_mode"": ""balanced"", ""num_train_epochs"": 6, ""weight_decay"": 0.1}",COMPLETE
15,0.6415449916281418,2026-10-02 17:42:36.293101,2026-10-02 17:43:54.458405,0 days 00:01:18.165304,16,0.3,0.1,1e-05,standard,0.9,6,PYSENTIMIENTO,0.1,"[5, 6, 6]",0.020523615240687444,6,"{""classifier_dropout"": 0.3, ""learning_rate"": 1e-05, ""loss_mode"": ""standard"", ""num_train_epochs"": 6, ""weight_decay"": 0.1}",COMPLETE
16,0.7320007158948596,2026-10-02 17:43:54.695643,2026-10-02 17:45:11.841937,0 days 00:01:17.146294,16,0.1,0.1,2e-05,standard,0.9,6,PYSENTIMIENTO,0.1,"[4, 4, 6]",0.005791302688098714,4,"{""classifier_dropout"": 0.1, ""learning_rate"": 2e-05, ""loss_mode"": ""standard"", ""num_train_epochs"": 6, ""weight_decay"": 0.1}",COMPLETE
17,0.6804125663858255,2026-10-02 17:45:12.070181,2026-10-02 17:46:05.736286,0 days 00:00:53.666105,16,0.3,0.1,2e-05,standard,0.9,4,PYSENTIMIENTO,0.1,"[4, 3, 3]",0.027483864174365248,3,"{""classifier_dropout"": 0.3, ""learning_rate"": 2e-05, ""loss_mode"": ""standard"", ""num_train_epochs"": 4, ""weight_decay"": 0.1}",COMPLETE
18,0.6919618186807784,2026-10-02 17:46:05.973851,2026-10-02 17:47:00.265593,0 days 00:00:54.291742,16,0.1,0.1,1e-05,balanced,0.9,4,PYSENTIMIENTO,0.01,"[4, 4, 4]",0.013577175615299775,4,"{""classifier_dropout"": 0.1, ""learning_rate"": 1e-05, ""loss_mode"": ""balanced"", ""num_train_epochs"": 4, ""weight_decay"": 0.01}",COMPLETE
19,0.5909876729760912,2026-10-02 17:47:00.503552,2026-10-02 17:47:53.870174,0 days 00:00:53.366622,16,0.2,0.1,1e-05,standard,0.9,4,PYSENTIMIENTO,0.1,"[4, 4, 3]",0.019433495697491403,4,"{""classifier_dropout"": 0.2, ""learning_rate"": 1e-05, ""loss_mode"": ""standard"", ""num_train_epochs"": 4, ""weight_decay"": 0.1}",COMPLETE
