number,value,datetime_start,datetime_complete,duration,params_batch_size,params_classifier_dropout,params_learning_rate,params_loss_mode,params_num_train_epochs,params_preprocessing,params_weight_decay,user_attrs_best_epochs_inner,user_attrs_f1_inner_std,user_attrs_refit_epochs,system_attrs_tpe:relative_params:0,state
0,0.6491307369074438,2026-10-01 12:16:14.935301,2026-10-01 12:16:51.448121,0 days 00:00:36.512820,32,0.3,2e-05,balanced,5,PYSENTIMIENTO,0.01,"[5, 4, 4]",0.02220811967678247,4,,COMPLETE
1,0.6298727473220289,2026-10-01 12:16:51.680168,2026-10-01 12:17:21.977447,0 days 00:00:30.297279,32,0.1,3e-05,standard,4,PYSENTIMIENTO,0.05,"[4, 3, 4]",0.021624539348174116,4,,COMPLETE
2,0.6412291880455879,2026-10-01 12:17:22.218188,2026-10-01 12:17:50.223760,0 days 00:00:28.005572,32,0.1,5e-05,standard,4,PYSENTIMIENTO,0.0,"[4, 3, 2]",0.015810531281959236,3,,COMPLETE
3,0.6498769167630215,2026-10-01 12:17:50.465564,2026-10-01 12:18:16.566733,0 days 00:00:26.101169,32,0.1,4e-05,balanced,4,PYSENTIMIENTO,0.1,"[4, 2, 2]",0.0202295898079098,2,,COMPLETE
4,0.6215462961809571,2026-10-01 12:18:16.809098,2026-10-01 12:18:51.464965,0 days 00:00:34.655867,16,0.2,3e-05,standard,3,PYSENTIMIENTO,0.01,"[3, 2, 3]",0.01690935829602032,3,,COMPLETE
5,0.6498769167630215,2026-10-01 12:18:51.685930,2026-10-01 12:18:51.787089,0 days 00:00:00.101159,32,0.1,4e-05,balanced,4,PYSENTIMIENTO,0.1,"[4, 2, 2]",0.0202295898079098,2,"{""batch_size"": 32, ""classifier_dropout"": 0.1, ""learning_rate"": 4e-05, ""loss_mode"": ""balanced"", ""num_train_epochs"": 4, ""weight_decay"": 0.1}",COMPLETE
6,0.6111829539974077,2026-10-01 12:18:52.042212,2026-10-01 12:19:16.873700,0 days 00:00:24.831488,32,0.3,4e-05,standard,3,PYSENTIMIENTO,0.1,"[3, 3, 3]",0.024703994727019334,3,"{""batch_size"": 32, ""classifier_dropout"": 0.3, ""learning_rate"": 4e-05, ""loss_mode"": ""standard"", ""num_train_epochs"": 3, ""weight_decay"": 0.1}",COMPLETE
7,0.6453670944467341,2026-10-01 12:19:17.127577,2026-10-01 12:19:55.359109,0 days 00:00:38.231532,16,0.2,4e-05,balanced,4,PYSENTIMIENTO,0.0,"[3, 1, 3]",0.011851274902564768,3,"{""batch_size"": 16, ""classifier_dropout"": 0.2, ""learning_rate"": 4e-05, ""loss_mode"": ""balanced"", ""num_train_epochs"": 4, ""weight_decay"": 0.0}",COMPLETE
8,0.6530802466926481,2026-10-01 12:19:55.592661,2026-10-01 12:20:24.689684,0 days 00:00:29.097023,16,0.1,5e-05,balanced,3,PYSENTIMIENTO,0.1,"[3, 1, 1]",0.008149529688306099,1,"{""batch_size"": 16, ""classifier_dropout"": 0.1, ""learning_rate"": 5e-05, ""loss_mode"": ""balanced"", ""num_train_epochs"": 3, ""weight_decay"": 0.1}",COMPLETE
9,0.654470468019488,2026-10-01 12:20:24.914386,2026-10-01 12:21:00.586525,0 days 00:00:35.672139,16,0.2,5e-05,balanced,3,PYSENTIMIENTO,0.1,"[3, 1, 3]",0.0062322267181447386,3,"{""batch_size"": 16, ""classifier_dropout"": 0.2, ""learning_rate"": 5e-05, ""loss_mode"": ""balanced"", ""num_train_epochs"": 3, ""weight_decay"": 0.1}",COMPLETE
10,0.6503357163366067,2026-10-01 12:21:00.818859,2026-10-01 12:21:25.671741,0 days 00:00:24.852882,32,0.2,5e-05,balanced,3,PYSENTIMIENTO,0.1,"[3, 2, 2]",0.014214956587494216,2,"{""batch_size"": 32, ""classifier_dropout"": 0.2, ""learning_rate"": 5e-05, ""loss_mode"": ""balanced"", ""num_train_epochs"": 3, ""weight_decay"": 0.1}",COMPLETE
11,0.6530802466926481,2026-10-01 12:21:25.900807,2026-10-01 12:21:26.000296,0 days 00:00:00.099489,16,0.1,5e-05,balanced,3,PYSENTIMIENTO,0.1,"[3, 1, 1]",0.008149529688306099,1,"{""batch_size"": 16, ""classifier_dropout"": 0.1, ""learning_rate"": 5e-05, ""loss_mode"": ""balanced"", ""num_train_epochs"": 3, ""weight_decay"": 0.1}",COMPLETE
12,0.6465563924307605,2026-10-01 12:21:26.260805,2026-10-01 12:21:58.605558,0 days 00:00:32.344753,16,0.2,5e-05,balanced,3,PYSENTIMIENTO,0.05,"[3, 1, 3]",0.005649899901164151,3,"{""batch_size"": 16, ""classifier_dropout"": 0.2, ""learning_rate"": 5e-05, ""loss_mode"": ""balanced"", ""num_train_epochs"": 3, ""weight_decay"": 0.05}",COMPLETE
13,0.6515792931153573,2026-10-01 12:21:58.829259,2026-10-01 12:22:34.399974,0 days 00:00:35.570715,16,0.2,2e-05,balanced,3,PYSENTIMIENTO,0.1,"[3, 3, 3]",0.022456334106492816,3,"{""batch_size"": 16, ""classifier_dropout"": 0.2, ""learning_rate"": 2e-05, ""loss_mode"": ""balanced"", ""num_train_epochs"": 3, ""weight_decay"": 0.1}",COMPLETE
14,0.6455634357108692,2026-10-01 12:22:34.650241,2026-10-01 12:23:06.533157,0 days 00:00:31.882916,16,0.2,5e-05,balanced,4,PYSENTIMIENTO,0.1,"[3, 1, 1]",0.008686930017775284,1,"{""batch_size"": 16, ""classifier_dropout"": 0.2, ""learning_rate"": 5e-05, ""loss_mode"": ""balanced"", ""num_train_epochs"": 4, ""weight_decay"": 0.1}",COMPLETE
15,0.650589271359639,2026-10-01 12:23:06.791662,2026-10-01 12:23:38.478044,0 days 00:00:31.686382,16,0.1,5e-05,balanced,5,PYSENTIMIENTO,0.01,"[3, 1, 1]",0.018509841604583497,1,"{""batch_size"": 16, ""classifier_dropout"": 0.1, ""learning_rate"": 5e-05, ""loss_mode"": ""balanced"", ""num_train_epochs"": 5, ""weight_decay"": 0.01}",COMPLETE
16,0.6522449621002525,2026-10-01 12:23:38.701514,2026-10-01 12:24:13.617750,0 days 00:00:34.916236,16,0.3,3e-05,balanced,3,PYSENTIMIENTO,0.0,"[3, 3, 3]",0.02218353894998657,3,"{""batch_size"": 16, ""classifier_dropout"": 0.3, ""learning_rate"": 3e-05, ""loss_mode"": ""balanced"", ""num_train_epochs"": 3, ""weight_decay"": 0.0}",COMPLETE
17,0.6441642615363906,2026-10-01 12:24:13.837374,2026-10-01 12:24:49.307662,0 days 00:00:35.470288,16,0.2,5e-05,standard,3,PYSENTIMIENTO,0.1,"[2, 2, 3]",0.01690625884232577,2,"{""batch_size"": 16, ""classifier_dropout"": 0.2, ""learning_rate"": 5e-05, ""loss_mode"": ""standard"", ""num_train_epochs"": 3, ""weight_decay"": 0.1}",COMPLETE
18,0.6451274956700654,2026-10-01 12:24:49.556966,2026-10-01 12:25:30.951989,0 days 00:00:41.395023,16,0.1,3e-05,balanced,5,PYSENTIMIENTO,0.1,"[3, 2, 3]",0.015913376779392936,3,"{""batch_size"": 16, ""classifier_dropout"": 0.1, ""learning_rate"": 3e-05, ""loss_mode"": ""balanced"", ""num_train_epochs"": 5, ""weight_decay"": 0.1}",COMPLETE
19,0.6345186712382861,2026-10-01 12:25:31.205971,2026-10-01 12:26:02.895275,0 days 00:00:31.689304,16,0.1,5e-05,standard,3,PYSENTIMIENTO,0.05,"[1, 3, 3]",0.008587416305344391,3,"{""batch_size"": 16, ""classifier_dropout"": 0.1, ""learning_rate"": 5e-05, ""loss_mode"": ""standard"", ""num_train_epochs"": 3, ""weight_decay"": 0.05}",COMPLETE
