number,value,datetime_start,datetime_complete,duration,params_batch_size,params_classifier_dropout,params_learning_rate,params_loss_mode,params_num_train_epochs,params_preprocessing,params_weight_decay,user_attrs_best_epochs_inner,user_attrs_f1_inner_std,user_attrs_refit_epochs,system_attrs_tpe:relative_params:0,state
0,0.7043182446196458,2026-10-01 13:21:20.290158,2026-10-01 13:21:50.789742,0 days 00:00:30.499584,32,0.3,3e-05,balanced,5,PYSENTIMIENTO,0.01,"[5, 4, 1]",0.03449723137122691,4,,COMPLETE
1,0.7399142394337396,2026-10-01 13:21:51.020966,2026-10-01 13:22:25.580220,0 days 00:00:34.559254,16,0.3,4e-05,standard,3,PYSENTIMIENTO,0.0,"[3, 3, 3]",0.010737259999445343,3,,COMPLETE
2,0.7164472315677072,2026-10-01 13:22:25.808324,2026-10-01 13:23:10.893973,0 days 00:00:45.085649,16,0.3,2e-05,balanced,4,PYSENTIMIENTO,0.05,"[3, 3, 3]",0.005330925265923265,3,,COMPLETE
3,0.732908041097834,2026-10-01 13:23:11.125287,2026-10-01 13:23:46.340845,0 days 00:00:35.215558,32,0.2,3e-05,standard,5,PYSENTIMIENTO,0.01,"[3, 3, 5]",0.020787463022275555,3,,COMPLETE
4,0.7043182446196458,2026-10-01 13:23:46.595325,2026-10-01 13:23:46.685803,0 days 00:00:00.090478,32,0.3,3e-05,balanced,5,PYSENTIMIENTO,0.01,"[5, 4, 1]",0.03449723137122691,4,,COMPLETE
5,0.7399142394337396,2026-10-01 13:23:46.931520,2026-10-01 13:23:47.036776,0 days 00:00:00.105256,16,0.3,4e-05,standard,3,PYSENTIMIENTO,0.0,"[3, 3, 3]",0.010737259999445343,3,"{""batch_size"": 16, ""classifier_dropout"": 0.3, ""learning_rate"": 4e-05, ""loss_mode"": ""standard"", ""num_train_epochs"": 3, ""weight_decay"": 0.0}",COMPLETE
6,0.7202504844580154,2026-10-01 13:23:47.286155,2026-10-01 13:24:19.251129,0 days 00:00:31.964974,16,0.1,5e-05,balanced,3,PYSENTIMIENTO,0.0,"[2, 3, 1]",0.01687866061748251,2,"{""batch_size"": 16, ""classifier_dropout"": 0.1, ""learning_rate"": 5e-05, ""loss_mode"": ""balanced"", ""num_train_epochs"": 3, ""weight_decay"": 0.0}",COMPLETE
7,0.7294202456534381,2026-10-01 13:24:19.486491,2026-10-01 13:24:57.703364,0 days 00:00:38.216873,16,0.3,5e-05,standard,4,PYSENTIMIENTO,0.1,"[1, 4, 4]",0.024479036354920707,4,"{""batch_size"": 16, ""classifier_dropout"": 0.3, ""learning_rate"": 5e-05, ""loss_mode"": ""standard"", ""num_train_epochs"": 4, ""weight_decay"": 0.1}",COMPLETE
8,0.7380067020201181,2026-10-01 13:24:57.940791,2026-10-01 13:25:26.678762,0 days 00:00:28.737971,32,0.1,4e-05,standard,4,PYSENTIMIENTO,0.0,"[3, 2, 3]",0.02072468776634067,3,"{""batch_size"": 32, ""classifier_dropout"": 0.1, ""learning_rate"": 4e-05, ""loss_mode"": ""standard"", ""num_train_epochs"": 4, ""weight_decay"": 0.0}",COMPLETE
9,0.649609101482776,2026-10-01 13:25:26.914375,2026-10-01 13:25:51.654700,0 days 00:00:24.740325,32,0.3,2e-05,standard,3,PYSENTIMIENTO,0.1,"[3, 3, 3]",0.02435440880092321,3,"{""batch_size"": 32, ""classifier_dropout"": 0.3, ""learning_rate"": 2e-05, ""loss_mode"": ""standard"", ""num_train_epochs"": 3, ""weight_decay"": 0.1}",COMPLETE
10,0.7217022471608491,2026-10-01 13:25:51.886676,2026-10-01 13:26:36.557995,0 days 00:00:44.671319,16,0.2,4e-05,standard,5,PYSENTIMIENTO,0.0,"[1, 4, 4]",0.036906519262448624,4,"{""batch_size"": 16, ""classifier_dropout"": 0.2, ""learning_rate"": 4e-05, ""loss_mode"": ""standard"", ""num_train_epochs"": 5, ""weight_decay"": 0.0}",COMPLETE
11,0.7399142394337396,2026-10-01 13:26:36.791559,2026-10-01 13:26:36.899167,0 days 00:00:00.107608,16,0.3,4e-05,standard,3,PYSENTIMIENTO,0.0,"[3, 3, 3]",0.010737259999445343,3,"{""batch_size"": 16, ""classifier_dropout"": 0.3, ""learning_rate"": 4e-05, ""loss_mode"": ""standard"", ""num_train_epochs"": 3, ""weight_decay"": 0.0}",COMPLETE
12,0.7229878617182592,2026-10-01 13:26:37.137569,2026-10-01 13:27:12.422005,0 days 00:00:35.284436,16,0.3,3e-05,standard,3,PYSENTIMIENTO,0.01,"[3, 3, 2]",0.004500073569003586,3,"{""batch_size"": 16, ""classifier_dropout"": 0.3, ""learning_rate"": 3e-05, ""loss_mode"": ""standard"", ""num_train_epochs"": 3, ""weight_decay"": 0.01}",COMPLETE
13,0.7199183717690696,2026-10-01 13:27:12.652329,2026-10-01 13:27:45.684197,0 days 00:00:33.031868,16,0.3,4e-05,balanced,3,PYSENTIMIENTO,0.1,"[3, 2, 1]",0.01347200018185507,2,"{""batch_size"": 16, ""classifier_dropout"": 0.3, ""learning_rate"": 4e-05, ""loss_mode"": ""balanced"", ""num_train_epochs"": 3, ""weight_decay"": 0.1}",COMPLETE
14,0.7033221249936427,2026-10-01 13:27:45.915162,2026-10-01 13:28:11.563009,0 days 00:00:25.647847,32,0.3,4e-05,standard,3,PYSENTIMIENTO,0.05,"[2, 3, 3]",0.03458867941570912,3,"{""batch_size"": 32, ""classifier_dropout"": 0.3, ""learning_rate"": 4e-05, ""loss_mode"": ""standard"", ""num_train_epochs"": 3, ""weight_decay"": 0.05}",COMPLETE
15,0.7363847396361619,2026-10-01 13:28:11.795065,2026-10-01 13:28:43.591555,0 days 00:00:31.796490,16,0.2,5e-05,standard,3,PYSENTIMIENTO,0.0,"[1, 2, 3]",0.023437012101251327,2,"{""batch_size"": 16, ""classifier_dropout"": 0.2, ""learning_rate"": 5e-05, ""loss_mode"": ""standard"", ""num_train_epochs"": 3, ""weight_decay"": 0.0}",COMPLETE
16,0.722315669722256,2026-10-01 13:28:43.824416,2026-10-01 13:29:28.198704,0 days 00:00:44.374288,16,0.3,4e-05,standard,5,PYSENTIMIENTO,0.05,"[1, 4, 4]",0.0351990541670276,4,"{""batch_size"": 16, ""classifier_dropout"": 0.3, ""learning_rate"": 4e-05, ""loss_mode"": ""standard"", ""num_train_epochs"": 5, ""weight_decay"": 0.05}",COMPLETE
17,0.718548435087358,2026-10-01 13:29:28.468631,2026-10-01 13:29:59.800829,0 days 00:00:31.332198,16,0.3,4e-05,balanced,4,PYSENTIMIENTO,0.0,"[2, 2, 1]",0.011972793942497008,2,"{""batch_size"": 16, ""classifier_dropout"": 0.3, ""learning_rate"": 4e-05, ""loss_mode"": ""balanced"", ""num_train_epochs"": 4, ""weight_decay"": 0.0}",COMPLETE
18,0.7186158492243822,2026-10-01 13:30:00.036311,2026-10-01 13:30:42.738294,0 days 00:00:42.701983,16,0.3,4e-05,standard,4,PYSENTIMIENTO,0.01,"[1, 4, 4]",0.03264879463900407,4,"{""batch_size"": 16, ""classifier_dropout"": 0.3, ""learning_rate"": 4e-05, ""loss_mode"": ""standard"", ""num_train_epochs"": 4, ""weight_decay"": 0.01}",COMPLETE
19,0.7335727669385136,2026-10-01 13:30:43.003608,2026-10-01 13:31:20.992254,0 days 00:00:37.988646,16,0.1,4e-05,standard,3,PYSENTIMIENTO,0.05,"[3, 3, 3]",0.014039428084768907,3,"{""batch_size"": 16, ""classifier_dropout"": 0.1, ""learning_rate"": 4e-05, ""loss_mode"": ""standard"", ""num_train_epochs"": 3, ""weight_decay"": 0.05}",COMPLETE
