number,value,datetime_start,datetime_complete,duration,params_batch_size,params_classifier_dropout,params_learning_rate,params_loss_mode,params_num_train_epochs,params_preprocessing,params_weight_decay,user_attrs_best_epochs_inner,user_attrs_f1_inner_std,user_attrs_refit_epochs,system_attrs_tpe:relative_params:0,state
0,0.6973682524259438,2026-10-01 14:07:51.959561,2026-10-01 14:08:23.186876,0 days 00:00:31.227315,32,0.3,3e-05,balanced,5,PYSENTIMIENTO,0.01,"[3, 4, 2]",0.011470806739784331,3,,COMPLETE
1,0.6872318578804579,2026-10-01 14:08:23.420412,2026-10-01 14:08:55.225723,0 days 00:00:31.805311,16,0.3,4e-05,standard,3,PYSENTIMIENTO,0.0,"[3, 3, 1]",0.007553571562466332,3,,COMPLETE
2,0.6938188095810359,2026-10-01 14:08:55.453293,2026-10-01 14:09:37.488009,0 days 00:00:42.034716,16,0.3,2e-05,balanced,4,PYSENTIMIENTO,0.05,"[4, 3, 2]",0.011279699411436353,3,,COMPLETE
3,0.7032892916599486,2026-10-01 14:09:37.723882,2026-10-01 14:10:13.092114,0 days 00:00:35.368232,32,0.2,3e-05,standard,5,PYSENTIMIENTO,0.01,"[3, 4, 5]",0.012731725059731955,4,,COMPLETE
4,0.6973682524259438,2026-10-01 14:10:13.340356,2026-10-01 14:10:13.434770,0 days 00:00:00.094414,32,0.3,3e-05,balanced,5,PYSENTIMIENTO,0.01,"[3, 4, 2]",0.011470806739784331,3,,COMPLETE
5,0.6826880343194995,2026-10-01 14:10:13.680619,2026-10-01 14:10:40.685942,0 days 00:00:27.005323,32,0.2,5e-05,standard,5,PYSENTIMIENTO,0.01,"[3, 3, 1]",0.018840994869205516,3,"{""batch_size"": 32, ""classifier_dropout"": 0.2, ""learning_rate"": 5e-05, ""loss_mode"": ""standard"", ""num_train_epochs"": 5, ""weight_decay"": 0.01}",COMPLETE
6,0.6998351638472808,2026-10-01 14:10:40.919164,2026-10-01 14:11:12.643110,0 days 00:00:31.723946,32,0.2,3e-05,standard,5,PYSENTIMIENTO,0.1,"[3, 2, 4]",0.017215142791795295,3,"{""batch_size"": 32, ""classifier_dropout"": 0.2, ""learning_rate"": 3e-05, ""loss_mode"": ""standard"", ""num_train_epochs"": 5, ""weight_decay"": 0.1}",COMPLETE
7,0.6973970298715059,2026-10-01 14:11:12.904268,2026-10-01 14:11:52.195368,0 days 00:00:39.291100,16,0.2,3e-05,standard,4,PYSENTIMIENTO,0.01,"[3, 3, 1]",0.01489861289335075,3,"{""batch_size"": 16, ""classifier_dropout"": 0.2, ""learning_rate"": 3e-05, ""loss_mode"": ""standard"", ""num_train_epochs"": 4, ""weight_decay"": 0.01}",COMPLETE
8,0.6925644205803362,2026-10-01 14:11:52.447928,2026-10-01 14:12:19.510510,0 days 00:00:27.062582,32,0.1,4e-05,standard,5,PYSENTIMIENTO,0.05,"[2, 4, 1]",0.019096554875573574,2,"{""batch_size"": 32, ""classifier_dropout"": 0.1, ""learning_rate"": 4e-05, ""loss_mode"": ""standard"", ""num_train_epochs"": 5, ""weight_decay"": 0.05}",COMPLETE
9,0.6651922072258806,2026-10-01 14:12:19.769721,2026-10-01 14:12:44.716892,0 days 00:00:24.947171,32,0.3,2e-05,standard,3,PYSENTIMIENTO,0.01,"[3, 3, 3]",0.01516582324502423,3,"{""batch_size"": 32, ""classifier_dropout"": 0.3, ""learning_rate"": 2e-05, ""loss_mode"": ""standard"", ""num_train_epochs"": 3, ""weight_decay"": 0.01}",COMPLETE
10,0.6969347629599257,2026-10-01 14:12:44.952978,2026-10-01 14:13:13.721054,0 days 00:00:28.768076,32,0.2,3e-05,balanced,4,PYSENTIMIENTO,0.0,"[3, 4, 2]",0.011914724052523836,3,"{""batch_size"": 32, ""classifier_dropout"": 0.2, ""learning_rate"": 3e-05, ""loss_mode"": ""balanced"", ""num_train_epochs"": 4, ""weight_decay"": 0.0}",COMPLETE
11,0.6932874328261206,2026-10-01 14:13:13.962919,2026-10-01 14:13:55.628540,0 days 00:00:41.665621,16,0.2,3e-05,standard,5,PYSENTIMIENTO,0.1,"[3, 5, 1]",0.01238825788762624,3,"{""batch_size"": 16, ""classifier_dropout"": 0.2, ""learning_rate"": 3e-05, ""loss_mode"": ""standard"", ""num_train_epochs"": 5, ""weight_decay"": 0.1}",COMPLETE
12,0.6854083863752329,2026-10-01 14:13:55.869257,2026-10-01 14:14:20.347822,0 days 00:00:24.478565,32,0.2,3e-05,standard,3,PYSENTIMIENTO,0.1,"[3, 2, 3]",0.015434975115540409,3,"{""batch_size"": 32, ""classifier_dropout"": 0.2, ""learning_rate"": 3e-05, ""loss_mode"": ""standard"", ""num_train_epochs"": 3, ""weight_decay"": 0.1}",COMPLETE
13,0.7008793340691207,2026-10-01 14:14:20.579453,2026-10-01 14:14:51.082877,0 days 00:00:30.503424,32,0.2,3e-05,standard,5,PYSENTIMIENTO,0.05,"[3, 2, 5]",0.019579310291884085,3,"{""batch_size"": 32, ""classifier_dropout"": 0.2, ""learning_rate"": 3e-05, ""loss_mode"": ""standard"", ""num_train_epochs"": 5, ""weight_decay"": 0.05}",COMPLETE
14,0.7008793340691207,2026-10-01 14:14:51.316501,2026-10-01 14:14:51.420235,0 days 00:00:00.103734,32,0.2,3e-05,standard,5,PYSENTIMIENTO,0.05,"[3, 2, 5]",0.019579310291884085,3,"{""batch_size"": 32, ""classifier_dropout"": 0.2, ""learning_rate"": 3e-05, ""loss_mode"": ""standard"", ""num_train_epochs"": 5, ""weight_decay"": 0.05}",COMPLETE
15,0.7080806691827624,2026-10-01 14:14:51.669986,2026-10-01 14:15:30.368006,0 days 00:00:38.698020,16,0.2,5e-05,balanced,5,PYSENTIMIENTO,0.05,"[3, 1, 3]",0.009887777646414414,3,"{""batch_size"": 16, ""classifier_dropout"": 0.2, ""learning_rate"": 5e-05, ""loss_mode"": ""balanced"", ""num_train_epochs"": 5, ""weight_decay"": 0.05}",COMPLETE
16,0.7080806691827624,2026-10-01 14:15:30.597543,2026-10-01 14:15:30.706221,0 days 00:00:00.108678,16,0.2,5e-05,balanced,5,PYSENTIMIENTO,0.05,"[3, 1, 3]",0.009887777646414414,3,"{""batch_size"": 16, ""classifier_dropout"": 0.2, ""learning_rate"": 5e-05, ""loss_mode"": ""balanced"", ""num_train_epochs"": 5, ""weight_decay"": 0.05}",COMPLETE
17,0.7080806691827624,2026-10-01 14:15:30.964377,2026-10-01 14:15:31.069770,0 days 00:00:00.105393,16,0.2,5e-05,balanced,5,PYSENTIMIENTO,0.05,"[3, 1, 3]",0.009887777646414414,3,"{""batch_size"": 16, ""classifier_dropout"": 0.2, ""learning_rate"": 5e-05, ""loss_mode"": ""balanced"", ""num_train_epochs"": 5, ""weight_decay"": 0.05}",COMPLETE
18,0.7049321753626524,2026-10-01 14:15:31.323530,2026-10-01 14:16:07.103172,0 days 00:00:35.779642,16,0.1,5e-05,balanced,5,PYSENTIMIENTO,0.0,"[2, 1, 3]",0.01837840752458762,2,"{""batch_size"": 16, ""classifier_dropout"": 0.1, ""learning_rate"": 5e-05, ""loss_mode"": ""balanced"", ""num_train_epochs"": 5, ""weight_decay"": 0.0}",COMPLETE
19,0.7004186818152975,2026-10-01 14:16:07.339132,2026-10-01 14:16:40.275456,0 days 00:00:32.936324,16,0.2,4e-05,balanced,3,PYSENTIMIENTO,0.05,"[3, 1, 2]",0.007874693482526644,2,"{""batch_size"": 16, ""classifier_dropout"": 0.2, ""learning_rate"": 4e-05, ""loss_mode"": ""balanced"", ""num_train_epochs"": 3, ""weight_decay"": 0.05}",COMPLETE
