number,value,datetime_start,datetime_complete,duration,params_batch_size,params_classifier_dropout,params_learning_rate,params_loss_mode,params_num_train_epochs,params_preprocessing,params_weight_decay,user_attrs_best_epochs_inner,user_attrs_f1_inner_std,user_attrs_refit_epochs,system_attrs_tpe:relative_params:0,state
0,0.6513092125960452,2026-10-01 11:50:18.130162,2026-10-01 11:50:44.839148,0 days 00:00:26.708986,32,0.2,3e-05,balanced,3,PYSENTIMIENTO,0.05,"[3, 3, 3]",0.026180783689567774,3,,COMPLETE
1,0.647934632059073,2026-10-01 11:50:45.072229,2026-10-01 11:51:10.730932,0 days 00:00:25.658703,32,0.2,5e-05,standard,4,PYSENTIMIENTO,0.0,"[2, 3, 2]",0.05117513488741594,2,,COMPLETE
2,0.6116130706650263,2026-10-01 11:51:10.963912,2026-10-01 11:51:44.022161,0 days 00:00:33.058249,16,0.2,2e-05,standard,3,PYSENTIMIENTO,0.01,"[2, 3, 3]",0.04198063581111117,3,,COMPLETE
3,0.6462318417502243,2026-10-01 11:51:44.239028,2026-10-01 11:52:23.536297,0 days 00:00:39.297269,16,0.2,2e-05,standard,5,PYSENTIMIENTO,0.01,"[2, 2, 5]",0.029089287400875432,2,,COMPLETE
4,0.6054115690345448,2026-10-01 11:52:23.786099,2026-10-01 11:52:57.072070,0 days 00:00:33.285971,16,0.3,2e-05,standard,3,PYSENTIMIENTO,0.01,"[2, 3, 3]",0.033374182708138085,3,,COMPLETE
5,0.6513092125960452,2026-10-01 11:52:57.284146,2026-10-01 11:52:57.379991,0 days 00:00:00.095845,32,0.2,3e-05,balanced,3,PYSENTIMIENTO,0.05,"[3, 3, 3]",0.026180783689567774,3,"{""batch_size"": 32, ""classifier_dropout"": 0.2, ""learning_rate"": 3e-05, ""loss_mode"": ""balanced"", ""num_train_epochs"": 3, ""weight_decay"": 0.05}",COMPLETE
6,0.6727116473944883,2026-10-01 11:52:57.600205,2026-10-01 11:53:25.147219,0 days 00:00:27.547014,32,0.3,5e-05,balanced,5,PYSENTIMIENTO,0.1,"[3, 3, 2]",0.020655498656269342,3,"{""batch_size"": 32, ""classifier_dropout"": 0.3, ""learning_rate"": 5e-05, ""loss_mode"": ""balanced"", ""num_train_epochs"": 5, ""weight_decay"": 0.1}",COMPLETE
7,0.6727116473944883,2026-10-01 11:53:25.353687,2026-10-01 11:53:25.456118,0 days 00:00:00.102431,32,0.3,5e-05,balanced,5,PYSENTIMIENTO,0.1,"[3, 3, 2]",0.020655498656269342,3,"{""batch_size"": 32, ""classifier_dropout"": 0.3, ""learning_rate"": 5e-05, ""loss_mode"": ""balanced"", ""num_train_epochs"": 5, ""weight_decay"": 0.1}",COMPLETE
8,0.6540088801831824,2026-10-01 11:53:25.683763,2026-10-01 11:54:02.691520,0 days 00:00:37.007757,16,0.1,4e-05,balanced,5,PYSENTIMIENTO,0.1,"[2, 3, 2]",0.014590866719648774,2,"{""batch_size"": 16, ""classifier_dropout"": 0.1, ""learning_rate"": 4e-05, ""loss_mode"": ""balanced"", ""num_train_epochs"": 5, ""weight_decay"": 0.1}",COMPLETE
9,0.656739850987501,2026-10-01 11:54:02.979899,2026-10-01 11:54:36.335062,0 days 00:00:33.355163,16,0.3,5e-05,balanced,4,PYSENTIMIENTO,0.0,"[1, 3, 2]",0.023251916372290297,2,"{""batch_size"": 16, ""classifier_dropout"": 0.3, ""learning_rate"": 5e-05, ""loss_mode"": ""balanced"", ""num_train_epochs"": 4, ""weight_decay"": 0.0}",COMPLETE
10,0.6467478929304488,2026-10-01 11:54:36.561015,2026-10-01 11:55:07.132822,0 days 00:00:30.571807,32,0.1,2e-05,balanced,4,PYSENTIMIENTO,0.1,"[4, 4, 3]",0.025709977936438526,4,"{""batch_size"": 32, ""classifier_dropout"": 0.1, ""learning_rate"": 2e-05, ""loss_mode"": ""balanced"", ""num_train_epochs"": 4, ""weight_decay"": 0.1}",COMPLETE
11,0.6727116473944883,2026-10-01 11:55:07.361102,2026-10-01 11:55:07.471005,0 days 00:00:00.109903,32,0.3,5e-05,balanced,5,PYSENTIMIENTO,0.1,"[3, 3, 2]",0.020655498656269342,3,"{""batch_size"": 32, ""classifier_dropout"": 0.3, ""learning_rate"": 5e-05, ""loss_mode"": ""balanced"", ""num_train_epochs"": 5, ""weight_decay"": 0.1}",COMPLETE
12,0.6640377791854787,2026-10-01 11:55:07.701171,2026-10-01 11:55:36.616491,0 days 00:00:28.915320,32,0.3,4e-05,balanced,5,PYSENTIMIENTO,0.01,"[3, 3, 2]",0.02602634700541073,3,"{""batch_size"": 32, ""classifier_dropout"": 0.3, ""learning_rate"": 4e-05, ""loss_mode"": ""balanced"", ""num_train_epochs"": 5, ""weight_decay"": 0.01}",COMPLETE
13,0.6528013616488695,2026-10-01 11:55:36.868297,2026-10-01 11:56:01.394393,0 days 00:00:24.526096,32,0.3,5e-05,standard,3,PYSENTIMIENTO,0.1,"[2, 3, 3]",0.02852609015512211,3,"{""batch_size"": 32, ""classifier_dropout"": 0.3, ""learning_rate"": 5e-05, ""loss_mode"": ""standard"", ""num_train_epochs"": 3, ""weight_decay"": 0.1}",COMPLETE
14,0.6742547165116521,2026-10-01 11:56:01.616013,2026-10-01 11:56:29.907222,0 days 00:00:28.291209,32,0.2,5e-05,balanced,5,PYSENTIMIENTO,0.0,"[3, 3, 2]",0.017233377790721163,3,"{""batch_size"": 32, ""classifier_dropout"": 0.2, ""learning_rate"": 5e-05, ""loss_mode"": ""balanced"", ""num_train_epochs"": 5, ""weight_decay"": 0.0}",COMPLETE
15,0.6742547165116521,2026-10-01 11:56:30.133678,2026-10-01 11:56:30.238464,0 days 00:00:00.104786,32,0.2,5e-05,balanced,5,PYSENTIMIENTO,0.0,"[3, 3, 2]",0.017233377790721163,3,"{""batch_size"": 32, ""classifier_dropout"": 0.2, ""learning_rate"": 5e-05, ""loss_mode"": ""balanced"", ""num_train_epochs"": 5, ""weight_decay"": 0.0}",COMPLETE
16,0.6742547165116521,2026-10-01 11:56:30.477352,2026-10-01 11:56:30.581322,0 days 00:00:00.103970,32,0.2,5e-05,balanced,5,PYSENTIMIENTO,0.0,"[3, 3, 2]",0.017233377790721163,3,"{""batch_size"": 32, ""classifier_dropout"": 0.2, ""learning_rate"": 5e-05, ""loss_mode"": ""balanced"", ""num_train_epochs"": 5, ""weight_decay"": 0.0}",COMPLETE
17,0.6578764292504097,2026-10-01 11:56:30.821295,2026-10-01 11:56:54.512176,0 days 00:00:23.690881,32,0.1,5e-05,standard,5,PYSENTIMIENTO,0.0,"[2, 2, 2]",0.04761175235350587,2,"{""batch_size"": 32, ""classifier_dropout"": 0.1, ""learning_rate"": 5e-05, ""loss_mode"": ""standard"", ""num_train_epochs"": 5, ""weight_decay"": 0.0}",COMPLETE
18,0.6540212029884576,2026-10-01 11:56:54.739747,2026-10-01 11:57:26.187845,0 days 00:00:31.448098,32,0.2,2e-05,balanced,5,PYSENTIMIENTO,0.0,"[5, 2, 4]",0.021380681010379602,4,"{""batch_size"": 32, ""classifier_dropout"": 0.2, ""learning_rate"": 2e-05, ""loss_mode"": ""balanced"", ""num_train_epochs"": 5, ""weight_decay"": 0.0}",COMPLETE
19,0.645527853623416,2026-10-01 11:57:26.428248,2026-10-01 11:57:55.844766,0 days 00:00:29.416518,32,0.2,3e-05,standard,5,PYSENTIMIENTO,0.0,"[2, 3, 5]",0.04304345014148726,3,"{""batch_size"": 32, ""classifier_dropout"": 0.2, ""learning_rate"": 3e-05, ""loss_mode"": ""standard"", ""num_train_epochs"": 5, ""weight_decay"": 0.0}",COMPLETE
