number,value,datetime_start,datetime_complete,duration,params_batch_size,params_classifier_dropout,params_learning_rate,params_loss_mode,params_num_train_epochs,params_preprocessing,params_weight_decay,user_attrs_best_epochs_inner,user_attrs_f1_inner_std,user_attrs_refit_epochs,system_attrs_tpe:relative_params:0,state
0,0.7134686359723071,2026-10-01 12:58:16.606765,2026-10-01 12:58:47.578607,0 days 00:00:30.971842,32,0.2,2e-05,balanced,4,PYSENTIMIENTO,0.1,"[4, 4, 4]",0.022252820900043508,4,,COMPLETE
1,0.7392459646120576,2026-10-01 12:58:47.812235,2026-10-01 12:59:24.743943,0 days 00:00:36.931708,32,0.2,4e-05,balanced,5,PYSENTIMIENTO,0.01,"[4, 4, 5]",0.024190185461094943,4,,COMPLETE
2,0.7250975488695529,2026-10-01 12:59:25.020471,2026-10-01 13:00:00.046703,0 days 00:00:35.026232,16,0.2,3e-05,balanced,3,PYSENTIMIENTO,0.0,"[3, 3, 3]",0.026818665053791657,3,,COMPLETE
3,0.7372524242176867,2026-10-01 13:00:00.285735,2026-10-01 13:00:36.188489,0 days 00:00:35.902754,16,0.3,4e-05,standard,3,PYSENTIMIENTO,0.01,"[2, 3, 3]",0.0384841131422911,3,,COMPLETE
4,0.7163736258669878,2026-10-01 13:00:36.404728,2026-10-01 13:01:18.709792,0 days 00:00:42.305064,16,0.3,2e-05,balanced,4,PYSENTIMIENTO,0.1,"[3, 2, 4]",0.02203203539294353,3,,COMPLETE
5,0.7291756806905312,2026-10-01 13:01:18.949018,2026-10-01 13:01:49.598879,0 days 00:00:30.649861,32,0.2,4e-05,standard,5,PYSENTIMIENTO,0.01,"[5, 1, 4]",0.0435886754195388,4,"{""batch_size"": 32, ""classifier_dropout"": 0.2, ""learning_rate"": 4e-05, ""loss_mode"": ""standard"", ""num_train_epochs"": 5, ""weight_decay"": 0.01}",COMPLETE
6,0.7318404732042681,2026-10-01 13:01:49.857937,2026-10-01 13:02:20.802680,0 days 00:00:30.944743,32,0.1,4e-05,balanced,5,PYSENTIMIENTO,0.01,"[5, 4, 1]",0.004250682117092406,4,"{""batch_size"": 32, ""classifier_dropout"": 0.1, ""learning_rate"": 4e-05, ""loss_mode"": ""balanced"", ""num_train_epochs"": 5, ""weight_decay"": 0.01}",COMPLETE
7,0.7168706368333858,2026-10-01 13:02:21.035813,2026-10-01 13:02:47.853015,0 days 00:00:26.817202,32,0.2,3e-05,balanced,5,PYSENTIMIENTO,0.01,"[3, 3, 1]",0.007348580612477182,3,"{""batch_size"": 32, ""classifier_dropout"": 0.2, ""learning_rate"": 3e-05, ""loss_mode"": ""balanced"", ""num_train_epochs"": 5, ""weight_decay"": 0.01}",COMPLETE
8,0.7330409685893606,2026-10-01 13:02:48.077947,2026-10-01 13:03:30.300633,0 days 00:00:42.222686,16,0.2,4e-05,balanced,5,PYSENTIMIENTO,0.05,"[2, 4, 2]",0.009662575817792311,2,"{""batch_size"": 16, ""classifier_dropout"": 0.2, ""learning_rate"": 4e-05, ""loss_mode"": ""balanced"", ""num_train_epochs"": 5, ""weight_decay"": 0.05}",COMPLETE
9,0.7256323244895819,2026-10-01 13:03:30.553023,2026-10-01 13:03:57.317567,0 days 00:00:26.764544,32,0.3,4e-05,balanced,4,PYSENTIMIENTO,0.0,"[4, 4, 1]",0.010053558876929837,4,"{""batch_size"": 32, ""classifier_dropout"": 0.3, ""learning_rate"": 4e-05, ""loss_mode"": ""balanced"", ""num_train_epochs"": 4, ""weight_decay"": 0.0}",COMPLETE
10,0.7164929587924793,2026-10-01 13:03:57.565062,2026-10-01 13:04:20.687761,0 days 00:00:23.122699,32,0.2,4e-05,balanced,3,PYSENTIMIENTO,0.05,"[3, 3, 1]",0.015518682689568394,3,"{""batch_size"": 32, ""classifier_dropout"": 0.2, ""learning_rate"": 4e-05, ""loss_mode"": ""balanced"", ""num_train_epochs"": 3, ""weight_decay"": 0.05}",COMPLETE
11,0.7372911323838696,2026-10-01 13:04:20.925277,2026-10-01 13:04:56.868074,0 days 00:00:35.942797,16,0.3,5e-05,standard,3,PYSENTIMIENTO,0.01,"[3, 2, 3]",0.021708308778125338,3,"{""batch_size"": 16, ""classifier_dropout"": 0.3, ""learning_rate"": 5e-05, ""loss_mode"": ""standard"", ""num_train_epochs"": 3, ""weight_decay"": 0.01}",COMPLETE
12,0.7376005509015305,2026-10-01 13:04:57.101378,2026-10-01 13:05:32.904815,0 days 00:00:35.803437,16,0.1,5e-05,standard,3,PYSENTIMIENTO,0.01,"[3, 3, 3]",0.02115002910362537,3,"{""batch_size"": 16, ""classifier_dropout"": 0.1, ""learning_rate"": 5e-05, ""loss_mode"": ""standard"", ""num_train_epochs"": 3, ""weight_decay"": 0.01}",COMPLETE
13,0.7425297936723428,2026-10-01 13:05:33.142387,2026-10-01 13:06:08.676501,0 days 00:00:35.534114,16,0.1,5e-05,standard,3,PYSENTIMIENTO,0.05,"[3, 3, 3]",0.025936231593762266,3,"{""batch_size"": 16, ""classifier_dropout"": 0.1, ""learning_rate"": 5e-05, ""loss_mode"": ""standard"", ""num_train_epochs"": 3, ""weight_decay"": 0.05}",COMPLETE
14,0.7143676260664119,2026-10-01 13:06:08.924374,2026-10-01 13:06:41.744477,0 days 00:00:32.820103,16,0.1,3e-05,standard,3,PYSENTIMIENTO,0.05,"[3, 1, 2]",0.03511581540984344,2,"{""batch_size"": 16, ""classifier_dropout"": 0.1, ""learning_rate"": 3e-05, ""loss_mode"": ""standard"", ""num_train_epochs"": 3, ""weight_decay"": 0.05}",COMPLETE
15,0.7206730207907747,2026-10-01 13:06:41.994167,2026-10-01 13:07:04.885598,0 days 00:00:22.891431,32,0.1,5e-05,standard,3,PYSENTIMIENTO,0.05,"[2, 1, 3]",0.0257781812983785,2,"{""batch_size"": 32, ""classifier_dropout"": 0.1, ""learning_rate"": 5e-05, ""loss_mode"": ""standard"", ""num_train_epochs"": 3, ""weight_decay"": 0.05}",COMPLETE
16,0.7363165477166134,2026-10-01 13:07:05.125683,2026-10-01 13:07:47.402381,0 days 00:00:42.276698,16,0.1,5e-05,balanced,5,PYSENTIMIENTO,0.05,"[2, 4, 2]",0.02271231448625572,2,"{""batch_size"": 16, ""classifier_dropout"": 0.1, ""learning_rate"": 5e-05, ""loss_mode"": ""balanced"", ""num_train_epochs"": 5, ""weight_decay"": 0.05}",COMPLETE
17,0.7135685572891551,2026-10-01 13:07:47.660448,2026-10-01 13:08:26.311603,0 days 00:00:38.651155,16,0.1,2e-05,standard,5,PYSENTIMIENTO,0.1,"[3, 1, 3]",0.03302940159932844,3,"{""batch_size"": 16, ""classifier_dropout"": 0.1, ""learning_rate"": 2e-05, ""loss_mode"": ""standard"", ""num_train_epochs"": 5, ""weight_decay"": 0.1}",COMPLETE
18,0.7348739973396228,2026-10-01 13:08:26.562947,2026-10-01 13:09:03.084468,0 days 00:00:36.521521,32,0.2,4e-05,balanced,5,PYSENTIMIENTO,0.0,"[4, 4, 5]",0.022656456664021066,4,"{""batch_size"": 32, ""classifier_dropout"": 0.2, ""learning_rate"": 4e-05, ""loss_mode"": ""balanced"", ""num_train_epochs"": 5, ""weight_decay"": 0.0}",COMPLETE
19,0.7342582036681878,2026-10-01 13:09:03.335747,2026-10-01 13:09:48.339359,0 days 00:00:45.003612,16,0.2,5e-05,standard,5,PYSENTIMIENTO,0.05,"[3, 5, 2]",0.007488453709558284,3,"{""batch_size"": 16, ""classifier_dropout"": 0.2, ""learning_rate"": 5e-05, ""loss_mode"": ""standard"", ""num_train_epochs"": 5, ""weight_decay"": 0.05}",COMPLETE
