number,value,datetime_start,datetime_complete,duration,params_batch_size,params_classifier_dropout,params_learning_rate,params_loss_mode,params_num_train_epochs,params_preprocessing,params_weight_decay,user_attrs_best_epochs_inner,user_attrs_f1_inner_std,user_attrs_refit_epochs,system_attrs_tpe:relative_params:0,state
0,0.7026817595810186,2026-10-01 12:35:41.318393,2026-10-01 12:36:04.575705,0 days 00:00:23.257312,32,0.2,3e-05,balanced,3,PYSENTIMIENTO,0.05,"[2, 3, 2]",0.017553411843666298,2,,COMPLETE
1,0.7332850129383752,2026-10-01 12:36:04.837451,2026-10-01 12:36:31.810967,0 days 00:00:26.973516,32,0.2,5e-05,standard,4,PYSENTIMIENTO,0.0,"[2, 3, 3]",0.018375982398070322,3,,COMPLETE
2,0.7005384014652476,2026-10-01 12:36:32.027374,2026-10-01 12:37:05.224528,0 days 00:00:33.197154,16,0.2,2e-05,standard,3,PYSENTIMIENTO,0.01,"[3, 3, 3]",0.01013761256147761,3,,COMPLETE
3,0.7352863065902578,2026-10-01 12:37:05.442217,2026-10-01 12:37:53.887365,0 days 00:00:48.445148,16,0.2,2e-05,standard,5,PYSENTIMIENTO,0.01,"[4, 3, 5]",0.0048148573844917835,4,,COMPLETE
4,0.699545085738776,2026-10-01 12:37:54.115047,2026-10-01 12:38:28.202214,0 days 00:00:34.087167,16,0.3,2e-05,standard,3,PYSENTIMIENTO,0.01,"[3, 3, 3]",0.005846635902990023,3,,COMPLETE
5,0.7378174988071012,2026-10-01 12:38:28.432919,2026-10-01 12:39:16.688136,0 days 00:00:48.255217,16,0.2,4e-05,balanced,5,PYSENTIMIENTO,0.01,"[2, 5, 5]",0.012012133083847831,5,"{""batch_size"": 16, ""classifier_dropout"": 0.2, ""learning_rate"": 4e-05, ""loss_mode"": ""balanced"", ""num_train_epochs"": 5, ""weight_decay"": 0.01}",COMPLETE
6,0.7378174988071012,2026-10-01 12:39:16.918147,2026-10-01 12:39:17.030273,0 days 00:00:00.112126,16,0.2,4e-05,balanced,5,PYSENTIMIENTO,0.01,"[2, 5, 5]",0.012012133083847831,5,"{""batch_size"": 16, ""classifier_dropout"": 0.2, ""learning_rate"": 4e-05, ""loss_mode"": ""balanced"", ""num_train_epochs"": 5, ""weight_decay"": 0.01}",COMPLETE
7,0.7346281392451637,2026-10-01 12:39:17.288191,2026-10-01 12:39:59.959308,0 days 00:00:42.671117,16,0.1,4e-05,balanced,4,PYSENTIMIENTO,0.05,"[2, 3, 4]",0.012323667439028381,3,"{""batch_size"": 16, ""classifier_dropout"": 0.1, ""learning_rate"": 4e-05, ""loss_mode"": ""balanced"", ""num_train_epochs"": 4, ""weight_decay"": 0.05}",COMPLETE
8,0.7202901691515168,2026-10-01 12:40:00.185002,2026-10-01 12:40:33.691734,0 days 00:00:33.506732,32,0.3,3e-05,balanced,5,PYSENTIMIENTO,0.01,"[4, 5, 2]",0.023548042819594987,4,"{""batch_size"": 32, ""classifier_dropout"": 0.3, ""learning_rate"": 3e-05, ""loss_mode"": ""balanced"", ""num_train_epochs"": 5, ""weight_decay"": 0.01}",COMPLETE
9,0.7096416896321392,2026-10-01 12:40:33.926363,2026-10-01 12:41:09.343535,0 days 00:00:35.417172,16,0.2,5e-05,balanced,5,PYSENTIMIENTO,0.05,"[2, 1, 3]",0.022561869475754965,2,"{""batch_size"": 16, ""classifier_dropout"": 0.2, ""learning_rate"": 5e-05, ""loss_mode"": ""balanced"", ""num_train_epochs"": 5, ""weight_decay"": 0.05}",COMPLETE
10,0.7090451179004558,2026-10-01 12:41:09.570991,2026-10-01 12:41:48.783044,0 days 00:00:39.212053,16,0.2,2e-05,balanced,4,PYSENTIMIENTO,0.1,"[3, 2, 2]",0.012754196804232624,2,"{""batch_size"": 16, ""classifier_dropout"": 0.2, ""learning_rate"": 2e-05, ""loss_mode"": ""balanced"", ""num_train_epochs"": 4, ""weight_decay"": 0.1}",COMPLETE
11,0.7378174988071012,2026-10-01 12:41:49.031702,2026-10-01 12:41:49.133311,0 days 00:00:00.101609,16,0.2,4e-05,balanced,5,PYSENTIMIENTO,0.01,"[2, 5, 5]",0.012012133083847831,5,"{""batch_size"": 16, ""classifier_dropout"": 0.2, ""learning_rate"": 4e-05, ""loss_mode"": ""balanced"", ""num_train_epochs"": 5, ""weight_decay"": 0.01}",COMPLETE
12,0.7069583765017455,2026-10-01 12:41:49.373091,2026-10-01 12:42:31.950506,0 days 00:00:42.577415,16,0.3,4e-05,balanced,5,PYSENTIMIENTO,0.1,"[3, 1, 4]",0.041816129095049386,3,"{""batch_size"": 16, ""classifier_dropout"": 0.3, ""learning_rate"": 4e-05, ""loss_mode"": ""balanced"", ""num_train_epochs"": 5, ""weight_decay"": 0.1}",COMPLETE
13,0.7362996111051054,2026-10-01 12:42:32.192058,2026-10-01 12:43:16.726694,0 days 00:00:44.534636,16,0.1,4e-05,standard,5,PYSENTIMIENTO,0.0,"[4, 3, 2]",0.0254373697835334,3,"{""batch_size"": 16, ""classifier_dropout"": 0.1, ""learning_rate"": 4e-05, ""loss_mode"": ""standard"", ""num_train_epochs"": 5, ""weight_decay"": 0.0}",COMPLETE
14,0.7341264991194083,2026-10-01 12:43:16.957440,2026-10-01 12:44:05.695198,0 days 00:00:48.737758,16,0.1,3e-05,balanced,5,PYSENTIMIENTO,0.01,"[2, 4, 5]",0.004553702112683988,4,"{""batch_size"": 16, ""classifier_dropout"": 0.1, ""learning_rate"": 3e-05, ""loss_mode"": ""balanced"", ""num_train_epochs"": 5, ""weight_decay"": 0.01}",COMPLETE
15,0.7259250751914793,2026-10-01 12:44:05.956599,2026-10-01 12:44:37.151703,0 days 00:00:31.195104,32,0.2,4e-05,balanced,5,PYSENTIMIENTO,0.1,"[3, 2, 4]",0.0026045114108689763,3,"{""batch_size"": 32, ""classifier_dropout"": 0.2, ""learning_rate"": 4e-05, ""loss_mode"": ""balanced"", ""num_train_epochs"": 5, ""weight_decay"": 0.1}",COMPLETE
16,0.7356784181702761,2026-10-01 12:44:37.375889,2026-10-01 12:45:12.206821,0 days 00:00:34.830932,16,0.2,4e-05,balanced,3,PYSENTIMIENTO,0.0,"[3, 3, 3]",0.027883357740830665,3,"{""batch_size"": 16, ""classifier_dropout"": 0.2, ""learning_rate"": 4e-05, ""loss_mode"": ""balanced"", ""num_train_epochs"": 3, ""weight_decay"": 0.0}",COMPLETE
17,0.7329680106097722,2026-10-01 12:45:12.455114,2026-10-01 12:45:45.094404,0 days 00:00:32.639290,32,0.2,4e-05,standard,5,PYSENTIMIENTO,0.01,"[2, 5, 5]",0.015853690053822984,5,"{""batch_size"": 32, ""classifier_dropout"": 0.2, ""learning_rate"": 4e-05, ""loss_mode"": ""standard"", ""num_train_epochs"": 5, ""weight_decay"": 0.01}",COMPLETE
18,0.7240415862176501,2026-10-01 12:45:45.314131,2026-10-01 12:46:14.047675,0 days 00:00:28.733544,32,0.3,4e-05,balanced,4,PYSENTIMIENTO,0.01,"[4, 4, 2]",0.022579351242733556,4,"{""batch_size"": 32, ""classifier_dropout"": 0.3, ""learning_rate"": 4e-05, ""loss_mode"": ""balanced"", ""num_train_epochs"": 4, ""weight_decay"": 0.01}",COMPLETE
19,0.7351950450075607,2026-10-01 12:46:14.268421,2026-10-01 12:46:56.588163,0 days 00:00:42.319742,16,0.1,5e-05,standard,4,PYSENTIMIENTO,0.01,"[4, 3, 2]",0.025638418127717458,3,"{""batch_size"": 16, ""classifier_dropout"": 0.1, ""learning_rate"": 5e-05, ""loss_mode"": ""standard"", ""num_train_epochs"": 4, ""weight_decay"": 0.01}",COMPLETE
