number,value,datetime_start,datetime_complete,duration,params_batch_size,params_classifier_dropout,params_learning_rate,params_loss_mode,params_num_train_epochs,params_preprocessing,params_weight_decay,user_attrs_best_epochs_inner,user_attrs_f1_inner_std,user_attrs_refit_epochs,system_attrs_tpe:relative_params:0,state
0,0.6334688139385717,2026-10-01 11:58:05.887278,2026-10-01 11:58:30.001123,0 days 00:00:24.113845,32,0.1,2e-05,balanced,5,PYSENTIMIENTO,0.01,"[3, 2, 1]",0.0292447092486449,2,,COMPLETE
1,0.632684494826576,2026-10-01 11:58:30.228592,2026-10-01 11:58:56.863328,0 days 00:00:26.634736,32,0.3,2e-05,balanced,5,PYSENTIMIENTO,0.01,"[4, 2, 1]",0.02958976434433706,2,,COMPLETE
2,0.6436051032935232,2026-10-01 11:58:57.090130,2026-10-01 11:59:32.151767,0 days 00:00:35.061637,16,0.1,2e-05,balanced,3,PYSENTIMIENTO,0.05,"[2, 3, 3]",0.028194741179810932,3,,COMPLETE
3,0.6072802235563367,2026-10-01 11:59:32.376511,2026-10-01 12:00:02.800043,0 days 00:00:30.423532,32,0.2,2e-05,standard,4,PYSENTIMIENTO,0.05,"[4, 3, 3]",0.006406354664452026,3,,COMPLETE
4,0.6402799088305821,2026-10-01 12:00:03.031760,2026-10-01 12:00:38.373580,0 days 00:00:35.341820,16,0.1,5e-05,standard,3,PYSENTIMIENTO,0.05,"[3, 3, 2]",0.01762856060734272,3,,COMPLETE
5,0.6436051032935232,2026-10-01 12:00:38.618751,2026-10-01 12:00:38.720074,0 days 00:00:00.101323,16,0.1,2e-05,balanced,3,PYSENTIMIENTO,0.05,"[2, 3, 3]",0.028194741179810932,3,"{""batch_size"": 16, ""classifier_dropout"": 0.1, ""learning_rate"": 2e-05, ""loss_mode"": ""balanced"", ""num_train_epochs"": 3, ""weight_decay"": 0.05}",COMPLETE
6,0.6452472334240554,2026-10-01 12:00:38.968785,2026-10-01 12:01:14.262913,0 days 00:00:35.294128,16,0.2,3e-05,balanced,4,PYSENTIMIENTO,0.05,"[2, 2, 2]",0.024362619108123186,2,"{""batch_size"": 16, ""classifier_dropout"": 0.2, ""learning_rate"": 3e-05, ""loss_mode"": ""balanced"", ""num_train_epochs"": 4, ""weight_decay"": 0.05}",COMPLETE
7,0.6452472334240554,2026-10-01 12:01:14.486032,2026-10-01 12:01:14.586869,0 days 00:00:00.100837,16,0.2,3e-05,balanced,4,PYSENTIMIENTO,0.05,"[2, 2, 2]",0.024362619108123186,2,"{""batch_size"": 16, ""classifier_dropout"": 0.2, ""learning_rate"": 3e-05, ""loss_mode"": ""balanced"", ""num_train_epochs"": 4, ""weight_decay"": 0.05}",COMPLETE
8,0.6470589166980704,2026-10-01 12:01:14.815298,2026-10-01 12:01:55.777218,0 days 00:00:40.961920,16,0.2,5e-05,standard,4,PYSENTIMIENTO,0.1,"[4, 4, 2]",0.023109856004890475,4,"{""batch_size"": 16, ""classifier_dropout"": 0.2, ""learning_rate"": 5e-05, ""loss_mode"": ""standard"", ""num_train_epochs"": 4, ""weight_decay"": 0.1}",COMPLETE
9,0.6470589166980704,2026-10-01 12:01:56.021687,2026-10-01 12:01:56.111691,0 days 00:00:00.090004,16,0.2,5e-05,standard,4,PYSENTIMIENTO,0.1,"[4, 4, 2]",0.023109856004890475,4,"{""batch_size"": 16, ""classifier_dropout"": 0.2, ""learning_rate"": 5e-05, ""loss_mode"": ""standard"", ""num_train_epochs"": 4, ""weight_decay"": 0.1}",COMPLETE
10,0.6448512556229523,2026-10-01 12:01:56.340535,2026-10-01 12:02:43.961837,0 days 00:00:47.621302,16,0.3,4e-05,standard,5,PYSENTIMIENTO,0.1,"[5, 3, 3]",0.020383644089872605,3,"{""batch_size"": 16, ""classifier_dropout"": 0.3, ""learning_rate"": 4e-05, ""loss_mode"": ""standard"", ""num_train_epochs"": 5, ""weight_decay"": 0.1}",COMPLETE
11,0.6470589166980704,2026-10-01 12:02:44.194029,2026-10-01 12:02:44.293653,0 days 00:00:00.099624,16,0.2,5e-05,standard,4,PYSENTIMIENTO,0.1,"[4, 4, 2]",0.023109856004890475,4,"{""batch_size"": 16, ""classifier_dropout"": 0.2, ""learning_rate"": 5e-05, ""loss_mode"": ""standard"", ""num_train_epochs"": 4, ""weight_decay"": 0.1}",COMPLETE
12,0.6448815940006901,2026-10-01 12:02:44.543688,2026-10-01 12:03:25.547209,0 days 00:00:41.003521,16,0.3,5e-05,standard,4,PYSENTIMIENTO,0.0,"[4, 3, 2]",0.016652976560811775,3,"{""batch_size"": 16, ""classifier_dropout"": 0.3, ""learning_rate"": 5e-05, ""loss_mode"": ""standard"", ""num_train_epochs"": 4, ""weight_decay"": 0.0}",COMPLETE
13,0.6372149109076412,2026-10-01 12:03:25.797704,2026-10-01 12:04:10.757852,0 days 00:00:44.960148,16,0.2,3e-05,standard,5,PYSENTIMIENTO,0.1,"[5, 3, 2]",0.025081083405661876,3,"{""batch_size"": 16, ""classifier_dropout"": 0.2, ""learning_rate"": 3e-05, ""loss_mode"": ""standard"", ""num_train_epochs"": 5, ""weight_decay"": 0.1}",COMPLETE
14,0.654444232467668,2026-10-01 12:04:10.996090,2026-10-01 12:04:33.673458,0 days 00:00:22.677368,32,0.2,5e-05,balanced,4,PYSENTIMIENTO,0.01,"[2, 2, 1]",0.015041062118954382,2,"{""batch_size"": 32, ""classifier_dropout"": 0.2, ""learning_rate"": 5e-05, ""loss_mode"": ""balanced"", ""num_train_epochs"": 4, ""weight_decay"": 0.01}",COMPLETE
15,0.6478010651020129,2026-10-01 12:04:33.897881,2026-10-01 12:04:56.505138,0 days 00:00:22.607257,32,0.3,5e-05,balanced,4,PYSENTIMIENTO,0.01,"[2, 2, 1]",0.020905023038658568,2,"{""batch_size"": 32, ""classifier_dropout"": 0.3, ""learning_rate"": 5e-05, ""loss_mode"": ""balanced"", ""num_train_epochs"": 4, ""weight_decay"": 0.01}",COMPLETE
16,0.654444232467668,2026-10-01 12:04:56.731039,2026-10-01 12:04:56.832938,0 days 00:00:00.101899,32,0.2,5e-05,balanced,4,PYSENTIMIENTO,0.01,"[2, 2, 1]",0.015041062118954382,2,"{""batch_size"": 32, ""classifier_dropout"": 0.2, ""learning_rate"": 5e-05, ""loss_mode"": ""balanced"", ""num_train_epochs"": 4, ""weight_decay"": 0.01}",COMPLETE
17,0.6530927519430013,2026-10-01 12:04:57.090350,2026-10-01 12:05:19.339336,0 days 00:00:22.248986,32,0.2,5e-05,balanced,3,PYSENTIMIENTO,0.01,"[3, 3, 1]",0.02558382592918296,3,"{""batch_size"": 32, ""classifier_dropout"": 0.2, ""learning_rate"": 5e-05, ""loss_mode"": ""balanced"", ""num_train_epochs"": 3, ""weight_decay"": 0.01}",COMPLETE
18,0.6501507102473907,2026-10-01 12:05:19.576876,2026-10-01 12:05:41.925398,0 days 00:00:22.348522,32,0.2,5e-05,balanced,4,PYSENTIMIENTO,0.0,"[2, 2, 1]",0.018280801057410322,2,"{""batch_size"": 32, ""classifier_dropout"": 0.2, ""learning_rate"": 5e-05, ""loss_mode"": ""balanced"", ""num_train_epochs"": 4, ""weight_decay"": 0.0}",COMPLETE
19,0.6527480736281293,2026-10-01 12:05:42.181588,2026-10-01 12:06:14.390653,0 days 00:00:32.209065,16,0.2,5e-05,balanced,5,PYSENTIMIENTO,0.01,"[2, 2, 1]",0.01984493686242537,2,"{""batch_size"": 16, ""classifier_dropout"": 0.2, ""learning_rate"": 5e-05, ""loss_mode"": ""balanced"", ""num_train_epochs"": 5, ""weight_decay"": 0.01}",COMPLETE
