number,value,datetime_start,datetime_complete,duration,params_batch_size,params_classifier_dropout,params_label_smoothing,params_learning_rate,params_loss_mode,params_lr_decay,params_num_train_epochs,params_preprocessing,params_weight_decay,user_attrs_best_epochs_inner,user_attrs_f1_inner_std,user_attrs_refit_epochs,system_attrs_tpe:relative_params:0,state
0,0.6465617756073233,2026-10-02 14:13:09.324988,2026-10-02 14:13:57.779646,0 days 00:00:48.454658,16,0.1,0.1,1e-05,balanced,0.9,6,PYSENTIMIENTO,0.1,"[6, 6, 6]",0.018312916412093212,6,,COMPLETE
1,0.6400034714953524,2026-10-02 14:13:58.007311,2026-10-02 14:14:43.402803,0 days 00:00:45.395492,16,0.1,0.1,2e-05,standard,0.9,6,PYSENTIMIENTO,0.01,"[6, 5, 3]",0.018871935304311582,5,,COMPLETE
2,0.6544430648171694,2026-10-02 14:14:43.627301,2026-10-02 14:15:29.720190,0 days 00:00:46.092889,16,0.2,0.1,2e-05,balanced,0.9,6,PYSENTIMIENTO,0.01,"[3, 4, 6]",0.023038678144273562,4,,COMPLETE
3,0.5335177775357497,2026-10-02 14:15:29.947662,2026-10-02 14:16:02.857728,0 days 00:00:32.910066,16,0.1,0.1,1e-05,standard,0.9,4,PYSENTIMIENTO,0.1,"[4, 4, 4]",0.02626020325979509,4,,COMPLETE
4,0.6576117311105856,2026-10-02 14:16:03.084289,2026-10-02 14:16:48.769540,0 days 00:00:45.685251,16,0.3,0.1,2e-05,balanced,0.9,6,PYSENTIMIENTO,0.1,"[3, 6, 5]",0.025849241153673347,5,,COMPLETE
5,0.6576117311105856,2026-10-02 14:16:49.005002,2026-10-02 14:16:49.129725,0 days 00:00:00.124723,16,0.3,0.1,2e-05,balanced,0.9,6,PYSENTIMIENTO,0.1,"[3, 6, 5]",0.025849241153673347,5,"{""classifier_dropout"": 0.3, ""learning_rate"": 2e-05, ""loss_mode"": ""balanced"", ""num_train_epochs"": 6, ""weight_decay"": 0.1}",COMPLETE
6,0.6064074749844189,2026-10-02 14:16:49.354989,2026-10-02 14:17:22.930360,0 days 00:00:33.575371,16,0.3,0.1,2e-05,standard,0.9,4,PYSENTIMIENTO,0.1,"[4, 3, 3]",0.028360744142804983,3,"{""classifier_dropout"": 0.3, ""learning_rate"": 2e-05, ""loss_mode"": ""standard"", ""num_train_epochs"": 4, ""weight_decay"": 0.1}",COMPLETE
7,0.6388951451027922,2026-10-02 14:17:23.158382,2026-10-02 14:18:05.843692,0 days 00:00:42.685310,16,0.3,0.1,1e-05,balanced,0.9,6,PYSENTIMIENTO,0.01,"[4, 6, 2]",0.02106422024444837,4,"{""classifier_dropout"": 0.3, ""learning_rate"": 1e-05, ""loss_mode"": ""balanced"", ""num_train_epochs"": 6, ""weight_decay"": 0.01}",COMPLETE
8,0.6187244462161509,2026-10-02 14:18:06.061167,2026-10-02 14:18:39.310747,0 days 00:00:33.249580,16,0.3,0.1,1e-05,balanced,0.9,4,PYSENTIMIENTO,0.1,"[4, 4, 2]",0.019042866735414964,4,"{""classifier_dropout"": 0.3, ""learning_rate"": 1e-05, ""loss_mode"": ""balanced"", ""num_train_epochs"": 4, ""weight_decay"": 0.1}",COMPLETE
9,0.6482110715531987,2026-10-02 14:18:39.531876,2026-10-02 14:19:13.598647,0 days 00:00:34.066771,16,0.3,0.1,2e-05,balanced,0.9,4,PYSENTIMIENTO,0.01,"[4, 4, 4]",0.021983531363045136,4,"{""classifier_dropout"": 0.3, ""learning_rate"": 2e-05, ""loss_mode"": ""balanced"", ""num_train_epochs"": 4, ""weight_decay"": 0.01}",COMPLETE
10,0.6328837457961937,2026-10-02 14:19:13.832574,2026-10-02 14:19:59.421859,0 days 00:00:45.589285,16,0.2,0.1,2e-05,standard,0.9,6,PYSENTIMIENTO,0.1,"[6, 6, 3]",0.01804148958861479,6,"{""classifier_dropout"": 0.2, ""learning_rate"": 2e-05, ""loss_mode"": ""standard"", ""num_train_epochs"": 6, ""weight_decay"": 0.1}",COMPLETE
11,0.6576117311105856,2026-10-02 14:19:59.649718,2026-10-02 14:19:59.774864,0 days 00:00:00.125146,16,0.3,0.1,2e-05,balanced,0.9,6,PYSENTIMIENTO,0.1,"[3, 6, 5]",0.025849241153673347,5,"{""classifier_dropout"": 0.3, ""learning_rate"": 2e-05, ""loss_mode"": ""balanced"", ""num_train_epochs"": 6, ""weight_decay"": 0.1}",COMPLETE
12,0.6552649930264992,2026-10-02 14:20:00.008692,2026-10-02 14:20:46.213913,0 days 00:00:46.205221,16,0.1,0.1,2e-05,balanced,0.9,6,PYSENTIMIENTO,0.1,"[3, 4, 4]",0.02818282395038458,4,"{""classifier_dropout"": 0.1, ""learning_rate"": 2e-05, ""loss_mode"": ""balanced"", ""num_train_epochs"": 6, ""weight_decay"": 0.1}",COMPLETE
13,0.5826592800166015,2026-10-02 14:20:46.441748,2026-10-02 14:21:33.634665,0 days 00:00:47.192917,16,0.3,0.1,1e-05,standard,0.9,6,PYSENTIMIENTO,0.1,"[6, 5, 5]",0.014457496726750492,5,"{""classifier_dropout"": 0.3, ""learning_rate"": 1e-05, ""loss_mode"": ""standard"", ""num_train_epochs"": 6, ""weight_decay"": 0.1}",COMPLETE
14,0.6482232697603065,2026-10-02 14:21:33.860107,2026-10-02 14:22:07.785488,0 days 00:00:33.925381,16,0.2,0.1,2e-05,balanced,0.9,4,PYSENTIMIENTO,0.1,"[4, 4, 3]",0.018989440743224135,4,"{""classifier_dropout"": 0.2, ""learning_rate"": 2e-05, ""loss_mode"": ""balanced"", ""num_train_epochs"": 4, ""weight_decay"": 0.1}",COMPLETE
15,0.6557068398023106,2026-10-02 14:22:08.012034,2026-10-02 14:22:53.615939,0 days 00:00:45.603905,16,0.3,0.1,2e-05,balanced,0.9,6,PYSENTIMIENTO,0.01,"[3, 4, 5]",0.0252500525809454,4,"{""classifier_dropout"": 0.3, ""learning_rate"": 2e-05, ""loss_mode"": ""balanced"", ""num_train_epochs"": 6, ""weight_decay"": 0.01}",COMPLETE
16,0.6318336070005969,2026-10-02 14:22:53.835871,2026-10-02 14:23:36.736754,0 days 00:00:42.900883,16,0.3,0.1,2e-05,standard,0.9,6,PYSENTIMIENTO,0.1,"[6, 3, 3]",0.01186478409395785,3,"{""classifier_dropout"": 0.3, ""learning_rate"": 2e-05, ""loss_mode"": ""standard"", ""num_train_epochs"": 6, ""weight_decay"": 0.1}",COMPLETE
17,0.6503195918757562,2026-10-02 14:23:36.963747,2026-10-02 14:24:10.251164,0 days 00:00:33.287417,16,0.3,0.1,2e-05,balanced,0.9,4,PYSENTIMIENTO,0.1,"[4, 4, 4]",0.020024388281414514,4,"{""classifier_dropout"": 0.3, ""learning_rate"": 2e-05, ""loss_mode"": ""balanced"", ""num_train_epochs"": 4, ""weight_decay"": 0.1}",COMPLETE
18,0.6233673910291033,2026-10-02 14:24:10.473770,2026-10-02 14:24:44.774930,0 days 00:00:34.301160,16,0.1,0.1,1e-05,balanced,0.9,4,PYSENTIMIENTO,0.01,"[4, 4, 2]",0.01670987588376574,4,"{""classifier_dropout"": 0.1, ""learning_rate"": 1e-05, ""loss_mode"": ""balanced"", ""num_train_epochs"": 4, ""weight_decay"": 0.01}",COMPLETE
19,0.5191950201719595,2026-10-02 14:24:45.004109,2026-10-02 14:25:18.792389,0 days 00:00:33.788280,16,0.3,0.1,1e-05,standard,0.9,4,PYSENTIMIENTO,0.01,"[4, 3, 4]",0.015514478172510816,4,"{""classifier_dropout"": 0.3, ""learning_rate"": 1e-05, ""loss_mode"": ""standard"", ""num_train_epochs"": 4, ""weight_decay"": 0.01}",COMPLETE
