number,value,datetime_start,datetime_complete,duration,params_batch_size,params_classifier_dropout,params_label_smoothing,params_learning_rate,params_loss_mode,params_lr_decay,params_num_train_epochs,params_preprocessing,params_weight_decay,user_attrs_best_epochs_inner,user_attrs_f1_inner_std,user_attrs_refit_epochs,system_attrs_tpe:relative_params:0,state
0,0.6987135349121818,2026-10-02 16:26:05.041706,2026-10-02 16:26:38.421937,0 days 00:00:33.380231,16,0.1,0.1,2e-05,standard,0.9,4,PYSENTIMIENTO,0.1,"[3, 3, 3]",0.014151164269910655,3,,COMPLETE
1,0.6990495074326993,2026-10-02 16:26:38.653731,2026-10-02 16:27:22.037488,0 days 00:00:43.383757,16,0.2,0.1,2e-05,standard,0.9,6,PYSENTIMIENTO,0.01,"[3, 4, 3]",0.0053003371555859595,3,,COMPLETE
2,0.6573711538783461,2026-10-02 16:27:22.254764,2026-10-02 16:27:56.380146,0 days 00:00:34.125382,16,0.1,0.1,1e-05,standard,0.9,4,PYSENTIMIENTO,0.1,"[4, 4, 4]",0.013707810700707609,4,,COMPLETE
3,0.653696407701587,2026-10-02 16:27:56.609369,2026-10-02 16:28:30.155027,0 days 00:00:33.545658,16,0.3,0.1,1e-05,balanced,0.9,4,PYSENTIMIENTO,0.1,"[3, 3, 2]",0.018892052936704776,3,,COMPLETE
4,0.6986110615804325,2026-10-02 16:28:30.380811,2026-10-02 16:29:13.553877,0 days 00:00:43.173066,16,0.2,0.1,2e-05,standard,0.9,6,PYSENTIMIENTO,0.1,"[3, 4, 3]",0.006805714348896547,3,,COMPLETE
5,0.7011010381816577,2026-10-02 16:29:13.804468,2026-10-02 16:29:57.314670,0 days 00:00:43.510202,16,0.2,0.1,2e-05,balanced,0.9,6,PYSENTIMIENTO,0.01,"[5, 5, 2]",0.010108733644942644,5,"{""classifier_dropout"": 0.2, ""learning_rate"": 2e-05, ""loss_mode"": ""balanced"", ""num_train_epochs"": 6, ""weight_decay"": 0.01}",COMPLETE
6,0.6998424114250529,2026-10-02 16:29:57.546972,2026-10-02 16:30:41.718763,0 days 00:00:44.171791,16,0.3,0.1,2e-05,balanced,0.9,6,PYSENTIMIENTO,0.01,"[5, 3, 2]",0.012317474321721575,3,"{""classifier_dropout"": 0.3, ""learning_rate"": 2e-05, ""loss_mode"": ""balanced"", ""num_train_epochs"": 6, ""weight_decay"": 0.01}",COMPLETE
7,0.6761955261568614,2026-10-02 16:30:41.944513,2026-10-02 16:31:30.816152,0 days 00:00:48.871639,16,0.2,0.1,1e-05,balanced,0.9,6,PYSENTIMIENTO,0.01,"[5, 4, 5]",0.013620481530058525,5,"{""classifier_dropout"": 0.2, ""learning_rate"": 1e-05, ""loss_mode"": ""balanced"", ""num_train_epochs"": 6, ""weight_decay"": 0.01}",COMPLETE
8,0.6875928912718859,2026-10-02 16:31:31.043522,2026-10-02 16:32:05.313822,0 days 00:00:34.270300,16,0.2,0.1,2e-05,balanced,0.9,4,PYSENTIMIENTO,0.01,"[4, 4, 4]",0.003458775527051942,4,"{""classifier_dropout"": 0.2, ""learning_rate"": 2e-05, ""loss_mode"": ""balanced"", ""num_train_epochs"": 4, ""weight_decay"": 0.01}",COMPLETE
9,0.7010201825514845,2026-10-02 16:32:05.543201,2026-10-02 16:32:46.294939,0 days 00:00:40.751738,16,0.1,0.1,2e-05,balanced,0.9,6,PYSENTIMIENTO,0.1,"[6, 3, 2]",0.01091934588682017,3,"{""classifier_dropout"": 0.1, ""learning_rate"": 2e-05, ""loss_mode"": ""balanced"", ""num_train_epochs"": 6, ""weight_decay"": 0.1}",COMPLETE
10,0.7011010381816577,2026-10-02 16:32:46.525489,2026-10-02 16:32:46.646441,0 days 00:00:00.120952,16,0.2,0.1,2e-05,balanced,0.9,6,PYSENTIMIENTO,0.01,"[5, 5, 2]",0.010108733644942644,5,"{""classifier_dropout"": 0.2, ""learning_rate"": 2e-05, ""loss_mode"": ""balanced"", ""num_train_epochs"": 6, ""weight_decay"": 0.01}",COMPLETE
11,0.7011010381816577,2026-10-02 16:32:46.885381,2026-10-02 16:32:47.014711,0 days 00:00:00.129330,16,0.2,0.1,2e-05,balanced,0.9,6,PYSENTIMIENTO,0.01,"[5, 5, 2]",0.010108733644942644,5,"{""classifier_dropout"": 0.2, ""learning_rate"": 2e-05, ""loss_mode"": ""balanced"", ""num_train_epochs"": 6, ""weight_decay"": 0.01}",COMPLETE
12,0.7002099164290837,2026-10-02 16:32:47.256749,2026-10-02 16:33:28.890157,0 days 00:00:41.633408,16,0.1,0.1,2e-05,balanced,0.9,6,PYSENTIMIENTO,0.01,"[6, 3, 2]",0.008453811199709766,3,"{""classifier_dropout"": 0.1, ""learning_rate"": 2e-05, ""loss_mode"": ""balanced"", ""num_train_epochs"": 6, ""weight_decay"": 0.01}",COMPLETE
13,0.7000613033548627,2026-10-02 16:33:29.126260,2026-10-02 16:34:12.529147,0 days 00:00:43.402887,16,0.2,0.1,2e-05,balanced,0.9,6,PYSENTIMIENTO,0.1,"[6, 5, 2]",0.010054978402649052,5,"{""classifier_dropout"": 0.2, ""learning_rate"": 2e-05, ""loss_mode"": ""balanced"", ""num_train_epochs"": 6, ""weight_decay"": 0.1}",COMPLETE
14,0.7011010381816577,2026-10-02 16:34:12.756117,2026-10-02 16:34:12.884015,0 days 00:00:00.127898,16,0.2,0.1,2e-05,balanced,0.9,6,PYSENTIMIENTO,0.01,"[5, 5, 2]",0.010108733644942644,5,"{""classifier_dropout"": 0.2, ""learning_rate"": 2e-05, ""loss_mode"": ""balanced"", ""num_train_epochs"": 6, ""weight_decay"": 0.01}",COMPLETE
15,0.6769397352398174,2026-10-02 16:34:13.129865,2026-10-02 16:35:01.155310,0 days 00:00:48.025445,16,0.2,0.1,1e-05,standard,0.9,6,PYSENTIMIENTO,0.01,"[4, 6, 6]",0.024250184130145236,6,"{""classifier_dropout"": 0.2, ""learning_rate"": 1e-05, ""loss_mode"": ""standard"", ""num_train_epochs"": 6, ""weight_decay"": 0.01}",COMPLETE
16,0.6856178952558385,2026-10-02 16:35:01.398005,2026-10-02 16:35:36.188792,0 days 00:00:34.790787,16,0.3,0.1,2e-05,balanced,0.9,4,PYSENTIMIENTO,0.01,"[4, 4, 4]",0.0039120105413652335,4,"{""classifier_dropout"": 0.3, ""learning_rate"": 2e-05, ""loss_mode"": ""balanced"", ""num_train_epochs"": 4, ""weight_decay"": 0.01}",COMPLETE
17,0.6759322533115312,2026-10-02 16:35:36.431735,2026-10-02 16:36:24.658149,0 days 00:00:48.226414,16,0.1,0.1,1e-05,balanced,0.9,6,PYSENTIMIENTO,0.01,"[6, 4, 6]",0.011424915876442733,6,"{""classifier_dropout"": 0.1, ""learning_rate"": 1e-05, ""loss_mode"": ""balanced"", ""num_train_epochs"": 6, ""weight_decay"": 0.01}",COMPLETE
18,0.702991700340904,2026-10-02 16:36:24.888675,2026-10-02 16:37:10.874228,0 days 00:00:45.985553,16,0.1,0.1,2e-05,standard,0.9,6,PYSENTIMIENTO,0.01,"[3, 6, 6]",0.004356888287085389,6,"{""classifier_dropout"": 0.1, ""learning_rate"": 2e-05, ""loss_mode"": ""standard"", ""num_train_epochs"": 6, ""weight_decay"": 0.01}",COMPLETE
19,0.702991700340904,2026-10-02 16:37:11.100300,2026-10-02 16:37:11.227728,0 days 00:00:00.127428,16,0.1,0.1,2e-05,standard,0.9,6,PYSENTIMIENTO,0.01,"[3, 6, 6]",0.004356888287085389,6,"{""classifier_dropout"": 0.1, ""learning_rate"": 2e-05, ""loss_mode"": ""standard"", ""num_train_epochs"": 6, ""weight_decay"": 0.01}",COMPLETE
