number,value,datetime_start,datetime_complete,duration,params_batch_size,params_classifier_dropout,params_label_smoothing,params_learning_rate,params_loss_mode,params_lr_decay,params_num_train_epochs,params_preprocessing,params_weight_decay,user_attrs_best_epochs_inner,user_attrs_f1_inner_std,user_attrs_refit_epochs,system_attrs_tpe:relative_params:0,state
0,0.6389677080141325,2026-10-02 13:38:49.380892,2026-10-02 13:39:33.330834,0 days 00:00:43.949942,16,0.2,0.1,2e-05,standard,0.9,6,PYSENTIMIENTO,0.1,"[2, 6, 5]",0.03635616696132648,5,,COMPLETE
1,0.5891605862134781,2026-10-02 13:39:33.571206,2026-10-02 13:40:22.119013,0 days 00:00:48.547807,16,0.3,0.1,1e-05,standard,0.9,6,PYSENTIMIENTO,0.1,"[6, 6, 6]",0.05353106437377733,6,,COMPLETE
2,0.6389677080141325,2026-10-02 13:40:22.336500,2026-10-02 13:40:22.452173,0 days 00:00:00.115673,16,0.2,0.1,2e-05,standard,0.9,6,PYSENTIMIENTO,0.1,"[2, 6, 5]",0.03635616696132648,5,,COMPLETE
3,0.6646450628250696,2026-10-02 13:40:22.691838,2026-10-02 13:41:06.341913,0 days 00:00:43.650075,16,0.2,0.1,2e-05,balanced,0.9,6,PYSENTIMIENTO,0.01,"[5, 4, 2]",0.02421402139446617,4,,COMPLETE
4,0.5197910608189703,2026-10-02 13:41:06.578861,2026-10-02 13:41:41.524565,0 days 00:00:34.945704,16,0.3,0.1,1e-05,standard,0.9,4,PYSENTIMIENTO,0.1,"[3, 4, 4]",0.010590821289892787,4,,COMPLETE
5,0.6646450628250696,2026-10-02 13:41:41.744621,2026-10-02 13:41:41.866823,0 days 00:00:00.122202,16,0.2,0.1,2e-05,balanced,0.9,6,PYSENTIMIENTO,0.01,"[5, 4, 2]",0.02421402139446617,4,"{""classifier_dropout"": 0.2, ""learning_rate"": 2e-05, ""loss_mode"": ""balanced"", ""num_train_epochs"": 6, ""weight_decay"": 0.01}",COMPLETE
6,0.654025460172528,2026-10-02 13:41:42.098421,2026-10-02 13:42:15.609802,0 days 00:00:33.511381,16,0.3,0.1,2e-05,balanced,0.9,4,PYSENTIMIENTO,0.01,"[4, 4, 3]",0.027307124994370137,4,"{""classifier_dropout"": 0.3, ""learning_rate"": 2e-05, ""loss_mode"": ""balanced"", ""num_train_epochs"": 4, ""weight_decay"": 0.01}",COMPLETE
7,0.6406651186825003,2026-10-02 13:42:15.830773,2026-10-02 13:43:03.748552,0 days 00:00:47.917779,16,0.2,0.1,1e-05,balanced,0.9,6,PYSENTIMIENTO,0.01,"[6, 5, 5]",0.023122711238505417,5,"{""classifier_dropout"": 0.2, ""learning_rate"": 1e-05, ""loss_mode"": ""balanced"", ""num_train_epochs"": 6, ""weight_decay"": 0.01}",COMPLETE
8,0.6505952425027642,2026-10-02 13:43:03.977156,2026-10-02 13:43:37.915472,0 days 00:00:33.938316,16,0.1,0.1,2e-05,balanced,0.9,4,PYSENTIMIENTO,0.1,"[4, 4, 4]",0.0231851921668086,4,"{""classifier_dropout"": 0.1, ""learning_rate"": 2e-05, ""loss_mode"": ""balanced"", ""num_train_epochs"": 4, ""weight_decay"": 0.1}",COMPLETE
9,0.6679661508321347,2026-10-02 13:43:38.135062,2026-10-02 13:44:25.584752,0 days 00:00:47.449690,16,0.1,0.1,2e-05,balanced,0.9,6,PYSENTIMIENTO,0.01,"[5, 5, 6]",0.024641136528220847,5,"{""classifier_dropout"": 0.1, ""learning_rate"": 2e-05, ""loss_mode"": ""balanced"", ""num_train_epochs"": 6, ""weight_decay"": 0.01}",COMPLETE
10,0.6679661508321347,2026-10-02 13:44:25.814800,2026-10-02 13:44:25.934339,0 days 00:00:00.119539,16,0.1,0.1,2e-05,balanced,0.9,6,PYSENTIMIENTO,0.01,"[5, 5, 6]",0.024641136528220847,5,"{""classifier_dropout"": 0.1, ""learning_rate"": 2e-05, ""loss_mode"": ""balanced"", ""num_train_epochs"": 6, ""weight_decay"": 0.01}",COMPLETE
11,0.6679661508321347,2026-10-02 13:44:26.171280,2026-10-02 13:44:26.298894,0 days 00:00:00.127614,16,0.1,0.1,2e-05,balanced,0.9,6,PYSENTIMIENTO,0.01,"[5, 5, 6]",0.024641136528220847,5,"{""classifier_dropout"": 0.1, ""learning_rate"": 2e-05, ""loss_mode"": ""balanced"", ""num_train_epochs"": 6, ""weight_decay"": 0.01}",COMPLETE
12,0.6380477700446975,2026-10-02 13:44:26.528901,2026-10-02 13:45:09.155912,0 days 00:00:42.627011,16,0.1,0.1,2e-05,standard,0.9,6,PYSENTIMIENTO,0.01,"[2, 6, 5]",0.035827797107652125,5,"{""classifier_dropout"": 0.1, ""learning_rate"": 2e-05, ""loss_mode"": ""standard"", ""num_train_epochs"": 6, ""weight_decay"": 0.01}",COMPLETE
13,0.6654155014716211,2026-10-02 13:45:09.382774,2026-10-02 13:45:56.989356,0 days 00:00:47.606582,16,0.1,0.1,2e-05,balanced,0.9,6,PYSENTIMIENTO,0.1,"[5, 4, 6]",0.02424245557743674,5,"{""classifier_dropout"": 0.1, ""learning_rate"": 2e-05, ""loss_mode"": ""balanced"", ""num_train_epochs"": 6, ""weight_decay"": 0.1}",COMPLETE
14,0.6419917154519545,2026-10-02 13:45:57.209582,2026-10-02 13:46:44.409608,0 days 00:00:47.200026,16,0.1,0.1,1e-05,balanced,0.9,6,PYSENTIMIENTO,0.01,"[6, 5, 6]",0.026314168711060154,6,"{""classifier_dropout"": 0.1, ""learning_rate"": 1e-05, ""loss_mode"": ""balanced"", ""num_train_epochs"": 6, ""weight_decay"": 0.01}",COMPLETE
15,0.6669743658701842,2026-10-02 13:46:44.637127,2026-10-02 13:47:32.801937,0 days 00:00:48.164810,16,0.3,0.1,2e-05,balanced,0.9,6,PYSENTIMIENTO,0.01,"[4, 4, 6]",0.026658718916059698,4,"{""classifier_dropout"": 0.3, ""learning_rate"": 2e-05, ""loss_mode"": ""balanced"", ""num_train_epochs"": 6, ""weight_decay"": 0.01}",COMPLETE
16,0.6679661508321347,2026-10-02 13:47:33.023145,2026-10-02 13:47:33.145698,0 days 00:00:00.122553,16,0.1,0.1,2e-05,balanced,0.9,6,PYSENTIMIENTO,0.01,"[5, 5, 6]",0.024641136528220847,5,"{""classifier_dropout"": 0.1, ""learning_rate"": 2e-05, ""loss_mode"": ""balanced"", ""num_train_epochs"": 6, ""weight_decay"": 0.01}",COMPLETE
17,0.526327768645228,2026-10-02 13:47:33.369206,2026-10-02 13:48:06.331817,0 days 00:00:32.962611,16,0.2,0.1,1e-05,standard,0.9,4,PYSENTIMIENTO,0.01,"[3, 4, 4]",0.0077825971183988416,4,"{""classifier_dropout"": 0.2, ""learning_rate"": 1e-05, ""loss_mode"": ""standard"", ""num_train_epochs"": 4, ""weight_decay"": 0.01}",COMPLETE
18,0.6441448410491785,2026-10-02 13:48:06.560005,2026-10-02 13:48:54.451153,0 days 00:00:47.891148,16,0.1,0.1,1e-05,balanced,0.9,6,PYSENTIMIENTO,0.1,"[6, 5, 6]",0.025087426235479784,6,"{""classifier_dropout"": 0.1, ""learning_rate"": 1e-05, ""loss_mode"": ""balanced"", ""num_train_epochs"": 6, ""weight_decay"": 0.1}",COMPLETE
19,0.6498359525425553,2026-10-02 13:48:54.680858,2026-10-02 13:49:28.151895,0 days 00:00:33.471037,16,0.1,0.1,2e-05,balanced,0.9,4,PYSENTIMIENTO,0.01,"[4, 4, 3]",0.023518816624497754,4,"{""classifier_dropout"": 0.1, ""learning_rate"": 2e-05, ""loss_mode"": ""balanced"", ""num_train_epochs"": 4, ""weight_decay"": 0.01}",COMPLETE
