number,value,datetime_start,datetime_complete,duration,params_batch_size,params_classifier_dropout,params_label_smoothing,params_learning_rate,params_loss_mode,params_lr_decay,params_num_train_epochs,params_preprocessing,params_weight_decay,user_attrs_best_epochs_inner,user_attrs_f1_inner_std,user_attrs_refit_epochs,system_attrs_tpe:relative_params:0,state
0,0.6130230189469039,2026-10-02 14:25:41.926145,2026-10-02 14:26:16.179953,0 days 00:00:34.253808,16,0.1,0.1,2e-05,standard,0.9,4,PYSENTIMIENTO,0.1,"[3, 4, 4]",0.02239092728507183,4,,COMPLETE
1,0.6412438936228887,2026-10-02 14:26:16.407631,2026-10-02 14:27:04.115301,0 days 00:00:47.707670,16,0.2,0.1,2e-05,standard,0.9,6,PYSENTIMIENTO,0.01,"[6, 6, 5]",0.01938099618014704,6,,COMPLETE
2,0.5609725842481547,2026-10-02 14:27:04.332016,2026-10-02 14:27:37.509971,0 days 00:00:33.177955,16,0.1,0.1,1e-05,standard,0.9,4,PYSENTIMIENTO,0.1,"[4, 4, 4]",0.010349826116288267,4,,COMPLETE
3,0.6307265070904046,2026-10-02 14:27:37.746387,2026-10-02 14:28:11.207038,0 days 00:00:33.460651,16,0.3,0.1,1e-05,balanced,0.9,4,PYSENTIMIENTO,0.1,"[4, 2, 2]",0.005395553987782657,2,,COMPLETE
4,0.6426572689088871,2026-10-02 14:28:11.431694,2026-10-02 14:28:58.861258,0 days 00:00:47.429564,16,0.2,0.1,2e-05,standard,0.9,6,PYSENTIMIENTO,0.1,"[6, 6, 5]",0.018309404922127584,6,,COMPLETE
5,0.654238946811045,2026-10-02 14:28:59.090592,2026-10-02 14:29:39.741035,0 days 00:00:40.650443,16,0.2,0.1,2e-05,balanced,0.9,6,PYSENTIMIENTO,0.1,"[5, 5, 1]",0.026227006093692492,5,"{""classifier_dropout"": 0.2, ""learning_rate"": 2e-05, ""loss_mode"": ""balanced"", ""num_train_epochs"": 6, ""weight_decay"": 0.1}",COMPLETE
6,0.654238946811045,2026-10-02 14:29:39.976652,2026-10-02 14:29:40.098021,0 days 00:00:00.121369,16,0.2,0.1,2e-05,balanced,0.9,6,PYSENTIMIENTO,0.1,"[5, 5, 1]",0.026227006093692492,5,"{""classifier_dropout"": 0.2, ""learning_rate"": 2e-05, ""loss_mode"": ""balanced"", ""num_train_epochs"": 6, ""weight_decay"": 0.1}",COMPLETE
7,0.6552089204010508,2026-10-02 14:29:40.339169,2026-10-02 14:30:21.210433,0 days 00:00:40.871264,16,0.1,0.1,2e-05,balanced,0.9,6,PYSENTIMIENTO,0.01,"[5, 4, 1]",0.022493688579675746,4,"{""classifier_dropout"": 0.1, ""learning_rate"": 2e-05, ""loss_mode"": ""balanced"", ""num_train_epochs"": 6, ""weight_decay"": 0.01}",COMPLETE
8,0.6552089204010508,2026-10-02 14:30:21.461803,2026-10-02 14:30:21.603268,0 days 00:00:00.141465,16,0.1,0.1,2e-05,balanced,0.9,6,PYSENTIMIENTO,0.01,"[5, 4, 1]",0.022493688579675746,4,"{""classifier_dropout"": 0.1, ""learning_rate"": 2e-05, ""loss_mode"": ""balanced"", ""num_train_epochs"": 6, ""weight_decay"": 0.01}",COMPLETE
9,0.6117941121602327,2026-10-02 14:30:21.851786,2026-10-02 14:31:09.919234,0 days 00:00:48.067448,16,0.1,0.1,1e-05,standard,0.9,6,PYSENTIMIENTO,0.01,"[6, 4, 6]",0.013935911893379026,6,"{""classifier_dropout"": 0.1, ""learning_rate"": 1e-05, ""loss_mode"": ""standard"", ""num_train_epochs"": 6, ""weight_decay"": 0.01}",COMPLETE
10,0.6508600388623741,2026-10-02 14:31:10.144457,2026-10-02 14:31:41.764055,0 days 00:00:31.619598,16,0.1,0.1,2e-05,balanced,0.9,4,PYSENTIMIENTO,0.01,"[4, 2, 1]",0.023405765227172894,2,"{""classifier_dropout"": 0.1, ""learning_rate"": 2e-05, ""loss_mode"": ""balanced"", ""num_train_epochs"": 4, ""weight_decay"": 0.01}",COMPLETE
11,0.6552089204010508,2026-10-02 14:31:41.994364,2026-10-02 14:31:42.119632,0 days 00:00:00.125268,16,0.1,0.1,2e-05,balanced,0.9,6,PYSENTIMIENTO,0.01,"[5, 4, 1]",0.022493688579675746,4,"{""classifier_dropout"": 0.1, ""learning_rate"": 2e-05, ""loss_mode"": ""balanced"", ""num_train_epochs"": 6, ""weight_decay"": 0.01}",COMPLETE
12,0.652309265186484,2026-10-02 14:31:42.355306,2026-10-02 14:32:25.287476,0 days 00:00:42.932170,16,0.3,0.1,2e-05,balanced,0.9,6,PYSENTIMIENTO,0.01,"[5, 5, 2]",0.026686657554833577,5,"{""classifier_dropout"": 0.3, ""learning_rate"": 2e-05, ""loss_mode"": ""balanced"", ""num_train_epochs"": 6, ""weight_decay"": 0.01}",COMPLETE
13,0.6415970283790265,2026-10-02 14:32:25.514176,2026-10-02 14:33:08.903186,0 days 00:00:43.389010,16,0.2,0.1,1e-05,balanced,0.9,6,PYSENTIMIENTO,0.01,"[6, 5, 2]",0.013215706085873363,5,"{""classifier_dropout"": 0.2, ""learning_rate"": 1e-05, ""loss_mode"": ""balanced"", ""num_train_epochs"": 6, ""weight_decay"": 0.01}",COMPLETE
14,0.6437655806853702,2026-10-02 14:33:09.118395,2026-10-02 14:33:52.590071,0 days 00:00:43.471676,16,0.1,0.1,1e-05,balanced,0.9,6,PYSENTIMIENTO,0.1,"[5, 6, 2]",0.015283124182545434,5,"{""classifier_dropout"": 0.1, ""learning_rate"": 1e-05, ""loss_mode"": ""balanced"", ""num_train_epochs"": 6, ""weight_decay"": 0.1}",COMPLETE
15,0.6412801434866472,2026-10-02 14:33:52.819916,2026-10-02 14:34:40.211183,0 days 00:00:47.391267,16,0.1,0.1,2e-05,standard,0.9,6,PYSENTIMIENTO,0.01,"[6, 6, 5]",0.018072973117564776,6,"{""classifier_dropout"": 0.1, ""learning_rate"": 2e-05, ""loss_mode"": ""standard"", ""num_train_epochs"": 6, ""weight_decay"": 0.01}",COMPLETE
16,0.655782953535821,2026-10-02 14:34:40.438309,2026-10-02 14:35:16.461503,0 days 00:00:36.023194,16,0.1,0.1,2e-05,balanced,0.9,6,PYSENTIMIENTO,0.1,"[5, 2, 1]",0.02361796977622292,2,"{""classifier_dropout"": 0.1, ""learning_rate"": 2e-05, ""loss_mode"": ""balanced"", ""num_train_epochs"": 6, ""weight_decay"": 0.1}",COMPLETE
17,0.655782953535821,2026-10-02 14:35:16.690426,2026-10-02 14:35:16.813653,0 days 00:00:00.123227,16,0.1,0.1,2e-05,balanced,0.9,6,PYSENTIMIENTO,0.1,"[5, 2, 1]",0.02361796977622292,2,"{""classifier_dropout"": 0.1, ""learning_rate"": 2e-05, ""loss_mode"": ""balanced"", ""num_train_epochs"": 6, ""weight_decay"": 0.1}",COMPLETE
18,0.655782953535821,2026-10-02 14:35:17.043588,2026-10-02 14:35:17.165697,0 days 00:00:00.122109,16,0.1,0.1,2e-05,balanced,0.9,6,PYSENTIMIENTO,0.1,"[5, 2, 1]",0.02361796977622292,2,"{""classifier_dropout"": 0.1, ""learning_rate"": 2e-05, ""loss_mode"": ""balanced"", ""num_train_epochs"": 6, ""weight_decay"": 0.1}",COMPLETE
19,0.6515428319168265,2026-10-02 14:35:17.395910,2026-10-02 14:35:48.412800,0 days 00:00:31.016890,16,0.1,0.1,2e-05,balanced,0.9,4,PYSENTIMIENTO,0.1,"[4, 2, 1]",0.0219010929948652,2,"{""classifier_dropout"": 0.1, ""learning_rate"": 2e-05, ""loss_mode"": ""balanced"", ""num_train_epochs"": 4, ""weight_decay"": 0.1}",COMPLETE
