number,value,datetime_start,datetime_complete,duration,params_batch_size,params_classifier_dropout,params_label_smoothing,params_learning_rate,params_loss_mode,params_lr_decay,params_num_train_epochs,params_preprocessing,params_weight_decay,user_attrs_best_epochs_inner,user_attrs_f1_inner_std,user_attrs_refit_epochs,system_attrs_tpe:relative_params:0,state
0,0.6806535034177698,2026-10-02 15:01:36.094278,2026-10-02 15:02:10.648810,0 days 00:00:34.554532,16,0.3,0.1,1e-05,balanced,0.9,4,PYSENTIMIENTO,0.1,"[4, 3, 4]",0.030696181497044624,4,,COMPLETE
1,0.7279656768241999,2026-10-02 15:02:10.883642,2026-10-02 15:03:00.557183,0 days 00:00:49.673541,16,0.2,0.1,2e-05,standard,0.9,6,PYSENTIMIENTO,0.1,"[5, 6, 4]",0.029262570937510588,5,,COMPLETE
2,0.7314129065472003,2026-10-02 15:03:00.789391,2026-10-02 15:03:50.710747,0 days 00:00:49.921356,16,0.1,0.1,2e-05,standard,0.9,6,PYSENTIMIENTO,0.01,"[5, 6, 4]",0.030373640542040007,5,,COMPLETE
3,0.7379652348145723,2026-10-02 15:03:50.951620,2026-10-02 15:04:41.405880,0 days 00:00:50.454260,16,0.2,0.1,2e-05,balanced,0.9,6,PYSENTIMIENTO,0.01,"[6, 6, 6]",0.017628702024392776,6,,COMPLETE
4,0.7163820914605067,2026-10-02 15:04:41.647906,2026-10-02 15:05:16.890476,0 days 00:00:35.242570,16,0.1,0.1,2e-05,standard,0.9,4,PYSENTIMIENTO,0.01,"[3, 4, 4]",0.04000659654670494,4,,COMPLETE
5,0.7347188476700358,2026-10-02 15:05:17.138604,2026-10-02 15:06:08.062199,0 days 00:00:50.923595,16,0.3,0.1,2e-05,balanced,0.9,6,PYSENTIMIENTO,0.01,"[5, 6, 6]",0.013837344897842547,6,"{""classifier_dropout"": 0.3, ""learning_rate"": 2e-05, ""loss_mode"": ""balanced"", ""num_train_epochs"": 6, ""weight_decay"": 0.01}",COMPLETE
6,0.7091003188423635,2026-10-02 15:06:08.309221,2026-10-02 15:06:58.578995,0 days 00:00:50.269774,16,0.2,0.1,1e-05,balanced,0.9,6,PYSENTIMIENTO,0.01,"[6, 6, 5]",0.026332971461586682,6,"{""classifier_dropout"": 0.2, ""learning_rate"": 1e-05, ""loss_mode"": ""balanced"", ""num_train_epochs"": 6, ""weight_decay"": 0.01}",COMPLETE
7,0.7379652348145723,2026-10-02 15:06:58.817356,2026-10-02 15:06:58.942720,0 days 00:00:00.125364,16,0.2,0.1,2e-05,balanced,0.9,6,PYSENTIMIENTO,0.01,"[6, 6, 6]",0.017628702024392776,6,"{""classifier_dropout"": 0.2, ""learning_rate"": 2e-05, ""loss_mode"": ""balanced"", ""num_train_epochs"": 6, ""weight_decay"": 0.01}",COMPLETE
8,0.7162583900804194,2026-10-02 15:06:59.185600,2026-10-02 15:07:34.277207,0 days 00:00:35.091607,16,0.2,0.1,2e-05,balanced,0.9,4,PYSENTIMIENTO,0.01,"[4, 4, 4]",0.015594258885356094,4,"{""classifier_dropout"": 0.2, ""learning_rate"": 2e-05, ""loss_mode"": ""balanced"", ""num_train_epochs"": 4, ""weight_decay"": 0.01}",COMPLETE
9,0.7341326578027747,2026-10-02 15:07:34.517857,2026-10-02 15:08:24.838967,0 days 00:00:50.321110,16,0.1,0.1,2e-05,balanced,0.9,6,PYSENTIMIENTO,0.1,"[6, 5, 6]",0.014824777465550899,6,"{""classifier_dropout"": 0.1, ""learning_rate"": 2e-05, ""loss_mode"": ""balanced"", ""num_train_epochs"": 6, ""weight_decay"": 0.1}",COMPLETE
10,0.6767449453886455,2026-10-02 15:08:25.075053,2026-10-02 15:09:00.194642,0 days 00:00:35.119589,16,0.1,0.1,1e-05,standard,0.9,4,PYSENTIMIENTO,0.1,"[4, 4, 4]",0.022770865197288,4,"{""classifier_dropout"": 0.1, ""learning_rate"": 1e-05, ""loss_mode"": ""standard"", ""num_train_epochs"": 4, ""weight_decay"": 0.1}",COMPLETE
11,0.7379652348145723,2026-10-02 15:09:00.441118,2026-10-02 15:09:00.564614,0 days 00:00:00.123496,16,0.2,0.1,2e-05,balanced,0.9,6,PYSENTIMIENTO,0.01,"[6, 6, 6]",0.017628702024392776,6,"{""classifier_dropout"": 0.2, ""learning_rate"": 2e-05, ""loss_mode"": ""balanced"", ""num_train_epochs"": 6, ""weight_decay"": 0.01}",COMPLETE
12,0.7355322554464538,2026-10-02 15:09:00.794490,2026-10-02 15:09:50.798658,0 days 00:00:50.004168,16,0.2,0.1,2e-05,balanced,0.9,6,PYSENTIMIENTO,0.1,"[6, 6, 6]",0.014752771253494518,6,"{""classifier_dropout"": 0.2, ""learning_rate"": 2e-05, ""loss_mode"": ""balanced"", ""num_train_epochs"": 6, ""weight_decay"": 0.1}",COMPLETE
13,0.7281143676176316,2026-10-02 15:09:51.046747,2026-10-02 15:10:41.686416,0 days 00:00:50.639669,16,0.2,0.1,2e-05,standard,0.9,6,PYSENTIMIENTO,0.01,"[5, 6, 6]",0.031162310028591374,6,"{""classifier_dropout"": 0.2, ""learning_rate"": 2e-05, ""loss_mode"": ""standard"", ""num_train_epochs"": 6, ""weight_decay"": 0.01}",COMPLETE
14,0.6755202150814045,2026-10-02 15:10:41.924953,2026-10-02 15:11:17.329734,0 days 00:00:35.404781,16,0.2,0.1,1e-05,standard,0.9,4,PYSENTIMIENTO,0.01,"[4, 4, 4]",0.02077988890588169,4,"{""classifier_dropout"": 0.2, ""learning_rate"": 1e-05, ""loss_mode"": ""standard"", ""num_train_epochs"": 4, ""weight_decay"": 0.01}",COMPLETE
15,0.6977689420142558,2026-10-02 15:11:17.568333,2026-10-02 15:12:07.652767,0 days 00:00:50.084434,16,0.3,0.1,1e-05,standard,0.9,6,PYSENTIMIENTO,0.01,"[6, 6, 6]",0.02139133672169564,6,"{""classifier_dropout"": 0.3, ""learning_rate"": 1e-05, ""loss_mode"": ""standard"", ""num_train_epochs"": 6, ""weight_decay"": 0.01}",COMPLETE
16,0.7336492319402762,2026-10-02 15:12:07.895111,2026-10-02 15:12:58.387567,0 days 00:00:50.492456,16,0.1,0.1,2e-05,balanced,0.9,6,PYSENTIMIENTO,0.01,"[5, 5, 6]",0.01601428407013777,5,"{""classifier_dropout"": 0.1, ""learning_rate"": 2e-05, ""loss_mode"": ""balanced"", ""num_train_epochs"": 6, ""weight_decay"": 0.01}",COMPLETE
17,0.709207473752576,2026-10-02 15:12:58.616460,2026-10-02 15:13:34.140750,0 days 00:00:35.524290,16,0.3,0.1,2e-05,standard,0.9,4,PYSENTIMIENTO,0.1,"[3, 4, 4]",0.03797883660449979,4,"{""classifier_dropout"": 0.3, ""learning_rate"": 2e-05, ""loss_mode"": ""standard"", ""num_train_epochs"": 4, ""weight_decay"": 0.1}",COMPLETE
18,0.7379652348145723,2026-10-02 15:13:34.372326,2026-10-02 15:13:34.501482,0 days 00:00:00.129156,16,0.2,0.1,2e-05,balanced,0.9,6,PYSENTIMIENTO,0.01,"[6, 6, 6]",0.017628702024392776,6,"{""classifier_dropout"": 0.2, ""learning_rate"": 2e-05, ""loss_mode"": ""balanced"", ""num_train_epochs"": 6, ""weight_decay"": 0.01}",COMPLETE
19,0.7177319753723354,2026-10-02 15:13:34.746562,2026-10-02 15:14:10.268689,0 days 00:00:35.522127,16,0.3,0.1,2e-05,balanced,0.9,4,PYSENTIMIENTO,0.01,"[4, 4, 4]",0.013172081182424964,4,"{""classifier_dropout"": 0.3, ""learning_rate"": 2e-05, ""loss_mode"": ""balanced"", ""num_train_epochs"": 4, ""weight_decay"": 0.01}",COMPLETE
