number,value,datetime_start,datetime_complete,duration,params_batch_size,params_classifier_dropout,params_label_smoothing,params_learning_rate,params_loss_mode,params_lr_decay,params_num_train_epochs,params_preprocessing,params_weight_decay,user_attrs_best_epochs_inner,user_attrs_f1_inner_std,user_attrs_refit_epochs,system_attrs_tpe:relative_params:0,state,variante,outer_fold
12,0.6661604562943796,2026-10-02 14:50:14.451032,2026-10-02 14:51:26.228269,0 days 00:01:11.777237,16,0.2,0.1,2e-05,standard,0.9,6,PYSENTIMIENTO,0.1,"[6, 3, 3]",0.0247860795885887,3,"{""classifier_dropout"": 0.2, ""learning_rate"": 2e-05, ""loss_mode"": ""standard"", ""num_train_epochs"": 6, ""weight_decay"": 0.1}",COMPLETE,mx,4
13,0.6599282185766652,2026-10-02 14:51:26.464157,2026-10-02 14:52:44.907578,0 days 00:01:18.443421,16,0.2,0.1,1e-05,balanced,0.9,6,PYSENTIMIENTO,0.01,"[5, 6, 6]",0.0374132095544908,6,"{""classifier_dropout"": 0.2, ""learning_rate"": 1e-05, ""loss_mode"": ""balanced"", ""num_train_epochs"": 6, ""weight_decay"": 0.01}",COMPLETE,mx,4
14,0.6885095147534198,2026-10-02 14:52:45.131349,2026-10-02 14:53:55.978259,0 days 00:01:10.846910,16,0.1,0.1,2e-05,balanced,0.9,6,PYSENTIMIENTO,0.01,"[2, 5, 5]",0.0335861069030039,5,"{""classifier_dropout"": 0.1, ""learning_rate"": 2e-05, ""loss_mode"": ""balanced"", ""num_train_epochs"": 6, ""weight_decay"": 0.01}",COMPLETE,mx,4
15,0.6885095147534198,2026-10-02 14:53:56.215452,2026-10-02 14:53:56.339196,0 days 00:00:00.123744,16,0.1,0.1,2e-05,balanced,0.9,6,PYSENTIMIENTO,0.01,"[2, 5, 5]",0.0335861069030039,5,"{""classifier_dropout"": 0.1, ""learning_rate"": 2e-05, ""loss_mode"": ""balanced"", ""num_train_epochs"": 6, ""weight_decay"": 0.01}",COMPLETE,mx,4
16,0.6885095147534198,2026-10-02 14:53:56.574641,2026-10-02 14:53:56.705610,0 days 00:00:00.130969,16,0.1,0.1,2e-05,balanced,0.9,6,PYSENTIMIENTO,0.01,"[2, 5, 5]",0.0335861069030039,5,"{""classifier_dropout"": 0.1, ""learning_rate"": 2e-05, ""loss_mode"": ""balanced"", ""num_train_epochs"": 6, ""weight_decay"": 0.01}",COMPLETE,mx,4
17,0.6883370529882414,2026-10-02 14:53:56.953676,2026-10-02 14:55:07.250768,0 days 00:01:10.297092,16,0.1,0.1,2e-05,balanced,0.9,6,PYSENTIMIENTO,0.1,"[2, 6, 5]",0.0336947385813109,5,"{""classifier_dropout"": 0.1, ""learning_rate"": 2e-05, ""loss_mode"": ""balanced"", ""num_train_epochs"": 6, ""weight_decay"": 0.1}",COMPLETE,mx,4
18,0.674772735941331,2026-10-02 14:55:07.480767,2026-10-02 14:56:01.512425,0 days 00:00:54.031658,16,0.1,0.1,2e-05,balanced,0.9,4,PYSENTIMIENTO,0.01,"[2, 4, 4]",0.0363297602346221,4,"{""classifier_dropout"": 0.1, ""learning_rate"": 2e-05, ""loss_mode"": ""balanced"", ""num_train_epochs"": 4, ""weight_decay"": 0.01}",COMPLETE,mx,4
19,0.6619621137029799,2026-10-02 14:56:01.745343,2026-10-02 14:57:16.886736,0 days 00:01:15.141393,16,0.3,0.1,2e-05,standard,0.9,6,PYSENTIMIENTO,0.01,"[6, 3, 6]",0.0325609164119519,6,"{""classifier_dropout"": 0.3, ""learning_rate"": 2e-05, ""loss_mode"": ""standard"", ""num_train_epochs"": 6, ""weight_decay"": 0.01}",COMPLETE,mx,4
0,0.6668909815392912,2026-10-02 14:57:54.636258,2026-10-02 14:58:49.017266,0 days 00:00:54.381008,16,0.1,0.1,2e-05,standard,0.9,4,PYSENTIMIENTO,0.1,"[4, 4, 4]",0.0207342174133893,4,,COMPLETE,mx,5
1,0.6935813655931605,2026-10-02 14:58:49.255827,2026-10-02 15:00:09.606006,0 days 00:01:20.350179,16,0.2,0.1,2e-05,standard,0.9,6,PYSENTIMIENTO,0.01,"[6, 6, 5]",0.0163861502777744,6,,COMPLETE,mx,5
2,0.6021447890353054,2026-10-02 15:00:09.845449,2026-10-02 15:01:05.518197,0 days 00:00:55.672748,16,0.1,0.1,1e-05,standard,0.9,4,PYSENTIMIENTO,0.1,"[4, 4, 4]",0.0136324133675493,4,,COMPLETE,mx,5
3,0.6418422437206696,2026-10-02 15:01:05.748044,2026-10-02 15:01:59.852200,0 days 00:00:54.104156,16,0.3,0.1,1e-05,balanced,0.9,4,PYSENTIMIENTO,0.1,"[4, 3, 4]",0.0163786388927206,4,,COMPLETE,mx,5
4,0.6923423313115027,2026-10-02 15:02:00.091338,2026-10-02 15:03:20.190924,0 days 00:01:20.099586,16,0.2,0.1,2e-05,standard,0.9,6,PYSENTIMIENTO,0.1,"[6, 6, 5]",0.0164965517461345,6,,COMPLETE,mx,5
5,0.7005324966125697,2026-10-02 15:03:20.423657,2026-10-02 15:04:41.143840,0 days 00:01:20.720183,16,0.2,0.1,2e-05,balanced,0.9,6,PYSENTIMIENTO,0.01,"[6, 5, 6]",0.0180494563701883,6,"{""classifier_dropout"": 0.2, ""learning_rate"": 2e-05, ""loss_mode"": ""balanced"", ""num_train_epochs"": 6, ""weight_decay"": 0.01}",COMPLETE,mx,5
6,0.6960042757995822,2026-10-02 15:04:41.376446,2026-10-02 15:06:01.655549,0 days 00:01:20.279103,16,0.3,0.1,2e-05,balanced,0.9,6,PYSENTIMIENTO,0.01,"[6, 5, 6]",0.0192334255234615,6,"{""classifier_dropout"": 0.3, ""learning_rate"": 2e-05, ""loss_mode"": ""balanced"", ""num_train_epochs"": 6, ""weight_decay"": 0.01}",COMPLETE,mx,5
7,0.6727720796395719,2026-10-02 15:06:01.897291,2026-10-02 15:07:21.391715,0 days 00:01:19.494424,16,0.2,0.1,1e-05,balanced,0.9,6,PYSENTIMIENTO,0.01,"[4, 5, 6]",0.0023276352348485,5,"{""classifier_dropout"": 0.2, ""learning_rate"": 1e-05, ""loss_mode"": ""balanced"", ""num_train_epochs"": 6, ""weight_decay"": 0.01}",COMPLETE,mx,5
8,0.6791521703839876,2026-10-02 15:07:21.619965,2026-10-02 15:08:15.601097,0 days 00:00:53.981132,16,0.2,0.1,2e-05,balanced,0.9,4,PYSENTIMIENTO,0.01,"[4, 3, 4]",0.0072329952140675,4,"{""classifier_dropout"": 0.2, ""learning_rate"": 2e-05, ""loss_mode"": ""balanced"", ""num_train_epochs"": 4, ""weight_decay"": 0.01}",COMPLETE,mx,5
9,0.7051857706038156,2026-10-02 15:08:15.857629,2026-10-02 15:09:35.236302,0 days 00:01:19.378673,16,0.1,0.1,2e-05,balanced,0.9,6,PYSENTIMIENTO,0.1,"[6, 4, 5]",0.0194585512692232,5,"{""classifier_dropout"": 0.1, ""learning_rate"": 2e-05, ""loss_mode"": ""balanced"", ""num_train_epochs"": 6, ""weight_decay"": 0.1}",COMPLETE,mx,5
10,0.7051857706038156,2026-10-02 15:09:35.470933,2026-10-02 15:09:35.599986,0 days 00:00:00.129053,16,0.1,0.1,2e-05,balanced,0.9,6,PYSENTIMIENTO,0.1,"[6, 4, 5]",0.0194585512692232,5,"{""classifier_dropout"": 0.1, ""learning_rate"": 2e-05, ""loss_mode"": ""balanced"", ""num_train_epochs"": 6, ""weight_decay"": 0.1}",COMPLETE,mx,5
11,0.7051857706038156,2026-10-02 15:09:35.834275,2026-10-02 15:09:35.955671,0 days 00:00:00.121396,16,0.1,0.1,2e-05,balanced,0.9,6,PYSENTIMIENTO,0.1,"[6, 4, 5]",0.0194585512692232,5,"{""classifier_dropout"": 0.1, ""learning_rate"": 2e-05, ""loss_mode"": ""balanced"", ""num_train_epochs"": 6, ""weight_decay"": 0.1}",COMPLETE,mx,5
12,0.6803091490200783,2026-10-02 15:09:36.197786,2026-10-02 15:10:56.869660,0 days 00:01:20.671874,16,0.1,0.1,1e-05,balanced,0.9,6,PYSENTIMIENTO,0.1,"[6, 6, 5]",0.0088833680388787,6,"{""classifier_dropout"": 0.1, ""learning_rate"": 1e-05, ""loss_mode"": ""balanced"", ""num_train_epochs"": 6, ""weight_decay"": 0.1}",COMPLETE,mx,5
13,0.6884095848239458,2026-10-02 15:10:57.090526,2026-10-02 15:11:51.944003,0 days 00:00:54.853477,16,0.1,0.1,2e-05,balanced,0.9,4,PYSENTIMIENTO,0.1,"[4, 3, 4]",0.0122206209513025,4,"{""classifier_dropout"": 0.1, ""learning_rate"": 2e-05, ""loss_mode"": ""balanced"", ""num_train_epochs"": 4, ""weight_decay"": 0.1}",COMPLETE,mx,5
14,0.6986522509120988,2026-10-02 15:11:52.175764,2026-10-02 15:13:11.610025,0 days 00:01:19.434261,16,0.1,0.1,2e-05,standard,0.9,6,PYSENTIMIENTO,0.1,"[5, 6, 5]",0.0159265184845413,5,"{""classifier_dropout"": 0.1, ""learning_rate"": 2e-05, ""loss_mode"": ""standard"", ""num_train_epochs"": 6, ""weight_decay"": 0.1}",COMPLETE,mx,5
15,0.6960060888863256,2026-10-02 15:13:11.836975,2026-10-02 15:14:30.608525,0 days 00:01:18.771550,16,0.3,0.1,2e-05,balanced,0.9,6,PYSENTIMIENTO,0.1,"[6, 6, 6]",0.0197230794559235,6,"{""classifier_dropout"": 0.3, ""learning_rate"": 2e-05, ""loss_mode"": ""balanced"", ""num_train_epochs"": 6, ""weight_decay"": 0.1}",COMPLETE,mx,5
16,0.7045012095140727,2026-10-02 15:14:30.857768,2026-10-02 15:15:49.989398,0 days 00:01:19.131630,16,0.1,0.1,2e-05,balanced,0.9,6,PYSENTIMIENTO,0.01,"[6, 4, 5]",0.0200500580843332,5,"{""classifier_dropout"": 0.1, ""learning_rate"": 2e-05, ""loss_mode"": ""balanced"", ""num_train_epochs"": 6, ""weight_decay"": 0.01}",COMPLETE,mx,5
17,0.7005324966125697,2026-10-02 15:15:50.222225,2026-10-02 15:17:09.523933,0 days 00:01:19.301708,16,0.2,0.1,2e-05,balanced,0.9,6,PYSENTIMIENTO,0.1,"[6, 5, 6]",0.0180494563701883,6,"{""classifier_dropout"": 0.2, ""learning_rate"": 2e-05, ""loss_mode"": ""balanced"", ""num_train_epochs"": 6, ""weight_decay"": 0.1}",COMPLETE,mx,5
18,0.6491350462950228,2026-10-02 15:17:09.772613,2026-10-02 15:18:03.704130,0 days 00:00:53.931517,16,0.3,0.1,2e-05,standard,0.9,4,PYSENTIMIENTO,0.01,"[4, 4, 4]",0.0182406990907814,4,"{""classifier_dropout"": 0.3, ""learning_rate"": 2e-05, ""loss_mode"": ""standard"", ""num_train_epochs"": 4, ""weight_decay"": 0.01}",COMPLETE,mx,5
19,0.7051857706038156,2026-10-02 15:18:03.954526,2026-10-02 15:18:04.080376,0 days 00:00:00.125850,16,0.1,0.1,2e-05,balanced,0.9,6,PYSENTIMIENTO,0.1,"[6, 4, 5]",0.0194585512692232,5,"{""classifier_dropout"": 0.1, ""learning_rate"": 2e-05, ""loss_mode"": ""balanced"", ""num_train_epochs"": 6, ""weight_decay"": 0.1}",COMPLETE,mx,5
0,0.7585295959348161,2026-10-02 15:18:42.203802,2026-10-02 15:19:56.954331,0 days 00:01:14.750529,16,0.2,0.1,2e-05,standard,0.9,6,PYSENTIMIENTO,0.1,"[5, 3, 6]",0.0122659768175257,5,,COMPLETE,es,1
1,0.7260722241775204,2026-10-02 15:19:57.184021,2026-10-02 15:21:17.191153,0 days 00:01:20.007132,16,0.3,0.1,1e-05,standard,0.9,6,PYSENTIMIENTO,0.1,"[6, 6, 4]",0.0047202432574329,6,,COMPLETE,es,1
2,0.7585295959348161,2026-10-02 15:21:17.425351,2026-10-02 15:21:17.540301,0 days 00:00:00.114950,16,0.2,0.1,2e-05,standard,0.9,6,PYSENTIMIENTO,0.1,"[5, 3, 6]",0.0122659768175257,5,,COMPLETE,es,1
3,0.7640178649992123,2026-10-02 15:21:17.775155,2026-10-02 15:22:35.774391,0 days 00:01:17.999236,16,0.2,0.1,2e-05,balanced,0.9,6,PYSENTIMIENTO,0.01,"[5, 4, 4]",0.0049813440852747,4,,COMPLETE,es,1
4,0.689527611591592,2026-10-02 15:22:36.008854,2026-10-02 15:23:30.367999,0 days 00:00:54.359145,16,0.3,0.1,1e-05,standard,0.9,4,PYSENTIMIENTO,0.1,"[4, 4, 3]",0.0059113300572493,4,,COMPLETE,es,1
5,0.7640178649992123,2026-10-02 15:23:30.596176,2026-10-02 15:23:30.717818,0 days 00:00:00.121642,16,0.2,0.1,2e-05,balanced,0.9,6,PYSENTIMIENTO,0.01,"[5, 4, 4]",0.0049813440852747,4,"{""classifier_dropout"": 0.2, ""learning_rate"": 2e-05, ""loss_mode"": ""balanced"", ""num_train_epochs"": 6, ""weight_decay"": 0.01}",COMPLETE,es,1
6,0.7453452126267986,2026-10-02 15:23:30.961188,2026-10-02 15:24:23.845670,0 days 00:00:52.884482,16,0.3,0.1,2e-05,balanced,0.9,4,PYSENTIMIENTO,0.01,"[3, 3, 4]",0.0066622457432509,3,"{""classifier_dropout"": 0.3, ""learning_rate"": 2e-05, ""loss_mode"": ""balanced"", ""num_train_epochs"": 4, ""weight_decay"": 0.01}",COMPLETE,es,1
7,0.7390824045370619,2026-10-02 15:24:24.083483,2026-10-02 15:25:43.717088,0 days 00:01:19.633605,16,0.2,0.1,1e-05,balanced,0.9,6,PYSENTIMIENTO,0.01,"[6, 6, 6]",0.0097229681194516,6,"{""classifier_dropout"": 0.2, ""learning_rate"": 1e-05, ""loss_mode"": ""balanced"", ""num_train_epochs"": 6, ""weight_decay"": 0.01}",COMPLETE,es,1
8,0.7549747935802492,2026-10-02 15:25:43.958964,2026-10-02 15:26:38.731146,0 days 00:00:54.772182,16,0.1,0.1,2e-05,balanced,0.9,4,PYSENTIMIENTO,0.1,"[4, 4, 4]",0.0086354381227014,4,"{""classifier_dropout"": 0.1, ""learning_rate"": 2e-05, ""loss_mode"": ""balanced"", ""num_train_epochs"": 4, ""weight_decay"": 0.1}",COMPLETE,es,1
9,0.7673152461261799,2026-10-02 15:26:38.957521,2026-10-02 15:27:57.764287,0 days 00:01:18.806766,16,0.1,0.1,2e-05,balanced,0.9,6,PYSENTIMIENTO,0.01,"[4, 4, 4]",0.0089863514732892,4,"{""classifier_dropout"": 0.1, ""learning_rate"": 2e-05, ""loss_mode"": ""balanced"", ""num_train_epochs"": 6, ""weight_decay"": 0.01}",COMPLETE,es,1
10,0.7673152461261799,2026-10-02 15:27:57.999488,2026-10-02 15:27:58.128059,0 days 00:00:00.128571,16,0.1,0.1,2e-05,balanced,0.9,6,PYSENTIMIENTO,0.01,"[4, 4, 4]",0.0089863514732892,4,"{""classifier_dropout"": 0.1, ""learning_rate"": 2e-05, ""loss_mode"": ""balanced"", ""num_train_epochs"": 6, ""weight_decay"": 0.01}",COMPLETE,es,1
11,0.7673152461261799,2026-10-02 15:27:58.364183,2026-10-02 15:27:58.490763,0 days 00:00:00.126580,16,0.1,0.1,2e-05,balanced,0.9,6,PYSENTIMIENTO,0.01,"[4, 4, 4]",0.0089863514732892,4,"{""classifier_dropout"": 0.1, ""learning_rate"": 2e-05, ""loss_mode"": ""balanced"", ""num_train_epochs"": 6, ""weight_decay"": 0.01}",COMPLETE,es,1
12,0.7607198860000949,2026-10-02 15:27:58.722416,2026-10-02 15:29:14.055113,0 days 00:01:15.332697,16,0.1,0.1,2e-05,standard,0.9,6,PYSENTIMIENTO,0.01,"[5, 3, 6]",0.0113625458497459,5,"{""classifier_dropout"": 0.1, ""learning_rate"": 2e-05, ""loss_mode"": ""standard"", ""num_train_epochs"": 6, ""weight_decay"": 0.01}",COMPLETE,es,1
13,0.7657302497062034,2026-10-02 15:29:14.282839,2026-10-02 15:30:24.576264,0 days 00:01:10.293425,16,0.1,0.1,2e-05,balanced,0.9,6,PYSENTIMIENTO,0.1,"[4, 2, 4]",0.0106004312028775,4,"{""classifier_dropout"": 0.1, ""learning_rate"": 2e-05, ""loss_mode"": ""balanced"", ""num_train_epochs"": 6, ""weight_decay"": 0.1}",COMPLETE,es,1
14,0.7430425672239931,2026-10-02 15:30:24.820000,2026-10-02 15:31:40.619534,0 days 00:01:15.799534,16,0.1,0.1,1e-05,balanced,0.9,6,PYSENTIMIENTO,0.01,"[6, 3, 6]",0.0077134921477992,6,"{""classifier_dropout"": 0.1, ""learning_rate"": 1e-05, ""loss_mode"": ""balanced"", ""num_train_epochs"": 6, ""weight_decay"": 0.01}",COMPLETE,es,1
15,0.7646517265585521,2026-10-02 15:31:40.858958,2026-10-02 15:32:58.853032,0 days 00:01:17.994074,16,0.3,0.1,2e-05,balanced,0.9,6,PYSENTIMIENTO,0.01,"[4, 4, 4]",0.0063336160822308,4,"{""classifier_dropout"": 0.3, ""learning_rate"": 2e-05, ""loss_mode"": ""balanced"", ""num_train_epochs"": 6, ""weight_decay"": 0.01}",COMPLETE,es,1
16,0.7673152461261799,2026-10-02 15:32:59.073472,2026-10-02 15:32:59.203183,0 days 00:00:00.129711,16,0.1,0.1,2e-05,balanced,0.9,6,PYSENTIMIENTO,0.01,"[4, 4, 4]",0.0089863514732892,4,"{""classifier_dropout"": 0.1, ""learning_rate"": 2e-05, ""loss_mode"": ""balanced"", ""num_train_epochs"": 6, ""weight_decay"": 0.01}",COMPLETE,es,1
17,0.6997349595512032,2026-10-02 15:32:59.440463,2026-10-02 15:33:53.993353,0 days 00:00:54.552890,16,0.2,0.1,1e-05,standard,0.9,4,PYSENTIMIENTO,0.01,"[4, 4, 3]",0.0072491194011145,4,"{""classifier_dropout"": 0.2, ""learning_rate"": 1e-05, ""loss_mode"": ""standard"", ""num_train_epochs"": 4, ""weight_decay"": 0.01}",COMPLETE,es,1
18,0.7429142056742576,2026-10-02 15:33:54.219013,2026-10-02 15:35:08.724988,0 days 00:01:14.505975,16,0.1,0.1,1e-05,balanced,0.9,6,PYSENTIMIENTO,0.1,"[6, 3, 6]",0.007570752732653,6,"{""classifier_dropout"": 0.1, ""learning_rate"": 1e-05, ""loss_mode"": ""balanced"", ""num_train_epochs"": 6, ""weight_decay"": 0.1}",COMPLETE,es,1
19,0.7546289764636415,2026-10-02 15:35:08.955735,2026-10-02 15:36:02.637989,0 days 00:00:53.682254,16,0.1,0.1,2e-05,balanced,0.9,4,PYSENTIMIENTO,0.01,"[4, 4, 4]",0.0095974924331015,4,"{""classifier_dropout"": 0.1, ""learning_rate"": 2e-05, ""loss_mode"": ""balanced"", ""num_train_epochs"": 4, ""weight_decay"": 0.01}",COMPLETE,es,1
0,0.7089361620549316,2026-10-02 15:36:33.227242,2026-10-02 15:37:27.733850,0 days 00:00:54.506608,16,0.3,0.1,1e-05,balanced,0.9,4,PYSENTIMIENTO,0.1,"[4, 2, 4]",0.0222557417177908,4,,COMPLETE,es,2
1,0.7343486709296786,2026-10-02 15:37:27.979251,2026-10-02 15:38:47.931820,0 days 00:01:19.952569,16,0.2,0.1,1e-05,standard,0.9,6,PYSENTIMIENTO,0.01,"[6, 6, 5]",0.0280457039189908,6,,COMPLETE,es,2
2,0.7698833516870872,2026-10-02 15:38:48.160276,2026-10-02 15:40:07.586207,0 days 00:01:19.425931,16,0.3,0.1,2e-05,standard,0.9,6,PYSENTIMIENTO,0.01,"[6, 6, 4]",0.021729419079498,6,,COMPLETE,es,2
3,0.7542178156439018,2026-10-02 15:40:07.826592,2026-10-02 15:41:02.242867,0 days 00:00:54.416275,16,0.2,0.1,2e-05,balanced,0.9,4,PYSENTIMIENTO,0.1,"[4, 4, 3]",0.0128271604133951,4,,COMPLETE,es,2
4,0.7290666806617754,2026-10-02 15:41:02.480147,2026-10-02 15:42:12.684237,0 days 00:01:10.204090,16,0.3,0.1,1e-05,balanced,0.9,6,PYSENTIMIENTO,0.01,"[4, 2, 6]",0.0131537597399669,4,,COMPLETE,es,2
5,0.7698833516870872,2026-10-02 15:42:12.928139,2026-10-02 15:42:13.047073,0 days 00:00:00.118934,16,0.3,0.1,2e-05,standard,0.9,6,PYSENTIMIENTO,0.01,"[6, 6, 4]",0.021729419079498,6,"{""classifier_dropout"": 0.3, ""learning_rate"": 2e-05, ""loss_mode"": ""standard"", ""num_train_epochs"": 6, ""weight_decay"": 0.01}",COMPLETE,es,2
6,0.7713703183672745,2026-10-02 15:42:13.285244,2026-10-02 15:43:31.726591,0 days 00:01:18.441347,16,0.1,0.1,2e-05,balanced,0.9,6,PYSENTIMIENTO,0.01,"[5, 4, 6]",0.0225786986375257,5,"{""classifier_dropout"": 0.1, ""learning_rate"": 2e-05, ""loss_mode"": ""balanced"", ""num_train_epochs"": 6, ""weight_decay"": 0.01}",COMPLETE,es,2
7,0.7713703183672745,2026-10-02 15:43:31.953521,2026-10-02 15:43:32.072605,0 days 00:00:00.119084,16,0.1,0.1,2e-05,balanced,0.9,6,PYSENTIMIENTO,0.01,"[5, 4, 6]",0.0225786986375257,5,"{""classifier_dropout"": 0.1, ""learning_rate"": 2e-05, ""loss_mode"": ""balanced"", ""num_train_epochs"": 6, ""weight_decay"": 0.01}",COMPLETE,es,2
8,0.7630114621568883,2026-10-02 15:43:32.305152,2026-10-02 15:44:26.828506,0 days 00:00:54.523354,16,0.1,0.1,2e-05,balanced,0.9,4,PYSENTIMIENTO,0.01,"[3, 4, 4]",0.0111756606641429,4,"{""classifier_dropout"": 0.1, ""learning_rate"": 2e-05, ""loss_mode"": ""balanced"", ""num_train_epochs"": 4, ""weight_decay"": 0.01}",COMPLETE,es,2
9,0.7749148258446134,2026-10-02 15:44:27.049746,2026-10-02 15:45:47.358733,0 days 00:01:20.308987,16,0.1,0.1,2e-05,standard,0.9,6,PYSENTIMIENTO,0.1,"[6, 6, 5]",0.0188264037666678,6,"{""classifier_dropout"": 0.1, ""learning_rate"": 2e-05, ""loss_mode"": ""standard"", ""num_train_epochs"": 6, ""weight_decay"": 0.1}",COMPLETE,es,2
10,0.7749148258446134,2026-10-02 15:45:47.590502,2026-10-02 15:45:47.717254,0 days 00:00:00.126752,16,0.1,0.1,2e-05,standard,0.9,6,PYSENTIMIENTO,0.1,"[6, 6, 5]",0.0188264037666678,6,"{""classifier_dropout"": 0.1, ""learning_rate"": 2e-05, ""loss_mode"": ""standard"", ""num_train_epochs"": 6, ""weight_decay"": 0.1}",COMPLETE,es,2
11,0.7749148258446134,2026-10-02 15:45:47.956465,2026-10-02 15:45:48.079732,0 days 00:00:00.123267,16,0.1,0.1,2e-05,standard,0.9,6,PYSENTIMIENTO,0.1,"[6, 6, 5]",0.0188264037666678,6,"{""classifier_dropout"": 0.1, ""learning_rate"": 2e-05, ""loss_mode"": ""standard"", ""num_train_epochs"": 6, ""weight_decay"": 0.1}",COMPLETE,es,2
12,0.7476473376873373,2026-10-02 15:45:48.323419,2026-10-02 15:46:43.168245,0 days 00:00:54.844826,16,0.1,0.1,2e-05,standard,0.9,4,PYSENTIMIENTO,0.1,"[4, 4, 4]",0.0259163705196557,4,"{""classifier_dropout"": 0.1, ""learning_rate"": 2e-05, ""loss_mode"": ""standard"", ""num_train_epochs"": 4, ""weight_decay"": 0.1}",COMPLETE,es,2
13,0.7387086605690533,2026-10-02 15:46:43.406509,2026-10-02 15:48:01.349705,0 days 00:01:17.943196,16,0.1,0.1,1e-05,standard,0.9,6,PYSENTIMIENTO,0.1,"[6, 6, 4]",0.0303226756546444,6,"{""classifier_dropout"": 0.1, ""learning_rate"": 1e-05, ""loss_mode"": ""standard"", ""num_train_epochs"": 6, ""weight_decay"": 0.1}",COMPLETE,es,2
14,0.7677043073951059,2026-10-02 15:48:01.592638,2026-10-02 15:49:20.441417,0 days 00:01:18.848779,16,0.3,0.1,2e-05,standard,0.9,6,PYSENTIMIENTO,0.1,"[6, 6, 4]",0.0234578355895603,6,"{""classifier_dropout"": 0.3, ""learning_rate"": 2e-05, ""loss_mode"": ""standard"", ""num_train_epochs"": 6, ""weight_decay"": 0.1}",COMPLETE,es,2
15,0.7686278656579616,2026-10-02 15:49:20.671778,2026-10-02 15:50:39.440258,0 days 00:01:18.768480,16,0.2,0.1,2e-05,standard,0.9,6,PYSENTIMIENTO,0.1,"[5, 6, 5]",0.0177575583567712,5,"{""classifier_dropout"": 0.2, ""learning_rate"": 2e-05, ""loss_mode"": ""standard"", ""num_train_epochs"": 6, ""weight_decay"": 0.1}",COMPLETE,es,2
16,0.7716782192084154,2026-10-02 15:50:39.665785,2026-10-02 15:51:59.064514,0 days 00:01:19.398729,16,0.1,0.1,2e-05,balanced,0.9,6,PYSENTIMIENTO,0.1,"[6, 4, 6]",0.0213096843996571,6,"{""classifier_dropout"": 0.1, ""learning_rate"": 2e-05, ""loss_mode"": ""balanced"", ""num_train_epochs"": 6, ""weight_decay"": 0.1}",COMPLETE,es,2
17,0.6997525063141494,2026-10-02 15:51:59.302657,2026-10-02 15:52:53.330123,0 days 00:00:54.027466,16,0.2,0.1,1e-05,standard,0.9,4,PYSENTIMIENTO,0.1,"[4, 4, 3]",0.0303022811625031,4,"{""classifier_dropout"": 0.2, ""learning_rate"": 1e-05, ""loss_mode"": ""standard"", ""num_train_epochs"": 4, ""weight_decay"": 0.1}",COMPLETE,es,2
18,0.7464954732094394,2026-10-02 15:52:53.567586,2026-10-02 15:53:47.137466,0 days 00:00:53.569880,16,0.2,0.1,2e-05,standard,0.9,4,PYSENTIMIENTO,0.01,"[3, 4, 4]",0.0254747857981653,4,"{""classifier_dropout"": 0.2, ""learning_rate"": 2e-05, ""loss_mode"": ""standard"", ""num_train_epochs"": 4, ""weight_decay"": 0.01}",COMPLETE,es,2
19,0.7742097635803947,2026-10-02 15:53:47.373122,2026-10-02 15:55:06.511870,0 days 00:01:19.138748,16,0.1,0.1,2e-05,standard,0.9,6,PYSENTIMIENTO,0.01,"[6, 6, 5]",0.0182744187159935,6,"{""classifier_dropout"": 0.1, ""learning_rate"": 2e-05, ""loss_mode"": ""standard"", ""num_train_epochs"": 6, ""weight_decay"": 0.01}",COMPLETE,es,2
0,0.7071804197481879,2026-10-02 15:55:51.097534,2026-10-02 15:56:45.528001,0 days 00:00:54.430467,16,0.3,0.1,1e-05,balanced,0.9,4,PYSENTIMIENTO,0.1,"[4, 4, 4]",0.0296098003628632,4,,COMPLETE,es,3
1,0.7621328293058284,2026-10-02 15:56:45.764311,2026-10-02 15:58:05.284306,0 days 00:01:19.519995,16,0.2,0.1,2e-05,standard,0.9,6,PYSENTIMIENTO,0.1,"[5, 6, 5]",0.0186881864494355,5,,COMPLETE,es,3
2,0.7677953484069068,2026-10-02 15:58:05.504615,2026-10-02 15:59:24.771021,0 days 00:01:19.266406,16,0.1,0.1,2e-05,standard,0.9,6,PYSENTIMIENTO,0.01,"[5, 4, 5]",0.0163235464909863,5,,COMPLETE,es,3
3,0.7707843581462793,2026-10-02 15:59:24.998876,2026-10-02 16:00:43.848029,0 days 00:01:18.849153,16,0.2,0.1,2e-05,balanced,0.9,6,PYSENTIMIENTO,0.01,"[5, 4, 5]",0.017510135899737,5,,COMPLETE,es,3
4,0.7503882961579298,2026-10-02 16:00:44.083157,2026-10-02 16:01:38.442363,0 days 00:00:54.359206,16,0.1,0.1,2e-05,standard,0.9,4,PYSENTIMIENTO,0.01,"[3, 4, 4]",0.0235165174220605,4,,COMPLETE,es,3
