number,value,datetime_start,datetime_complete,duration,params_batch_size,params_classifier_dropout,params_label_smoothing,params_learning_rate,params_loss_mode,params_lr_decay,params_num_train_epochs,params_preprocessing,params_weight_decay,user_attrs_best_epochs_inner,user_attrs_f1_inner_std,user_attrs_refit_epochs,system_attrs_tpe:relative_params:0,state,variante,outer_fold
5,0.7680336451138988,2026-10-02 16:01:38.679234,2026-10-02 16:02:57.564964,0 days 00:01:18.885730,16,0.3,0.1,2e-05,balanced,0.9,6,PYSENTIMIENTO,0.01,"[6, 6, 5]",0.0183414540864838,6,"{""classifier_dropout"": 0.3, ""learning_rate"": 2e-05, ""loss_mode"": ""balanced"", ""num_train_epochs"": 6, ""weight_decay"": 0.01}",COMPLETE,es,3
6,0.7417379005702779,2026-10-02 16:02:57.798153,2026-10-02 16:04:18.051589,0 days 00:01:20.253436,16,0.2,0.1,1e-05,balanced,0.9,6,PYSENTIMIENTO,0.01,"[6, 6, 6]",0.0250181367873316,6,"{""classifier_dropout"": 0.2, ""learning_rate"": 1e-05, ""loss_mode"": ""balanced"", ""num_train_epochs"": 6, ""weight_decay"": 0.01}",COMPLETE,es,3
7,0.7707843581462793,2026-10-02 16:04:18.299565,2026-10-02 16:04:18.422341,0 days 00:00:00.122776,16,0.2,0.1,2e-05,balanced,0.9,6,PYSENTIMIENTO,0.01,"[5, 4, 5]",0.017510135899737,5,"{""classifier_dropout"": 0.2, ""learning_rate"": 2e-05, ""loss_mode"": ""balanced"", ""num_train_epochs"": 6, ""weight_decay"": 0.01}",COMPLETE,es,3
8,0.7534433601373395,2026-10-02 16:04:18.655552,2026-10-02 16:05:12.051086,0 days 00:00:53.395534,16,0.2,0.1,2e-05,balanced,0.9,4,PYSENTIMIENTO,0.01,"[4, 4, 4]",0.0176826907881665,4,"{""classifier_dropout"": 0.2, ""learning_rate"": 2e-05, ""loss_mode"": ""balanced"", ""num_train_epochs"": 4, ""weight_decay"": 0.01}",COMPLETE,es,3
9,0.7720451181280324,2026-10-02 16:05:12.300128,2026-10-02 16:06:32.981387,0 days 00:01:20.681259,16,0.1,0.1,2e-05,balanced,0.9,6,PYSENTIMIENTO,0.1,"[5, 6, 5]",0.0117625230825618,5,"{""classifier_dropout"": 0.1, ""learning_rate"": 2e-05, ""loss_mode"": ""balanced"", ""num_train_epochs"": 6, ""weight_decay"": 0.1}",COMPLETE,es,3
10,0.7720451181280324,2026-10-02 16:06:33.221516,2026-10-02 16:06:33.347295,0 days 00:00:00.125779,16,0.1,0.1,2e-05,balanced,0.9,6,PYSENTIMIENTO,0.1,"[5, 6, 5]",0.0117625230825618,5,"{""classifier_dropout"": 0.1, ""learning_rate"": 2e-05, ""loss_mode"": ""balanced"", ""num_train_epochs"": 6, ""weight_decay"": 0.1}",COMPLETE,es,3
11,0.7720451181280324,2026-10-02 16:06:33.583201,2026-10-02 16:06:33.705869,0 days 00:00:00.122668,16,0.1,0.1,2e-05,balanced,0.9,6,PYSENTIMIENTO,0.1,"[5, 6, 5]",0.0117625230825618,5,"{""classifier_dropout"": 0.1, ""learning_rate"": 2e-05, ""loss_mode"": ""balanced"", ""num_train_epochs"": 6, ""weight_decay"": 0.1}",COMPLETE,es,3
12,0.7471303489170169,2026-10-02 16:06:33.941635,2026-10-02 16:07:52.294125,0 days 00:01:18.352490,16,0.1,0.1,1e-05,balanced,0.9,6,PYSENTIMIENTO,0.1,"[6, 5, 6]",0.0187895095004722,6,"{""classifier_dropout"": 0.1, ""learning_rate"": 1e-05, ""loss_mode"": ""balanced"", ""num_train_epochs"": 6, ""weight_decay"": 0.1}",COMPLETE,es,3
13,0.7579512520415942,2026-10-02 16:07:52.531155,2026-10-02 16:08:46.343533,0 days 00:00:53.812378,16,0.1,0.1,2e-05,balanced,0.9,4,PYSENTIMIENTO,0.1,"[4, 4, 4]",0.0142997885898779,4,"{""classifier_dropout"": 0.1, ""learning_rate"": 2e-05, ""loss_mode"": ""balanced"", ""num_train_epochs"": 4, ""weight_decay"": 0.1}",COMPLETE,es,3
14,0.7676809844204852,2026-10-02 16:08:46.584765,2026-10-02 16:10:05.350530,0 days 00:01:18.765765,16,0.3,0.1,2e-05,balanced,0.9,6,PYSENTIMIENTO,0.1,"[6, 6, 6]",0.0178254333253296,6,"{""classifier_dropout"": 0.3, ""learning_rate"": 2e-05, ""loss_mode"": ""balanced"", ""num_train_epochs"": 6, ""weight_decay"": 0.1}",COMPLETE,es,3
15,0.7202970440411859,2026-10-02 16:10:05.579287,2026-10-02 16:11:25.996702,0 days 00:01:20.417415,16,0.3,0.1,1e-05,standard,0.9,6,PYSENTIMIENTO,0.1,"[5, 4, 6]",0.0221907859265061,5,"{""classifier_dropout"": 0.3, ""learning_rate"": 1e-05, ""loss_mode"": ""standard"", ""num_train_epochs"": 6, ""weight_decay"": 0.1}",COMPLETE,es,3
16,0.7666891383196491,2026-10-02 16:11:26.244239,2026-10-02 16:12:39.357494,0 days 00:01:13.113255,16,0.1,0.1,2e-05,standard,0.9,6,PYSENTIMIENTO,0.1,"[5, 4, 2]",0.012366718737429,4,"{""classifier_dropout"": 0.1, ""learning_rate"": 2e-05, ""loss_mode"": ""standard"", ""num_train_epochs"": 6, ""weight_decay"": 0.1}",COMPLETE,es,3
17,0.7338855429254655,2026-10-02 16:12:39.592706,2026-10-02 16:13:34.615116,0 days 00:00:55.022410,16,0.3,0.1,2e-05,standard,0.9,4,PYSENTIMIENTO,0.1,"[4, 4, 2]",0.0192225424211942,4,"{""classifier_dropout"": 0.3, ""learning_rate"": 2e-05, ""loss_mode"": ""standard"", ""num_train_epochs"": 4, ""weight_decay"": 0.1}",COMPLETE,es,3
18,0.7168380945163935,2026-10-02 16:13:34.846917,2026-10-02 16:14:29.383106,0 days 00:00:54.536189,16,0.1,0.1,1e-05,balanced,0.9,4,PYSENTIMIENTO,0.01,"[4, 4, 4]",0.024826679348987,4,"{""classifier_dropout"": 0.1, ""learning_rate"": 1e-05, ""loss_mode"": ""balanced"", ""num_train_epochs"": 4, ""weight_decay"": 0.01}",COMPLETE,es,3
19,0.6950457148804329,2026-10-02 16:14:29.618831,2026-10-02 16:15:23.550672,0 days 00:00:53.931841,16,0.2,0.1,1e-05,standard,0.9,4,PYSENTIMIENTO,0.1,"[4, 3, 4]",0.0203312458391376,4,"{""classifier_dropout"": 0.2, ""learning_rate"": 1e-05, ""loss_mode"": ""standard"", ""num_train_epochs"": 4, ""weight_decay"": 0.1}",COMPLETE,es,3
0,0.7385585307740067,2026-10-02 16:16:01.363853,2026-10-02 16:17:20.954599,0 days 00:01:19.590746,16,0.1,0.1,1e-05,balanced,0.9,6,PYSENTIMIENTO,0.1,"[5, 5, 5]",0.0209520927657871,5,,COMPLETE,es,4
1,0.766558905565116,2026-10-02 16:17:21.205119,2026-10-02 16:18:39.707495,0 days 00:01:18.502376,16,0.1,0.1,2e-05,standard,0.9,6,PYSENTIMIENTO,0.01,"[5, 6, 5]",0.0165458246396887,5,,COMPLETE,es,4
2,0.7737928680527725,2026-10-02 16:18:39.944340,2026-10-02 16:19:58.487216,0 days 00:01:18.542876,16,0.2,0.1,2e-05,balanced,0.9,6,PYSENTIMIENTO,0.01,"[4, 5, 6]",0.018797466507703,5,,COMPLETE,es,4
3,0.7220220871506826,2026-10-02 16:19:58.719188,2026-10-02 16:20:52.699961,0 days 00:00:53.980773,16,0.1,0.1,1e-05,standard,0.9,4,PYSENTIMIENTO,0.1,"[4, 4, 4]",0.0302612003978762,4,,COMPLETE,es,4
4,0.766719729771041,2026-10-02 16:20:52.935642,2026-10-02 16:22:10.727353,0 days 00:01:17.791711,16,0.3,0.1,2e-05,balanced,0.9,6,PYSENTIMIENTO,0.1,"[5, 6, 6]",0.0237575304975859,6,,COMPLETE,es,4
5,0.732426859248048,2026-10-02 16:22:10.958101,2026-10-02 16:23:20.910775,0 days 00:01:09.952674,16,0.2,0.1,1e-05,standard,0.9,6,PYSENTIMIENTO,0.01,"[3, 6, 6]",0.0337673487641837,6,"{""classifier_dropout"": 0.2, ""learning_rate"": 1e-05, ""loss_mode"": ""standard"", ""num_train_epochs"": 6, ""weight_decay"": 0.01}",COMPLETE,es,4
6,0.7737928680527725,2026-10-02 16:23:21.143010,2026-10-02 16:23:21.270930,0 days 00:00:00.127920,16,0.2,0.1,2e-05,balanced,0.9,6,PYSENTIMIENTO,0.01,"[4, 5, 6]",0.018797466507703,5,"{""classifier_dropout"": 0.2, ""learning_rate"": 2e-05, ""loss_mode"": ""balanced"", ""num_train_epochs"": 6, ""weight_decay"": 0.01}",COMPLETE,es,4
7,0.7487533326807546,2026-10-02 16:23:21.507067,2026-10-02 16:24:12.582649,0 days 00:00:51.075582,16,0.2,0.1,2e-05,balanced,0.9,4,PYSENTIMIENTO,0.1,"[4, 4, 4]",0.0286963174023111,4,"{""classifier_dropout"": 0.2, ""learning_rate"": 2e-05, ""loss_mode"": ""balanced"", ""num_train_epochs"": 4, ""weight_decay"": 0.1}",COMPLETE,es,4
8,0.7214989564788729,2026-10-02 16:24:12.810372,2026-10-02 16:25:03.647053,0 days 00:00:50.836681,16,0.1,0.1,1e-05,balanced,0.9,4,PYSENTIMIENTO,0.01,"[3, 4, 4]",0.0281814052216065,4,"{""classifier_dropout"": 0.1, ""learning_rate"": 1e-05, ""loss_mode"": ""balanced"", ""num_train_epochs"": 4, ""weight_decay"": 0.01}",COMPLETE,es,4
9,0.6983013865816915,2026-10-02 16:25:03.867758,2026-10-02 16:25:54.470478,0 days 00:00:50.602720,16,0.3,0.1,1e-05,standard,0.9,4,PYSENTIMIENTO,0.01,"[4, 4, 4]",0.0369878008248662,4,"{""classifier_dropout"": 0.3, ""learning_rate"": 1e-05, ""loss_mode"": ""standard"", ""num_train_epochs"": 4, ""weight_decay"": 0.01}",COMPLETE,es,4
10,0.739493117867689,2026-10-02 16:25:54.699144,2026-10-02 16:26:45.955943,0 days 00:00:51.256799,16,0.3,0.1,2e-05,balanced,0.9,4,PYSENTIMIENTO,0.01,"[4, 4, 4]",0.0239724741171138,4,"{""classifier_dropout"": 0.3, ""learning_rate"": 2e-05, ""loss_mode"": ""balanced"", ""num_train_epochs"": 4, ""weight_decay"": 0.01}",COMPLETE,es,4
11,0.7737928680527725,2026-10-02 16:26:46.192065,2026-10-02 16:26:46.313279,0 days 00:00:00.121214,16,0.2,0.1,2e-05,balanced,0.9,6,PYSENTIMIENTO,0.01,"[4, 5, 6]",0.018797466507703,5,"{""classifier_dropout"": 0.2, ""learning_rate"": 2e-05, ""loss_mode"": ""balanced"", ""num_train_epochs"": 6, ""weight_decay"": 0.01}",COMPLETE,es,4
12,0.7693548951689085,2026-10-02 16:26:46.542602,2026-10-02 16:27:56.787713,0 days 00:01:10.245111,16,0.2,0.1,2e-05,standard,0.9,6,PYSENTIMIENTO,0.1,"[3, 6, 4]",0.0170247937579523,4,"{""classifier_dropout"": 0.2, ""learning_rate"": 2e-05, ""loss_mode"": ""standard"", ""num_train_epochs"": 6, ""weight_decay"": 0.1}",COMPLETE,es,4
13,0.7361724878196441,2026-10-02 16:27:57.008325,2026-10-02 16:29:11.463545,0 days 00:01:14.455220,16,0.2,0.1,1e-05,balanced,0.9,6,PYSENTIMIENTO,0.01,"[6, 5, 5]",0.0239865077319943,5,"{""classifier_dropout"": 0.2, ""learning_rate"": 1e-05, ""loss_mode"": ""balanced"", ""num_train_epochs"": 6, ""weight_decay"": 0.01}",COMPLETE,es,4
14,0.7745675926614375,2026-10-02 16:29:11.695473,2026-10-02 16:30:26.784269,0 days 00:01:15.088796,16,0.1,0.1,2e-05,balanced,0.9,6,PYSENTIMIENTO,0.01,"[6, 5, 6]",0.0183728547360314,6,"{""classifier_dropout"": 0.1, ""learning_rate"": 2e-05, ""loss_mode"": ""balanced"", ""num_train_epochs"": 6, ""weight_decay"": 0.01}",COMPLETE,es,4
15,0.7745675926614375,2026-10-02 16:30:27.016916,2026-10-02 16:30:27.140113,0 days 00:00:00.123197,16,0.1,0.1,2e-05,balanced,0.9,6,PYSENTIMIENTO,0.01,"[6, 5, 6]",0.0183728547360314,6,"{""classifier_dropout"": 0.1, ""learning_rate"": 2e-05, ""loss_mode"": ""balanced"", ""num_train_epochs"": 6, ""weight_decay"": 0.01}",COMPLETE,es,4
16,0.7745675926614375,2026-10-02 16:30:27.367439,2026-10-02 16:30:27.491054,0 days 00:00:00.123615,16,0.1,0.1,2e-05,balanced,0.9,6,PYSENTIMIENTO,0.01,"[6, 5, 6]",0.0183728547360314,6,"{""classifier_dropout"": 0.1, ""learning_rate"": 2e-05, ""loss_mode"": ""balanced"", ""num_train_epochs"": 6, ""weight_decay"": 0.01}",COMPLETE,es,4
17,0.7745725508521811,2026-10-02 16:30:27.724531,2026-10-02 16:31:42.743798,0 days 00:01:15.019267,16,0.1,0.1,2e-05,balanced,0.9,6,PYSENTIMIENTO,0.1,"[6, 5, 6]",0.0194984901743436,6,"{""classifier_dropout"": 0.1, ""learning_rate"": 2e-05, ""loss_mode"": ""balanced"", ""num_train_epochs"": 6, ""weight_decay"": 0.1}",COMPLETE,es,4
18,0.7745725508521811,2026-10-02 16:31:42.975362,2026-10-02 16:31:43.099644,0 days 00:00:00.124282,16,0.1,0.1,2e-05,balanced,0.9,6,PYSENTIMIENTO,0.1,"[6, 5, 6]",0.0194984901743436,6,"{""classifier_dropout"": 0.1, ""learning_rate"": 2e-05, ""loss_mode"": ""balanced"", ""num_train_epochs"": 6, ""weight_decay"": 0.1}",COMPLETE,es,4
19,0.7745725508521811,2026-10-02 16:31:43.330346,2026-10-02 16:31:43.463013,0 days 00:00:00.132667,16,0.1,0.1,2e-05,balanced,0.9,6,PYSENTIMIENTO,0.1,"[6, 5, 6]",0.0194984901743436,6,"{""classifier_dropout"": 0.1, ""learning_rate"": 2e-05, ""loss_mode"": ""balanced"", ""num_train_epochs"": 6, ""weight_decay"": 0.1}",COMPLETE,es,4
0,0.7399336798339751,2026-10-02 16:32:25.433191,2026-10-02 16:33:16.398659,0 days 00:00:50.965468,16,0.1,0.1,2e-05,standard,0.9,4,PYSENTIMIENTO,0.1,"[4, 3, 4]",0.0242656764332048,4,,COMPLETE,es,5
1,0.7554053908832112,2026-10-02 16:33:16.634538,2026-10-02 16:34:31.130400,0 days 00:01:14.495862,16,0.2,0.1,2e-05,standard,0.9,6,PYSENTIMIENTO,0.01,"[5, 6, 4]",0.0226970752766696,5,,COMPLETE,es,5
2,0.695489458906884,2026-10-02 16:34:31.361419,2026-10-02 16:35:22.072990,0 days 00:00:50.711571,16,0.1,0.1,1e-05,standard,0.9,4,PYSENTIMIENTO,0.1,"[4, 4, 4]",0.00960056157787,4,,COMPLETE,es,5
3,0.6887289500303369,2026-10-02 16:35:22.301399,2026-10-02 16:36:19.104648,0 days 00:00:56.803249,16,0.3,0.1,1e-05,balanced,0.9,4,PYSENTIMIENTO,0.1,"[2, 4, 3]",0.0063160429368216,3,,COMPLETE,es,5
4,0.7554085891977796,2026-10-02 16:36:19.339310,2026-10-02 16:37:33.840594,0 days 00:01:14.501284,16,0.2,0.1,2e-05,standard,0.9,6,PYSENTIMIENTO,0.1,"[5, 6, 4]",0.0209311032708109,5,,COMPLETE,es,5
5,0.7557511619437017,2026-10-02 16:37:34.064804,2026-10-02 16:38:49.131214,0 days 00:01:15.066410,16,0.2,0.1,2e-05,balanced,0.9,6,PYSENTIMIENTO,0.1,"[6, 6, 5]",0.0154472465933127,6,"{""classifier_dropout"": 0.2, ""learning_rate"": 2e-05, ""loss_mode"": ""balanced"", ""num_train_epochs"": 6, ""weight_decay"": 0.1}",COMPLETE,es,5
6,0.7557511619437017,2026-10-02 16:38:49.360896,2026-10-02 16:38:49.481585,0 days 00:00:00.120689,16,0.2,0.1,2e-05,balanced,0.9,6,PYSENTIMIENTO,0.1,"[6, 6, 5]",0.0154472465933127,6,"{""classifier_dropout"": 0.2, ""learning_rate"": 2e-05, ""loss_mode"": ""balanced"", ""num_train_epochs"": 6, ""weight_decay"": 0.1}",COMPLETE,es,5
7,0.7605889021138902,2026-10-02 16:38:49.720309,2026-10-02 16:40:04.325154,0 days 00:01:14.604845,16,0.1,0.1,2e-05,balanced,0.9,6,PYSENTIMIENTO,0.01,"[6, 6, 6]",0.015584800089994,6,"{""classifier_dropout"": 0.1, ""learning_rate"": 2e-05, ""loss_mode"": ""balanced"", ""num_train_epochs"": 6, ""weight_decay"": 0.01}",COMPLETE,es,5
8,0.7605889021138902,2026-10-02 16:40:04.552348,2026-10-02 16:40:04.674961,0 days 00:00:00.122613,16,0.1,0.1,2e-05,balanced,0.9,6,PYSENTIMIENTO,0.01,"[6, 6, 6]",0.015584800089994,6,"{""classifier_dropout"": 0.1, ""learning_rate"": 2e-05, ""loss_mode"": ""balanced"", ""num_train_epochs"": 6, ""weight_decay"": 0.01}",COMPLETE,es,5
9,0.725131297557271,2026-10-02 16:40:04.908717,2026-10-02 16:41:15.876935,0 days 00:01:10.968218,16,0.1,0.1,1e-05,standard,0.9,6,PYSENTIMIENTO,0.01,"[3, 5, 6]",0.0217962856288789,5,"{""classifier_dropout"": 0.1, ""learning_rate"": 1e-05, ""loss_mode"": ""standard"", ""num_train_epochs"": 6, ""weight_decay"": 0.01}",COMPLETE,es,5
10,0.7383294383759494,2026-10-02 16:41:16.108985,2026-10-02 16:42:07.661924,0 days 00:00:51.552939,16,0.1,0.1,2e-05,balanced,0.9,4,PYSENTIMIENTO,0.01,"[4, 4, 4]",0.016633310985992,4,"{""classifier_dropout"": 0.1, ""learning_rate"": 2e-05, ""loss_mode"": ""balanced"", ""num_train_epochs"": 4, ""weight_decay"": 0.01}",COMPLETE,es,5
11,0.7605889021138902,2026-10-02 16:42:07.894375,2026-10-02 16:42:08.011497,0 days 00:00:00.117122,16,0.1,0.1,2e-05,balanced,0.9,6,PYSENTIMIENTO,0.01,"[6, 6, 6]",0.015584800089994,6,"{""classifier_dropout"": 0.1, ""learning_rate"": 2e-05, ""loss_mode"": ""balanced"", ""num_train_epochs"": 6, ""weight_decay"": 0.01}",COMPLETE,es,5
12,0.7502135896518535,2026-10-02 16:42:08.246118,2026-10-02 16:43:23.133929,0 days 00:01:14.887811,16,0.3,0.1,2e-05,balanced,0.9,6,PYSENTIMIENTO,0.01,"[6, 5, 5]",0.017010280660024,5,"{""classifier_dropout"": 0.3, ""learning_rate"": 2e-05, ""loss_mode"": ""balanced"", ""num_train_epochs"": 6, ""weight_decay"": 0.01}",COMPLETE,es,5
13,0.716473282767177,2026-10-02 16:43:23.364990,2026-10-02 16:44:38.413090,0 days 00:01:15.048100,16,0.2,0.1,1e-05,balanced,0.9,6,PYSENTIMIENTO,0.01,"[5, 6, 6]",0.0093053659080609,6,"{""classifier_dropout"": 0.2, ""learning_rate"": 1e-05, ""loss_mode"": ""balanced"", ""num_train_epochs"": 6, ""weight_decay"": 0.01}",COMPLETE,es,5
14,0.7229809704443836,2026-10-02 16:44:38.642810,2026-10-02 16:45:58.540386,0 days 00:01:19.897576,16,0.1,0.1,1e-05,balanced,0.9,6,PYSENTIMIENTO,0.1,"[6, 6, 6]",0.0099888997292954,6,"{""classifier_dropout"": 0.1, ""learning_rate"": 1e-05, ""loss_mode"": ""balanced"", ""num_train_epochs"": 6, ""weight_decay"": 0.1}",COMPLETE,es,5
15,0.7592887054755274,2026-10-02 16:45:58.779818,2026-10-02 16:47:16.773588,0 days 00:01:17.993770,16,0.1,0.1,2e-05,standard,0.9,6,PYSENTIMIENTO,0.01,"[5, 6, 4]",0.0228526257546992,5,"{""classifier_dropout"": 0.1, ""learning_rate"": 2e-05, ""loss_mode"": ""standard"", ""num_train_epochs"": 6, ""weight_decay"": 0.01}",COMPLETE,es,5
16,0.7610739426676587,2026-10-02 16:47:17.012825,2026-10-02 16:48:35.545209,0 days 00:01:18.532384,16,0.1,0.1,2e-05,balanced,0.9,6,PYSENTIMIENTO,0.1,"[6, 6, 6]",0.0147781340334558,6,"{""classifier_dropout"": 0.1, ""learning_rate"": 2e-05, ""loss_mode"": ""balanced"", ""num_train_epochs"": 6, ""weight_decay"": 0.1}",COMPLETE,es,5
17,0.7610739426676587,2026-10-02 16:48:35.769075,2026-10-02 16:48:35.895558,0 days 00:00:00.126483,16,0.1,0.1,2e-05,balanced,0.9,6,PYSENTIMIENTO,0.1,"[6, 6, 6]",0.0147781340334558,6,"{""classifier_dropout"": 0.1, ""learning_rate"": 2e-05, ""loss_mode"": ""balanced"", ""num_train_epochs"": 6, ""weight_decay"": 0.1}",COMPLETE,es,5
18,0.7610739426676587,2026-10-02 16:48:36.132274,2026-10-02 16:48:36.259021,0 days 00:00:00.126747,16,0.1,0.1,2e-05,balanced,0.9,6,PYSENTIMIENTO,0.1,"[6, 6, 6]",0.0147781340334558,6,"{""classifier_dropout"": 0.1, ""learning_rate"": 2e-05, ""loss_mode"": ""balanced"", ""num_train_epochs"": 6, ""weight_decay"": 0.1}",COMPLETE,es,5
19,0.7381893453610197,2026-10-02 16:48:36.517293,2026-10-02 16:49:29.956883,0 days 00:00:53.439590,16,0.1,0.1,2e-05,balanced,0.9,4,PYSENTIMIENTO,0.1,"[4, 4, 4]",0.0180910202170659,4,"{""classifier_dropout"": 0.1, ""learning_rate"": 2e-05, ""loss_mode"": ""balanced"", ""num_train_epochs"": 4, ""weight_decay"": 0.1}",COMPLETE,es,5
0,0.7031437146211267,2026-10-02 16:50:14.249939,2026-10-02 16:51:35.433694,0 days 00:01:21.183755,16,0.2,0.1,2e-05,standard,0.9,6,PYSENTIMIENTO,0.1,"[5, 4, 5]",0.0082621975371346,5,,COMPLETE,cu,1
1,0.6463355547943412,2026-10-02 16:51:35.670252,2026-10-02 16:52:53.379083,0 days 00:01:17.708831,16,0.3,0.1,1e-05,standard,0.9,6,PYSENTIMIENTO,0.1,"[6, 5, 6]",0.0061964076794733,6,,COMPLETE,cu,1
2,0.7031437146211267,2026-10-02 16:52:53.621348,2026-10-02 16:52:53.731704,0 days 00:00:00.110356,16,0.2,0.1,2e-05,standard,0.9,6,PYSENTIMIENTO,0.1,"[5, 4, 5]",0.0082621975371346,5,,COMPLETE,cu,1
3,0.745635589626116,2026-10-02 16:52:53.964401,2026-10-02 16:54:12.076622,0 days 00:01:18.112221,16,0.2,0.1,2e-05,balanced,0.9,6,PYSENTIMIENTO,0.01,"[5, 5, 6]",0.0163415900203039,5,,COMPLETE,cu,1
4,0.5701896113748136,2026-10-02 16:54:12.304529,2026-10-02 16:55:05.428346,0 days 00:00:53.123817,16,0.3,0.1,1e-05,standard,0.9,4,PYSENTIMIENTO,0.1,"[4, 4, 4]",0.0182777950628894,4,,COMPLETE,cu,1
5,0.745635589626116,2026-10-02 16:55:05.666335,2026-10-02 16:55:05.787441,0 days 00:00:00.121106,16,0.2,0.1,2e-05,balanced,0.9,6,PYSENTIMIENTO,0.01,"[5, 5, 6]",0.0163415900203039,5,"{""classifier_dropout"": 0.2, ""learning_rate"": 2e-05, ""loss_mode"": ""balanced"", ""num_train_epochs"": 6, ""weight_decay"": 0.01}",COMPLETE,cu,1
6,0.721046691583283,2026-10-02 16:55:06.023448,2026-10-02 16:55:59.652959,0 days 00:00:53.629511,16,0.3,0.1,2e-05,balanced,0.9,4,PYSENTIMIENTO,0.01,"[3, 4, 4]",0.012504431739108,4,"{""classifier_dropout"": 0.3, ""learning_rate"": 2e-05, ""loss_mode"": ""balanced"", ""num_train_epochs"": 4, ""weight_decay"": 0.01}",COMPLETE,cu,1
7,0.7123454455535089,2026-10-02 16:55:59.886002,2026-10-02 16:57:17.400051,0 days 00:01:17.514049,16,0.2,0.1,1e-05,balanced,0.9,6,PYSENTIMIENTO,0.01,"[6, 6, 6]",0.0158055245774622,6,"{""classifier_dropout"": 0.2, ""learning_rate"": 1e-05, ""loss_mode"": ""balanced"", ""num_train_epochs"": 6, ""weight_decay"": 0.01}",COMPLETE,cu,1
8,0.7351879257758448,2026-10-02 16:57:17.625074,2026-10-02 16:58:11.608539,0 days 00:00:53.983465,16,0.1,0.1,2e-05,balanced,0.9,4,PYSENTIMIENTO,0.1,"[3, 4, 4]",0.0110070467413117,4,"{""classifier_dropout"": 0.1, ""learning_rate"": 2e-05, ""loss_mode"": ""balanced"", ""num_train_epochs"": 4, ""weight_decay"": 0.1}",COMPLETE,cu,1
9,0.7431669185944297,2026-10-02 16:58:11.834208,2026-10-02 16:59:25.137860,0 days 00:01:13.303652,16,0.1,0.1,2e-05,balanced,0.9,6,PYSENTIMIENTO,0.01,"[3, 5, 4]",0.0108775399369849,4,"{""classifier_dropout"": 0.1, ""learning_rate"": 2e-05, ""loss_mode"": ""balanced"", ""num_train_epochs"": 6, ""weight_decay"": 0.01}",COMPLETE,cu,1
10,0.7435730935076391,2026-10-02 16:59:25.370387,2026-10-02 17:00:43.913416,0 days 00:01:18.543029,16,0.3,0.1,2e-05,balanced,0.9,6,PYSENTIMIENTO,0.1,"[5, 5, 5]",0.0134147015768314,5,"{""classifier_dropout"": 0.3, ""learning_rate"": 2e-05, ""loss_mode"": ""balanced"", ""num_train_epochs"": 6, ""weight_decay"": 0.1}",COMPLETE,cu,1
11,0.745635589626116,2026-10-02 17:00:44.146302,2026-10-02 17:00:44.266238,0 days 00:00:00.119936,16,0.2,0.1,2e-05,balanced,0.9,6,PYSENTIMIENTO,0.01,"[5, 5, 6]",0.0163415900203039,5,"{""classifier_dropout"": 0.2, ""learning_rate"": 2e-05, ""loss_mode"": ""balanced"", ""num_train_epochs"": 6, ""weight_decay"": 0.01}",COMPLETE,cu,1
12,0.6887057078420669,2026-10-02 17:00:44.503272,2026-10-02 17:01:38.564814,0 days 00:00:54.061542,16,0.2,0.1,1e-05,balanced,0.9,4,PYSENTIMIENTO,0.1,"[4, 3, 4]",0.0115536285813829,4,"{""classifier_dropout"": 0.2, ""learning_rate"": 1e-05, ""loss_mode"": ""balanced"", ""num_train_epochs"": 4, ""weight_decay"": 0.1}",COMPLETE,cu,1
13,0.7279736872740029,2026-10-02 17:01:38.795814,2026-10-02 17:02:31.810815,0 days 00:00:53.015001,16,0.2,0.1,2e-05,balanced,0.9,4,PYSENTIMIENTO,0.01,"[4, 3, 4]",0.0142304524818113,4,"{""classifier_dropout"": 0.2, ""learning_rate"": 2e-05, ""loss_mode"": ""balanced"", ""num_train_epochs"": 4, ""weight_decay"": 0.01}",COMPLETE,cu,1
14,0.6712309944845827,2026-10-02 17:02:32.043153,2026-10-02 17:03:49.540655,0 days 00:01:17.497502,16,0.1,0.1,1e-05,standard,0.9,6,PYSENTIMIENTO,0.01,"[6, 4, 5]",0.0032012873528735,5,"{""classifier_dropout"": 0.1, ""learning_rate"": 1e-05, ""loss_mode"": ""standard"", ""num_train_epochs"": 6, ""weight_decay"": 0.01}",COMPLETE,cu,1
15,0.7042511159592318,2026-10-02 17:03:49.763610,2026-10-02 17:05:06.039944,0 days 00:01:16.276334,16,0.2,0.1,2e-05,standard,0.9,6,PYSENTIMIENTO,0.01,"[5, 4, 5]",0.0100600723245443,5,"{""classifier_dropout"": 0.2, ""learning_rate"": 2e-05, ""loss_mode"": ""standard"", ""num_train_epochs"": 6, ""weight_decay"": 0.01}",COMPLETE,cu,1
