number,value,datetime_start,datetime_complete,duration,params_batch_size,params_classifier_dropout,params_label_smoothing,params_learning_rate,params_loss_mode,params_lr_decay,params_num_train_epochs,params_preprocessing,params_weight_decay,user_attrs_best_epochs_inner,user_attrs_f1_inner_std,user_attrs_refit_epochs,system_attrs_tpe:relative_params:0,state,variante,outer_fold
0,0.6877841260819321,2026-10-02 13:45:59.989080,2026-10-02 13:47:17.288445,0 days 00:01:17.299365,16,0.2,0.1,2e-05,standard,0.9,6,PYSENTIMIENTO,0.1,"[6, 6, 6]",0.0207568771027539,6,,COMPLETE,mx,1
1,0.6044526983207824,2026-10-02 13:47:17.515538,2026-10-02 13:48:32.016519,0 days 00:01:14.500981,16,0.3,0.1,1e-05,standard,0.9,6,PYSENTIMIENTO,0.1,"[5, 6, 6]",0.0385378562007429,6,,COMPLETE,mx,1
2,0.6877841260819321,2026-10-02 13:48:32.234664,2026-10-02 13:48:32.352119,0 days 00:00:00.117455,16,0.2,0.1,2e-05,standard,0.9,6,PYSENTIMIENTO,0.1,"[6, 6, 6]",0.0207568771027539,6,,COMPLETE,mx,1
3,0.6988160908528324,2026-10-02 13:48:32.586881,2026-10-02 13:49:46.809357,0 days 00:01:14.222476,16,0.2,0.1,2e-05,balanced,0.9,6,PYSENTIMIENTO,0.01,"[6, 5, 4]",0.0253707668790332,5,,COMPLETE,mx,1
4,0.5289235591552831,2026-10-02 13:49:47.030832,2026-10-02 13:50:37.779423,0 days 00:00:50.748591,16,0.3,0.1,1e-05,standard,0.9,4,PYSENTIMIENTO,0.1,"[3, 4, 4]",0.023955769943025,4,,COMPLETE,mx,1
5,0.6988160908528324,2026-10-02 13:50:37.994411,2026-10-02 13:50:38.127541,0 days 00:00:00.133130,16,0.2,0.1,2e-05,balanced,0.9,6,PYSENTIMIENTO,0.01,"[6, 5, 4]",0.0253707668790332,5,"{""classifier_dropout"": 0.2, ""learning_rate"": 2e-05, ""loss_mode"": ""balanced"", ""num_train_epochs"": 6, ""weight_decay"": 0.01}",COMPLETE,mx,1
6,0.6693670941470508,2026-10-02 13:50:38.346807,2026-10-02 13:51:30.549716,0 days 00:00:52.202909,16,0.3,0.1,2e-05,balanced,0.9,4,PYSENTIMIENTO,0.01,"[4, 4, 3]",0.030814219988661,4,"{""classifier_dropout"": 0.3, ""learning_rate"": 2e-05, ""loss_mode"": ""balanced"", ""num_train_epochs"": 4, ""weight_decay"": 0.01}",COMPLETE,mx,1
7,0.6693198801443039,2026-10-02 13:51:30.765388,2026-10-02 13:52:45.218395,0 days 00:01:14.453007,16,0.2,0.1,1e-05,balanced,0.9,6,PYSENTIMIENTO,0.01,"[4, 6, 6]",0.0214024904498486,6,"{""classifier_dropout"": 0.2, ""learning_rate"": 1e-05, ""loss_mode"": ""balanced"", ""num_train_epochs"": 6, ""weight_decay"": 0.01}",COMPLETE,mx,1
8,0.6900703893757217,2026-10-02 13:52:45.433777,2026-10-02 13:53:36.177123,0 days 00:00:50.743346,16,0.1,0.1,2e-05,balanced,0.9,4,PYSENTIMIENTO,0.1,"[4, 4, 4]",0.0284044484238877,4,"{""classifier_dropout"": 0.1, ""learning_rate"": 2e-05, ""loss_mode"": ""balanced"", ""num_train_epochs"": 4, ""weight_decay"": 0.1}",COMPLETE,mx,1
9,0.7014369827072467,2026-10-02 13:53:36.402192,2026-10-02 13:54:51.094301,0 days 00:01:14.692109,16,0.1,0.1,2e-05,balanced,0.9,6,PYSENTIMIENTO,0.01,"[6, 5, 5]",0.0276073462558505,5,"{""classifier_dropout"": 0.1, ""learning_rate"": 2e-05, ""loss_mode"": ""balanced"", ""num_train_epochs"": 6, ""weight_decay"": 0.01}",COMPLETE,mx,1
10,0.7014369827072467,2026-10-02 13:54:51.324784,2026-10-02 13:54:51.449906,0 days 00:00:00.125122,16,0.1,0.1,2e-05,balanced,0.9,6,PYSENTIMIENTO,0.01,"[6, 5, 5]",0.0276073462558505,5,"{""classifier_dropout"": 0.1, ""learning_rate"": 2e-05, ""loss_mode"": ""balanced"", ""num_train_epochs"": 6, ""weight_decay"": 0.01}",COMPLETE,mx,1
11,0.7014369827072467,2026-10-02 13:54:51.671911,2026-10-02 13:54:51.796184,0 days 00:00:00.124273,16,0.1,0.1,2e-05,balanced,0.9,6,PYSENTIMIENTO,0.01,"[6, 5, 5]",0.0276073462558505,5,"{""classifier_dropout"": 0.1, ""learning_rate"": 2e-05, ""loss_mode"": ""balanced"", ""num_train_epochs"": 6, ""weight_decay"": 0.01}",COMPLETE,mx,1
12,0.6856408377921793,2026-10-02 13:54:52.016646,2026-10-02 13:56:02.864915,0 days 00:01:10.848269,16,0.1,0.1,2e-05,standard,0.9,6,PYSENTIMIENTO,0.01,"[5, 3, 6]",0.0111842854617911,5,"{""classifier_dropout"": 0.1, ""learning_rate"": 2e-05, ""loss_mode"": ""standard"", ""num_train_epochs"": 6, ""weight_decay"": 0.01}",COMPLETE,mx,1
13,0.7020165101576286,2026-10-02 13:56:03.094058,2026-10-02 13:57:18.439858,0 days 00:01:15.345800,16,0.1,0.1,2e-05,balanced,0.9,6,PYSENTIMIENTO,0.1,"[6, 5, 4]",0.0261617494411162,5,"{""classifier_dropout"": 0.1, ""learning_rate"": 2e-05, ""loss_mode"": ""balanced"", ""num_train_epochs"": 6, ""weight_decay"": 0.1}",COMPLETE,mx,1
14,0.6744574196451018,2026-10-02 13:57:18.663119,2026-10-02 13:58:33.274634,0 days 00:01:14.611515,16,0.1,0.1,1e-05,balanced,0.9,6,PYSENTIMIENTO,0.1,"[4, 6, 6]",0.020424828222323,6,"{""classifier_dropout"": 0.1, ""learning_rate"": 1e-05, ""loss_mode"": ""balanced"", ""num_train_epochs"": 6, ""weight_decay"": 0.1}",COMPLETE,mx,1
15,0.6932308890582712,2026-10-02 13:58:33.496544,2026-10-02 13:59:48.794917,0 days 00:01:15.298373,16,0.3,0.1,2e-05,balanced,0.9,6,PYSENTIMIENTO,0.1,"[4, 4, 5]",0.0222919739271218,4,"{""classifier_dropout"": 0.3, ""learning_rate"": 2e-05, ""loss_mode"": ""balanced"", ""num_train_epochs"": 6, ""weight_decay"": 0.1}",COMPLETE,mx,1
16,0.7020165101576286,2026-10-02 13:59:49.009599,2026-10-02 13:59:49.133462,0 days 00:00:00.123863,16,0.1,0.1,2e-05,balanced,0.9,6,PYSENTIMIENTO,0.1,"[6, 5, 4]",0.0261617494411162,5,"{""classifier_dropout"": 0.1, ""learning_rate"": 2e-05, ""loss_mode"": ""balanced"", ""num_train_epochs"": 6, ""weight_decay"": 0.1}",COMPLETE,mx,1
17,0.7020165101576286,2026-10-02 13:59:49.357690,2026-10-02 13:59:49.480232,0 days 00:00:00.122542,16,0.1,0.1,2e-05,balanced,0.9,6,PYSENTIMIENTO,0.1,"[6, 5, 4]",0.0261617494411162,5,"{""classifier_dropout"": 0.1, ""learning_rate"": 2e-05, ""loss_mode"": ""balanced"", ""num_train_epochs"": 6, ""weight_decay"": 0.1}",COMPLETE,mx,1
18,0.6848562908656123,2026-10-02 13:59:49.700891,2026-10-02 14:01:00.977829,0 days 00:01:11.276938,16,0.1,0.1,2e-05,standard,0.9,6,PYSENTIMIENTO,0.1,"[5, 3, 6]",0.0119511910885522,5,"{""classifier_dropout"": 0.1, ""learning_rate"": 2e-05, ""loss_mode"": ""standard"", ""num_train_epochs"": 6, ""weight_decay"": 0.1}",COMPLETE,mx,1
19,0.6992906464761607,2026-10-02 14:01:01.194492,2026-10-02 14:02:15.874134,0 days 00:01:14.679642,16,0.2,0.1,2e-05,balanced,0.9,6,PYSENTIMIENTO,0.1,"[6, 5, 4]",0.0256830239320716,5,"{""classifier_dropout"": 0.2, ""learning_rate"": 2e-05, ""loss_mode"": ""balanced"", ""num_train_epochs"": 6, ""weight_decay"": 0.1}",COMPLETE,mx,1
0,0.6485834645479831,2026-10-02 14:02:51.463591,2026-10-02 14:03:43.340796,0 days 00:00:51.877205,16,0.3,0.1,1e-05,balanced,0.9,4,PYSENTIMIENTO,0.1,"[4, 2, 3]",0.0166700984795618,3,,COMPLETE,mx,2
1,0.6478503846925545,2026-10-02 14:03:43.556765,2026-10-02 14:04:58.161356,0 days 00:01:14.604591,16,0.2,0.1,1e-05,standard,0.9,6,PYSENTIMIENTO,0.01,"[6, 6, 4]",0.00400803047292,6,,COMPLETE,mx,2
2,0.6784911392364044,2026-10-02 14:04:58.382063,2026-10-02 14:06:14.317367,0 days 00:01:15.935304,16,0.3,0.1,2e-05,standard,0.9,6,PYSENTIMIENTO,0.01,"[6, 4, 4]",0.0218420856284595,4,,COMPLETE,mx,2
3,0.6822495511582088,2026-10-02 14:06:14.544365,2026-10-02 14:07:05.616943,0 days 00:00:51.072578,16,0.2,0.1,2e-05,balanced,0.9,4,PYSENTIMIENTO,0.1,"[4, 4, 4]",0.0252510440498269,4,,COMPLETE,mx,2
4,0.6628249092769131,2026-10-02 14:07:05.835525,2026-10-02 14:08:16.390503,0 days 00:01:10.554978,16,0.3,0.1,1e-05,balanced,0.9,6,PYSENTIMIENTO,0.01,"[3, 5, 5]",0.0230149791768193,5,,COMPLETE,mx,2
5,0.6647506825676858,2026-10-02 14:08:16.606220,2026-10-02 14:09:07.633357,0 days 00:00:51.027137,16,0.2,0.1,2e-05,standard,0.9,4,PYSENTIMIENTO,0.1,"[4, 3, 3]",0.016120787389677,3,"{""classifier_dropout"": 0.2, ""learning_rate"": 2e-05, ""loss_mode"": ""standard"", ""num_train_epochs"": 4, ""weight_decay"": 0.1}",COMPLETE,mx,2
6,0.6822495511582088,2026-10-02 14:09:07.856570,2026-10-02 14:09:07.980019,0 days 00:00:00.123449,16,0.2,0.1,2e-05,balanced,0.9,4,PYSENTIMIENTO,0.1,"[4, 4, 4]",0.0252510440498269,4,"{""classifier_dropout"": 0.2, ""learning_rate"": 2e-05, ""loss_mode"": ""balanced"", ""num_train_epochs"": 4, ""weight_decay"": 0.1}",COMPLETE,mx,2
7,0.690555592470753,2026-10-02 14:09:08.210005,2026-10-02 14:10:00.000133,0 days 00:00:51.790128,16,0.1,0.1,2e-05,balanced,0.9,4,PYSENTIMIENTO,0.01,"[3, 4, 4]",0.023780267935939,4,"{""classifier_dropout"": 0.1, ""learning_rate"": 2e-05, ""loss_mode"": ""balanced"", ""num_train_epochs"": 4, ""weight_decay"": 0.01}",COMPLETE,mx,2
8,0.690555592470753,2026-10-02 14:10:00.227063,2026-10-02 14:10:00.349685,0 days 00:00:00.122622,16,0.1,0.1,2e-05,balanced,0.9,4,PYSENTIMIENTO,0.01,"[3, 4, 4]",0.023780267935939,4,"{""classifier_dropout"": 0.1, ""learning_rate"": 2e-05, ""loss_mode"": ""balanced"", ""num_train_epochs"": 4, ""weight_decay"": 0.01}",COMPLETE,mx,2
9,0.7076977902193979,2026-10-02 14:10:00.577992,2026-10-02 14:11:15.884074,0 days 00:01:15.306082,16,0.1,0.1,2e-05,balanced,0.9,6,PYSENTIMIENTO,0.01,"[5, 5, 4]",0.0252445379401205,5,"{""classifier_dropout"": 0.1, ""learning_rate"": 2e-05, ""loss_mode"": ""balanced"", ""num_train_epochs"": 6, ""weight_decay"": 0.01}",COMPLETE,mx,2
10,0.7075608899774872,2026-10-02 14:11:16.114469,2026-10-02 14:12:30.853389,0 days 00:01:14.738920,16,0.1,0.1,2e-05,balanced,0.9,6,PYSENTIMIENTO,0.1,"[5, 5, 4]",0.0253394088794727,5,"{""classifier_dropout"": 0.1, ""learning_rate"": 2e-05, ""loss_mode"": ""balanced"", ""num_train_epochs"": 6, ""weight_decay"": 0.1}",COMPLETE,mx,2
11,0.7075608899774872,2026-10-02 14:12:31.081720,2026-10-02 14:12:31.204718,0 days 00:00:00.122998,16,0.1,0.1,2e-05,balanced,0.9,6,PYSENTIMIENTO,0.1,"[5, 5, 4]",0.0253394088794727,5,"{""classifier_dropout"": 0.1, ""learning_rate"": 2e-05, ""loss_mode"": ""balanced"", ""num_train_epochs"": 6, ""weight_decay"": 0.1}",COMPLETE,mx,2
12,0.7076977902193979,2026-10-02 14:12:31.435224,2026-10-02 14:12:31.570091,0 days 00:00:00.134867,16,0.1,0.1,2e-05,balanced,0.9,6,PYSENTIMIENTO,0.01,"[5, 5, 4]",0.0252445379401205,5,"{""classifier_dropout"": 0.1, ""learning_rate"": 2e-05, ""loss_mode"": ""balanced"", ""num_train_epochs"": 6, ""weight_decay"": 0.01}",COMPLETE,mx,2
13,0.6986533386108791,2026-10-02 14:12:31.797062,2026-10-02 14:13:38.542579,0 days 00:01:06.745517,16,0.2,0.1,2e-05,balanced,0.9,6,PYSENTIMIENTO,0.01,"[5, 2, 6]",0.0314637557165366,5,"{""classifier_dropout"": 0.2, ""learning_rate"": 2e-05, ""loss_mode"": ""balanced"", ""num_train_epochs"": 6, ""weight_decay"": 0.01}",COMPLETE,mx,2
14,0.7076977902193979,2026-10-02 14:13:38.772099,2026-10-02 14:13:38.888783,0 days 00:00:00.116684,16,0.1,0.1,2e-05,balanced,0.9,6,PYSENTIMIENTO,0.01,"[5, 5, 4]",0.0252445379401205,5,"{""classifier_dropout"": 0.1, ""learning_rate"": 2e-05, ""loss_mode"": ""balanced"", ""num_train_epochs"": 6, ""weight_decay"": 0.01}",COMPLETE,mx,2
15,0.6739988223777381,2026-10-02 14:13:39.120045,2026-10-02 14:14:54.953324,0 days 00:01:15.833279,16,0.1,0.1,1e-05,balanced,0.9,6,PYSENTIMIENTO,0.01,"[6, 6, 6]",0.0177129419377707,6,"{""classifier_dropout"": 0.1, ""learning_rate"": 1e-05, ""loss_mode"": ""balanced"", ""num_train_epochs"": 6, ""weight_decay"": 0.01}",COMPLETE,mx,2
16,0.6960455876424824,2026-10-02 14:14:55.170229,2026-10-02 14:16:13.992355,0 days 00:01:18.822126,16,0.1,0.1,2e-05,standard,0.9,6,PYSENTIMIENTO,0.01,"[4, 4, 6]",0.0236519933013156,4,"{""classifier_dropout"": 0.1, ""learning_rate"": 2e-05, ""loss_mode"": ""standard"", ""num_train_epochs"": 6, ""weight_decay"": 0.01}",COMPLETE,mx,2
17,0.6976054780386046,2026-10-02 14:16:14.214671,2026-10-02 14:17:30.286285,0 days 00:01:16.071614,16,0.3,0.1,2e-05,balanced,0.9,6,PYSENTIMIENTO,0.01,"[5, 5, 6]",0.0267982584383155,5,"{""classifier_dropout"": 0.3, ""learning_rate"": 2e-05, ""loss_mode"": ""balanced"", ""num_train_epochs"": 6, ""weight_decay"": 0.01}",COMPLETE,mx,2
18,0.5993192900799088,2026-10-02 14:17:30.501639,2026-10-02 14:18:21.243176,0 days 00:00:50.741537,16,0.1,0.1,1e-05,standard,0.9,4,PYSENTIMIENTO,0.1,"[4, 3, 4]",0.025900899594501,4,"{""classifier_dropout"": 0.1, ""learning_rate"": 1e-05, ""loss_mode"": ""standard"", ""num_train_epochs"": 4, ""weight_decay"": 0.1}",COMPLETE,mx,2
19,0.6295902760110366,2026-10-02 14:18:21.474906,2026-10-02 14:19:36.970807,0 days 00:01:15.495901,16,0.3,0.1,1e-05,standard,0.9,6,PYSENTIMIENTO,0.1,"[6, 5, 4]",0.0156724881278897,5,"{""classifier_dropout"": 0.3, ""learning_rate"": 1e-05, ""loss_mode"": ""standard"", ""num_train_epochs"": 6, ""weight_decay"": 0.1}",COMPLETE,mx,2
0,0.656594377055251,2026-10-02 14:20:12.780195,2026-10-02 14:21:05.192329,0 days 00:00:52.412134,16,0.3,0.1,1e-05,balanced,0.9,4,PYSENTIMIENTO,0.1,"[4, 3, 3]",0.0322484981982109,3,,COMPLETE,mx,3
1,0.7028264774323465,2026-10-02 14:21:05.425668,2026-10-02 14:22:19.422116,0 days 00:01:13.996448,16,0.2,0.1,2e-05,standard,0.9,6,PYSENTIMIENTO,0.1,"[6, 6, 5]",0.0164230035638088,6,,COMPLETE,mx,3
2,0.7058795829497096,2026-10-02 14:22:19.648456,2026-10-02 14:23:34.380466,0 days 00:01:14.732010,16,0.1,0.1,2e-05,standard,0.9,6,PYSENTIMIENTO,0.01,"[5, 5, 6]",0.0158405933279384,5,,COMPLETE,mx,3
3,0.7107503508070439,2026-10-02 14:23:34.608842,2026-10-02 14:24:41.433446,0 days 00:01:06.824604,16,0.2,0.1,2e-05,balanced,0.9,6,PYSENTIMIENTO,0.01,"[4, 2, 5]",0.0338510129702321,4,,COMPLETE,mx,3
4,0.6806865725868564,2026-10-02 14:24:41.647885,2026-10-02 14:25:32.773230,0 days 00:00:51.125345,16,0.1,0.1,2e-05,standard,0.9,4,PYSENTIMIENTO,0.01,"[4, 4, 3]",0.0126522529757792,4,,COMPLETE,mx,3
5,0.7070806517020168,2026-10-02 14:25:32.993550,2026-10-02 14:26:49.124718,0 days 00:01:16.131168,16,0.3,0.1,2e-05,balanced,0.9,6,PYSENTIMIENTO,0.01,"[6, 6, 5]",0.0366102127904124,6,"{""classifier_dropout"": 0.3, ""learning_rate"": 2e-05, ""loss_mode"": ""balanced"", ""num_train_epochs"": 6, ""weight_decay"": 0.01}",COMPLETE,mx,3
6,0.6789611724444699,2026-10-02 14:26:49.350334,2026-10-02 14:28:03.583382,0 days 00:01:14.233048,16,0.2,0.1,1e-05,balanced,0.9,6,PYSENTIMIENTO,0.01,"[6, 6, 4]",0.0355007764027741,6,"{""classifier_dropout"": 0.2, ""learning_rate"": 1e-05, ""loss_mode"": ""balanced"", ""num_train_epochs"": 6, ""weight_decay"": 0.01}",COMPLETE,mx,3
7,0.7107503508070439,2026-10-02 14:28:03.807337,2026-10-02 14:28:03.932809,0 days 00:00:00.125472,16,0.2,0.1,2e-05,balanced,0.9,6,PYSENTIMIENTO,0.01,"[4, 2, 5]",0.0338510129702321,4,"{""classifier_dropout"": 0.2, ""learning_rate"": 2e-05, ""loss_mode"": ""balanced"", ""num_train_epochs"": 6, ""weight_decay"": 0.01}",COMPLETE,mx,3
8,0.6943924190695733,2026-10-02 14:28:04.158940,2026-10-02 14:28:55.392876,0 days 00:00:51.233936,16,0.2,0.1,2e-05,balanced,0.9,4,PYSENTIMIENTO,0.01,"[4, 4, 4]",0.0337425630498994,4,"{""classifier_dropout"": 0.2, ""learning_rate"": 2e-05, ""loss_mode"": ""balanced"", ""num_train_epochs"": 4, ""weight_decay"": 0.01}",COMPLETE,mx,3
9,0.7191879545741687,2026-10-02 14:28:55.624990,2026-10-02 14:30:06.050709,0 days 00:01:10.425719,16,0.1,0.1,2e-05,balanced,0.9,6,PYSENTIMIENTO,0.1,"[3, 5, 6]",0.029126824410324,5,"{""classifier_dropout"": 0.1, ""learning_rate"": 2e-05, ""loss_mode"": ""balanced"", ""num_train_epochs"": 6, ""weight_decay"": 0.1}",COMPLETE,mx,3
10,0.7191879545741687,2026-10-02 14:30:06.279896,2026-10-02 14:30:06.400882,0 days 00:00:00.120986,16,0.1,0.1,2e-05,balanced,0.9,6,PYSENTIMIENTO,0.1,"[3, 5, 6]",0.029126824410324,5,"{""classifier_dropout"": 0.1, ""learning_rate"": 2e-05, ""loss_mode"": ""balanced"", ""num_train_epochs"": 6, ""weight_decay"": 0.1}",COMPLETE,mx,3
11,0.7191879545741687,2026-10-02 14:30:06.628890,2026-10-02 14:30:06.753361,0 days 00:00:00.124471,16,0.1,0.1,2e-05,balanced,0.9,6,PYSENTIMIENTO,0.1,"[3, 5, 6]",0.029126824410324,5,"{""classifier_dropout"": 0.1, ""learning_rate"": 2e-05, ""loss_mode"": ""balanced"", ""num_train_epochs"": 6, ""weight_decay"": 0.1}",COMPLETE,mx,3
12,0.6876351619398253,2026-10-02 14:30:06.982888,2026-10-02 14:31:22.721005,0 days 00:01:15.738117,16,0.1,0.1,1e-05,balanced,0.9,6,PYSENTIMIENTO,0.1,"[6, 5, 4]",0.0333794920482731,5,"{""classifier_dropout"": 0.1, ""learning_rate"": 1e-05, ""loss_mode"": ""balanced"", ""num_train_epochs"": 6, ""weight_decay"": 0.1}",COMPLETE,mx,3
13,0.7038712463575387,2026-10-02 14:31:22.948037,2026-10-02 14:32:13.972816,0 days 00:00:51.024779,16,0.1,0.1,2e-05,balanced,0.9,4,PYSENTIMIENTO,0.1,"[4, 3, 4]",0.0283177434597761,4,"{""classifier_dropout"": 0.1, ""learning_rate"": 2e-05, ""loss_mode"": ""balanced"", ""num_train_epochs"": 4, ""weight_decay"": 0.1}",COMPLETE,mx,3
14,0.7063311041532435,2026-10-02 14:32:14.194282,2026-10-02 14:33:25.029101,0 days 00:01:10.834819,16,0.3,0.1,2e-05,balanced,0.9,6,PYSENTIMIENTO,0.1,"[6, 3, 5]",0.0349192844137731,5,"{""classifier_dropout"": 0.3, ""learning_rate"": 2e-05, ""loss_mode"": ""balanced"", ""num_train_epochs"": 6, ""weight_decay"": 0.1}",COMPLETE,mx,3
15,0.6385765686605995,2026-10-02 14:33:25.246636,2026-10-02 14:34:39.761656,0 days 00:01:14.515020,16,0.3,0.1,1e-05,standard,0.9,6,PYSENTIMIENTO,0.1,"[6, 6, 6]",0.0091272163711002,6,"{""classifier_dropout"": 0.3, ""learning_rate"": 1e-05, ""loss_mode"": ""standard"", ""num_train_epochs"": 6, ""weight_decay"": 0.1}",COMPLETE,mx,3
16,0.7068317021479871,2026-10-02 14:34:39.983237,2026-10-02 14:35:59.757375,0 days 00:01:19.774138,16,0.1,0.1,2e-05,standard,0.9,6,PYSENTIMIENTO,0.1,"[5, 5, 6]",0.0164233867759891,5,"{""classifier_dropout"": 0.1, ""learning_rate"": 2e-05, ""loss_mode"": ""standard"", ""num_train_epochs"": 6, ""weight_decay"": 0.1}",COMPLETE,mx,3
17,0.6603343732308319,2026-10-02 14:35:59.988455,2026-10-02 14:36:54.954309,0 days 00:00:54.965854,16,0.3,0.1,2e-05,standard,0.9,4,PYSENTIMIENTO,0.1,"[4, 4, 4]",0.0133934278553438,4,"{""classifier_dropout"": 0.3, ""learning_rate"": 2e-05, ""loss_mode"": ""standard"", ""num_train_epochs"": 4, ""weight_decay"": 0.1}",COMPLETE,mx,3
18,0.6681283596872868,2026-10-02 14:36:55.188682,2026-10-02 14:37:50.531841,0 days 00:00:55.343159,16,0.1,0.1,1e-05,balanced,0.9,4,PYSENTIMIENTO,0.01,"[4, 4, 4]",0.0360299270257421,4,"{""classifier_dropout"": 0.1, ""learning_rate"": 1e-05, ""loss_mode"": ""balanced"", ""num_train_epochs"": 4, ""weight_decay"": 0.01}",COMPLETE,mx,3
19,0.5935594117651447,2026-10-02 14:37:50.765464,2026-10-02 14:38:45.537270,0 days 00:00:54.771806,16,0.2,0.1,1e-05,standard,0.9,4,PYSENTIMIENTO,0.1,"[4, 3, 4]",0.0143776659446279,4,"{""classifier_dropout"": 0.2, ""learning_rate"": 1e-05, ""loss_mode"": ""standard"", ""num_train_epochs"": 4, ""weight_decay"": 0.1}",COMPLETE,mx,3
0,0.6657209873761555,2026-10-02 14:39:22.937596,2026-10-02 14:40:42.505609,0 days 00:01:19.568013,16,0.1,0.1,1e-05,balanced,0.9,6,PYSENTIMIENTO,0.1,"[5, 5, 4]",0.0362446387342647,5,,COMPLETE,mx,4
1,0.6704221889561145,2026-10-02 14:40:42.753475,2026-10-02 14:41:54.109953,0 days 00:01:11.356478,16,0.1,0.1,2e-05,standard,0.9,6,PYSENTIMIENTO,0.01,"[6, 3, 3]",0.0297052323441629,3,,COMPLETE,mx,4
2,0.6864870993065196,2026-10-02 14:41:54.345903,2026-10-02 14:43:05.143547,0 days 00:01:10.797644,16,0.2,0.1,2e-05,balanced,0.9,6,PYSENTIMIENTO,0.01,"[2, 6, 4]",0.0413846625319755,4,,COMPLETE,mx,4
3,0.5772325967112719,2026-10-02 14:43:05.366218,2026-10-02 14:43:59.975846,0 days 00:00:54.609628,16,0.1,0.1,1e-05,standard,0.9,4,PYSENTIMIENTO,0.1,"[4, 4, 4]",0.031644150576921,4,,COMPLETE,mx,4
4,0.6843582551254966,2026-10-02 14:44:00.207001,2026-10-02 14:45:15.795369,0 days 00:01:15.588368,16,0.3,0.1,2e-05,balanced,0.9,6,PYSENTIMIENTO,0.1,"[3, 6, 5]",0.0449049834539884,5,,COMPLETE,mx,4
5,0.6148632660052322,2026-10-02 14:45:16.038473,2026-10-02 14:46:35.921636,0 days 00:01:19.883163,16,0.2,0.1,1e-05,standard,0.9,6,PYSENTIMIENTO,0.01,"[6, 6, 6]",0.0259184916614786,6,"{""classifier_dropout"": 0.2, ""learning_rate"": 1e-05, ""loss_mode"": ""standard"", ""num_train_epochs"": 6, ""weight_decay"": 0.01}",COMPLETE,mx,4
6,0.6864870993065196,2026-10-02 14:46:36.158672,2026-10-02 14:46:36.283776,0 days 00:00:00.125104,16,0.2,0.1,2e-05,balanced,0.9,6,PYSENTIMIENTO,0.01,"[2, 6, 4]",0.0413846625319755,4,"{""classifier_dropout"": 0.2, ""learning_rate"": 2e-05, ""loss_mode"": ""balanced"", ""num_train_epochs"": 6, ""weight_decay"": 0.01}",COMPLETE,mx,4
7,0.6690180483920618,2026-10-02 14:46:36.516820,2026-10-02 14:47:29.955432,0 days 00:00:53.438612,16,0.2,0.1,2e-05,balanced,0.9,4,PYSENTIMIENTO,0.1,"[4, 4, 4]",0.0358863581697649,4,"{""classifier_dropout"": 0.2, ""learning_rate"": 2e-05, ""loss_mode"": ""balanced"", ""num_train_epochs"": 4, ""weight_decay"": 0.1}",COMPLETE,mx,4
8,0.6434040041892508,2026-10-02 14:47:30.187288,2026-10-02 14:48:24.140463,0 days 00:00:53.953175,16,0.1,0.1,1e-05,balanced,0.9,4,PYSENTIMIENTO,0.01,"[2, 4, 4]",0.0388316957976046,4,"{""classifier_dropout"": 0.1, ""learning_rate"": 1e-05, ""loss_mode"": ""balanced"", ""num_train_epochs"": 4, ""weight_decay"": 0.01}",COMPLETE,mx,4
9,0.5281331059824385,2026-10-02 14:48:24.386196,2026-10-02 14:49:18.962670,0 days 00:00:54.576474,16,0.3,0.1,1e-05,standard,0.9,4,PYSENTIMIENTO,0.01,"[4, 4, 4]",0.0251538106719876,4,"{""classifier_dropout"": 0.3, ""learning_rate"": 1e-05, ""loss_mode"": ""standard"", ""num_train_epochs"": 4, ""weight_decay"": 0.01}",COMPLETE,mx,4
10,0.6614873402008318,2026-10-02 14:49:19.209474,2026-10-02 14:50:13.841324,0 days 00:00:54.631850,16,0.3,0.1,2e-05,balanced,0.9,4,PYSENTIMIENTO,0.01,"[4, 4, 4]",0.0363209476010226,4,"{""classifier_dropout"": 0.3, ""learning_rate"": 2e-05, ""loss_mode"": ""balanced"", ""num_train_epochs"": 4, ""weight_decay"": 0.01}",COMPLETE,mx,4
11,0.6864870993065196,2026-10-02 14:50:14.083603,2026-10-02 14:50:14.204770,0 days 00:00:00.121167,16,0.2,0.1,2e-05,balanced,0.9,6,PYSENTIMIENTO,0.01,"[2, 6, 4]",0.0413846625319755,4,"{""classifier_dropout"": 0.2, ""learning_rate"": 2e-05, ""loss_mode"": ""balanced"", ""num_train_epochs"": 6, ""weight_decay"": 0.01}",COMPLETE,mx,4
