number,value,datetime_start,datetime_complete,duration,params_batch_size,params_classifier_dropout,params_label_smoothing,params_learning_rate,params_loss_mode,params_lr_decay,params_num_train_epochs,params_preprocessing,params_weight_decay,user_attrs_best_epochs_inner,user_attrs_f1_inner_std,user_attrs_refit_epochs,system_attrs_tpe:relative_params:0,state,variante,outer_fold
16,0.7435730935076391,2026-10-02 17:05:06.263103,2026-10-02 17:06:25.849287,0 days 00:01:19.586184,16,0.3,0.1,2e-05,balanced,0.9,6,PYSENTIMIENTO,0.01,"[5, 5, 5]",0.0134147015768314,5,"{""classifier_dropout"": 0.3, ""learning_rate"": 2e-05, ""loss_mode"": ""balanced"", ""num_train_epochs"": 6, ""weight_decay"": 0.01}",COMPLETE,cu,1
17,0.6001748455100565,2026-10-02 17:06:26.084138,2026-10-02 17:07:18.384467,0 days 00:00:52.300329,16,0.2,0.1,1e-05,standard,0.9,4,PYSENTIMIENTO,0.01,"[4, 4, 4]",0.0156368403184159,4,"{""classifier_dropout"": 0.2, ""learning_rate"": 1e-05, ""loss_mode"": ""standard"", ""num_train_epochs"": 4, ""weight_decay"": 0.01}",COMPLETE,cu,1
18,0.746347435790255,2026-10-02 17:07:18.614379,2026-10-02 17:08:35.608780,0 days 00:01:16.994401,16,0.2,0.1,2e-05,balanced,0.9,6,PYSENTIMIENTO,0.1,"[5, 5, 6]",0.0157414522141594,5,"{""classifier_dropout"": 0.2, ""learning_rate"": 2e-05, ""loss_mode"": ""balanced"", ""num_train_epochs"": 6, ""weight_decay"": 0.1}",COMPLETE,cu,1
19,0.746347435790255,2026-10-02 17:08:35.840643,2026-10-02 17:08:35.966516,0 days 00:00:00.125873,16,0.2,0.1,2e-05,balanced,0.9,6,PYSENTIMIENTO,0.1,"[5, 5, 6]",0.0157414522141594,5,"{""classifier_dropout"": 0.2, ""learning_rate"": 2e-05, ""loss_mode"": ""balanced"", ""num_train_epochs"": 6, ""weight_decay"": 0.1}",COMPLETE,cu,1
0,0.6772937029227588,2026-10-02 17:09:12.952868,2026-10-02 17:10:06.626849,0 days 00:00:53.673981,16,0.3,0.1,1e-05,balanced,0.9,4,PYSENTIMIENTO,0.1,"[3, 4, 4]",0.0247175649479484,4,,COMPLETE,cu,2
1,0.6714332831036662,2026-10-02 17:10:06.860666,2026-10-02 17:11:24.670365,0 days 00:01:17.809699,16,0.2,0.1,1e-05,standard,0.9,6,PYSENTIMIENTO,0.01,"[6, 5, 5]",0.0229770401861084,5,,COMPLETE,cu,2
2,0.7196879660576201,2026-10-02 17:11:24.907822,2026-10-02 17:12:42.494542,0 days 00:01:17.586720,16,0.3,0.1,2e-05,standard,0.9,6,PYSENTIMIENTO,0.01,"[4, 5, 5]",0.0278709829368803,5,,COMPLETE,cu,2
3,0.7268165699778413,2026-10-02 17:12:42.735474,2026-10-02 17:13:35.569167,0 days 00:00:52.833693,16,0.2,0.1,2e-05,balanced,0.9,4,PYSENTIMIENTO,0.1,"[3, 4, 4]",0.0225055933338196,4,,COMPLETE,cu,2
4,0.6993814827769692,2026-10-02 17:13:35.802084,2026-10-02 17:14:53.097309,0 days 00:01:17.295225,16,0.3,0.1,1e-05,balanced,0.9,6,PYSENTIMIENTO,0.01,"[5, 6, 6]",0.0296848952076038,6,,COMPLETE,cu,2
5,0.6962856568648065,2026-10-02 17:14:53.337072,2026-10-02 17:15:47.298656,0 days 00:00:53.961584,16,0.2,0.1,2e-05,standard,0.9,4,PYSENTIMIENTO,0.1,"[4, 4, 4]",0.0215020073667184,4,"{""classifier_dropout"": 0.2, ""learning_rate"": 2e-05, ""loss_mode"": ""standard"", ""num_train_epochs"": 4, ""weight_decay"": 0.1}",COMPLETE,cu,2
6,0.7268165699778413,2026-10-02 17:15:47.531723,2026-10-02 17:15:47.659385,0 days 00:00:00.127662,16,0.2,0.1,2e-05,balanced,0.9,4,PYSENTIMIENTO,0.1,"[3, 4, 4]",0.0225055933338196,4,"{""classifier_dropout"": 0.2, ""learning_rate"": 2e-05, ""loss_mode"": ""balanced"", ""num_train_epochs"": 4, ""weight_decay"": 0.1}",COMPLETE,cu,2
7,0.7286507964640201,2026-10-02 17:15:47.897826,2026-10-02 17:16:40.926533,0 days 00:00:53.028707,16,0.1,0.1,2e-05,balanced,0.9,4,PYSENTIMIENTO,0.01,"[3, 4, 4]",0.0215544955857286,4,"{""classifier_dropout"": 0.1, ""learning_rate"": 2e-05, ""loss_mode"": ""balanced"", ""num_train_epochs"": 4, ""weight_decay"": 0.01}",COMPLETE,cu,2
8,0.7286507964640201,2026-10-02 17:16:41.154570,2026-10-02 17:16:41.291829,0 days 00:00:00.137259,16,0.1,0.1,2e-05,balanced,0.9,4,PYSENTIMIENTO,0.01,"[3, 4, 4]",0.0215544955857286,4,"{""classifier_dropout"": 0.1, ""learning_rate"": 2e-05, ""loss_mode"": ""balanced"", ""num_train_epochs"": 4, ""weight_decay"": 0.01}",COMPLETE,cu,2
9,0.7452310215376373,2026-10-02 17:16:41.533219,2026-10-02 17:18:00.177912,0 days 00:01:18.644693,16,0.1,0.1,2e-05,balanced,0.9,6,PYSENTIMIENTO,0.01,"[5, 6, 5]",0.0142153315999206,5,"{""classifier_dropout"": 0.1, ""learning_rate"": 2e-05, ""loss_mode"": ""balanced"", ""num_train_epochs"": 6, ""weight_decay"": 0.01}",COMPLETE,cu,2
10,0.7452310215376373,2026-10-02 17:18:00.415369,2026-10-02 17:19:17.974381,0 days 00:01:17.559012,16,0.1,0.1,2e-05,balanced,0.9,6,PYSENTIMIENTO,0.1,"[5, 6, 5]",0.0142153315999206,5,"{""classifier_dropout"": 0.1, ""learning_rate"": 2e-05, ""loss_mode"": ""balanced"", ""num_train_epochs"": 6, ""weight_decay"": 0.1}",COMPLETE,cu,2
11,0.7452310215376373,2026-10-02 17:19:18.212399,2026-10-02 17:19:18.338958,0 days 00:00:00.126559,16,0.1,0.1,2e-05,balanced,0.9,6,PYSENTIMIENTO,0.1,"[5, 6, 5]",0.0142153315999206,5,"{""classifier_dropout"": 0.1, ""learning_rate"": 2e-05, ""loss_mode"": ""balanced"", ""num_train_epochs"": 6, ""weight_decay"": 0.1}",COMPLETE,cu,2
12,0.7452310215376373,2026-10-02 17:19:18.560113,2026-10-02 17:19:18.689291,0 days 00:00:00.129178,16,0.1,0.1,2e-05,balanced,0.9,6,PYSENTIMIENTO,0.01,"[5, 6, 5]",0.0142153315999206,5,"{""classifier_dropout"": 0.1, ""learning_rate"": 2e-05, ""loss_mode"": ""balanced"", ""num_train_epochs"": 6, ""weight_decay"": 0.01}",COMPLETE,cu,2
13,0.7328330995915127,2026-10-02 17:19:18.926165,2026-10-02 17:20:37.850825,0 days 00:01:18.924660,16,0.1,0.1,2e-05,standard,0.9,6,PYSENTIMIENTO,0.1,"[6, 5, 5]",0.0251822624489366,5,"{""classifier_dropout"": 0.1, ""learning_rate"": 2e-05, ""loss_mode"": ""standard"", ""num_train_epochs"": 6, ""weight_decay"": 0.1}",COMPLETE,cu,2
14,0.7157419054490992,2026-10-02 17:20:38.076529,2026-10-02 17:21:56.135359,0 days 00:01:18.058830,16,0.1,0.1,1e-05,balanced,0.9,6,PYSENTIMIENTO,0.1,"[6, 6, 6]",0.0230610488094404,6,"{""classifier_dropout"": 0.1, ""learning_rate"": 1e-05, ""loss_mode"": ""balanced"", ""num_train_epochs"": 6, ""weight_decay"": 0.1}",COMPLETE,cu,2
15,0.7372981172996035,2026-10-02 17:21:56.384143,2026-10-02 17:23:13.790976,0 days 00:01:17.406833,16,0.3,0.1,2e-05,balanced,0.9,6,PYSENTIMIENTO,0.1,"[6, 6, 6]",0.024073985472029,6,"{""classifier_dropout"": 0.3, ""learning_rate"": 2e-05, ""loss_mode"": ""balanced"", ""num_train_epochs"": 6, ""weight_decay"": 0.1}",COMPLETE,cu,2
16,0.7166628953917643,2026-10-02 17:23:14.024308,2026-10-02 17:24:32.126043,0 days 00:01:18.101735,16,0.1,0.1,1e-05,balanced,0.9,6,PYSENTIMIENTO,0.01,"[6, 6, 6]",0.0243934440383385,6,"{""classifier_dropout"": 0.1, ""learning_rate"": 1e-05, ""loss_mode"": ""balanced"", ""num_train_epochs"": 6, ""weight_decay"": 0.01}",COMPLETE,cu,2
17,0.7433815992458652,2026-10-02 17:24:32.360699,2026-10-02 17:25:50.864671,0 days 00:01:18.503972,16,0.2,0.1,2e-05,balanced,0.9,6,PYSENTIMIENTO,0.01,"[6, 6, 5]",0.0198290350299963,6,"{""classifier_dropout"": 0.2, ""learning_rate"": 2e-05, ""loss_mode"": ""balanced"", ""num_train_epochs"": 6, ""weight_decay"": 0.01}",COMPLETE,cu,2
18,0.6276305819255054,2026-10-02 17:25:51.091904,2026-10-02 17:26:43.805765,0 days 00:00:52.713861,16,0.1,0.1,1e-05,standard,0.9,4,PYSENTIMIENTO,0.1,"[4, 4, 4]",0.016466870042172,4,"{""classifier_dropout"": 0.1, ""learning_rate"": 1e-05, ""loss_mode"": ""standard"", ""num_train_epochs"": 4, ""weight_decay"": 0.1}",COMPLETE,cu,2
19,0.7333167643645185,2026-10-02 17:26:44.035510,2026-10-02 17:28:01.306300,0 days 00:01:17.270790,16,0.1,0.1,2e-05,standard,0.9,6,PYSENTIMIENTO,0.01,"[6, 5, 5]",0.0247587473814778,5,"{""classifier_dropout"": 0.1, ""learning_rate"": 2e-05, ""loss_mode"": ""standard"", ""num_train_epochs"": 6, ""weight_decay"": 0.01}",COMPLETE,cu,2
0,0.6803733284518683,2026-10-02 17:28:38.789083,2026-10-02 17:29:32.806016,0 days 00:00:54.016933,16,0.3,0.1,1e-05,balanced,0.9,4,PYSENTIMIENTO,0.1,"[4, 4, 4]",0.0113294657749288,4,,COMPLETE,cu,3
1,0.73207467576285,2026-10-02 17:29:33.044551,2026-10-02 17:30:50.423821,0 days 00:01:17.379270,16,0.2,0.1,2e-05,standard,0.9,6,PYSENTIMIENTO,0.1,"[4, 4, 6]",0.0069936536679073,4,,COMPLETE,cu,3
2,0.7322457023467542,2026-10-02 17:30:50.657642,2026-10-02 17:32:08.544636,0 days 00:01:17.886994,16,0.1,0.1,2e-05,standard,0.9,6,PYSENTIMIENTO,0.01,"[4, 4, 6]",0.0039420217051197,4,,COMPLETE,cu,3
3,0.7420055786783465,2026-10-02 17:32:08.780094,2026-10-02 17:33:25.434226,0 days 00:01:16.654132,16,0.2,0.1,2e-05,balanced,0.9,6,PYSENTIMIENTO,0.01,"[6, 5, 6]",0.015348619808361,6,,COMPLETE,cu,3
4,0.7078018028544815,2026-10-02 17:33:25.663441,2026-10-02 17:34:18.432994,0 days 00:00:52.769553,16,0.1,0.1,2e-05,standard,0.9,4,PYSENTIMIENTO,0.01,"[4, 3, 3]",0.0040760473092963,3,,COMPLETE,cu,3
5,0.7402189890686698,2026-10-02 17:34:18.671010,2026-10-02 17:35:36.955772,0 days 00:01:18.284762,16,0.3,0.1,2e-05,balanced,0.9,6,PYSENTIMIENTO,0.01,"[6, 6, 6]",0.0179354640703631,6,"{""classifier_dropout"": 0.3, ""learning_rate"": 2e-05, ""loss_mode"": ""balanced"", ""num_train_epochs"": 6, ""weight_decay"": 0.01}",COMPLETE,cu,3
6,0.7142423132843781,2026-10-02 17:35:37.197127,2026-10-02 17:36:56.572630,0 days 00:01:19.375503,16,0.2,0.1,1e-05,balanced,0.9,6,PYSENTIMIENTO,0.01,"[6, 5, 5]",0.017654591885301,5,"{""classifier_dropout"": 0.2, ""learning_rate"": 1e-05, ""loss_mode"": ""balanced"", ""num_train_epochs"": 6, ""weight_decay"": 0.01}",COMPLETE,cu,3
7,0.7420055786783465,2026-10-02 17:36:56.809396,2026-10-02 17:36:56.919936,0 days 00:00:00.110540,16,0.2,0.1,2e-05,balanced,0.9,6,PYSENTIMIENTO,0.01,"[6, 5, 6]",0.015348619808361,6,"{""classifier_dropout"": 0.2, ""learning_rate"": 2e-05, ""loss_mode"": ""balanced"", ""num_train_epochs"": 6, ""weight_decay"": 0.01}",COMPLETE,cu,3
8,0.7299234114466683,2026-10-02 17:36:57.164992,2026-10-02 17:37:50.975453,0 days 00:00:53.810461,16,0.2,0.1,2e-05,balanced,0.9,4,PYSENTIMIENTO,0.01,"[4, 4, 3]",0.0072468879643775,4,"{""classifier_dropout"": 0.2, ""learning_rate"": 2e-05, ""loss_mode"": ""balanced"", ""num_train_epochs"": 4, ""weight_decay"": 0.01}",COMPLETE,cu,3
9,0.7462532223091062,2026-10-02 17:37:51.215563,2026-10-02 17:39:08.549537,0 days 00:01:17.333974,16,0.1,0.1,2e-05,balanced,0.9,6,PYSENTIMIENTO,0.1,"[6, 4, 4]",0.0178440786547153,4,"{""classifier_dropout"": 0.1, ""learning_rate"": 2e-05, ""loss_mode"": ""balanced"", ""num_train_epochs"": 6, ""weight_decay"": 0.1}",COMPLETE,cu,3
10,0.7462532223091062,2026-10-02 17:39:08.787807,2026-10-02 17:39:08.905106,0 days 00:00:00.117299,16,0.1,0.1,2e-05,balanced,0.9,6,PYSENTIMIENTO,0.1,"[6, 4, 4]",0.0178440786547153,4,"{""classifier_dropout"": 0.1, ""learning_rate"": 2e-05, ""loss_mode"": ""balanced"", ""num_train_epochs"": 6, ""weight_decay"": 0.1}",COMPLETE,cu,3
11,0.7462532223091062,2026-10-02 17:39:09.127311,2026-10-02 17:39:09.253168,0 days 00:00:00.125857,16,0.1,0.1,2e-05,balanced,0.9,6,PYSENTIMIENTO,0.1,"[6, 4, 4]",0.0178440786547153,4,"{""classifier_dropout"": 0.1, ""learning_rate"": 2e-05, ""loss_mode"": ""balanced"", ""num_train_epochs"": 6, ""weight_decay"": 0.1}",COMPLETE,cu,3
12,0.7216782406723778,2026-10-02 17:39:09.497472,2026-10-02 17:40:27.121940,0 days 00:01:17.624468,16,0.1,0.1,1e-05,balanced,0.9,6,PYSENTIMIENTO,0.1,"[6, 6, 6]",0.0219466687637046,6,"{""classifier_dropout"": 0.1, ""learning_rate"": 1e-05, ""loss_mode"": ""balanced"", ""num_train_epochs"": 6, ""weight_decay"": 0.1}",COMPLETE,cu,3
13,0.7297831293241878,2026-10-02 17:40:27.370914,2026-10-02 17:41:21.797966,0 days 00:00:54.427052,16,0.1,0.1,2e-05,balanced,0.9,4,PYSENTIMIENTO,0.1,"[3, 3, 3]",0.0112611859893114,3,"{""classifier_dropout"": 0.1, ""learning_rate"": 2e-05, ""loss_mode"": ""balanced"", ""num_train_epochs"": 4, ""weight_decay"": 0.1}",COMPLETE,cu,3
14,0.7389710515508682,2026-10-02 17:41:22.026269,2026-10-02 17:42:36.050672,0 days 00:01:14.024403,16,0.3,0.1,2e-05,balanced,0.9,6,PYSENTIMIENTO,0.1,"[3, 6, 6]",0.0179255455474287,6,"{""classifier_dropout"": 0.3, ""learning_rate"": 2e-05, ""loss_mode"": ""balanced"", ""num_train_epochs"": 6, ""weight_decay"": 0.1}",COMPLETE,cu,3
15,0.6415449916281418,2026-10-02 17:42:36.293101,2026-10-02 17:43:54.458405,0 days 00:01:18.165304,16,0.3,0.1,1e-05,standard,0.9,6,PYSENTIMIENTO,0.1,"[5, 6, 6]",0.0205236152406874,6,"{""classifier_dropout"": 0.3, ""learning_rate"": 1e-05, ""loss_mode"": ""standard"", ""num_train_epochs"": 6, ""weight_decay"": 0.1}",COMPLETE,cu,3
16,0.7320007158948596,2026-10-02 17:43:54.695643,2026-10-02 17:45:11.841937,0 days 00:01:17.146294,16,0.1,0.1,2e-05,standard,0.9,6,PYSENTIMIENTO,0.1,"[4, 4, 6]",0.0057913026880987,4,"{""classifier_dropout"": 0.1, ""learning_rate"": 2e-05, ""loss_mode"": ""standard"", ""num_train_epochs"": 6, ""weight_decay"": 0.1}",COMPLETE,cu,3
17,0.6804125663858255,2026-10-02 17:45:12.070181,2026-10-02 17:46:05.736286,0 days 00:00:53.666105,16,0.3,0.1,2e-05,standard,0.9,4,PYSENTIMIENTO,0.1,"[4, 3, 3]",0.0274838641743652,3,"{""classifier_dropout"": 0.3, ""learning_rate"": 2e-05, ""loss_mode"": ""standard"", ""num_train_epochs"": 4, ""weight_decay"": 0.1}",COMPLETE,cu,3
18,0.6919618186807784,2026-10-02 17:46:05.973851,2026-10-02 17:47:00.265593,0 days 00:00:54.291742,16,0.1,0.1,1e-05,balanced,0.9,4,PYSENTIMIENTO,0.01,"[4, 4, 4]",0.0135771756152997,4,"{""classifier_dropout"": 0.1, ""learning_rate"": 1e-05, ""loss_mode"": ""balanced"", ""num_train_epochs"": 4, ""weight_decay"": 0.01}",COMPLETE,cu,3
19,0.5909876729760912,2026-10-02 17:47:00.503552,2026-10-02 17:47:53.870174,0 days 00:00:53.366622,16,0.2,0.1,1e-05,standard,0.9,4,PYSENTIMIENTO,0.1,"[4, 4, 3]",0.0194334956974914,4,"{""classifier_dropout"": 0.2, ""learning_rate"": 1e-05, ""loss_mode"": ""standard"", ""num_train_epochs"": 4, ""weight_decay"": 0.1}",COMPLETE,cu,3
0,0.7360596849958553,2026-10-02 17:48:24.236748,2026-10-02 17:49:41.589479,0 days 00:01:17.352731,16,0.1,0.1,1e-05,balanced,0.9,6,PYSENTIMIENTO,0.1,"[6, 6, 5]",0.0080569951524504,6,,COMPLETE,cu,4
1,0.7398665982212941,2026-10-02 17:49:41.822371,2026-10-02 17:50:52.234906,0 days 00:01:10.412535,16,0.1,0.1,2e-05,standard,0.9,6,PYSENTIMIENTO,0.01,"[6, 6, 2]",0.0124891628959139,6,,COMPLETE,cu,4
2,0.7535136716071236,2026-10-02 17:50:52.464076,2026-10-02 17:52:06.085319,0 days 00:01:13.621243,16,0.2,0.1,2e-05,balanced,0.9,6,PYSENTIMIENTO,0.01,"[3, 5, 6]",0.0087623415493534,5,,COMPLETE,cu,4
3,0.6472157415062113,2026-10-02 17:52:06.320956,2026-10-02 17:52:59.186692,0 days 00:00:52.865736,16,0.1,0.1,1e-05,standard,0.9,4,PYSENTIMIENTO,0.1,"[4, 4, 4]",0.0254467354763479,4,,COMPLETE,cu,4
4,0.754166727743975,2026-10-02 17:52:59.424169,2026-10-02 17:54:17.467689,0 days 00:01:18.043520,16,0.3,0.1,2e-05,balanced,0.9,6,PYSENTIMIENTO,0.1,"[5, 6, 6]",0.0108338621683933,6,,COMPLETE,cu,4
5,0.754166727743975,2026-10-02 17:54:17.697832,2026-10-02 17:54:17.818407,0 days 00:00:00.120575,16,0.3,0.1,2e-05,balanced,0.9,6,PYSENTIMIENTO,0.1,"[5, 6, 6]",0.0108338621683933,6,"{""classifier_dropout"": 0.3, ""learning_rate"": 2e-05, ""loss_mode"": ""balanced"", ""num_train_epochs"": 6, ""weight_decay"": 0.1}",COMPLETE,cu,4
6,0.696148439452514,2026-10-02 17:54:18.055415,2026-10-02 17:55:10.579826,0 days 00:00:52.524411,16,0.3,0.1,2e-05,standard,0.9,4,PYSENTIMIENTO,0.1,"[4, 4, 2]",0.008904448857885,4,"{""classifier_dropout"": 0.3, ""learning_rate"": 2e-05, ""loss_mode"": ""standard"", ""num_train_epochs"": 4, ""weight_decay"": 0.1}",COMPLETE,cu,4
7,0.7250261667879299,2026-10-02 17:55:10.814594,2026-10-02 17:56:29.455213,0 days 00:01:18.640619,16,0.3,0.1,1e-05,balanced,0.9,6,PYSENTIMIENTO,0.01,"[6, 5, 5]",0.0101259579628118,5,"{""classifier_dropout"": 0.3, ""learning_rate"": 1e-05, ""loss_mode"": ""balanced"", ""num_train_epochs"": 6, ""weight_decay"": 0.01}",COMPLETE,cu,4
8,0.6916716916236697,2026-10-02 17:56:29.685856,2026-10-02 17:57:23.210491,0 days 00:00:53.524635,16,0.3,0.1,1e-05,balanced,0.9,4,PYSENTIMIENTO,0.1,"[4, 4, 3]",0.0077073084474536,4,"{""classifier_dropout"": 0.3, ""learning_rate"": 1e-05, ""loss_mode"": ""balanced"", ""num_train_epochs"": 4, ""weight_decay"": 0.1}",COMPLETE,cu,4
9,0.7363858509220327,2026-10-02 17:57:23.441129,2026-10-02 17:58:17.539269,0 days 00:00:54.098140,16,0.3,0.1,2e-05,balanced,0.9,4,PYSENTIMIENTO,0.01,"[3, 4, 4]",0.0019919492051343,4,"{""classifier_dropout"": 0.3, ""learning_rate"": 2e-05, ""loss_mode"": ""balanced"", ""num_train_epochs"": 4, ""weight_decay"": 0.01}",COMPLETE,cu,4
10,0.7410968980531019,2026-10-02 17:58:17.781938,2026-10-02 17:59:35.898651,0 days 00:01:18.116713,16,0.2,0.1,2e-05,standard,0.9,6,PYSENTIMIENTO,0.1,"[6, 6, 5]",0.0136224093739319,6,"{""classifier_dropout"": 0.2, ""learning_rate"": 2e-05, ""loss_mode"": ""standard"", ""num_train_epochs"": 6, ""weight_decay"": 0.1}",COMPLETE,cu,4
11,0.754166727743975,2026-10-02 17:59:36.132136,2026-10-02 17:59:36.257825,0 days 00:00:00.125689,16,0.3,0.1,2e-05,balanced,0.9,6,PYSENTIMIENTO,0.1,"[5, 6, 6]",0.0108338621683933,6,"{""classifier_dropout"": 0.3, ""learning_rate"": 2e-05, ""loss_mode"": ""balanced"", ""num_train_epochs"": 6, ""weight_decay"": 0.1}",COMPLETE,cu,4
12,0.7515718476210221,2026-10-02 17:59:36.495084,2026-10-02 18:00:46.804314,0 days 00:01:10.309230,16,0.1,0.1,2e-05,balanced,0.9,6,PYSENTIMIENTO,0.1,"[2, 6, 5]",0.0123739579089646,5,"{""classifier_dropout"": 0.1, ""learning_rate"": 2e-05, ""loss_mode"": ""balanced"", ""num_train_epochs"": 6, ""weight_decay"": 0.1}",COMPLETE,cu,4
13,0.6758188359909343,2026-10-02 18:00:47.036086,2026-10-02 18:02:04.175998,0 days 00:01:17.139912,16,0.3,0.1,1e-05,standard,0.9,6,PYSENTIMIENTO,0.1,"[4, 6, 6]",0.011857070073021,6,"{""classifier_dropout"": 0.3, ""learning_rate"": 1e-05, ""loss_mode"": ""standard"", ""num_train_epochs"": 6, ""weight_decay"": 0.1}",COMPLETE,cu,4
14,0.7396311720381029,2026-10-02 18:02:04.414298,2026-10-02 18:02:57.277674,0 days 00:00:52.863376,16,0.2,0.1,2e-05,balanced,0.9,4,PYSENTIMIENTO,0.1,"[3, 4, 4]",0.0086104369172209,4,"{""classifier_dropout"": 0.2, ""learning_rate"": 2e-05, ""loss_mode"": ""balanced"", ""num_train_epochs"": 4, ""weight_decay"": 0.1}",COMPLETE,cu,4
15,0.7538521325560845,2026-10-02 18:02:57.514032,2026-10-02 18:04:14.597692,0 days 00:01:17.083660,16,0.3,0.1,2e-05,balanced,0.9,6,PYSENTIMIENTO,0.01,"[5, 5, 6]",0.0114292522505894,5,"{""classifier_dropout"": 0.3, ""learning_rate"": 2e-05, ""loss_mode"": ""balanced"", ""num_train_epochs"": 6, ""weight_decay"": 0.01}",COMPLETE,cu,4
16,0.7355778005123806,2026-10-02 18:04:14.829430,2026-10-02 18:05:32.498553,0 days 00:01:17.669123,16,0.3,0.1,2e-05,standard,0.9,6,PYSENTIMIENTO,0.1,"[4, 5, 5]",0.0125408616055689,5,"{""classifier_dropout"": 0.3, ""learning_rate"": 2e-05, ""loss_mode"": ""standard"", ""num_train_epochs"": 6, ""weight_decay"": 0.1}",COMPLETE,cu,4
17,0.7376979056930116,2026-10-02 18:05:32.745685,2026-10-02 18:06:27.161050,0 days 00:00:54.415365,16,0.3,0.1,2e-05,balanced,0.9,4,PYSENTIMIENTO,0.1,"[3, 4, 4]",0.0054662456840523,4,"{""classifier_dropout"": 0.3, ""learning_rate"": 2e-05, ""loss_mode"": ""balanced"", ""num_train_epochs"": 4, ""weight_decay"": 0.1}",COMPLETE,cu,4
18,0.7154606487264376,2026-10-02 18:06:27.401529,2026-10-02 18:07:20.184200,0 days 00:00:52.782671,16,0.1,0.1,1e-05,balanced,0.9,4,PYSENTIMIENTO,0.01,"[4, 4, 4]",0.0074949636173589,4,"{""classifier_dropout"": 0.1, ""learning_rate"": 1e-05, ""loss_mode"": ""balanced"", ""num_train_epochs"": 4, ""weight_decay"": 0.01}",COMPLETE,cu,4
19,0.5900258824036727,2026-10-02 18:07:20.426534,2026-10-02 18:08:13.146700,0 days 00:00:52.720166,16,0.3,0.1,1e-05,standard,0.9,4,PYSENTIMIENTO,0.01,"[3, 4, 4]",0.0283513425512375,4,"{""classifier_dropout"": 0.3, ""learning_rate"": 1e-05, ""loss_mode"": ""standard"", ""num_train_epochs"": 4, ""weight_decay"": 0.01}",COMPLETE,cu,4
0,0.7129384502416182,2026-10-02 18:08:56.853267,2026-10-02 18:09:49.368896,0 days 00:00:52.515629,16,0.1,0.1,2e-05,standard,0.9,4,PYSENTIMIENTO,0.1,"[3, 2, 4]",0.0107644055661037,3,,COMPLETE,cu,5
1,0.7263033330072083,2026-10-02 18:09:49.611575,2026-10-02 18:10:56.330193,0 days 00:01:06.718618,16,0.2,0.1,2e-05,standard,0.9,6,PYSENTIMIENTO,0.01,"[3, 2, 5]",0.0064954893361227,3,,COMPLETE,cu,5
2,0.6164955820972947,2026-10-02 18:10:56.565277,2026-10-02 18:11:50.279687,0 days 00:00:53.714410,16,0.1,0.1,1e-05,standard,0.9,4,PYSENTIMIENTO,0.1,"[3, 2, 4]",0.0157188928435066,3,,COMPLETE,cu,5
3,0.6899873235259192,2026-10-02 18:11:50.511003,2026-10-02 18:12:42.961283,0 days 00:00:52.450280,16,0.3,0.1,1e-05,balanced,0.9,4,PYSENTIMIENTO,0.1,"[4, 3, 4]",0.0109368876116495,4,,COMPLETE,cu,5
4,0.7267861469720455,2026-10-02 18:12:43.187711,2026-10-02 18:13:47.710897,0 days 00:01:04.523186,16,0.2,0.1,2e-05,standard,0.9,6,PYSENTIMIENTO,0.1,"[3, 2, 5]",0.0056860292433016,3,,COMPLETE,cu,5
5,0.740840839905669,2026-10-02 18:13:47.935236,2026-10-02 18:15:05.824760,0 days 00:01:17.889524,16,0.2,0.1,2e-05,balanced,0.9,6,PYSENTIMIENTO,0.1,"[5, 6, 6]",0.0192895760833327,6,"{""classifier_dropout"": 0.2, ""learning_rate"": 2e-05, ""loss_mode"": ""balanced"", ""num_train_epochs"": 6, ""weight_decay"": 0.1}",COMPLETE,cu,5
6,0.740840839905669,2026-10-02 18:15:06.065653,2026-10-02 18:15:06.193366,0 days 00:00:00.127713,16,0.2,0.1,2e-05,balanced,0.9,6,PYSENTIMIENTO,0.1,"[5, 6, 6]",0.0192895760833327,6,"{""classifier_dropout"": 0.2, ""learning_rate"": 2e-05, ""loss_mode"": ""balanced"", ""num_train_epochs"": 6, ""weight_decay"": 0.1}",COMPLETE,cu,5
7,0.7377991964576078,2026-10-02 18:15:06.426064,2026-10-02 18:16:25.529141,0 days 00:01:19.103077,16,0.1,0.1,2e-05,balanced,0.9,6,PYSENTIMIENTO,0.01,"[6, 6, 6]",0.0191805075404378,6,"{""classifier_dropout"": 0.1, ""learning_rate"": 2e-05, ""loss_mode"": ""balanced"", ""num_train_epochs"": 6, ""weight_decay"": 0.01}",COMPLETE,cu,5
8,0.6960577850626567,2026-10-02 18:16:25.751850,2026-10-02 18:17:19.353709,0 days 00:00:53.601859,16,0.2,0.1,1e-05,balanced,0.9,4,PYSENTIMIENTO,0.01,"[4, 3, 4]",0.0130005752680498,4,"{""classifier_dropout"": 0.2, ""learning_rate"": 1e-05, ""loss_mode"": ""balanced"", ""num_train_epochs"": 4, ""weight_decay"": 0.01}",COMPLETE,cu,5
