number,value,datetime_start,datetime_complete,duration,params_batch_size,params_classifier_dropout,params_label_smoothing,params_learning_rate,params_loss_mode,params_lr_decay,params_num_train_epochs,params_preprocessing,params_weight_decay,user_attrs_best_epochs_inner,user_attrs_f1_inner_std,user_attrs_refit_epochs,system_attrs_tpe:relative_params:0,state,variante,outer_fold
9,0.7261908263571377,2026-10-02 18:17:19.586580,2026-10-02 18:18:38.138719,0 days 00:01:18.552139,16,0.1,0.1,1e-05,balanced,0.9,6,PYSENTIMIENTO,0.1,"[6, 5, 6]",0.0218293099610655,6,"{""classifier_dropout"": 0.1, ""learning_rate"": 1e-05, ""loss_mode"": ""balanced"", ""num_train_epochs"": 6, ""weight_decay"": 0.1}",COMPLETE,cu,5
10,0.7372039100289935,2026-10-02 18:18:38.379935,2026-10-02 18:19:54.840641,0 days 00:01:16.460706,16,0.3,0.1,2e-05,balanced,0.9,6,PYSENTIMIENTO,0.1,"[6, 4, 5]",0.015256790609643,5,"{""classifier_dropout"": 0.3, ""learning_rate"": 2e-05, ""loss_mode"": ""balanced"", ""num_train_epochs"": 6, ""weight_decay"": 0.1}",COMPLETE,cu,5
11,0.740840839905669,2026-10-02 18:19:55.082364,2026-10-02 18:19:55.191584,0 days 00:00:00.109220,16,0.2,0.1,2e-05,balanced,0.9,6,PYSENTIMIENTO,0.1,"[5, 6, 6]",0.0192895760833327,6,"{""classifier_dropout"": 0.2, ""learning_rate"": 2e-05, ""loss_mode"": ""balanced"", ""num_train_epochs"": 6, ""weight_decay"": 0.1}",COMPLETE,cu,5
12,0.7225505497965462,2026-10-02 18:19:55.432191,2026-10-02 18:20:49.189519,0 days 00:00:53.757328,16,0.2,0.1,2e-05,balanced,0.9,4,PYSENTIMIENTO,0.1,"[3, 4, 4]",0.0206400251164584,4,"{""classifier_dropout"": 0.2, ""learning_rate"": 2e-05, ""loss_mode"": ""balanced"", ""num_train_epochs"": 4, ""weight_decay"": 0.1}",COMPLETE,cu,5
13,0.7239150229194341,2026-10-02 18:20:49.424664,2026-10-02 18:22:08.102528,0 days 00:01:18.677864,16,0.2,0.1,1e-05,balanced,0.9,6,PYSENTIMIENTO,0.1,"[6, 6, 6]",0.0199966329259407,6,"{""classifier_dropout"": 0.2, ""learning_rate"": 1e-05, ""loss_mode"": ""balanced"", ""num_train_epochs"": 6, ""weight_decay"": 0.1}",COMPLETE,cu,5
14,0.7408468973640479,2026-10-02 18:22:08.333799,2026-10-02 18:23:26.548244,0 days 00:01:18.214445,16,0.2,0.1,2e-05,balanced,0.9,6,PYSENTIMIENTO,0.01,"[5, 6, 6]",0.0197842662324194,6,"{""classifier_dropout"": 0.2, ""learning_rate"": 2e-05, ""loss_mode"": ""balanced"", ""num_train_epochs"": 6, ""weight_decay"": 0.01}",COMPLETE,cu,5
15,0.7408468973640479,2026-10-02 18:23:26.781020,2026-10-02 18:23:26.909692,0 days 00:00:00.128672,16,0.2,0.1,2e-05,balanced,0.9,6,PYSENTIMIENTO,0.01,"[5, 6, 6]",0.0197842662324194,6,"{""classifier_dropout"": 0.2, ""learning_rate"": 2e-05, ""loss_mode"": ""balanced"", ""num_train_epochs"": 6, ""weight_decay"": 0.01}",COMPLETE,cu,5
16,0.7408468973640479,2026-10-02 18:23:27.145082,2026-10-02 18:23:27.270659,0 days 00:00:00.125577,16,0.2,0.1,2e-05,balanced,0.9,6,PYSENTIMIENTO,0.01,"[5, 6, 6]",0.0197842662324194,6,"{""classifier_dropout"": 0.2, ""learning_rate"": 2e-05, ""loss_mode"": ""balanced"", ""num_train_epochs"": 6, ""weight_decay"": 0.01}",COMPLETE,cu,5
17,0.737509480472862,2026-10-02 18:23:27.505609,2026-10-02 18:24:44.983243,0 days 00:01:17.477634,16,0.3,0.1,2e-05,balanced,0.9,6,PYSENTIMIENTO,0.01,"[5, 4, 5]",0.015776706232858,5,"{""classifier_dropout"": 0.3, ""learning_rate"": 2e-05, ""loss_mode"": ""balanced"", ""num_train_epochs"": 6, ""weight_decay"": 0.01}",COMPLETE,cu,5
18,0.6949437485573222,2026-10-02 18:24:45.212275,2026-10-02 18:25:38.485238,0 days 00:00:53.272963,16,0.3,0.1,2e-05,standard,0.9,4,PYSENTIMIENTO,0.01,"[3, 4, 3]",0.0144163053551062,3,"{""classifier_dropout"": 0.3, ""learning_rate"": 2e-05, ""loss_mode"": ""standard"", ""num_train_epochs"": 4, ""weight_decay"": 0.01}",COMPLETE,cu,5
19,0.7224207481737173,2026-10-02 18:25:38.721428,2026-10-02 18:26:32.032634,0 days 00:00:53.311206,16,0.2,0.1,2e-05,balanced,0.9,4,PYSENTIMIENTO,0.01,"[4, 4, 4]",0.0217218488433618,4,"{""classifier_dropout"": 0.2, ""learning_rate"": 2e-05, ""loss_mode"": ""balanced"", ""num_train_epochs"": 4, ""weight_decay"": 0.01}",COMPLETE,cu,5
