number,value,datetime_start,datetime_complete,duration,params_batch_size,params_classifier_dropout,params_learning_rate,params_loss_mode,params_num_train_epochs,params_preprocessing,params_weight_decay,user_attrs_best_epochs_inner,user_attrs_f1_inner_std,user_attrs_refit_epochs,system_attrs_tpe:relative_params:0,state
0,0.7063434968260723,2026-10-01 16:10:07.211872,2026-10-01 16:10:58.285861,0 days 00:00:51.073989,32,0.3,3e-05,balanced,5,PYSENTIMIENTO,0.01,"[3, 4, 3]",0.018219399705356423,3,,COMPLETE
1,0.6997309018229411,2026-10-01 16:10:58.524662,2026-10-01 16:11:48.702767,0 days 00:00:50.178105,16,0.3,4e-05,standard,3,PYSENTIMIENTO,0.0,"[2, 2, 1]",0.010689210256750261,2,,COMPLETE
2,0.6945683237216526,2026-10-01 16:11:48.964814,2026-10-01 16:12:57.371794,0 days 00:01:08.406980,16,0.3,2e-05,balanced,4,PYSENTIMIENTO,0.05,"[2, 4, 3]",0.008390736759625702,3,,COMPLETE
3,0.6624088960810588,2026-10-01 16:12:57.631728,2026-10-01 16:13:28.350873,0 days 00:00:30.719145,32,0.2,3e-05,standard,5,PYSENTIMIENTO,0.01,"[1, 2, 1]",0.029517500745096858,1,,COMPLETE
4,0.7063434968260723,2026-10-01 16:13:28.615958,2026-10-01 16:13:28.701063,0 days 00:00:00.085105,32,0.3,3e-05,balanced,5,PYSENTIMIENTO,0.01,"[3, 4, 3]",0.018219399705356423,3,,COMPLETE
5,0.7042054945719416,2026-10-01 16:13:28.957119,2026-10-01 16:14:05.619248,0 days 00:00:36.662129,32,0.2,3e-05,balanced,3,PYSENTIMIENTO,0.1,"[3, 2, 3]",0.003878033591214066,3,"{""batch_size"": 32, ""classifier_dropout"": 0.2, ""learning_rate"": 3e-05, ""loss_mode"": ""balanced"", ""num_train_epochs"": 3, ""weight_decay"": 0.1}",COMPLETE
6,0.6897740563274759,2026-10-01 16:14:05.883379,2026-10-01 16:15:13.947870,0 days 00:01:08.064491,16,0.1,4e-05,balanced,5,PYSENTIMIENTO,0.1,"[3, 1, 5]",0.016607072108661837,3,"{""batch_size"": 16, ""classifier_dropout"": 0.1, ""learning_rate"": 4e-05, ""loss_mode"": ""balanced"", ""num_train_epochs"": 5, ""weight_decay"": 0.1}",COMPLETE
7,0.699771579574,2026-10-01 16:15:14.189915,2026-10-01 16:15:58.435073,0 days 00:00:44.245158,32,0.3,5e-05,balanced,4,PYSENTIMIENTO,0.01,"[3, 2, 4]",0.01779723496511252,3,"{""batch_size"": 32, ""classifier_dropout"": 0.3, ""learning_rate"": 5e-05, ""loss_mode"": ""balanced"", ""num_train_epochs"": 4, ""weight_decay"": 0.01}",COMPLETE
8,0.6966713037205633,2026-10-01 16:15:58.697230,2026-10-01 16:16:48.729771,0 days 00:00:50.032541,32,0.3,4e-05,balanced,5,PYSENTIMIENTO,0.0,"[3, 4, 3]",0.007105329610689503,3,"{""batch_size"": 32, ""classifier_dropout"": 0.3, ""learning_rate"": 4e-05, ""loss_mode"": ""balanced"", ""num_train_epochs"": 5, ""weight_decay"": 0.0}",COMPLETE
9,0.6759096512381407,2026-10-01 16:16:48.993158,2026-10-01 16:17:29.015133,0 days 00:00:40.021975,32,0.3,2e-05,standard,5,PYSENTIMIENTO,0.1,"[3, 3, 1]",0.046202850757119156,3,"{""batch_size"": 32, ""classifier_dropout"": 0.3, ""learning_rate"": 2e-05, ""loss_mode"": ""standard"", ""num_train_epochs"": 5, ""weight_decay"": 0.1}",COMPLETE
10,0.7092590161200157,2026-10-01 16:17:29.300565,2026-10-01 16:18:25.556870,0 days 00:00:56.256305,16,0.3,3e-05,balanced,3,PYSENTIMIENTO,0.01,"[2, 3, 3]",0.0086954937511596,3,"{""batch_size"": 16, ""classifier_dropout"": 0.3, ""learning_rate"": 3e-05, ""loss_mode"": ""balanced"", ""num_train_epochs"": 3, ""weight_decay"": 0.01}",COMPLETE
11,0.7032088258845525,2026-10-01 16:18:25.799783,2026-10-01 16:19:23.182277,0 days 00:00:57.382494,16,0.2,3e-05,balanced,3,PYSENTIMIENTO,0.01,"[2, 3, 3]",0.005361876527992486,3,"{""batch_size"": 16, ""classifier_dropout"": 0.2, ""learning_rate"": 3e-05, ""loss_mode"": ""balanced"", ""num_train_epochs"": 3, ""weight_decay"": 0.01}",COMPLETE
12,0.6967600339075961,2026-10-01 16:19:23.420426,2026-10-01 16:20:14.469539,0 days 00:00:51.049113,16,0.3,3e-05,standard,3,PYSENTIMIENTO,0.01,"[2, 3, 1]",0.014938331187202161,2,"{""batch_size"": 16, ""classifier_dropout"": 0.3, ""learning_rate"": 3e-05, ""loss_mode"": ""standard"", ""num_train_epochs"": 3, ""weight_decay"": 0.01}",COMPLETE
13,0.7047749198693612,2026-10-01 16:20:14.706782,2026-10-01 16:21:05.782613,0 days 00:00:51.075831,16,0.3,5e-05,balanced,3,PYSENTIMIENTO,0.01,"[3, 3, 1]",0.015350531544737697,3,"{""batch_size"": 16, ""classifier_dropout"": 0.3, ""learning_rate"": 5e-05, ""loss_mode"": ""balanced"", ""num_train_epochs"": 3, ""weight_decay"": 0.01}",COMPLETE
14,0.7095030102191765,2026-10-01 16:21:06.041197,2026-10-01 16:22:13.738827,0 days 00:01:07.697630,16,0.3,3e-05,balanced,4,PYSENTIMIENTO,0.01,"[2, 4, 3]",0.005748325032595421,3,"{""batch_size"": 16, ""classifier_dropout"": 0.3, ""learning_rate"": 3e-05, ""loss_mode"": ""balanced"", ""num_train_epochs"": 4, ""weight_decay"": 0.01}",COMPLETE
15,0.7094930432030372,2026-10-01 16:22:14.003106,2026-10-01 16:23:10.383031,0 days 00:00:56.379925,16,0.3,3e-05,balanced,3,PYSENTIMIENTO,0.05,"[2, 3, 3]",0.006831633120676486,3,"{""batch_size"": 16, ""classifier_dropout"": 0.3, ""learning_rate"": 3e-05, ""loss_mode"": ""balanced"", ""num_train_epochs"": 3, ""weight_decay"": 0.05}",COMPLETE
16,0.7036590755978359,2026-10-01 16:23:10.616022,2026-10-01 16:24:20.124111,0 days 00:01:09.508089,16,0.3,3e-05,balanced,4,PYSENTIMIENTO,0.1,"[2, 3, 3]",0.009334246252617109,3,"{""batch_size"": 16, ""classifier_dropout"": 0.3, ""learning_rate"": 3e-05, ""loss_mode"": ""balanced"", ""num_train_epochs"": 4, ""weight_decay"": 0.1}",COMPLETE
17,0.7002482814986978,2026-10-01 16:24:20.370462,2026-10-01 16:25:23.260833,0 days 00:01:02.890371,16,0.3,3e-05,balanced,5,PYSENTIMIENTO,0.05,"[3, 2, 2]",0.021603153703529616,2,"{""batch_size"": 16, ""classifier_dropout"": 0.3, ""learning_rate"": 3e-05, ""loss_mode"": ""balanced"", ""num_train_epochs"": 5, ""weight_decay"": 0.05}",COMPLETE
18,0.7105222831045898,2026-10-01 16:25:23.511354,2026-10-01 16:26:07.472748,0 days 00:00:43.961394,32,0.1,3e-05,balanced,4,PYSENTIMIENTO,0.0,"[2, 4, 3]",0.014153594297401288,3,"{""batch_size"": 32, ""classifier_dropout"": 0.1, ""learning_rate"": 3e-05, ""loss_mode"": ""balanced"", ""num_train_epochs"": 4, ""weight_decay"": 0.0}",COMPLETE
19,0.7084716660549257,2026-10-01 16:26:07.731206,2026-10-01 16:26:51.973569,0 days 00:00:44.242363,32,0.1,3e-05,balanced,4,PYSENTIMIENTO,0.05,"[2, 4, 3]",0.013411064292446661,3,"{""batch_size"": 32, ""classifier_dropout"": 0.1, ""learning_rate"": 3e-05, ""loss_mode"": ""balanced"", ""num_train_epochs"": 4, ""weight_decay"": 0.05}",COMPLETE
