number,value,datetime_start,datetime_complete,duration,params_batch_size,params_classifier_dropout,params_learning_rate,params_loss_mode,params_num_train_epochs,params_preprocessing,params_weight_decay,user_attrs_best_epochs_inner,user_attrs_f1_inner_std,user_attrs_refit_epochs,system_attrs_tpe:relative_params:0,state
0,0.7255068786886335,2026-10-01 14:56:04.077900,2026-10-01 14:56:48.883716,0 days 00:00:44.805816,32,0.3,3e-05,balanced,5,PYSENTIMIENTO,0.01,"[3, 3, 2]",0.019296733266352846,3,,COMPLETE
1,0.7424347899948942,2026-10-01 14:56:49.132131,2026-10-01 14:57:46.051945,0 days 00:00:56.919814,16,0.3,4e-05,standard,3,PYSENTIMIENTO,0.0,"[3, 3, 2]",0.030635176909598313,3,,COMPLETE
2,0.746372055696419,2026-10-01 14:57:46.291331,2026-10-01 14:58:56.270399,0 days 00:01:09.979068,16,0.3,2e-05,balanced,4,PYSENTIMIENTO,0.05,"[2, 4, 4]",0.014867827393625507,4,,COMPLETE
3,0.7345564157609505,2026-10-01 14:58:56.512408,2026-10-01 14:59:48.447925,0 days 00:00:51.935517,32,0.2,3e-05,standard,5,PYSENTIMIENTO,0.01,"[4, 4, 2]",0.013930000898284568,4,,COMPLETE
4,0.7255068786886335,2026-10-01 14:59:48.714885,2026-10-01 14:59:48.806097,0 days 00:00:00.091212,32,0.3,3e-05,balanced,5,PYSENTIMIENTO,0.01,"[3, 3, 2]",0.019296733266352846,3,,COMPLETE
5,0.746372055696419,2026-10-01 14:59:49.067994,2026-10-01 14:59:49.163843,0 days 00:00:00.095849,16,0.3,2e-05,balanced,4,PYSENTIMIENTO,0.05,"[2, 4, 4]",0.014867827393625507,4,"{""batch_size"": 16, ""classifier_dropout"": 0.3, ""learning_rate"": 2e-05, ""loss_mode"": ""balanced"", ""num_train_epochs"": 4, ""weight_decay"": 0.05}",COMPLETE
6,0.7416004385445003,2026-10-01 14:59:49.429225,2026-10-01 15:00:46.252541,0 days 00:00:56.823316,16,0.2,5e-05,balanced,5,PYSENTIMIENTO,0.05,"[1, 2, 3]",0.03983119340343819,2,"{""batch_size"": 16, ""classifier_dropout"": 0.2, ""learning_rate"": 5e-05, ""loss_mode"": ""balanced"", ""num_train_epochs"": 5, ""weight_decay"": 0.05}",COMPLETE
7,0.7344855721901923,2026-10-01 15:00:46.491051,2026-10-01 15:01:19.820241,0 days 00:00:33.329190,32,0.1,4e-05,balanced,4,PYSENTIMIENTO,0.05,"[1, 2, 2]",0.01721380019190377,2,"{""batch_size"": 32, ""classifier_dropout"": 0.1, ""learning_rate"": 4e-05, ""loss_mode"": ""balanced"", ""num_train_epochs"": 4, ""weight_decay"": 0.05}",COMPLETE
8,0.7260583474356403,2026-10-01 15:01:20.086983,2026-10-01 15:02:03.456532,0 days 00:00:43.369549,32,0.2,2e-05,standard,4,PYSENTIMIENTO,0.05,"[3, 4, 2]",0.02898768991496528,3,"{""batch_size"": 32, ""classifier_dropout"": 0.2, ""learning_rate"": 2e-05, ""loss_mode"": ""standard"", ""num_train_epochs"": 4, ""weight_decay"": 0.05}",COMPLETE
9,0.7464940266800367,2026-10-01 15:02:03.697233,2026-10-01 15:02:54.200209,0 days 00:00:50.502976,16,0.2,2e-05,balanced,4,PYSENTIMIENTO,0.0,"[2, 1, 2]",0.00717391815112841,2,"{""batch_size"": 16, ""classifier_dropout"": 0.2, ""learning_rate"": 2e-05, ""loss_mode"": ""balanced"", ""num_train_epochs"": 4, ""weight_decay"": 0.0}",COMPLETE
10,0.7358203995638174,2026-10-01 15:02:54.463222,2026-10-01 15:04:01.121822,0 days 00:01:06.658600,16,0.2,2e-05,standard,4,PYSENTIMIENTO,0.0,"[3, 4, 2]",0.02379603487319862,3,"{""batch_size"": 16, ""classifier_dropout"": 0.2, ""learning_rate"": 2e-05, ""loss_mode"": ""standard"", ""num_train_epochs"": 4, ""weight_decay"": 0.0}",COMPLETE
11,0.7433121506131384,2026-10-01 15:04:01.355969,2026-10-01 15:04:52.018034,0 days 00:00:50.662065,16,0.2,2e-05,balanced,4,PYSENTIMIENTO,0.01,"[2, 1, 2]",0.009286928172636462,2,"{""batch_size"": 16, ""classifier_dropout"": 0.2, ""learning_rate"": 2e-05, ""loss_mode"": ""balanced"", ""num_train_epochs"": 4, ""weight_decay"": 0.01}",COMPLETE
12,0.7341524660744142,2026-10-01 15:04:52.278395,2026-10-01 15:05:38.738870,0 days 00:00:46.460475,32,0.2,2e-05,balanced,4,PYSENTIMIENTO,0.0,"[4, 3, 4]",0.014384472168346313,4,"{""batch_size"": 32, ""classifier_dropout"": 0.2, ""learning_rate"": 2e-05, ""loss_mode"": ""balanced"", ""num_train_epochs"": 4, ""weight_decay"": 0.0}",COMPLETE
13,0.7388097225816366,2026-10-01 15:05:39.019589,2026-10-01 15:06:34.611003,0 days 00:00:55.591414,16,0.1,2e-05,balanced,5,PYSENTIMIENTO,0.0,"[2, 2, 2]",0.006199375835223403,2,"{""batch_size"": 16, ""classifier_dropout"": 0.1, ""learning_rate"": 2e-05, ""loss_mode"": ""balanced"", ""num_train_epochs"": 5, ""weight_decay"": 0.0}",COMPLETE
14,0.7467365786995197,2026-10-01 15:06:34.875398,2026-10-01 15:07:30.881361,0 days 00:00:56.005963,16,0.2,3e-05,balanced,3,PYSENTIMIENTO,0.0,"[3, 3, 2]",0.028572447733161904,3,"{""batch_size"": 16, ""classifier_dropout"": 0.2, ""learning_rate"": 3e-05, ""loss_mode"": ""balanced"", ""num_train_epochs"": 3, ""weight_decay"": 0.0}",COMPLETE
15,0.7383180377332441,2026-10-01 15:07:31.126761,2026-10-01 15:08:20.976625,0 days 00:00:49.849864,16,0.3,3e-05,balanced,3,PYSENTIMIENTO,0.0,"[2, 1, 3]",0.012754934379662068,2,"{""batch_size"": 16, ""classifier_dropout"": 0.3, ""learning_rate"": 3e-05, ""loss_mode"": ""balanced"", ""num_train_epochs"": 3, ""weight_decay"": 0.0}",COMPLETE
16,0.7365106036213115,2026-10-01 15:08:21.226382,2026-10-01 15:08:57.348354,0 days 00:00:36.121972,32,0.2,5e-05,balanced,3,PYSENTIMIENTO,0.0,"[2, 3, 3]",0.02065756738142735,3,"{""batch_size"": 32, ""classifier_dropout"": 0.2, ""learning_rate"": 5e-05, ""loss_mode"": ""balanced"", ""num_train_epochs"": 3, ""weight_decay"": 0.0}",COMPLETE
17,0.7458677458988422,2026-10-01 15:08:57.608586,2026-10-01 15:09:54.196186,0 days 00:00:56.587600,16,0.2,3e-05,balanced,3,PYSENTIMIENTO,0.05,"[3, 3, 2]",0.027581185329054746,3,"{""batch_size"": 16, ""classifier_dropout"": 0.2, ""learning_rate"": 3e-05, ""loss_mode"": ""balanced"", ""num_train_epochs"": 3, ""weight_decay"": 0.05}",COMPLETE
18,0.7420784566799302,2026-10-01 15:09:54.438214,2026-10-01 15:10:50.138560,0 days 00:00:55.700346,16,0.2,2e-05,balanced,3,PYSENTIMIENTO,0.0,"[2, 3, 3]",0.020567275180294366,3,"{""batch_size"": 16, ""classifier_dropout"": 0.2, ""learning_rate"": 2e-05, ""loss_mode"": ""balanced"", ""num_train_epochs"": 3, ""weight_decay"": 0.0}",COMPLETE
19,0.7367922257921117,2026-10-01 15:10:50.396871,2026-10-01 15:11:46.542826,0 days 00:00:56.145955,16,0.2,5e-05,balanced,4,PYSENTIMIENTO,0.0,"[1, 2, 3]",0.04433502110420877,2,"{""batch_size"": 16, ""classifier_dropout"": 0.2, ""learning_rate"": 5e-05, ""loss_mode"": ""balanced"", ""num_train_epochs"": 4, ""weight_decay"": 0.0}",COMPLETE
