number,value,datetime_start,datetime_complete,duration,params_batch_size,params_classifier_dropout,params_learning_rate,params_loss_mode,params_num_train_epochs,params_preprocessing,params_weight_decay,user_attrs_best_epochs_inner,user_attrs_f1_inner_std,user_attrs_refit_epochs,system_attrs_tpe:relative_params:0,state
0,0.6499150030451372,2026-10-01 16:27:09.900590,2026-10-01 16:28:37.457256,0 days 00:01:27.556666,16,0.3,3e-05,standard,4,PYSENTIMIENTO,0.05,"[4, 4, 4]",0.043716571060464546,4,,COMPLETE
1,0.6438177495640608,2026-10-01 16:28:37.705848,2026-10-01 16:29:15.975837,0 days 00:00:38.269989,32,0.2,4e-05,standard,4,PYSENTIMIENTO,0.1,"[1, 2, 2]",0.06753014381846201,2,,COMPLETE
2,0.6509430434755497,2026-10-01 16:29:16.256220,2026-10-01 16:29:53.989933,0 days 00:00:37.733713,32,0.2,4e-05,balanced,4,PYSENTIMIENTO,0.0,"[1, 1, 3]",0.046227042000668274,1,,COMPLETE
3,0.6604904834948147,2026-10-01 16:29:54.245260,2026-10-01 16:30:40.559470,0 days 00:00:46.314210,32,0.1,3e-05,standard,5,PYSENTIMIENTO,0.05,"[2, 3, 2]",0.04712484559881669,2,,COMPLETE
4,0.6731375469751986,2026-10-01 16:30:40.822012,2026-10-01 16:31:35.275455,0 days 00:00:54.453443,16,0.2,3e-05,balanced,5,PYSENTIMIENTO,0.0,"[1, 1, 2]",0.022276668945620776,1,,COMPLETE
5,0.6687970836369351,2026-10-01 16:31:35.508973,2026-10-01 16:32:28.073806,0 days 00:00:52.564833,16,0.2,3e-05,balanced,5,PYSENTIMIENTO,0.1,"[1, 1, 2]",0.01983454189845738,1,"{""batch_size"": 16, ""classifier_dropout"": 0.2, ""learning_rate"": 3e-05, ""loss_mode"": ""balanced"", ""num_train_epochs"": 5, ""weight_decay"": 0.1}",COMPLETE
6,0.6568118363993375,2026-10-01 16:32:28.347242,2026-10-01 16:33:33.493972,0 days 00:01:05.146730,16,0.2,5e-05,balanced,5,PYSENTIMIENTO,0.0,"[1, 3, 2]",0.04679584855026138,2,"{""batch_size"": 16, ""classifier_dropout"": 0.2, ""learning_rate"": 5e-05, ""loss_mode"": ""balanced"", ""num_train_epochs"": 5, ""weight_decay"": 0.0}",COMPLETE
7,0.6557778116091005,2026-10-01 16:33:33.757245,2026-10-01 16:34:39.569249,0 days 00:01:05.812004,16,0.2,3e-05,standard,3,PYSENTIMIENTO,0.0,"[2, 3, 3]",0.044292473600816736,3,"{""batch_size"": 16, ""classifier_dropout"": 0.2, ""learning_rate"": 3e-05, ""loss_mode"": ""standard"", ""num_train_epochs"": 3, ""weight_decay"": 0.0}",COMPLETE
8,0.6709045240350235,2026-10-01 16:34:39.818069,2026-10-01 16:35:32.384033,0 days 00:00:52.565964,16,0.3,3e-05,balanced,5,PYSENTIMIENTO,0.0,"[1, 1, 2]",0.03348287169696124,1,"{""batch_size"": 16, ""classifier_dropout"": 0.3, ""learning_rate"": 3e-05, ""loss_mode"": ""balanced"", ""num_train_epochs"": 5, ""weight_decay"": 0.0}",COMPLETE
9,0.6675327531800513,2026-10-01 16:35:32.648957,2026-10-01 16:36:52.278165,0 days 00:01:19.629208,16,0.1,2e-05,balanced,5,PYSENTIMIENTO,0.01,"[3, 3, 2]",0.03525785444932713,3,"{""batch_size"": 16, ""classifier_dropout"": 0.1, ""learning_rate"": 2e-05, ""loss_mode"": ""balanced"", ""num_train_epochs"": 5, ""weight_decay"": 0.01}",COMPLETE
10,0.6636962919071224,2026-10-01 16:36:52.527672,2026-10-01 16:37:50.839933,0 days 00:00:58.312261,16,0.2,3e-05,balanced,4,PYSENTIMIENTO,0.0,"[2, 1, 2]",0.0286805039985166,2,"{""batch_size"": 16, ""classifier_dropout"": 0.2, ""learning_rate"": 3e-05, ""loss_mode"": ""balanced"", ""num_train_epochs"": 4, ""weight_decay"": 0.0}",COMPLETE
11,0.6709045240350235,2026-10-01 16:37:51.076227,2026-10-01 16:37:51.181826,0 days 00:00:00.105599,16,0.3,3e-05,balanced,5,PYSENTIMIENTO,0.0,"[1, 1, 2]",0.03348287169696124,1,"{""batch_size"": 16, ""classifier_dropout"": 0.3, ""learning_rate"": 3e-05, ""loss_mode"": ""balanced"", ""num_train_epochs"": 5, ""weight_decay"": 0.0}",COMPLETE
12,0.6528045687709046,2026-10-01 16:37:51.444828,2026-10-01 16:39:16.594567,0 days 00:01:25.149739,16,0.3,2e-05,standard,5,PYSENTIMIENTO,0.0,"[3, 3, 3]",0.03036667083705432,3,"{""batch_size"": 16, ""classifier_dropout"": 0.3, ""learning_rate"": 2e-05, ""loss_mode"": ""standard"", ""num_train_epochs"": 5, ""weight_decay"": 0.0}",COMPLETE
13,0.6457127978456361,2026-10-01 16:39:16.837075,2026-10-01 16:40:01.760979,0 days 00:00:44.923904,32,0.2,3e-05,balanced,5,PYSENTIMIENTO,0.0,"[4, 2, 1]",0.02175809289444581,2,"{""batch_size"": 32, ""classifier_dropout"": 0.2, ""learning_rate"": 3e-05, ""loss_mode"": ""balanced"", ""num_train_epochs"": 5, ""weight_decay"": 0.0}",COMPLETE
14,0.6597629473753516,2026-10-01 16:40:02.021449,2026-10-01 16:40:39.231076,0 days 00:00:37.209627,32,0.3,2e-05,balanced,3,PYSENTIMIENTO,0.0,"[3, 1, 3]",0.03604096802459262,3,"{""batch_size"": 32, ""classifier_dropout"": 0.3, ""learning_rate"": 2e-05, ""loss_mode"": ""balanced"", ""num_train_epochs"": 3, ""weight_decay"": 0.0}",COMPLETE
15,0.6527256358498332,2026-10-01 16:40:39.479221,2026-10-01 16:41:17.200603,0 days 00:00:37.721382,32,0.3,3e-05,balanced,5,PYSENTIMIENTO,0.01,"[2, 2, 1]",0.0331929392718868,2,"{""batch_size"": 32, ""classifier_dropout"": 0.3, ""learning_rate"": 3e-05, ""loss_mode"": ""balanced"", ""num_train_epochs"": 5, ""weight_decay"": 0.01}",COMPLETE
16,0.6723776417168023,2026-10-01 16:41:17.444047,2026-10-01 16:42:10.905856,0 days 00:00:53.461809,16,0.3,4e-05,balanced,5,PYSENTIMIENTO,0.05,"[1, 1, 2]",0.04384211942096857,1,"{""batch_size"": 16, ""classifier_dropout"": 0.3, ""learning_rate"": 4e-05, ""loss_mode"": ""balanced"", ""num_train_epochs"": 5, ""weight_decay"": 0.05}",COMPLETE
17,0.6366690031941503,2026-10-01 16:42:11.172714,2026-10-01 16:42:58.492420,0 days 00:00:47.319706,32,0.3,4e-05,balanced,5,PYSENTIMIENTO,0.05,"[5, 2, 1]",0.02972686341312371,2,"{""batch_size"": 32, ""classifier_dropout"": 0.3, ""learning_rate"": 4e-05, ""loss_mode"": ""balanced"", ""num_train_epochs"": 5, ""weight_decay"": 0.05}",COMPLETE
18,0.6714668364609038,2026-10-01 16:42:58.739184,2026-10-01 16:43:51.744171,0 days 00:00:53.004987,16,0.3,4e-05,balanced,3,PYSENTIMIENTO,0.05,"[1, 1, 2]",0.039782531444679796,1,"{""batch_size"": 16, ""classifier_dropout"": 0.3, ""learning_rate"": 4e-05, ""loss_mode"": ""balanced"", ""num_train_epochs"": 3, ""weight_decay"": 0.05}",COMPLETE
19,0.665098257861738,2026-10-01 16:43:52.010888,2026-10-01 16:44:45.149009,0 days 00:00:53.138121,16,0.1,4e-05,balanced,5,PYSENTIMIENTO,0.05,"[1, 1, 2]",0.047060178004651836,1,"{""batch_size"": 16, ""classifier_dropout"": 0.1, ""learning_rate"": 4e-05, ""loss_mode"": ""balanced"", ""num_train_epochs"": 5, ""weight_decay"": 0.05}",COMPLETE
