number,value,datetime_start,datetime_complete,duration,params_batch_size,params_classifier_dropout,params_learning_rate,params_loss_mode,params_num_train_epochs,params_preprocessing,params_weight_decay,user_attrs_best_epochs_inner,user_attrs_f1_inner_std,user_attrs_refit_epochs,system_attrs_tpe:relative_params:0,state
0,0.7113886400260773,2026-10-01 14:40:24.128751,2026-10-01 14:41:10.965451,0 days 00:00:46.836700,32,0.3,2e-05,balanced,5,PYSENTIMIENTO,0.01,"[3, 3, 3]",0.010595935869992613,3,,COMPLETE
1,0.7127343528275739,2026-10-01 14:41:11.201270,2026-10-01 14:41:54.273669,0 days 00:00:43.072399,32,0.1,3e-05,standard,4,PYSENTIMIENTO,0.05,"[2, 3, 4]",0.029516157058211086,3,,COMPLETE
2,0.727392291861802,2026-10-01 14:41:54.535785,2026-10-01 14:42:30.387399,0 days 00:00:35.851614,32,0.1,5e-05,standard,4,PYSENTIMIENTO,0.0,"[2, 1, 4]",0.03522075092029662,2,,COMPLETE
3,0.7216662189790534,2026-10-01 14:42:30.633636,2026-10-01 14:43:18.666671,0 days 00:00:48.033035,32,0.1,4e-05,balanced,4,PYSENTIMIENTO,0.1,"[2, 3, 4]",0.017363695005062536,3,,COMPLETE
4,0.7172764697952877,2026-10-01 14:43:18.902811,2026-10-01 14:44:09.727094,0 days 00:00:50.824283,16,0.2,3e-05,standard,3,PYSENTIMIENTO,0.01,"[3, 1, 2]",0.035809258669078255,2,,COMPLETE
5,0.7359940798617274,2026-10-01 14:44:09.967163,2026-10-01 14:45:10.906568,0 days 00:01:00.939405,16,0.1,5e-05,standard,4,PYSENTIMIENTO,0.0,"[4, 1, 3]",0.024088398788682186,3,"{""batch_size"": 16, ""classifier_dropout"": 0.1, ""learning_rate"": 5e-05, ""loss_mode"": ""standard"", ""num_train_epochs"": 4, ""weight_decay"": 0.0}",COMPLETE
6,0.714018921594449,2026-10-01 14:45:11.160930,2026-10-01 14:46:07.964873,0 days 00:00:56.803943,16,0.3,5e-05,standard,4,PYSENTIMIENTO,0.05,"[1, 3, 2]",0.026086660993482527,2,"{""batch_size"": 16, ""classifier_dropout"": 0.3, ""learning_rate"": 5e-05, ""loss_mode"": ""standard"", ""num_train_epochs"": 4, ""weight_decay"": 0.05}",COMPLETE
7,0.731484945133622,2026-10-01 14:46:08.222617,2026-10-01 14:47:15.452284,0 days 00:01:07.229667,16,0.1,5e-05,balanced,4,PYSENTIMIENTO,0.0,"[4, 2, 4]",0.026778065562395384,4,"{""batch_size"": 16, ""classifier_dropout"": 0.1, ""learning_rate"": 5e-05, ""loss_mode"": ""balanced"", ""num_train_epochs"": 4, ""weight_decay"": 0.0}",COMPLETE
8,0.7227272733399633,2026-10-01 14:47:15.689811,2026-10-01 14:48:17.022109,0 days 00:01:01.332298,16,0.1,5e-05,standard,5,PYSENTIMIENTO,0.1,"[5, 1, 2]",0.012972685700948856,2,"{""batch_size"": 16, ""classifier_dropout"": 0.1, ""learning_rate"": 5e-05, ""loss_mode"": ""standard"", ""num_train_epochs"": 5, ""weight_decay"": 0.1}",COMPLETE
9,0.7098112224410095,2026-10-01 14:48:17.260859,2026-10-01 14:49:01.224173,0 days 00:00:43.963314,16,0.3,4e-05,standard,4,PYSENTIMIENTO,0.0,"[1, 1, 2]",0.02685590881292983,1,"{""batch_size"": 16, ""classifier_dropout"": 0.3, ""learning_rate"": 4e-05, ""loss_mode"": ""standard"", ""num_train_epochs"": 4, ""weight_decay"": 0.0}",COMPLETE
10,0.7233138853922214,2026-10-01 14:49:01.460663,2026-10-01 14:49:54.039363,0 days 00:00:52.578700,16,0.1,5e-05,standard,4,PYSENTIMIENTO,0.01,"[4, 1, 1]",0.014512220079271223,1,"{""batch_size"": 16, ""classifier_dropout"": 0.1, ""learning_rate"": 5e-05, ""loss_mode"": ""standard"", ""num_train_epochs"": 4, ""weight_decay"": 0.01}",COMPLETE
11,0.731484945133622,2026-10-01 14:49:54.277724,2026-10-01 14:49:54.377379,0 days 00:00:00.099655,16,0.1,5e-05,balanced,4,PYSENTIMIENTO,0.0,"[4, 2, 4]",0.026778065562395384,4,"{""batch_size"": 16, ""classifier_dropout"": 0.1, ""learning_rate"": 5e-05, ""loss_mode"": ""balanced"", ""num_train_epochs"": 4, ""weight_decay"": 0.0}",COMPLETE
12,0.7337124810279901,2026-10-01 14:49:54.642431,2026-10-01 14:50:44.730940,0 days 00:00:50.088509,16,0.1,5e-05,standard,3,PYSENTIMIENTO,0.0,"[3, 1, 2]",0.024267345768901334,2,"{""batch_size"": 16, ""classifier_dropout"": 0.1, ""learning_rate"": 5e-05, ""loss_mode"": ""standard"", ""num_train_epochs"": 3, ""weight_decay"": 0.0}",COMPLETE
13,0.7337124810279901,2026-10-01 14:50:44.980527,2026-10-01 14:50:45.082541,0 days 00:00:00.102014,16,0.1,5e-05,standard,3,PYSENTIMIENTO,0.0,"[3, 1, 2]",0.024267345768901334,2,"{""batch_size"": 16, ""classifier_dropout"": 0.1, ""learning_rate"": 5e-05, ""loss_mode"": ""standard"", ""num_train_epochs"": 3, ""weight_decay"": 0.0}",COMPLETE
14,0.7091638842523782,2026-10-01 14:50:45.340162,2026-10-01 14:51:14.436614,0 days 00:00:29.096452,32,0.2,4e-05,standard,3,PYSENTIMIENTO,0.0,"[2, 1, 1]",0.03380104879662101,1,"{""batch_size"": 32, ""classifier_dropout"": 0.2, ""learning_rate"": 4e-05, ""loss_mode"": ""standard"", ""num_train_epochs"": 3, ""weight_decay"": 0.0}",COMPLETE
15,0.7323834261250823,2026-10-01 14:51:14.675855,2026-10-01 14:52:32.558351,0 days 00:01:17.882496,16,0.1,2e-05,standard,5,PYSENTIMIENTO,0.0,"[5, 4, 2]",0.018787302762736074,4,"{""batch_size"": 16, ""classifier_dropout"": 0.1, ""learning_rate"": 2e-05, ""loss_mode"": ""standard"", ""num_train_epochs"": 5, ""weight_decay"": 0.0}",COMPLETE
16,0.7145967630429949,2026-10-01 14:52:32.807745,2026-10-01 14:53:16.781229,0 days 00:00:43.973484,16,0.2,5e-05,standard,5,PYSENTIMIENTO,0.0,"[1, 1, 2]",0.029551448426204465,1,"{""batch_size"": 16, ""classifier_dropout"": 0.2, ""learning_rate"": 5e-05, ""loss_mode"": ""standard"", ""num_train_epochs"": 5, ""weight_decay"": 0.0}",COMPLETE
17,0.7130617212264146,2026-10-01 14:53:17.012388,2026-10-01 14:54:01.642269,0 days 00:00:44.629881,16,0.1,4e-05,standard,3,PYSENTIMIENTO,0.1,"[1, 1, 2]",0.030831654231627526,1,"{""batch_size"": 16, ""classifier_dropout"": 0.1, ""learning_rate"": 4e-05, ""loss_mode"": ""standard"", ""num_train_epochs"": 3, ""weight_decay"": 0.1}",COMPLETE
18,0.7217200580062245,2026-10-01 14:54:01.882812,2026-10-01 14:54:39.484956,0 days 00:00:37.602144,32,0.1,5e-05,balanced,3,PYSENTIMIENTO,0.01,"[3, 3, 3]",0.015775901523164146,3,"{""batch_size"": 32, ""classifier_dropout"": 0.1, ""learning_rate"": 5e-05, ""loss_mode"": ""balanced"", ""num_train_epochs"": 3, ""weight_decay"": 0.01}",COMPLETE
19,0.7209231444355576,2026-10-01 14:54:39.767698,2026-10-01 14:55:38.052125,0 days 00:00:58.284427,16,0.3,2e-05,standard,3,PYSENTIMIENTO,0.0,"[3, 3, 3]",0.03435913100922521,3,"{""batch_size"": 16, ""classifier_dropout"": 0.3, ""learning_rate"": 2e-05, ""loss_mode"": ""standard"", ""num_train_epochs"": 3, ""weight_decay"": 0.0}",COMPLETE
