number,value,datetime_start,datetime_complete,duration,params_batch_size,params_classifier_dropout,params_learning_rate,params_loss_mode,params_num_train_epochs,params_preprocessing,params_weight_decay,user_attrs_best_epochs_inner,user_attrs_f1_inner_std,user_attrs_refit_epochs,system_attrs_tpe:relative_params:0,state
0,0.698259037082389,2026-10-01 15:24:46.173455,2026-10-01 15:25:23.515328,0 days 00:00:37.341873,32,0.1,2e-05,balanced,5,PYSENTIMIENTO,0.01,"[2, 1, 3]",0.03268959219827035,2,,COMPLETE
1,0.693363522711084,2026-10-01 15:25:23.788214,2026-10-01 15:26:01.183068,0 days 00:00:37.394854,32,0.3,2e-05,balanced,5,PYSENTIMIENTO,0.01,"[2, 1, 3]",0.031053575470258808,2,,COMPLETE
2,0.7110435044918804,2026-10-01 15:26:01.424921,2026-10-01 15:26:57.367096,0 days 00:00:55.942175,16,0.1,2e-05,balanced,3,PYSENTIMIENTO,0.05,"[2, 3, 3]",0.012197828380812443,3,,COMPLETE
3,0.6890553184492757,2026-10-01 15:26:57.607644,2026-10-01 15:27:41.530870,0 days 00:00:43.923226,32,0.2,2e-05,standard,4,PYSENTIMIENTO,0.05,"[4, 3, 2]",0.004784578405053977,3,,COMPLETE
4,0.7130016773263185,2026-10-01 15:27:41.797105,2026-10-01 15:28:37.967051,0 days 00:00:56.169946,16,0.1,5e-05,standard,3,PYSENTIMIENTO,0.05,"[3, 3, 3]",0.014489932006040209,3,,COMPLETE
5,0.7130016773263185,2026-10-01 15:28:38.207723,2026-10-01 15:28:38.316151,0 days 00:00:00.108428,16,0.1,5e-05,standard,3,PYSENTIMIENTO,0.05,"[3, 3, 3]",0.014489932006040209,3,"{""batch_size"": 16, ""classifier_dropout"": 0.1, ""learning_rate"": 5e-05, ""loss_mode"": ""standard"", ""num_train_epochs"": 3, ""weight_decay"": 0.05}",COMPLETE
6,0.7176176510952678,2026-10-01 15:28:38.573294,2026-10-01 15:29:35.161476,0 days 00:00:56.588182,16,0.3,4e-05,standard,3,PYSENTIMIENTO,0.1,"[3, 3, 2]",0.030348059763623793,3,"{""batch_size"": 16, ""classifier_dropout"": 0.3, ""learning_rate"": 4e-05, ""loss_mode"": ""standard"", ""num_train_epochs"": 3, ""weight_decay"": 0.1}",COMPLETE
7,0.7176176510952678,2026-10-01 15:29:35.424530,2026-10-01 15:29:35.531296,0 days 00:00:00.106766,16,0.3,4e-05,standard,3,PYSENTIMIENTO,0.1,"[3, 3, 2]",0.030348059763623793,3,"{""batch_size"": 16, ""classifier_dropout"": 0.3, ""learning_rate"": 4e-05, ""loss_mode"": ""standard"", ""num_train_epochs"": 3, ""weight_decay"": 0.1}",COMPLETE
8,0.7289861521584503,2026-10-01 15:29:35.791199,2026-10-01 15:30:32.029145,0 days 00:00:56.237946,16,0.3,4e-05,balanced,3,PYSENTIMIENTO,0.0,"[3, 3, 3]",0.014905529558096032,3,"{""batch_size"": 16, ""classifier_dropout"": 0.3, ""learning_rate"": 4e-05, ""loss_mode"": ""balanced"", ""num_train_epochs"": 3, ""weight_decay"": 0.0}",COMPLETE
9,0.7148889343871533,2026-10-01 15:30:32.293360,2026-10-01 15:31:44.946127,0 days 00:01:12.652767,16,0.2,4e-05,balanced,5,PYSENTIMIENTO,0.0,"[5, 3, 2]",0.019012685637019456,3,"{""batch_size"": 16, ""classifier_dropout"": 0.2, ""learning_rate"": 4e-05, ""loss_mode"": ""balanced"", ""num_train_epochs"": 5, ""weight_decay"": 0.0}",COMPLETE
10,0.6991132403177683,2026-10-01 15:31:45.184910,2026-10-01 15:32:18.047797,0 days 00:00:32.862887,32,0.3,4e-05,balanced,3,PYSENTIMIENTO,0.0,"[3, 3, 1]",0.003340998520648434,3,"{""batch_size"": 32, ""classifier_dropout"": 0.3, ""learning_rate"": 4e-05, ""loss_mode"": ""balanced"", ""num_train_epochs"": 3, ""weight_decay"": 0.0}",COMPLETE
11,0.7216214381568741,2026-10-01 15:32:18.289762,2026-10-01 15:33:09.377731,0 days 00:00:51.087969,16,0.3,4e-05,balanced,3,PYSENTIMIENTO,0.01,"[2, 1, 2]",0.027096382352264383,2,"{""batch_size"": 16, ""classifier_dropout"": 0.3, ""learning_rate"": 4e-05, ""loss_mode"": ""balanced"", ""num_train_epochs"": 3, ""weight_decay"": 0.01}",COMPLETE
12,0.7216214381568741,2026-10-01 15:33:09.613070,2026-10-01 15:33:09.731650,0 days 00:00:00.118580,16,0.3,4e-05,balanced,3,PYSENTIMIENTO,0.01,"[2, 1, 2]",0.027096382352264383,2,"{""batch_size"": 16, ""classifier_dropout"": 0.3, ""learning_rate"": 4e-05, ""loss_mode"": ""balanced"", ""num_train_epochs"": 3, ""weight_decay"": 0.01}",COMPLETE
13,0.7182289921941813,2026-10-01 15:33:09.985472,2026-10-01 15:34:05.109296,0 days 00:00:55.123824,16,0.3,4e-05,balanced,4,PYSENTIMIENTO,0.0,"[3, 1, 2]",0.023299615912641524,2,"{""batch_size"": 16, ""classifier_dropout"": 0.3, ""learning_rate"": 4e-05, ""loss_mode"": ""balanced"", ""num_train_epochs"": 4, ""weight_decay"": 0.0}",COMPLETE
14,0.7185211021119029,2026-10-01 15:34:05.355145,2026-10-01 15:35:01.478059,0 days 00:00:56.122914,16,0.3,2e-05,balanced,3,PYSENTIMIENTO,0.0,"[3, 3, 2]",0.007379300778172351,3,"{""batch_size"": 16, ""classifier_dropout"": 0.3, ""learning_rate"": 2e-05, ""loss_mode"": ""balanced"", ""num_train_epochs"": 3, ""weight_decay"": 0.0}",COMPLETE
15,0.7213520895625699,2026-10-01 15:35:01.716554,2026-10-01 15:36:10.071475,0 days 00:01:08.354921,16,0.3,3e-05,balanced,5,PYSENTIMIENTO,0.01,"[2, 4, 2]",0.011058951064447436,2,"{""batch_size"": 16, ""classifier_dropout"": 0.3, ""learning_rate"": 3e-05, ""loss_mode"": ""balanced"", ""num_train_epochs"": 5, ""weight_decay"": 0.01}",COMPLETE
16,0.6992176013753258,2026-10-01 15:36:10.315105,2026-10-01 15:36:43.834445,0 days 00:00:33.519340,32,0.2,3e-05,balanced,3,PYSENTIMIENTO,0.05,"[2, 1, 3]",0.026319811774400466,2,"{""batch_size"": 32, ""classifier_dropout"": 0.2, ""learning_rate"": 3e-05, ""loss_mode"": ""balanced"", ""num_train_epochs"": 3, ""weight_decay"": 0.05}",COMPLETE
17,0.7098588829371181,2026-10-01 15:36:44.078071,2026-10-01 15:38:08.188730,0 days 00:01:24.110659,16,0.3,5e-05,standard,5,PYSENTIMIENTO,0.0,"[4, 3, 4]",0.015795820862777962,4,"{""batch_size"": 16, ""classifier_dropout"": 0.3, ""learning_rate"": 5e-05, ""loss_mode"": ""standard"", ""num_train_epochs"": 5, ""weight_decay"": 0.0}",COMPLETE
18,0.7104962308662784,2026-10-01 15:38:08.420770,2026-10-01 15:38:46.474035,0 days 00:00:38.053265,32,0.3,5e-05,balanced,3,PYSENTIMIENTO,0.01,"[3, 3, 2]",0.01290793608577024,3,"{""batch_size"": 32, ""classifier_dropout"": 0.3, ""learning_rate"": 5e-05, ""loss_mode"": ""balanced"", ""num_train_epochs"": 3, ""weight_decay"": 0.01}",COMPLETE
19,0.7359385530843672,2026-10-01 15:38:46.708631,2026-10-01 15:40:00.329264,0 days 00:01:13.620633,16,0.1,4e-05,standard,5,PYSENTIMIENTO,0.01,"[3, 4, 2]",0.017328197216010734,3,"{""batch_size"": 16, ""classifier_dropout"": 0.1, ""learning_rate"": 4e-05, ""loss_mode"": ""standard"", ""num_train_epochs"": 5, ""weight_decay"": 0.01}",COMPLETE
