number,value,datetime_start,datetime_complete,duration,params_batch_size,params_classifier_dropout,params_learning_rate,params_loss_mode,params_num_train_epochs,params_preprocessing,params_weight_decay,user_attrs_best_epochs_inner,user_attrs_f1_inner_std,user_attrs_refit_epochs,system_attrs_tpe:relative_params:0,state,variante,outer_fold
12,0.7373238522279744,2026-10-01 14:29:56.113486,2026-10-01 14:30:34.045446,0 days 00:00:37.931960,16,0.1,5e-05,balanced,5,PYSENTIMIENTO,0.0,"[1, 1, 1]",0.0349650998361843,1,"{""batch_size"": 16, ""classifier_dropout"": 0.1, ""learning_rate"": 5e-05, ""loss_mode"": ""balanced"", ""num_train_epochs"": 5, ""weight_decay"": 0.0}",COMPLETE,cu,1
13,0.7179225333096975,2026-10-01 14:30:34.280320,2026-10-01 14:31:18.835999,0 days 00:00:44.555679,16,0.1,4e-05,standard,5,PYSENTIMIENTO,0.05,"[1, 2, 1]",0.0166934055762043,1,"{""batch_size"": 16, ""classifier_dropout"": 0.1, ""learning_rate"": 4e-05, ""loss_mode"": ""standard"", ""num_train_epochs"": 5, ""weight_decay"": 0.05}",COMPLETE,cu,1
14,0.7404968717423985,2026-10-01 14:31:19.073587,2026-10-01 14:32:13.277737,0 days 00:00:54.204150,16,0.3,4e-05,balanced,3,PYSENTIMIENTO,0.0,"[2, 3, 2]",0.0184793386808294,2,"{""batch_size"": 16, ""classifier_dropout"": 0.3, ""learning_rate"": 4e-05, ""loss_mode"": ""balanced"", ""num_train_epochs"": 3, ""weight_decay"": 0.0}",COMPLETE,cu,1
15,0.7382998039393507,2026-10-01 14:32:13.521844,2026-10-01 14:32:56.392557,0 days 00:00:42.870713,32,0.1,4e-05,balanced,5,PYSENTIMIENTO,0.01,"[2, 3, 3]",0.0301831892900854,3,"{""batch_size"": 32, ""classifier_dropout"": 0.1, ""learning_rate"": 4e-05, ""loss_mode"": ""balanced"", ""num_train_epochs"": 5, ""weight_decay"": 0.01}",COMPLETE,cu,1
16,0.7376599281774512,2026-10-01 14:32:56.623184,2026-10-01 14:34:03.595735,0 days 00:01:06.972551,16,0.2,3e-05,balanced,5,PYSENTIMIENTO,0.1,"[2, 2, 4]",0.0228272079198614,2,"{""batch_size"": 16, ""classifier_dropout"": 0.2, ""learning_rate"": 3e-05, ""loss_mode"": ""balanced"", ""num_train_epochs"": 5, ""weight_decay"": 0.1}",COMPLETE,cu,1
17,0.7372131861337795,2026-10-01 14:34:03.838084,2026-10-01 14:34:40.436812,0 days 00:00:36.598728,32,0.1,4e-05,balanced,3,PYSENTIMIENTO,0.1,"[2, 2, 3]",0.0191593474913597,2,"{""batch_size"": 32, ""classifier_dropout"": 0.1, ""learning_rate"": 4e-05, ""loss_mode"": ""balanced"", ""num_train_epochs"": 3, ""weight_decay"": 0.1}",COMPLETE,cu,1
18,0.7396518750002148,2026-10-01 14:34:40.671401,2026-10-01 14:35:47.157494,0 days 00:01:06.486093,16,0.3,4e-05,balanced,4,PYSENTIMIENTO,0.1,"[2, 2, 3]",0.0267807915306835,2,"{""batch_size"": 16, ""classifier_dropout"": 0.3, ""learning_rate"": 4e-05, ""loss_mode"": ""balanced"", ""num_train_epochs"": 4, ""weight_decay"": 0.1}",COMPLETE,cu,1
19,0.7351133261567643,2026-10-01 14:35:47.393170,2026-10-01 14:36:43.245183,0 days 00:00:55.852013,16,0.2,4e-05,balanced,5,PYSENTIMIENTO,0.05,"[1, 2, 3]",0.0219889085797157,2,"{""batch_size"": 16, ""classifier_dropout"": 0.2, ""learning_rate"": 4e-05, ""loss_mode"": ""balanced"", ""num_train_epochs"": 5, ""weight_decay"": 0.05}",COMPLETE,cu,1
0,0.7230799315510348,2026-10-01 14:37:01.349017,2026-10-01 14:37:55.224374,0 days 00:00:53.875357,32,0.1,2e-05,balanced,5,PYSENTIMIENTO,0.01,"[5, 4, 3]",0.0273361773014523,4,,COMPLETE,cu,2
1,0.7145040774954325,2026-10-01 14:37:55.459036,2026-10-01 14:38:48.879725,0 days 00:00:53.420689,32,0.3,2e-05,balanced,5,PYSENTIMIENTO,0.01,"[3, 4, 5]",0.030191521524645,4,,COMPLETE,cu,2
2,0.7172834101496292,2026-10-01 14:38:49.114566,2026-10-01 14:39:38.735753,0 days 00:00:49.621187,16,0.1,2e-05,balanced,3,PYSENTIMIENTO,0.05,"[3, 1, 2]",0.0180365931080894,2,,COMPLETE,cu,2
3,0.6752323346579711,2026-10-01 14:39:38.984887,2026-10-01 14:40:25.756273,0 days 00:00:46.771386,32,0.2,2e-05,standard,4,PYSENTIMIENTO,0.05,"[3, 3, 4]",0.0200331788458836,3,,COMPLETE,cu,2
4,0.7292899107758758,2026-10-01 14:40:25.996311,2026-10-01 14:41:10.456880,0 days 00:00:44.460569,16,0.1,5e-05,standard,3,PYSENTIMIENTO,0.05,"[1, 1, 2]",0.0239777187605316,1,,COMPLETE,cu,2
5,0.7292899107758758,2026-10-01 14:41:10.716472,2026-10-01 14:41:10.792699,0 days 00:00:00.076227,16,0.1,5e-05,standard,3,PYSENTIMIENTO,0.05,"[1, 1, 2]",0.0239777187605316,1,"{""batch_size"": 16, ""classifier_dropout"": 0.1, ""learning_rate"": 5e-05, ""loss_mode"": ""standard"", ""num_train_epochs"": 3, ""weight_decay"": 0.05}",COMPLETE,cu,2
6,0.7058030649693215,2026-10-01 14:41:11.047254,2026-10-01 14:41:54.972404,0 days 00:00:43.925150,16,0.3,4e-05,standard,3,PYSENTIMIENTO,0.1,"[1, 1, 3]",0.0402874269096308,1,"{""batch_size"": 16, ""classifier_dropout"": 0.3, ""learning_rate"": 4e-05, ""loss_mode"": ""standard"", ""num_train_epochs"": 3, ""weight_decay"": 0.1}",COMPLETE,cu,2
7,0.6956922355318275,2026-10-01 14:41:55.209216,2026-10-01 14:42:31.092847,0 days 00:00:35.883631,32,0.1,3e-05,standard,3,PYSENTIMIENTO,0.0,"[3, 3, 3]",0.0162431674927802,3,"{""batch_size"": 32, ""classifier_dropout"": 0.1, ""learning_rate"": 3e-05, ""loss_mode"": ""standard"", ""num_train_epochs"": 3, ""weight_decay"": 0.0}",COMPLETE,cu,2
8,0.746667903293415,2026-10-01 14:42:31.326092,2026-10-01 14:43:37.615734,0 days 00:01:06.289642,16,0.3,5e-05,standard,4,PYSENTIMIENTO,0.0,"[3, 4, 2]",0.0041852544776912,3,"{""batch_size"": 16, ""classifier_dropout"": 0.3, ""learning_rate"": 5e-05, ""loss_mode"": ""standard"", ""num_train_epochs"": 4, ""weight_decay"": 0.0}",COMPLETE,cu,2
9,0.7543162905631569,2026-10-01 14:43:37.859018,2026-10-01 14:44:37.692294,0 days 00:00:59.833276,16,0.2,5e-05,standard,5,PYSENTIMIENTO,0.0,"[2, 3, 2]",0.0057736831235641,2,"{""batch_size"": 16, ""classifier_dropout"": 0.2, ""learning_rate"": 5e-05, ""loss_mode"": ""standard"", ""num_train_epochs"": 5, ""weight_decay"": 0.0}",COMPLETE,cu,2
10,0.7310899417496048,2026-10-01 14:44:37.933151,2026-10-01 14:45:13.872924,0 days 00:00:35.939773,32,0.2,5e-05,standard,5,PYSENTIMIENTO,0.0,"[1, 1, 5]",0.0131459716408631,1,"{""batch_size"": 32, ""classifier_dropout"": 0.2, ""learning_rate"": 5e-05, ""loss_mode"": ""standard"", ""num_train_epochs"": 5, ""weight_decay"": 0.0}",COMPLETE,cu,2
11,0.746667903293415,2026-10-01 14:45:14.121541,2026-10-01 14:45:14.206129,0 days 00:00:00.084588,16,0.3,5e-05,standard,4,PYSENTIMIENTO,0.0,"[3, 4, 2]",0.0041852544776912,3,"{""batch_size"": 16, ""classifier_dropout"": 0.3, ""learning_rate"": 5e-05, ""loss_mode"": ""standard"", ""num_train_epochs"": 4, ""weight_decay"": 0.0}",COMPLETE,cu,2
12,0.7543162905631569,2026-10-01 14:45:14.467587,2026-10-01 14:45:14.553203,0 days 00:00:00.085616,16,0.2,5e-05,standard,5,PYSENTIMIENTO,0.0,"[2, 3, 2]",0.0057736831235641,2,"{""batch_size"": 16, ""classifier_dropout"": 0.2, ""learning_rate"": 5e-05, ""loss_mode"": ""standard"", ""num_train_epochs"": 5, ""weight_decay"": 0.0}",COMPLETE,cu,2
13,0.7517139351812911,2026-10-01 14:45:14.802305,2026-10-01 14:46:04.358605,0 days 00:00:49.556300,16,0.2,5e-05,balanced,5,PYSENTIMIENTO,0.0,"[2, 1, 2]",0.003274631420411,2,"{""batch_size"": 16, ""classifier_dropout"": 0.2, ""learning_rate"": 5e-05, ""loss_mode"": ""balanced"", ""num_train_epochs"": 5, ""weight_decay"": 0.0}",COMPLETE,cu,2
14,0.7428866863667808,2026-10-01 14:46:04.593573,2026-10-01 14:47:23.141527,0 days 00:01:18.547954,16,0.2,3e-05,standard,5,PYSENTIMIENTO,0.0,"[4, 3, 3]",0.0143584097164306,3,"{""batch_size"": 16, ""classifier_dropout"": 0.2, ""learning_rate"": 3e-05, ""loss_mode"": ""standard"", ""num_train_epochs"": 5, ""weight_decay"": 0.0}",COMPLETE,cu,2
15,0.7510621584381513,2026-10-01 14:47:23.398481,2026-10-01 14:48:18.038001,0 days 00:00:54.639520,16,0.1,5e-05,standard,5,PYSENTIMIENTO,0.0,"[1, 4, 1]",0.0139621669794338,1,"{""batch_size"": 16, ""classifier_dropout"": 0.1, ""learning_rate"": 5e-05, ""loss_mode"": ""standard"", ""num_train_epochs"": 5, ""weight_decay"": 0.0}",COMPLETE,cu,2
16,0.7547811864964601,2026-10-01 14:48:18.278280,2026-10-01 14:49:13.288562,0 days 00:00:55.010282,16,0.2,5e-05,standard,5,PYSENTIMIENTO,0.01,"[2, 2, 2]",0.0046704591168027,2,"{""batch_size"": 16, ""classifier_dropout"": 0.2, ""learning_rate"": 5e-05, ""loss_mode"": ""standard"", ""num_train_epochs"": 5, ""weight_decay"": 0.01}",COMPLETE,cu,2
17,0.7502131839181269,2026-10-01 14:49:13.548831,2026-10-01 14:50:16.339074,0 days 00:01:02.790243,16,0.2,4e-05,standard,5,PYSENTIMIENTO,0.01,"[2, 3, 2]",0.0077402047811196,2,"{""batch_size"": 16, ""classifier_dropout"": 0.2, ""learning_rate"": 4e-05, ""loss_mode"": ""standard"", ""num_train_epochs"": 5, ""weight_decay"": 0.01}",COMPLETE,cu,2
18,0.7560579353720159,2026-10-01 14:50:16.599448,2026-10-01 14:51:12.034434,0 days 00:00:55.434986,16,0.2,5e-05,standard,4,PYSENTIMIENTO,0.01,"[2, 2, 2]",0.0049329067259075,2,"{""batch_size"": 16, ""classifier_dropout"": 0.2, ""learning_rate"": 5e-05, ""loss_mode"": ""standard"", ""num_train_epochs"": 4, ""weight_decay"": 0.01}",COMPLETE,cu,2
19,0.7545611477551896,2026-10-01 14:51:12.275916,2026-10-01 14:52:07.423827,0 days 00:00:55.147911,16,0.2,5e-05,standard,4,PYSENTIMIENTO,0.1,"[2, 2, 2]",0.006078506468914,2,"{""batch_size"": 16, ""classifier_dropout"": 0.2, ""learning_rate"": 5e-05, ""loss_mode"": ""standard"", ""num_train_epochs"": 4, ""weight_decay"": 0.1}",COMPLETE,cu,2
0,0.7269854316353414,2026-10-01 14:52:25.565846,2026-10-01 14:53:11.909012,0 days 00:00:46.343166,32,0.2,2e-05,balanced,4,PYSENTIMIENTO,0.1,"[4, 4, 4]",0.0098104667728972,4,,COMPLETE,cu,3
1,0.7457504741640927,2026-10-01 14:53:12.149666,2026-10-01 14:53:58.543517,0 days 00:00:46.393851,32,0.2,4e-05,balanced,5,PYSENTIMIENTO,0.01,"[2, 4, 3]",0.0145023955006962,3,,COMPLETE,cu,3
2,0.7441401583285664,2026-10-01 14:53:58.799461,2026-10-01 14:54:53.447034,0 days 00:00:54.647573,16,0.2,3e-05,balanced,3,PYSENTIMIENTO,0.0,"[3, 3, 2]",0.0098949022653116,3,,COMPLETE,cu,3
3,0.7380571913458335,2026-10-01 14:54:53.680782,2026-10-01 14:55:49.334492,0 days 00:00:55.653710,16,0.3,4e-05,standard,3,PYSENTIMIENTO,0.01,"[3, 3, 3]",0.0284356702729224,3,,COMPLETE,cu,3
4,0.738807850494005,2026-10-01 14:55:49.588478,2026-10-01 14:56:56.101288,0 days 00:01:06.512810,16,0.3,2e-05,balanced,4,PYSENTIMIENTO,0.1,"[2, 4, 3]",0.0053008814107294,3,,COMPLETE,cu,3
5,0.7324033472303434,2026-10-01 14:56:56.340773,2026-10-01 14:57:46.315944,0 days 00:00:49.975171,32,0.2,4e-05,standard,5,PYSENTIMIENTO,0.01,"[4, 2, 4]",0.0071845566169735,4,"{""batch_size"": 32, ""classifier_dropout"": 0.2, ""learning_rate"": 4e-05, ""loss_mode"": ""standard"", ""num_train_epochs"": 5, ""weight_decay"": 0.01}",COMPLETE,cu,3
6,0.7444797397642513,2026-10-01 14:57:46.578322,2026-10-01 14:58:33.154825,0 days 00:00:46.576503,32,0.1,4e-05,balanced,5,PYSENTIMIENTO,0.01,"[2, 4, 3]",0.0154137163122469,3,"{""batch_size"": 32, ""classifier_dropout"": 0.1, ""learning_rate"": 4e-05, ""loss_mode"": ""balanced"", ""num_train_epochs"": 5, ""weight_decay"": 0.01}",COMPLETE,cu,3
7,0.7400891109369442,2026-10-01 14:58:33.396418,2026-10-01 14:59:20.090629,0 days 00:00:46.694211,32,0.2,3e-05,balanced,5,PYSENTIMIENTO,0.01,"[2, 4, 3]",0.0119970710498813,3,"{""batch_size"": 32, ""classifier_dropout"": 0.2, ""learning_rate"": 3e-05, ""loss_mode"": ""balanced"", ""num_train_epochs"": 5, ""weight_decay"": 0.01}",COMPLETE,cu,3
8,0.7425346867445901,2026-10-01 14:59:20.330601,2026-10-01 15:00:15.705010,0 days 00:00:55.374409,16,0.2,4e-05,balanced,5,PYSENTIMIENTO,0.05,"[2, 1, 3]",0.0210655900436481,2,"{""batch_size"": 16, ""classifier_dropout"": 0.2, ""learning_rate"": 4e-05, ""loss_mode"": ""balanced"", ""num_train_epochs"": 5, ""weight_decay"": 0.05}",COMPLETE,cu,3
9,0.7432408584174638,2026-10-01 15:00:15.970997,2026-10-01 15:00:59.219863,0 days 00:00:43.248866,32,0.3,4e-05,balanced,4,PYSENTIMIENTO,0.0,"[2, 4, 3]",0.0134812212635988,3,"{""batch_size"": 32, ""classifier_dropout"": 0.3, ""learning_rate"": 4e-05, ""loss_mode"": ""balanced"", ""num_train_epochs"": 4, ""weight_decay"": 0.0}",COMPLETE,cu,3
10,0.7409199853710664,2026-10-01 15:00:59.474738,2026-10-01 15:01:35.783443,0 days 00:00:36.308705,32,0.2,4e-05,balanced,3,PYSENTIMIENTO,0.05,"[3, 2, 3]",0.0115290572408578,3,"{""batch_size"": 32, ""classifier_dropout"": 0.2, ""learning_rate"": 4e-05, ""loss_mode"": ""balanced"", ""num_train_epochs"": 3, ""weight_decay"": 0.05}",COMPLETE,cu,3
11,0.7444797397642513,2026-10-01 15:01:36.027440,2026-10-01 15:01:36.107117,0 days 00:00:00.079677,32,0.1,4e-05,balanced,5,PYSENTIMIENTO,0.01,"[2, 4, 3]",0.0154137163122469,3,"{""batch_size"": 32, ""classifier_dropout"": 0.1, ""learning_rate"": 4e-05, ""loss_mode"": ""balanced"", ""num_train_epochs"": 5, ""weight_decay"": 0.01}",COMPLETE,cu,3
12,0.7456722250006953,2026-10-01 15:01:36.369823,2026-10-01 15:02:19.819188,0 days 00:00:43.449365,32,0.1,5e-05,balanced,4,PYSENTIMIENTO,0.01,"[2, 4, 3]",0.0150374927808062,3,"{""batch_size"": 32, ""classifier_dropout"": 0.1, ""learning_rate"": 5e-05, ""loss_mode"": ""balanced"", ""num_train_epochs"": 4, ""weight_decay"": 0.01}",COMPLETE,cu,3
13,0.7456722250006953,2026-10-01 15:02:20.057513,2026-10-01 15:02:20.136726,0 days 00:00:00.079213,32,0.1,5e-05,balanced,4,PYSENTIMIENTO,0.01,"[2, 4, 3]",0.0150374927808062,3,"{""batch_size"": 32, ""classifier_dropout"": 0.1, ""learning_rate"": 5e-05, ""loss_mode"": ""balanced"", ""num_train_epochs"": 4, ""weight_decay"": 0.01}",COMPLETE,cu,3
14,0.7454221733635076,2026-10-01 15:02:20.398433,2026-10-01 15:03:15.864953,0 days 00:00:55.466520,16,0.1,5e-05,standard,4,PYSENTIMIENTO,0.0,"[2, 2, 2]",0.0255215033608422,2,"{""batch_size"": 16, ""classifier_dropout"": 0.1, ""learning_rate"": 5e-05, ""loss_mode"": ""standard"", ""num_train_epochs"": 4, ""weight_decay"": 0.0}",COMPLETE,cu,3
15,0.7428872367572303,2026-10-01 15:03:16.103278,2026-10-01 15:03:52.169045,0 days 00:00:36.065767,32,0.3,5e-05,balanced,3,PYSENTIMIENTO,0.01,"[2, 3, 3]",0.0160807778455482,3,"{""batch_size"": 32, ""classifier_dropout"": 0.3, ""learning_rate"": 5e-05, ""loss_mode"": ""balanced"", ""num_train_epochs"": 3, ""weight_decay"": 0.01}",COMPLETE,cu,3
16,0.7427232192369161,2026-10-01 15:03:52.403547,2026-10-01 15:04:59.438314,0 days 00:01:07.034767,16,0.1,3e-05,balanced,4,PYSENTIMIENTO,0.05,"[3, 2, 3]",0.012917070699054,3,"{""batch_size"": 16, ""classifier_dropout"": 0.1, ""learning_rate"": 3e-05, ""loss_mode"": ""balanced"", ""num_train_epochs"": 4, ""weight_decay"": 0.05}",COMPLETE,cu,3
17,0.7466825061875193,2026-10-01 15:04:59.672298,2026-10-01 15:05:49.369602,0 days 00:00:49.697304,16,0.2,5e-05,balanced,4,PYSENTIMIENTO,0.01,"[1, 1, 3]",0.0196615465023275,1,"{""batch_size"": 16, ""classifier_dropout"": 0.2, ""learning_rate"": 5e-05, ""loss_mode"": ""balanced"", ""num_train_epochs"": 4, ""weight_decay"": 0.01}",COMPLETE,cu,3
18,0.7445531638758256,2026-10-01 15:05:49.603939,2026-10-01 15:07:01.818512,0 days 00:01:12.214573,16,0.2,2e-05,balanced,4,PYSENTIMIENTO,0.01,"[3, 4, 4]",0.0075937044907731,4,"{""batch_size"": 16, ""classifier_dropout"": 0.2, ""learning_rate"": 2e-05, ""loss_mode"": ""balanced"", ""num_train_epochs"": 4, ""weight_decay"": 0.01}",COMPLETE,cu,3
19,0.7466825061875193,2026-10-01 15:07:02.056562,2026-10-01 15:07:02.143809,0 days 00:00:00.087247,16,0.2,5e-05,balanced,4,PYSENTIMIENTO,0.01,"[1, 1, 3]",0.0196615465023275,1,"{""batch_size"": 16, ""classifier_dropout"": 0.2, ""learning_rate"": 5e-05, ""loss_mode"": ""balanced"", ""num_train_epochs"": 4, ""weight_decay"": 0.01}",COMPLETE,cu,3
0,0.735343178405745,2026-10-01 15:07:13.172216,2026-10-01 15:08:06.579907,0 days 00:00:53.407691,32,0.3,2e-05,balanced,5,PYSENTIMIENTO,0.01,"[5, 3, 5]",0.0092152003695552,5,,COMPLETE,cu,4
1,0.7375795446666656,2026-10-01 15:08:06.824791,2026-10-01 15:08:49.575604,0 days 00:00:42.750813,32,0.1,3e-05,standard,4,PYSENTIMIENTO,0.05,"[4, 3, 2]",0.0209441020293046,3,,COMPLETE,cu,4
2,0.7526480409428368,2026-10-01 15:08:49.814303,2026-10-01 15:09:33.870962,0 days 00:00:44.056659,32,0.1,5e-05,standard,4,PYSENTIMIENTO,0.0,"[4, 3, 2]",0.014701411781772,3,,COMPLETE,cu,4
3,0.7603971604931886,2026-10-01 15:09:34.117443,2026-10-01 15:10:16.979126,0 days 00:00:42.861683,32,0.1,4e-05,balanced,4,PYSENTIMIENTO,0.1,"[2, 3, 3]",0.0103250615073078,3,,COMPLETE,cu,4
4,0.7387802376667123,2026-10-01 15:10:17.218766,2026-10-01 15:11:14.630630,0 days 00:00:57.411864,16,0.2,3e-05,standard,3,PYSENTIMIENTO,0.01,"[3, 3, 2]",0.0156515403827469,3,,COMPLETE,cu,4
5,0.7603971604931886,2026-10-01 15:11:14.874222,2026-10-01 15:11:14.949005,0 days 00:00:00.074783,32,0.1,4e-05,balanced,4,PYSENTIMIENTO,0.1,"[2, 3, 3]",0.0103250615073078,3,"{""batch_size"": 32, ""classifier_dropout"": 0.1, ""learning_rate"": 4e-05, ""loss_mode"": ""balanced"", ""num_train_epochs"": 4, ""weight_decay"": 0.1}",COMPLETE,cu,4
6,0.7225221157998988,2026-10-01 15:11:15.209522,2026-10-01 15:11:51.880059,0 days 00:00:36.670537,32,0.3,4e-05,standard,3,PYSENTIMIENTO,0.1,"[3, 2, 2]",0.0095343033448947,2,"{""batch_size"": 32, ""classifier_dropout"": 0.3, ""learning_rate"": 4e-05, ""loss_mode"": ""standard"", ""num_train_epochs"": 3, ""weight_decay"": 0.1}",COMPLETE,cu,4
7,0.7553166625668614,2026-10-01 15:11:52.125285,2026-10-01 15:12:46.573174,0 days 00:00:54.447889,16,0.2,4e-05,balanced,4,PYSENTIMIENTO,0.0,"[2, 2, 2]",0.0100207399738681,2,"{""batch_size"": 16, ""classifier_dropout"": 0.2, ""learning_rate"": 4e-05, ""loss_mode"": ""balanced"", ""num_train_epochs"": 4, ""weight_decay"": 0.0}",COMPLETE,cu,4
8,0.7557544625096265,2026-10-01 15:12:46.839628,2026-10-01 15:13:41.963613,0 days 00:00:55.123985,16,0.1,5e-05,balanced,3,PYSENTIMIENTO,0.1,"[2, 2, 2]",0.0152516338294413,2,"{""batch_size"": 16, ""classifier_dropout"": 0.1, ""learning_rate"": 5e-05, ""loss_mode"": ""balanced"", ""num_train_epochs"": 3, ""weight_decay"": 0.1}",COMPLETE,cu,4
9,0.7524810824136831,2026-10-01 15:13:42.205627,2026-10-01 15:14:43.026087,0 days 00:01:00.820460,16,0.3,3e-05,balanced,4,PYSENTIMIENTO,0.01,"[2, 4, 2]",0.0103320185734688,2,"{""batch_size"": 16, ""classifier_dropout"": 0.3, ""learning_rate"": 3e-05, ""loss_mode"": ""balanced"", ""num_train_epochs"": 4, ""weight_decay"": 0.01}",COMPLETE,cu,4
10,0.7338235367000775,2026-10-01 15:14:43.263920,2026-10-01 15:15:30.282365,0 days 00:00:47.018445,32,0.2,2e-05,balanced,4,PYSENTIMIENTO,0.1,"[4, 4, 4]",0.0035499030820508,4,"{""batch_size"": 32, ""classifier_dropout"": 0.2, ""learning_rate"": 2e-05, ""loss_mode"": ""balanced"", ""num_train_epochs"": 4, ""weight_decay"": 0.1}",COMPLETE,cu,4
11,0.7603971604931886,2026-10-01 15:15:30.543116,2026-10-01 15:15:30.619055,0 days 00:00:00.075939,32,0.1,4e-05,balanced,4,PYSENTIMIENTO,0.1,"[2, 3, 3]",0.0103250615073078,3,"{""batch_size"": 32, ""classifier_dropout"": 0.1, ""learning_rate"": 4e-05, ""loss_mode"": ""balanced"", ""num_train_epochs"": 4, ""weight_decay"": 0.1}",COMPLETE,cu,4
12,0.7554890196993241,2026-10-01 15:15:30.883679,2026-10-01 15:16:07.604463,0 days 00:00:36.720784,32,0.1,4e-05,balanced,3,PYSENTIMIENTO,0.01,"[3, 3, 2]",0.0118852933040669,3,"{""batch_size"": 32, ""classifier_dropout"": 0.1, ""learning_rate"": 4e-05, ""loss_mode"": ""balanced"", ""num_train_epochs"": 3, ""weight_decay"": 0.01}",COMPLETE,cu,4
13,0.7535999304266859,2026-10-01 15:16:07.850467,2026-10-01 15:16:51.686509,0 days 00:00:43.836042,32,0.3,4e-05,balanced,4,PYSENTIMIENTO,0.05,"[2, 3, 3]",0.0067612812406702,3,"{""batch_size"": 32, ""classifier_dropout"": 0.3, ""learning_rate"": 4e-05, ""loss_mode"": ""balanced"", ""num_train_epochs"": 4, ""weight_decay"": 0.05}",COMPLETE,cu,4
14,0.7562261674545264,2026-10-01 15:16:51.954238,2026-10-01 15:17:35.396040,0 days 00:00:43.441802,32,0.2,4e-05,balanced,5,PYSENTIMIENTO,0.1,"[2, 3, 3]",0.0146061550615697,3,"{""batch_size"": 32, ""classifier_dropout"": 0.2, ""learning_rate"": 4e-05, ""loss_mode"": ""balanced"", ""num_train_epochs"": 5, ""weight_decay"": 0.1}",COMPLETE,cu,4
15,0.7516333312640966,2026-10-01 15:17:35.655427,2026-10-01 15:18:36.346087,0 days 00:01:00.690660,16,0.1,4e-05,standard,4,PYSENTIMIENTO,0.1,"[4, 1, 3]",0.0093986876116681,3,"{""batch_size"": 16, ""classifier_dropout"": 0.1, ""learning_rate"": 4e-05, ""loss_mode"": ""standard"", ""num_train_epochs"": 4, ""weight_decay"": 0.1}",COMPLETE,cu,4
16,0.7419627092112093,2026-10-01 15:18:36.582872,2026-10-01 15:19:23.009908,0 days 00:00:46.427036,32,0.1,2e-05,balanced,4,PYSENTIMIENTO,0.0,"[4, 3, 4]",0.0036823612759369,4,"{""batch_size"": 32, ""classifier_dropout"": 0.1, ""learning_rate"": 2e-05, ""loss_mode"": ""balanced"", ""num_train_epochs"": 4, ""weight_decay"": 0.0}",COMPLETE,cu,4
17,0.7621207555160346,2026-10-01 15:19:23.242280,2026-10-01 15:20:03.151507,0 days 00:00:39.909227,32,0.1,5e-05,balanced,4,PYSENTIMIENTO,0.1,"[2, 3, 2]",0.0175162185662731,2,"{""batch_size"": 32, ""classifier_dropout"": 0.1, ""learning_rate"": 5e-05, ""loss_mode"": ""balanced"", ""num_train_epochs"": 4, ""weight_decay"": 0.1}",COMPLETE,cu,4
18,0.7597681424398147,2026-10-01 15:20:03.413151,2026-10-01 15:20:53.236590,0 days 00:00:49.823439,32,0.1,3e-05,balanced,5,PYSENTIMIENTO,0.1,"[3, 3, 4]",0.0123903630605723,3,"{""batch_size"": 32, ""classifier_dropout"": 0.1, ""learning_rate"": 3e-05, ""loss_mode"": ""balanced"", ""num_train_epochs"": 5, ""weight_decay"": 0.1}",COMPLETE,cu,4
19,0.7578811016059763,2026-10-01 15:20:53.467167,2026-10-01 15:21:36.968807,0 days 00:00:43.501640,32,0.3,5e-05,balanced,4,PYSENTIMIENTO,0.1,"[2, 4, 3]",0.0099161692423134,3,"{""batch_size"": 32, ""classifier_dropout"": 0.3, ""learning_rate"": 5e-05, ""loss_mode"": ""balanced"", ""num_train_epochs"": 4, ""weight_decay"": 0.1}",COMPLETE,cu,4
0,0.7422428914916152,2026-10-01 15:21:48.321325,2026-10-01 15:22:34.786981,0 days 00:00:46.465656,32,0.3,3e-05,balanced,5,PYSENTIMIENTO,0.01,"[3, 3, 3]",0.0150806792882152,3,,COMPLETE,cu,5
1,0.7356094220071968,2026-10-01 15:22:35.028534,2026-10-01 15:23:29.665963,0 days 00:00:54.637429,16,0.3,4e-05,standard,3,PYSENTIMIENTO,0.0,"[3, 2, 3]",0.0085385087826117,3,,COMPLETE,cu,5
2,0.7310836278201686,2026-10-01 15:23:29.931694,2026-10-01 15:24:36.481141,0 days 00:01:06.549447,16,0.3,2e-05,balanced,4,PYSENTIMIENTO,0.05,"[3, 4, 2]",0.0271270674918023,3,,COMPLETE,cu,5
