number,value,datetime_start,datetime_complete,duration,params_batch_size,params_classifier_dropout,params_learning_rate,params_loss_mode,params_num_train_epochs,params_preprocessing,params_weight_decay,user_attrs_best_epochs_inner,user_attrs_f1_inner_std,user_attrs_refit_epochs,system_attrs_tpe:relative_params:0,state,variante,outer_fold
11,0.6961785361170932,2026-10-01 12:37:22.623652,2026-10-01 12:37:22.702819,0 days 00:00:00.079167,32,0.1,4e-05,balanced,4,PYSENTIMIENTO,0.1,"[2, 4, 4]",0.0441415214626961,4,"{""batch_size"": 32, ""classifier_dropout"": 0.1, ""learning_rate"": 4e-05, ""loss_mode"": ""balanced"", ""num_train_epochs"": 4, ""weight_decay"": 0.1}",COMPLETE,mx,4
12,0.6892582664732213,2026-10-01 12:37:22.961061,2026-10-01 12:37:58.448296,0 days 00:00:35.487235,32,0.1,4e-05,balanced,3,PYSENTIMIENTO,0.01,"[3, 3, 3]",0.0413265929958761,3,"{""batch_size"": 32, ""classifier_dropout"": 0.1, ""learning_rate"": 4e-05, ""loss_mode"": ""balanced"", ""num_train_epochs"": 3, ""weight_decay"": 0.01}",COMPLETE,mx,4
13,0.6910073639483577,2026-10-01 12:37:58.688764,2026-10-01 12:38:41.606832,0 days 00:00:42.918068,32,0.3,4e-05,balanced,4,PYSENTIMIENTO,0.05,"[4, 2, 3]",0.0396672913422853,3,"{""batch_size"": 32, ""classifier_dropout"": 0.3, ""learning_rate"": 4e-05, ""loss_mode"": ""balanced"", ""num_train_epochs"": 4, ""weight_decay"": 0.05}",COMPLETE,mx,4
14,0.7000132364455491,2026-10-01 12:38:41.872890,2026-10-01 12:39:24.785390,0 days 00:00:42.912500,32,0.2,4e-05,balanced,5,PYSENTIMIENTO,0.1,"[2, 2, 5]",0.053763655224142,2,"{""batch_size"": 32, ""classifier_dropout"": 0.2, ""learning_rate"": 4e-05, ""loss_mode"": ""balanced"", ""num_train_epochs"": 5, ""weight_decay"": 0.1}",COMPLETE,mx,4
15,0.6926412065240877,2026-10-01 12:39:25.020417,2026-10-01 12:40:31.145498,0 days 00:01:06.125081,16,0.2,4e-05,balanced,5,PYSENTIMIENTO,0.1,"[2, 3, 3]",0.0425042137886265,3,"{""batch_size"": 16, ""classifier_dropout"": 0.2, ""learning_rate"": 4e-05, ""loss_mode"": ""balanced"", ""num_train_epochs"": 5, ""weight_decay"": 0.1}",COMPLETE,mx,4
16,0.6915884518354444,2026-10-01 12:40:31.375788,2026-10-01 12:41:17.415219,0 days 00:00:46.039431,32,0.2,3e-05,balanced,5,PYSENTIMIENTO,0.1,"[3, 2, 5]",0.0554467900293662,3,"{""batch_size"": 32, ""classifier_dropout"": 0.2, ""learning_rate"": 3e-05, ""loss_mode"": ""balanced"", ""num_train_epochs"": 5, ""weight_decay"": 0.1}",COMPLETE,mx,4
17,0.6995558782318693,2026-10-01 12:41:17.643887,2026-10-01 12:42:00.521117,0 days 00:00:42.877230,32,0.2,4e-05,balanced,5,PYSENTIMIENTO,0.0,"[2, 2, 5]",0.0541408453320118,2,"{""batch_size"": 32, ""classifier_dropout"": 0.2, ""learning_rate"": 4e-05, ""loss_mode"": ""balanced"", ""num_train_epochs"": 5, ""weight_decay"": 0.0}",COMPLETE,mx,4
18,0.6961296729334658,2026-10-01 12:42:00.760243,2026-10-01 12:42:43.451024,0 days 00:00:42.690781,32,0.3,4e-05,balanced,5,PYSENTIMIENTO,0.0,"[2, 2, 5]",0.0490574237278479,2,"{""batch_size"": 32, ""classifier_dropout"": 0.3, ""learning_rate"": 4e-05, ""loss_mode"": ""balanced"", ""num_train_epochs"": 5, ""weight_decay"": 0.0}",COMPLETE,mx,4
19,0.698641754037642,2026-10-01 12:42:43.709084,2026-10-01 12:43:26.254997,0 days 00:00:42.545913,32,0.2,4e-05,balanced,5,PYSENTIMIENTO,0.05,"[2, 2, 5]",0.0549323389875524,2,"{""batch_size"": 32, ""classifier_dropout"": 0.2, ""learning_rate"": 4e-05, ""loss_mode"": ""balanced"", ""num_train_epochs"": 5, ""weight_decay"": 0.05}",COMPLETE,mx,4
0,0.6995151431604918,2026-10-01 12:43:37.514816,2026-10-01 12:44:30.996715,0 days 00:00:53.481899,32,0.3,3e-05,balanced,5,PYSENTIMIENTO,0.01,"[5, 3, 5]",0.014813204922925,5,,COMPLETE,mx,5
1,0.6891036721312963,2026-10-01 12:44:31.250495,2026-10-01 12:45:25.347501,0 days 00:00:54.097006,16,0.3,4e-05,standard,3,PYSENTIMIENTO,0.0,"[3, 3, 3]",0.018119405822061,3,,COMPLETE,mx,5
2,0.6958901129028826,2026-10-01 12:45:25.596360,2026-10-01 12:46:31.926556,0 days 00:01:06.330196,16,0.3,2e-05,balanced,4,PYSENTIMIENTO,0.05,"[3, 2, 4]",0.0187056866176613,3,,COMPLETE,mx,5
3,0.6837450679125028,2026-10-01 12:46:32.180432,2026-10-01 12:47:18.486555,0 days 00:00:46.306123,32,0.2,3e-05,standard,5,PYSENTIMIENTO,0.01,"[5, 2, 3]",0.0250341032077499,3,,COMPLETE,mx,5
4,0.6995151431604918,2026-10-01 12:47:18.723808,2026-10-01 12:47:18.791583,0 days 00:00:00.067775,32,0.3,3e-05,balanced,5,PYSENTIMIENTO,0.01,"[5, 3, 5]",0.014813204922925,5,,COMPLETE,mx,5
5,0.6798629117437432,2026-10-01 12:47:19.045168,2026-10-01 12:47:54.981001,0 days 00:00:35.935833,32,0.2,3e-05,balanced,3,PYSENTIMIENTO,0.1,"[3, 3, 3]",0.0124867254974354,3,"{""batch_size"": 32, ""classifier_dropout"": 0.2, ""learning_rate"": 3e-05, ""loss_mode"": ""balanced"", ""num_train_epochs"": 3, ""weight_decay"": 0.1}",COMPLETE,mx,5
6,0.7134542428758172,2026-10-01 12:47:55.218338,2026-10-01 12:48:56.108866,0 days 00:01:00.890528,16,0.1,4e-05,balanced,5,PYSENTIMIENTO,0.1,"[1, 3, 3]",0.0076409010328362,3,"{""batch_size"": 16, ""classifier_dropout"": 0.1, ""learning_rate"": 4e-05, ""loss_mode"": ""balanced"", ""num_train_epochs"": 5, ""weight_decay"": 0.1}",COMPLETE,mx,5
7,0.7134542428758172,2026-10-01 12:48:56.340926,2026-10-01 12:48:56.414573,0 days 00:00:00.073647,16,0.1,4e-05,balanced,5,PYSENTIMIENTO,0.1,"[1, 3, 3]",0.0076409010328362,3,"{""batch_size"": 16, ""classifier_dropout"": 0.1, ""learning_rate"": 4e-05, ""loss_mode"": ""balanced"", ""num_train_epochs"": 5, ""weight_decay"": 0.1}",COMPLETE,mx,5
8,0.7066150294638462,2026-10-01 12:48:56.667607,2026-10-01 12:49:51.731636,0 days 00:00:55.064029,16,0.1,5e-05,balanced,3,PYSENTIMIENTO,0.01,"[2, 3, 3]",0.0204400059452335,3,"{""batch_size"": 16, ""classifier_dropout"": 0.1, ""learning_rate"": 5e-05, ""loss_mode"": ""balanced"", ""num_train_epochs"": 3, ""weight_decay"": 0.01}",COMPLETE,mx,5
9,0.673742140763886,2026-10-01 12:49:51.991373,2026-10-01 12:50:41.800427,0 days 00:00:49.809054,32,0.1,2e-05,standard,5,PYSENTIMIENTO,0.1,"[5, 2, 5]",0.0172619747178269,5,"{""batch_size"": 32, ""classifier_dropout"": 0.1, ""learning_rate"": 2e-05, ""loss_mode"": ""standard"", ""num_train_epochs"": 5, ""weight_decay"": 0.1}",COMPLETE,mx,5
10,0.7103040988894348,2026-10-01 12:50:42.064100,2026-10-01 12:51:48.634943,0 days 00:01:06.570843,16,0.2,4e-05,balanced,4,PYSENTIMIENTO,0.1,"[3, 2, 4]",0.0211702265894659,3,"{""batch_size"": 16, ""classifier_dropout"": 0.2, ""learning_rate"": 4e-05, ""loss_mode"": ""balanced"", ""num_train_epochs"": 4, ""weight_decay"": 0.1}",COMPLETE,mx,5
11,0.7134542428758172,2026-10-01 12:51:48.900878,2026-10-01 12:51:48.985152,0 days 00:00:00.084274,16,0.1,4e-05,balanced,5,PYSENTIMIENTO,0.1,"[1, 3, 3]",0.0076409010328362,3,"{""batch_size"": 16, ""classifier_dropout"": 0.1, ""learning_rate"": 4e-05, ""loss_mode"": ""balanced"", ""num_train_epochs"": 5, ""weight_decay"": 0.1}",COMPLETE,mx,5
12,0.7107400971051184,2026-10-01 12:51:49.239760,2026-10-01 12:53:00.948657,0 days 00:01:11.708897,16,0.1,4e-05,standard,5,PYSENTIMIENTO,0.05,"[2, 4, 3]",0.0123106584096713,3,"{""batch_size"": 16, ""classifier_dropout"": 0.1, ""learning_rate"": 4e-05, ""loss_mode"": ""standard"", ""num_train_epochs"": 5, ""weight_decay"": 0.05}",COMPLETE,mx,5
13,0.711413200020209,2026-10-01 12:53:01.177834,2026-10-01 12:54:06.738457,0 days 00:01:05.560623,16,0.1,3e-05,balanced,5,PYSENTIMIENTO,0.0,"[3, 2, 3]",0.0197486299914583,3,"{""batch_size"": 16, ""classifier_dropout"": 0.1, ""learning_rate"": 3e-05, ""loss_mode"": ""balanced"", ""num_train_epochs"": 5, ""weight_decay"": 0.0}",COMPLETE,mx,5
14,0.7090832184442449,2026-10-01 12:54:07.007216,2026-10-01 12:54:49.337848,0 days 00:00:42.330632,32,0.1,4e-05,balanced,5,PYSENTIMIENTO,0.0,"[3, 2, 3]",0.0186701589946535,3,"{""batch_size"": 32, ""classifier_dropout"": 0.1, ""learning_rate"": 4e-05, ""loss_mode"": ""balanced"", ""num_train_epochs"": 5, ""weight_decay"": 0.0}",COMPLETE,mx,5
15,0.7057605250394904,2026-10-01 12:54:49.567408,2026-10-01 12:56:12.263126,0 days 00:01:22.695718,16,0.2,2e-05,balanced,5,PYSENTIMIENTO,0.1,"[3, 5, 4]",0.0152206829647937,4,"{""batch_size"": 16, ""classifier_dropout"": 0.2, ""learning_rate"": 2e-05, ""loss_mode"": ""balanced"", ""num_train_epochs"": 5, ""weight_decay"": 0.1}",COMPLETE,mx,5
16,0.7089083537039916,2026-10-01 12:56:12.516403,2026-10-01 12:57:18.720424,0 days 00:01:06.204021,16,0.1,3e-05,balanced,4,PYSENTIMIENTO,0.1,"[3, 2, 4]",0.0164960615168005,3,"{""batch_size"": 16, ""classifier_dropout"": 0.1, ""learning_rate"": 3e-05, ""loss_mode"": ""balanced"", ""num_train_epochs"": 4, ""weight_decay"": 0.1}",COMPLETE,mx,5
17,0.71115474093757,2026-10-01 12:57:18.981206,2026-10-01 12:58:19.225629,0 days 00:01:00.244423,16,0.3,5e-05,standard,5,PYSENTIMIENTO,0.1,"[2, 2, 3]",0.0243273635450396,2,"{""batch_size"": 16, ""classifier_dropout"": 0.3, ""learning_rate"": 5e-05, ""loss_mode"": ""standard"", ""num_train_epochs"": 5, ""weight_decay"": 0.1}",COMPLETE,mx,5
18,0.7159324452508337,2026-10-01 12:58:19.455338,2026-10-01 12:59:20.191590,0 days 00:01:00.736252,16,0.1,5e-05,balanced,5,PYSENTIMIENTO,0.05,"[1, 3, 3]",0.008986958022241,3,"{""batch_size"": 16, ""classifier_dropout"": 0.1, ""learning_rate"": 5e-05, ""loss_mode"": ""balanced"", ""num_train_epochs"": 5, ""weight_decay"": 0.05}",COMPLETE,mx,5
19,0.7159324452508337,2026-10-01 12:59:20.424043,2026-10-01 12:59:20.502005,0 days 00:00:00.077962,16,0.1,5e-05,balanced,5,PYSENTIMIENTO,0.05,"[1, 3, 3]",0.008986958022241,3,"{""batch_size"": 16, ""classifier_dropout"": 0.1, ""learning_rate"": 5e-05, ""loss_mode"": ""balanced"", ""num_train_epochs"": 5, ""weight_decay"": 0.05}",COMPLETE,mx,5
0,0.7538373326452796,2026-10-01 12:59:45.617578,2026-10-01 13:00:21.985824,0 days 00:00:36.368246,32,0.2,3e-05,balanced,3,PYSENTIMIENTO,0.05,"[3, 2, 3]",0.0118822019417926,3,,COMPLETE,es,1
1,0.7699714512282155,2026-10-01 13:00:22.221710,2026-10-01 13:01:04.581569,0 days 00:00:42.359859,32,0.2,5e-05,standard,4,PYSENTIMIENTO,0.0,"[2, 3, 4]",0.0092046126833612,3,,COMPLETE,es,1
2,0.7385111689007706,2026-10-01 13:01:04.825569,2026-10-01 13:01:59.798478,0 days 00:00:54.972909,16,0.2,2e-05,standard,3,PYSENTIMIENTO,0.01,"[3, 3, 3]",0.0186790269041613,3,,COMPLETE,es,1
3,0.7636537014540806,2026-10-01 13:02:00.032379,2026-10-01 13:03:16.955573,0 days 00:01:16.923194,16,0.2,2e-05,standard,5,PYSENTIMIENTO,0.01,"[3, 3, 4]",0.0234822624848467,3,,COMPLETE,es,1
4,0.7309427660748563,2026-10-01 13:03:17.189453,2026-10-01 13:04:11.673652,0 days 00:00:54.484199,16,0.3,2e-05,standard,3,PYSENTIMIENTO,0.01,"[3, 3, 3]",0.0130730144531764,3,,COMPLETE,es,1
5,0.772251813276398,2026-10-01 13:04:11.933401,2026-10-01 13:04:54.331797,0 days 00:00:42.398396,32,0.1,5e-05,standard,4,PYSENTIMIENTO,0.0,"[2, 4, 4]",0.0136895841077364,4,"{""batch_size"": 32, ""classifier_dropout"": 0.1, ""learning_rate"": 5e-05, ""loss_mode"": ""standard"", ""num_train_epochs"": 4, ""weight_decay"": 0.0}",COMPLETE,es,1
6,0.7682381446772918,2026-10-01 13:04:54.560034,2026-10-01 13:05:41.165409,0 days 00:00:46.605375,32,0.1,4e-05,standard,4,PYSENTIMIENTO,0.1,"[3, 4, 4]",0.0127939185650874,4,"{""batch_size"": 32, ""classifier_dropout"": 0.1, ""learning_rate"": 4e-05, ""loss_mode"": ""standard"", ""num_train_epochs"": 4, ""weight_decay"": 0.1}",COMPLETE,es,1
7,0.7732678402526355,2026-10-01 13:05:41.394435,2026-10-01 13:06:24.724945,0 days 00:00:43.330510,32,0.1,5e-05,standard,4,PYSENTIMIENTO,0.05,"[2, 4, 4]",0.0145214603754012,4,"{""batch_size"": 32, ""classifier_dropout"": 0.1, ""learning_rate"": 5e-05, ""loss_mode"": ""standard"", ""num_train_epochs"": 4, ""weight_decay"": 0.05}",COMPLETE,es,1
8,0.7654374028038818,2026-10-01 13:06:24.964482,2026-10-01 13:07:01.303617,0 days 00:00:36.339135,32,0.1,5e-05,standard,3,PYSENTIMIENTO,0.05,"[2, 3, 3]",0.0160655933087045,3,"{""batch_size"": 32, ""classifier_dropout"": 0.1, ""learning_rate"": 5e-05, ""loss_mode"": ""standard"", ""num_train_epochs"": 3, ""weight_decay"": 0.05}",COMPLETE,es,1
9,0.7670653688891741,2026-10-01 13:07:01.558131,2026-10-01 13:08:07.943207,0 days 00:01:06.385076,16,0.3,5e-05,standard,4,PYSENTIMIENTO,0.05,"[2, 4, 3]",0.0181588924127116,3,"{""batch_size"": 16, ""classifier_dropout"": 0.3, ""learning_rate"": 5e-05, ""loss_mode"": ""standard"", ""num_train_epochs"": 4, ""weight_decay"": 0.05}",COMPLETE,es,1
10,0.7428351819729259,2026-10-01 13:08:08.197784,2026-10-01 13:08:54.463175,0 days 00:00:46.265391,32,0.1,2e-05,standard,4,PYSENTIMIENTO,0.05,"[4, 4, 3]",0.019457160379033,4,"{""batch_size"": 32, ""classifier_dropout"": 0.1, ""learning_rate"": 2e-05, ""loss_mode"": ""standard"", ""num_train_epochs"": 4, ""weight_decay"": 0.05}",COMPLETE,es,1
11,0.7726152691091533,2026-10-01 13:08:54.699458,2026-10-01 13:09:40.322064,0 days 00:00:45.622606,32,0.1,5e-05,balanced,4,PYSENTIMIENTO,0.0,"[3, 3, 4]",0.0170510439753592,3,"{""batch_size"": 32, ""classifier_dropout"": 0.1, ""learning_rate"": 5e-05, ""loss_mode"": ""balanced"", ""num_train_epochs"": 4, ""weight_decay"": 0.0}",COMPLETE,es,1
12,0.7769502561918027,2026-10-01 13:09:40.553904,2026-10-01 13:10:45.793119,0 days 00:01:05.239215,16,0.1,5e-05,balanced,4,PYSENTIMIENTO,0.0,"[2, 3, 3]",0.017198711300235,3,"{""batch_size"": 16, ""classifier_dropout"": 0.1, ""learning_rate"": 5e-05, ""loss_mode"": ""balanced"", ""num_train_epochs"": 4, ""weight_decay"": 0.0}",COMPLETE,es,1
13,0.7769562327236922,2026-10-01 13:10:46.033040,2026-10-01 13:11:53.167803,0 days 00:01:07.134763,16,0.1,5e-05,balanced,4,PYSENTIMIENTO,0.01,"[2, 3, 3]",0.0164585944684679,3,"{""batch_size"": 16, ""classifier_dropout"": 0.1, ""learning_rate"": 5e-05, ""loss_mode"": ""balanced"", ""num_train_epochs"": 4, ""weight_decay"": 0.01}",COMPLETE,es,1
14,0.7723953659838242,2026-10-01 13:11:53.426196,2026-10-01 13:12:48.683669,0 days 00:00:55.257473,16,0.1,5e-05,balanced,5,PYSENTIMIENTO,0.01,"[2, 2, 2]",0.019041462967824,2,"{""batch_size"": 16, ""classifier_dropout"": 0.1, ""learning_rate"": 5e-05, ""loss_mode"": ""balanced"", ""num_train_epochs"": 5, ""weight_decay"": 0.01}",COMPLETE,es,1
15,0.7717037362945846,2026-10-01 13:12:48.916421,2026-10-01 13:13:55.491609,0 days 00:01:06.575188,16,0.2,5e-05,balanced,4,PYSENTIMIENTO,0.01,"[2, 3, 3]",0.0178610435065556,3,"{""batch_size"": 16, ""classifier_dropout"": 0.2, ""learning_rate"": 5e-05, ""loss_mode"": ""balanced"", ""num_train_epochs"": 4, ""weight_decay"": 0.01}",COMPLETE,es,1
16,0.7785957059475789,2026-10-01 13:13:55.726872,2026-10-01 13:15:00.783846,0 days 00:01:05.056974,16,0.1,3e-05,balanced,4,PYSENTIMIENTO,0.0,"[2, 3, 3]",0.0132600768380537,3,"{""batch_size"": 16, ""classifier_dropout"": 0.1, ""learning_rate"": 3e-05, ""loss_mode"": ""balanced"", ""num_train_epochs"": 4, ""weight_decay"": 0.0}",COMPLETE,es,1
17,0.7795637163368047,2026-10-01 13:15:01.020836,2026-10-01 13:16:07.104724,0 days 00:01:06.083888,16,0.1,3e-05,balanced,4,PYSENTIMIENTO,0.1,"[2, 3, 3]",0.0162103469447667,3,"{""batch_size"": 16, ""classifier_dropout"": 0.1, ""learning_rate"": 3e-05, ""loss_mode"": ""balanced"", ""num_train_epochs"": 4, ""weight_decay"": 0.1}",COMPLETE,es,1
18,0.7795637163368047,2026-10-01 13:16:07.333788,2026-10-01 13:16:07.412948,0 days 00:00:00.079160,16,0.1,3e-05,balanced,4,PYSENTIMIENTO,0.1,"[2, 3, 3]",0.0162103469447667,3,"{""batch_size"": 16, ""classifier_dropout"": 0.1, ""learning_rate"": 3e-05, ""loss_mode"": ""balanced"", ""num_train_epochs"": 4, ""weight_decay"": 0.1}",COMPLETE,es,1
19,0.76694448256068,2026-10-01 13:16:07.668627,2026-10-01 13:17:02.152382,0 days 00:00:54.483755,16,0.1,3e-05,balanced,3,PYSENTIMIENTO,0.1,"[2, 3, 2]",0.0184099617373632,2,"{""batch_size"": 16, ""classifier_dropout"": 0.1, ""learning_rate"": 3e-05, ""loss_mode"": ""balanced"", ""num_train_epochs"": 3, ""weight_decay"": 0.1}",COMPLETE,es,1
0,0.7650529418916124,2026-10-01 13:17:26.671087,2026-10-01 13:18:23.038055,0 days 00:00:56.366968,32,0.1,2e-05,balanced,5,PYSENTIMIENTO,0.01,"[5, 5, 4]",0.0159024048715749,5,,COMPLETE,es,2
1,0.7618671379779695,2026-10-01 13:18:23.288224,2026-10-01 13:19:20.193765,0 days 00:00:56.905541,32,0.3,2e-05,balanced,5,PYSENTIMIENTO,0.01,"[5, 5, 4]",0.0175202273168747,5,,COMPLETE,es,2
2,0.7641023284329703,2026-10-01 13:19:20.424825,2026-10-01 13:20:15.519083,0 days 00:00:55.094258,16,0.1,2e-05,balanced,3,PYSENTIMIENTO,0.05,"[3, 3, 3]",0.0096299897247104,3,,COMPLETE,es,2
3,0.7385259597365089,2026-10-01 13:20:15.759907,2026-10-01 13:21:02.422393,0 days 00:00:46.662486,32,0.2,2e-05,standard,4,PYSENTIMIENTO,0.05,"[4, 4, 3]",0.0248093025939478,4,,COMPLETE,es,2
4,0.7723891162412261,2026-10-01 13:21:02.653255,2026-10-01 13:21:51.880709,0 days 00:00:49.227454,16,0.1,5e-05,standard,3,PYSENTIMIENTO,0.05,"[2, 3, 1]",0.0208237620268158,2,,COMPLETE,es,2
5,0.7723891162412261,2026-10-01 13:21:52.140988,2026-10-01 13:21:52.220823,0 days 00:00:00.079835,16,0.1,5e-05,standard,3,PYSENTIMIENTO,0.05,"[2, 3, 1]",0.0208237620268158,2,"{""batch_size"": 16, ""classifier_dropout"": 0.1, ""learning_rate"": 5e-05, ""loss_mode"": ""standard"", ""num_train_epochs"": 3, ""weight_decay"": 0.05}",COMPLETE,es,2
6,0.7692218696073821,2026-10-01 13:21:52.491575,2026-10-01 13:22:47.394961,0 days 00:00:54.903386,16,0.3,4e-05,standard,3,PYSENTIMIENTO,0.1,"[2, 3, 3]",0.0251474063744453,3,"{""batch_size"": 16, ""classifier_dropout"": 0.3, ""learning_rate"": 4e-05, ""loss_mode"": ""standard"", ""num_train_epochs"": 3, ""weight_decay"": 0.1}",COMPLETE,es,2
7,0.7454733693128858,2026-10-01 13:22:47.627628,2026-10-01 13:23:23.428976,0 days 00:00:35.801348,32,0.1,3e-05,standard,3,PYSENTIMIENTO,0.0,"[3, 3, 3]",0.0171056254671809,3,"{""batch_size"": 32, ""classifier_dropout"": 0.1, ""learning_rate"": 3e-05, ""loss_mode"": ""standard"", ""num_train_epochs"": 3, ""weight_decay"": 0.0}",COMPLETE,es,2
8,0.7755202431494288,2026-10-01 13:23:23.659679,2026-10-01 13:24:18.095414,0 days 00:00:54.435735,16,0.3,5e-05,standard,4,PYSENTIMIENTO,0.0,"[1, 2, 3]",0.0112869604266424,2,"{""batch_size"": 16, ""classifier_dropout"": 0.3, ""learning_rate"": 5e-05, ""loss_mode"": ""standard"", ""num_train_epochs"": 4, ""weight_decay"": 0.0}",COMPLETE,es,2
9,0.7822943161021008,2026-10-01 13:24:18.326634,2026-10-01 13:25:23.297403,0 days 00:01:04.970769,16,0.2,5e-05,standard,5,PYSENTIMIENTO,0.0,"[1, 4, 3]",0.0124450113371359,3,"{""batch_size"": 16, ""classifier_dropout"": 0.2, ""learning_rate"": 5e-05, ""loss_mode"": ""standard"", ""num_train_epochs"": 5, ""weight_decay"": 0.0}",COMPLETE,es,2
10,0.7785149666077024,2026-10-01 13:25:23.548541,2026-10-01 13:26:09.309618,0 days 00:00:45.761077,32,0.2,5e-05,standard,5,PYSENTIMIENTO,0.0,"[2, 4, 3]",0.0105128651106062,3,"{""batch_size"": 32, ""classifier_dropout"": 0.2, ""learning_rate"": 5e-05, ""loss_mode"": ""standard"", ""num_train_epochs"": 5, ""weight_decay"": 0.0}",COMPLETE,es,2
11,0.7785149666077024,2026-10-01 13:26:09.539832,2026-10-01 13:26:09.613864,0 days 00:00:00.074032,32,0.2,5e-05,standard,5,PYSENTIMIENTO,0.0,"[2, 4, 3]",0.0105128651106062,3,"{""batch_size"": 32, ""classifier_dropout"": 0.2, ""learning_rate"": 5e-05, ""loss_mode"": ""standard"", ""num_train_epochs"": 5, ""weight_decay"": 0.0}",COMPLETE,es,2
12,0.7797565863684546,2026-10-01 13:26:09.873261,2026-10-01 13:27:15.534305,0 days 00:01:05.661044,16,0.2,4e-05,balanced,5,PYSENTIMIENTO,0.0,"[2, 2, 5]",0.0100478826941257,2,"{""batch_size"": 16, ""classifier_dropout"": 0.2, ""learning_rate"": 4e-05, ""loss_mode"": ""balanced"", ""num_train_epochs"": 5, ""weight_decay"": 0.0}",COMPLETE,es,2
13,0.7797565863684546,2026-10-01 13:27:15.789432,2026-10-01 13:27:15.867037,0 days 00:00:00.077605,16,0.2,4e-05,balanced,5,PYSENTIMIENTO,0.0,"[2, 2, 5]",0.0100478826941257,2,"{""batch_size"": 16, ""classifier_dropout"": 0.2, ""learning_rate"": 4e-05, ""loss_mode"": ""balanced"", ""num_train_epochs"": 5, ""weight_decay"": 0.0}",COMPLETE,es,2
14,0.7772117745302319,2026-10-01 13:27:16.118402,2026-10-01 13:28:27.981653,0 days 00:01:11.863251,16,0.2,3e-05,standard,5,PYSENTIMIENTO,0.0,"[2, 5, 3]",0.0154633338390425,3,"{""batch_size"": 16, ""classifier_dropout"": 0.2, ""learning_rate"": 3e-05, ""loss_mode"": ""standard"", ""num_train_epochs"": 5, ""weight_decay"": 0.0}",COMPLETE,es,2
15,0.7744442171015723,2026-10-01 13:28:28.216067,2026-10-01 13:29:28.381071,0 days 00:01:00.165004,16,0.2,5e-05,balanced,4,PYSENTIMIENTO,0.1,"[2, 4, 2]",0.0156792235192286,2,"{""batch_size"": 16, ""classifier_dropout"": 0.2, ""learning_rate"": 5e-05, ""loss_mode"": ""balanced"", ""num_train_epochs"": 4, ""weight_decay"": 0.1}",COMPLETE,es,2
16,0.7746949985392527,2026-10-01 13:29:28.611980,2026-10-01 13:30:23.433089,0 days 00:00:54.821109,16,0.2,5e-05,balanced,5,PYSENTIMIENTO,0.05,"[2, 2, 2]",0.0135584396829779,2,"{""batch_size"": 16, ""classifier_dropout"": 0.2, ""learning_rate"": 5e-05, ""loss_mode"": ""balanced"", ""num_train_epochs"": 5, ""weight_decay"": 0.05}",COMPLETE,es,2
17,0.7727276122546126,2026-10-01 13:30:23.669016,2026-10-01 13:31:13.234185,0 days 00:00:49.565169,16,0.1,5e-05,balanced,5,PYSENTIMIENTO,0.0,"[2, 2, 1]",0.0137357494588481,2,"{""batch_size"": 16, ""classifier_dropout"": 0.1, ""learning_rate"": 5e-05, ""loss_mode"": ""balanced"", ""num_train_epochs"": 5, ""weight_decay"": 0.0}",COMPLETE,es,2
18,0.7649243794190642,2026-10-01 13:31:13.462600,2026-10-01 13:31:49.184040,0 days 00:00:35.721440,32,0.2,4e-05,balanced,3,PYSENTIMIENTO,0.0,"[3, 3, 2]",0.0109518944790849,3,"{""batch_size"": 32, ""classifier_dropout"": 0.2, ""learning_rate"": 4e-05, ""loss_mode"": ""balanced"", ""num_train_epochs"": 3, ""weight_decay"": 0.0}",COMPLETE,es,2
19,0.7746167819885535,2026-10-01 13:31:49.415725,2026-10-01 13:32:44.210297,0 days 00:00:54.794572,16,0.2,5e-05,standard,5,PYSENTIMIENTO,0.01,"[1, 2, 3]",0.0019496877372652,2,"{""batch_size"": 16, ""classifier_dropout"": 0.2, ""learning_rate"": 5e-05, ""loss_mode"": ""standard"", ""num_train_epochs"": 5, ""weight_decay"": 0.01}",COMPLETE,es,2
0,0.7428026338179707,2026-10-01 13:33:08.193671,2026-10-01 13:33:54.134920,0 days 00:00:45.941249,32,0.2,2e-05,balanced,4,PYSENTIMIENTO,0.1,"[4, 4, 3]",0.0253701949196085,4,,COMPLETE,es,3
