number,value,datetime_start,datetime_complete,duration,params_batch_size,params_classifier_dropout,params_learning_rate,params_loss_mode,params_num_train_epochs,params_preprocessing,params_weight_decay,user_attrs_best_epochs_inner,user_attrs_f1_inner_std,user_attrs_refit_epochs,system_attrs_tpe:relative_params:0,state,variante,outer_fold
0,0.6770623977867846,2026-10-01 11:42:30.556923,2026-10-01 11:43:05.833013,0 days 00:00:35.276090,32,0.2,3e-05,balanced,3,PYSENTIMIENTO,0.05,"[3, 3, 3]",0.017696720282242,3,,COMPLETE,mx,1
1,0.6870212884227272,2026-10-01 11:43:06.060800,2026-10-01 11:43:43.501467,0 days 00:00:37.440667,32,0.2,5e-05,standard,4,PYSENTIMIENTO,0.0,"[2, 3, 2]",0.0193720552934911,2,,COMPLETE,mx,1
2,0.6432296223823931,2026-10-01 11:43:43.750552,2026-10-01 11:44:37.004949,0 days 00:00:53.254397,16,0.2,2e-05,standard,3,PYSENTIMIENTO,0.01,"[3, 3, 3]",0.0294750983210217,3,,COMPLETE,mx,1
3,0.6778724554458643,2026-10-01 11:44:37.240674,2026-10-01 11:45:42.962393,0 days 00:01:05.721719,16,0.2,2e-05,standard,5,PYSENTIMIENTO,0.01,"[2, 5, 2]",0.0239907708829799,2,,COMPLETE,mx,1
4,0.6340117208295551,2026-10-01 11:45:43.179115,2026-10-01 11:46:36.038881,0 days 00:00:52.859766,16,0.3,2e-05,standard,3,PYSENTIMIENTO,0.01,"[3, 3, 3]",0.038006865207434,3,,COMPLETE,mx,1
5,0.6958762769727519,2026-10-01 11:46:36.265803,2026-10-01 11:47:10.140308,0 days 00:00:33.874505,32,0.1,5e-05,standard,4,PYSENTIMIENTO,0.0,"[2, 2, 2]",0.0190292748336801,2,"{""batch_size"": 32, ""classifier_dropout"": 0.1, ""learning_rate"": 5e-05, ""loss_mode"": ""standard"", ""num_train_epochs"": 4, ""weight_decay"": 0.0}",COMPLETE,mx,1
6,0.6836765139235306,2026-10-01 11:47:10.375736,2026-10-01 11:47:51.107265,0 days 00:00:40.731529,32,0.1,4e-05,standard,4,PYSENTIMIENTO,0.1,"[2, 3, 3]",0.0206519769736433,3,"{""batch_size"": 32, ""classifier_dropout"": 0.1, ""learning_rate"": 4e-05, ""loss_mode"": ""standard"", ""num_train_epochs"": 4, ""weight_decay"": 0.1}",COMPLETE,mx,1
7,0.6974937509377552,2026-10-01 11:47:51.330578,2026-10-01 11:48:25.351122,0 days 00:00:34.020544,32,0.1,5e-05,standard,4,PYSENTIMIENTO,0.05,"[2, 2, 2]",0.0176091208246517,2,"{""batch_size"": 32, ""classifier_dropout"": 0.1, ""learning_rate"": 5e-05, ""loss_mode"": ""standard"", ""num_train_epochs"": 4, ""weight_decay"": 0.05}",COMPLETE,mx,1
8,0.6877174757250207,2026-10-01 11:48:25.571003,2026-10-01 11:48:53.116548,0 days 00:00:27.545545,32,0.1,5e-05,standard,3,PYSENTIMIENTO,0.05,"[3, 1, 1]",0.0222290431654978,1,"{""batch_size"": 32, ""classifier_dropout"": 0.1, ""learning_rate"": 5e-05, ""loss_mode"": ""standard"", ""num_train_epochs"": 3, ""weight_decay"": 0.05}",COMPLETE,mx,1
9,0.7018453215134616,2026-10-01 11:48:53.339506,2026-10-01 11:49:50.691580,0 days 00:00:57.352074,16,0.3,5e-05,standard,4,PYSENTIMIENTO,0.05,"[3, 2, 2]",0.0183212784341955,2,"{""batch_size"": 16, ""classifier_dropout"": 0.3, ""learning_rate"": 5e-05, ""loss_mode"": ""standard"", ""num_train_epochs"": 4, ""weight_decay"": 0.05}",COMPLETE,mx,1
10,0.7018453215134616,2026-10-01 11:49:50.933352,2026-10-01 11:49:50.996945,0 days 00:00:00.063593,16,0.3,5e-05,standard,4,PYSENTIMIENTO,0.05,"[3, 2, 2]",0.0183212784341955,2,"{""batch_size"": 16, ""classifier_dropout"": 0.3, ""learning_rate"": 5e-05, ""loss_mode"": ""standard"", ""num_train_epochs"": 4, ""weight_decay"": 0.05}",COMPLETE,mx,1
11,0.7018453215134616,2026-10-01 11:49:51.233992,2026-10-01 11:49:51.297179,0 days 00:00:00.063187,16,0.3,5e-05,standard,4,PYSENTIMIENTO,0.05,"[3, 2, 2]",0.0183212784341955,2,"{""batch_size"": 16, ""classifier_dropout"": 0.3, ""learning_rate"": 5e-05, ""loss_mode"": ""standard"", ""num_train_epochs"": 4, ""weight_decay"": 0.05}",COMPLETE,mx,1
12,0.6999174229395903,2026-10-01 11:49:51.535891,2026-10-01 11:50:49.064331,0 days 00:00:57.528440,16,0.3,5e-05,balanced,5,PYSENTIMIENTO,0.05,"[2, 3, 2]",0.0199945103777333,2,"{""batch_size"": 16, ""classifier_dropout"": 0.3, ""learning_rate"": 5e-05, ""loss_mode"": ""balanced"", ""num_train_epochs"": 5, ""weight_decay"": 0.05}",COMPLETE,mx,1
13,0.6909341053290218,2026-10-01 11:50:49.286688,2026-10-01 11:51:56.419364,0 days 00:01:07.132676,16,0.1,2e-05,balanced,4,PYSENTIMIENTO,0.05,"[4, 4, 3]",0.0144560616939561,4,"{""batch_size"": 16, ""classifier_dropout"": 0.1, ""learning_rate"": 2e-05, ""loss_mode"": ""balanced"", ""num_train_epochs"": 4, ""weight_decay"": 0.05}",COMPLETE,mx,1
14,0.6976480566200579,2026-10-01 11:51:56.645013,2026-10-01 11:52:53.249558,0 days 00:00:56.604545,16,0.3,5e-05,standard,5,PYSENTIMIENTO,0.1,"[3, 2, 2]",0.0268012041916503,2,"{""batch_size"": 16, ""classifier_dropout"": 0.3, ""learning_rate"": 5e-05, ""loss_mode"": ""standard"", ""num_train_epochs"": 5, ""weight_decay"": 0.1}",COMPLETE,mx,1
15,0.7060229481274165,2026-10-01 11:52:53.471343,2026-10-01 11:53:55.869238,0 days 00:01:02.397895,16,0.3,5e-05,balanced,4,PYSENTIMIENTO,0.01,"[3, 3, 2]",0.0268451047596233,3,"{""batch_size"": 16, ""classifier_dropout"": 0.3, ""learning_rate"": 5e-05, ""loss_mode"": ""balanced"", ""num_train_epochs"": 4, ""weight_decay"": 0.01}",COMPLETE,mx,1
16,0.7060229481274165,2026-10-01 11:53:56.090357,2026-10-01 11:53:56.169644,0 days 00:00:00.079287,16,0.3,5e-05,balanced,4,PYSENTIMIENTO,0.01,"[3, 3, 2]",0.0268451047596233,3,"{""batch_size"": 16, ""classifier_dropout"": 0.3, ""learning_rate"": 5e-05, ""loss_mode"": ""balanced"", ""num_train_epochs"": 4, ""weight_decay"": 0.01}",COMPLETE,mx,1
17,0.7060229481274165,2026-10-01 11:53:56.405104,2026-10-01 11:53:56.477778,0 days 00:00:00.072674,16,0.3,5e-05,balanced,4,PYSENTIMIENTO,0.01,"[3, 3, 2]",0.0268451047596233,3,"{""batch_size"": 16, ""classifier_dropout"": 0.3, ""learning_rate"": 5e-05, ""loss_mode"": ""balanced"", ""num_train_epochs"": 4, ""weight_decay"": 0.01}",COMPLETE,mx,1
18,0.693927725676617,2026-10-01 11:53:56.724032,2026-10-01 11:54:40.937565,0 days 00:00:44.213533,32,0.3,4e-05,balanced,4,PYSENTIMIENTO,0.01,"[4, 4, 3]",0.012490478344839,4,"{""batch_size"": 32, ""classifier_dropout"": 0.3, ""learning_rate"": 4e-05, ""loss_mode"": ""balanced"", ""num_train_epochs"": 4, ""weight_decay"": 0.01}",COMPLETE,mx,1
19,0.6999343166483758,2026-10-01 11:54:41.160373,2026-10-01 11:55:35.208128,0 days 00:00:54.047755,16,0.1,5e-05,balanced,5,PYSENTIMIENTO,0.01,"[2, 2, 2]",0.0148406153389201,2,"{""batch_size"": 16, ""classifier_dropout"": 0.1, ""learning_rate"": 5e-05, ""loss_mode"": ""balanced"", ""num_train_epochs"": 5, ""weight_decay"": 0.01}",COMPLETE,mx,1
0,0.6973217934505932,2026-10-01 11:55:59.656478,2026-10-01 11:56:54.861383,0 days 00:00:55.204905,32,0.1,2e-05,balanced,5,PYSENTIMIENTO,0.01,"[5, 4, 5]",0.0243262954093019,5,,COMPLETE,mx,2
1,0.672054971376587,2026-10-01 11:56:55.114524,2026-10-01 11:57:43.566871,0 days 00:00:48.452347,32,0.3,2e-05,balanced,5,PYSENTIMIENTO,0.01,"[4, 2, 4]",0.0275957868979018,4,,COMPLETE,mx,2
2,0.6780865835639845,2026-10-01 11:57:43.799263,2026-10-01 11:58:37.555119,0 days 00:00:53.755856,16,0.1,2e-05,balanced,3,PYSENTIMIENTO,0.05,"[3, 2, 3]",0.0239725792415552,3,,COMPLETE,mx,2
3,0.6473399576584834,2026-10-01 11:58:37.802503,2026-10-01 11:59:23.471117,0 days 00:00:45.668614,32,0.2,2e-05,standard,4,PYSENTIMIENTO,0.05,"[4, 4, 4]",0.0141225654499787,4,,COMPLETE,mx,2
4,0.7000993499731601,2026-10-01 11:59:23.729736,2026-10-01 12:00:12.570777,0 days 00:00:48.841041,16,0.1,5e-05,standard,3,PYSENTIMIENTO,0.05,"[1, 3, 3]",0.0166484047508282,3,,COMPLETE,mx,2
5,0.7000993499731601,2026-10-01 12:00:12.834367,2026-10-01 12:00:12.902492,0 days 00:00:00.068125,16,0.1,5e-05,standard,3,PYSENTIMIENTO,0.05,"[1, 3, 3]",0.0166484047508282,3,"{""batch_size"": 16, ""classifier_dropout"": 0.1, ""learning_rate"": 5e-05, ""loss_mode"": ""standard"", ""num_train_epochs"": 3, ""weight_decay"": 0.05}",COMPLETE,mx,2
6,0.6773572658721075,2026-10-01 12:00:13.135497,2026-10-01 12:01:02.101582,0 days 00:00:48.966085,16,0.3,4e-05,standard,3,PYSENTIMIENTO,0.1,"[3, 1, 3]",0.0233512248747054,3,"{""batch_size"": 16, ""classifier_dropout"": 0.3, ""learning_rate"": 4e-05, ""loss_mode"": ""standard"", ""num_train_epochs"": 3, ""weight_decay"": 0.1}",COMPLETE,mx,2
7,0.6743528622013214,2026-10-01 12:01:02.357755,2026-10-01 12:01:37.085193,0 days 00:00:34.727438,32,0.1,3e-05,standard,3,PYSENTIMIENTO,0.0,"[3, 3, 3]",0.0196214326468118,3,"{""batch_size"": 32, ""classifier_dropout"": 0.1, ""learning_rate"": 3e-05, ""loss_mode"": ""standard"", ""num_train_epochs"": 3, ""weight_decay"": 0.0}",COMPLETE,mx,2
8,0.7066012379122645,2026-10-01 12:01:37.335907,2026-10-01 12:02:36.082147,0 days 00:00:58.746240,16,0.3,5e-05,standard,4,PYSENTIMIENTO,0.0,"[1, 3, 4]",0.0147457251099382,3,"{""batch_size"": 16, ""classifier_dropout"": 0.3, ""learning_rate"": 5e-05, ""loss_mode"": ""standard"", ""num_train_epochs"": 4, ""weight_decay"": 0.0}",COMPLETE,mx,2
9,0.7060451627147154,2026-10-01 12:02:36.306970,2026-10-01 12:03:29.266371,0 days 00:00:52.959401,16,0.2,5e-05,standard,5,PYSENTIMIENTO,0.0,"[1, 2, 3]",0.0143601237685781,2,"{""batch_size"": 16, ""classifier_dropout"": 0.2, ""learning_rate"": 5e-05, ""loss_mode"": ""standard"", ""num_train_epochs"": 5, ""weight_decay"": 0.0}",COMPLETE,mx,2
10,0.6824960552786904,2026-10-01 12:03:29.499682,2026-10-01 12:04:33.088504,0 days 00:01:03.588822,16,0.3,3e-05,standard,4,PYSENTIMIENTO,0.0,"[2, 3, 4]",0.0077312720942366,3,"{""batch_size"": 16, ""classifier_dropout"": 0.3, ""learning_rate"": 3e-05, ""loss_mode"": ""standard"", ""num_train_epochs"": 4, ""weight_decay"": 0.0}",COMPLETE,mx,2
11,0.7032774054912833,2026-10-01 12:04:33.318376,2026-10-01 12:05:18.104139,0 days 00:00:44.785763,32,0.2,5e-05,standard,5,PYSENTIMIENTO,0.0,"[2, 3, 5]",0.0056030896495,3,"{""batch_size"": 32, ""classifier_dropout"": 0.2, ""learning_rate"": 5e-05, ""loss_mode"": ""standard"", ""num_train_epochs"": 5, ""weight_decay"": 0.0}",COMPLETE,mx,2
12,0.7046256269593817,2026-10-01 12:05:18.349478,2026-10-01 12:06:17.723017,0 days 00:00:59.373539,16,0.2,5e-05,standard,4,PYSENTIMIENTO,0.0,"[1, 3, 4]",0.0177308914476917,3,"{""batch_size"": 16, ""classifier_dropout"": 0.2, ""learning_rate"": 5e-05, ""loss_mode"": ""standard"", ""num_train_epochs"": 4, ""weight_decay"": 0.0}",COMPLETE,mx,2
13,0.7058460811939934,2026-10-01 12:06:17.961848,2026-10-01 12:07:16.513137,0 days 00:00:58.551289,16,0.3,5e-05,standard,5,PYSENTIMIENTO,0.0,"[1, 2, 5]",0.0156845826145823,2,"{""batch_size"": 16, ""classifier_dropout"": 0.3, ""learning_rate"": 5e-05, ""loss_mode"": ""standard"", ""num_train_epochs"": 5, ""weight_decay"": 0.0}",COMPLETE,mx,2
14,0.6961876706855228,2026-10-01 12:07:16.746024,2026-10-01 12:08:21.702242,0 days 00:01:04.956218,16,0.2,4e-05,standard,5,PYSENTIMIENTO,0.01,"[1, 4, 3]",0.0058465890364755,3,"{""batch_size"": 16, ""classifier_dropout"": 0.2, ""learning_rate"": 4e-05, ""loss_mode"": ""standard"", ""num_train_epochs"": 5, ""weight_decay"": 0.01}",COMPLETE,mx,2
15,0.6846732597809799,2026-10-01 12:08:21.956513,2026-10-01 12:09:31.320890,0 days 00:01:09.364377,16,0.3,2e-05,balanced,4,PYSENTIMIENTO,0.0,"[4, 3, 4]",0.0236464260748924,4,"{""batch_size"": 16, ""classifier_dropout"": 0.3, ""learning_rate"": 2e-05, ""loss_mode"": ""balanced"", ""num_train_epochs"": 4, ""weight_decay"": 0.0}",COMPLETE,mx,2
16,0.7102399829725469,2026-10-01 12:09:31.554148,2026-10-01 12:10:36.807714,0 days 00:01:05.253566,16,0.2,5e-05,balanced,5,PYSENTIMIENTO,0.05,"[2, 2, 5]",0.0057946253268118,2,"{""batch_size"": 16, ""classifier_dropout"": 0.2, ""learning_rate"": 5e-05, ""loss_mode"": ""balanced"", ""num_train_epochs"": 5, ""weight_decay"": 0.05}",COMPLETE,mx,2
17,0.7102399829725469,2026-10-01 12:10:37.059157,2026-10-01 12:10:37.124692,0 days 00:00:00.065535,16,0.2,5e-05,balanced,5,PYSENTIMIENTO,0.05,"[2, 2, 5]",0.0057946253268118,2,"{""batch_size"": 16, ""classifier_dropout"": 0.2, ""learning_rate"": 5e-05, ""loss_mode"": ""balanced"", ""num_train_epochs"": 5, ""weight_decay"": 0.05}",COMPLETE,mx,2
18,0.7102399829725469,2026-10-01 12:10:37.387369,2026-10-01 12:10:37.458062,0 days 00:00:00.070693,16,0.2,5e-05,balanced,5,PYSENTIMIENTO,0.05,"[2, 2, 5]",0.0057946253268118,2,"{""batch_size"": 16, ""classifier_dropout"": 0.2, ""learning_rate"": 5e-05, ""loss_mode"": ""balanced"", ""num_train_epochs"": 5, ""weight_decay"": 0.05}",COMPLETE,mx,2
19,0.7070190042023557,2026-10-01 12:10:37.695990,2026-10-01 12:11:41.578644,0 days 00:01:03.882654,16,0.2,3e-05,balanced,5,PYSENTIMIENTO,0.1,"[2, 2, 3]",0.0149751354780429,2,"{""batch_size"": 16, ""classifier_dropout"": 0.2, ""learning_rate"": 3e-05, ""loss_mode"": ""balanced"", ""num_train_epochs"": 5, ""weight_decay"": 0.1}",COMPLETE,mx,2
0,0.6756305056030117,2026-10-01 12:11:59.075856,2026-10-01 12:12:37.556667,0 days 00:00:38.480811,32,0.2,2e-05,balanced,4,PYSENTIMIENTO,0.1,"[4, 4, 1]",0.0578472650216524,4,,COMPLETE,mx,3
1,0.7149731341591091,2026-10-01 12:12:37.814693,2026-10-01 12:13:26.851457,0 days 00:00:49.036764,32,0.2,4e-05,balanced,5,PYSENTIMIENTO,0.01,"[3, 3, 5]",0.0237191594609845,3,,COMPLETE,mx,3
2,0.7107805422127335,2026-10-01 12:13:27.100214,2026-10-01 12:14:22.735639,0 days 00:00:55.635425,16,0.2,3e-05,balanced,3,PYSENTIMIENTO,0.0,"[2, 3, 3]",0.0358593055700215,3,,COMPLETE,mx,3
3,0.7072306387173097,2026-10-01 12:14:22.987164,2026-10-01 12:15:20.301042,0 days 00:00:57.313878,16,0.3,4e-05,standard,3,PYSENTIMIENTO,0.01,"[3, 3, 3]",0.0254117466361069,3,,COMPLETE,mx,3
4,0.6989861573998497,2026-10-01 12:15:20.538913,2026-10-01 12:16:28.403337,0 days 00:01:07.864424,16,0.3,2e-05,balanced,4,PYSENTIMIENTO,0.1,"[4, 4, 2]",0.0448699111193107,4,,COMPLETE,mx,3
5,0.7122252804806349,2026-10-01 12:16:28.635649,2026-10-01 12:17:20.192782,0 days 00:00:51.557133,32,0.2,4e-05,standard,5,PYSENTIMIENTO,0.01,"[2, 4, 4]",0.0127079354484051,4,"{""batch_size"": 32, ""classifier_dropout"": 0.2, ""learning_rate"": 4e-05, ""loss_mode"": ""standard"", ""num_train_epochs"": 5, ""weight_decay"": 0.01}",COMPLETE,mx,3
6,0.7195091224748834,2026-10-01 12:17:20.422732,2026-10-01 12:18:02.713603,0 days 00:00:42.290871,32,0.1,4e-05,balanced,5,PYSENTIMIENTO,0.01,"[2, 2, 5]",0.0195081879979485,2,"{""batch_size"": 32, ""classifier_dropout"": 0.1, ""learning_rate"": 4e-05, ""loss_mode"": ""balanced"", ""num_train_epochs"": 5, ""weight_decay"": 0.01}",COMPLETE,mx,3
7,0.718540084218238,2026-10-01 12:18:02.962560,2026-10-01 12:18:45.350941,0 days 00:00:42.388381,32,0.1,4e-05,balanced,5,PYSENTIMIENTO,0.0,"[2, 2, 4]",0.0225263102066985,2,"{""batch_size"": 32, ""classifier_dropout"": 0.1, ""learning_rate"": 4e-05, ""loss_mode"": ""balanced"", ""num_train_epochs"": 5, ""weight_decay"": 0.0}",COMPLETE,mx,3
8,0.7242764648567591,2026-10-01 12:18:45.584308,2026-10-01 12:19:48.184811,0 days 00:01:02.600503,16,0.1,5e-05,balanced,5,PYSENTIMIENTO,0.05,"[3, 2, 2]",0.0207047899114624,2,"{""batch_size"": 16, ""classifier_dropout"": 0.1, ""learning_rate"": 5e-05, ""loss_mode"": ""balanced"", ""num_train_epochs"": 5, ""weight_decay"": 0.05}",COMPLETE,mx,3
9,0.7242764648567591,2026-10-01 12:19:48.419085,2026-10-01 12:19:48.514285,0 days 00:00:00.095200,16,0.1,5e-05,balanced,5,PYSENTIMIENTO,0.05,"[3, 2, 2]",0.0207047899114624,2,"{""batch_size"": 16, ""classifier_dropout"": 0.1, ""learning_rate"": 5e-05, ""loss_mode"": ""balanced"", ""num_train_epochs"": 5, ""weight_decay"": 0.05}",COMPLETE,mx,3
10,0.7051370988698586,2026-10-01 12:19:48.769086,2026-10-01 12:21:19.898569,0 days 00:01:31.129483,16,0.1,2e-05,standard,5,PYSENTIMIENTO,0.05,"[5, 4, 5]",0.0096893844964003,5,"{""batch_size"": 16, ""classifier_dropout"": 0.1, ""learning_rate"": 2e-05, ""loss_mode"": ""standard"", ""num_train_epochs"": 5, ""weight_decay"": 0.05}",COMPLETE,mx,3
11,0.7242764648567591,2026-10-01 12:21:20.125092,2026-10-01 12:21:20.216094,0 days 00:00:00.091002,16,0.1,5e-05,balanced,5,PYSENTIMIENTO,0.05,"[3, 2, 2]",0.0207047899114624,2,"{""batch_size"": 16, ""classifier_dropout"": 0.1, ""learning_rate"": 5e-05, ""loss_mode"": ""balanced"", ""num_train_epochs"": 5, ""weight_decay"": 0.05}",COMPLETE,mx,3
12,0.7290959868232498,2026-10-01 12:21:20.457345,2026-10-01 12:22:22.126745,0 days 00:01:01.669400,16,0.1,5e-05,balanced,4,PYSENTIMIENTO,0.01,"[2, 2, 4]",0.016348400056151,2,"{""batch_size"": 16, ""classifier_dropout"": 0.1, ""learning_rate"": 5e-05, ""loss_mode"": ""balanced"", ""num_train_epochs"": 4, ""weight_decay"": 0.01}",COMPLETE,mx,3
13,0.7290959868232498,2026-10-01 12:22:22.360124,2026-10-01 12:22:22.446686,0 days 00:00:00.086562,16,0.1,5e-05,balanced,4,PYSENTIMIENTO,0.01,"[2, 2, 4]",0.016348400056151,2,"{""batch_size"": 16, ""classifier_dropout"": 0.1, ""learning_rate"": 5e-05, ""loss_mode"": ""balanced"", ""num_train_epochs"": 4, ""weight_decay"": 0.01}",COMPLETE,mx,3
14,0.7290959868232498,2026-10-01 12:22:22.679455,2026-10-01 12:22:22.767285,0 days 00:00:00.087830,16,0.1,5e-05,balanced,4,PYSENTIMIENTO,0.01,"[2, 2, 4]",0.016348400056151,2,"{""batch_size"": 16, ""classifier_dropout"": 0.1, ""learning_rate"": 5e-05, ""loss_mode"": ""balanced"", ""num_train_epochs"": 4, ""weight_decay"": 0.01}",COMPLETE,mx,3
15,0.7085466706844817,2026-10-01 12:22:23.019506,2026-10-01 12:23:35.610877,0 days 00:01:12.591371,16,0.1,3e-05,standard,4,PYSENTIMIENTO,0.01,"[3, 3, 3]",0.0122410272479397,3,"{""batch_size"": 16, ""classifier_dropout"": 0.1, ""learning_rate"": 3e-05, ""loss_mode"": ""standard"", ""num_train_epochs"": 4, ""weight_decay"": 0.01}",COMPLETE,mx,3
16,0.7234796010658794,2026-10-01 12:23:35.849146,2026-10-01 12:24:42.172645,0 days 00:01:06.323499,16,0.2,5e-05,standard,4,PYSENTIMIENTO,0.01,"[2, 4, 4]",0.0094010423767479,4,"{""batch_size"": 16, ""classifier_dropout"": 0.2, ""learning_rate"": 5e-05, ""loss_mode"": ""standard"", ""num_train_epochs"": 4, ""weight_decay"": 0.01}",COMPLETE,mx,3
17,0.7089524377992286,2026-10-01 12:24:42.420415,2026-10-01 12:25:47.896795,0 days 00:01:05.476380,16,0.1,2e-05,balanced,4,PYSENTIMIENTO,0.0,"[4, 2, 4]",0.0314607560124549,4,"{""batch_size"": 16, ""classifier_dropout"": 0.1, ""learning_rate"": 2e-05, ""loss_mode"": ""balanced"", ""num_train_epochs"": 4, ""weight_decay"": 0.0}",COMPLETE,mx,3
18,0.696231554986466,2026-10-01 12:25:48.120030,2026-10-01 12:26:43.696945,0 days 00:00:55.576915,16,0.1,2e-05,balanced,3,PYSENTIMIENTO,0.01,"[3, 3, 3]",0.0370896686998307,3,"{""batch_size"": 16, ""classifier_dropout"": 0.1, ""learning_rate"": 2e-05, ""loss_mode"": ""balanced"", ""num_train_epochs"": 3, ""weight_decay"": 0.01}",COMPLETE,mx,3
19,0.7286854693775501,2026-10-01 12:26:43.940154,2026-10-01 12:27:53.151432,0 days 00:01:09.211278,16,0.3,5e-05,balanced,5,PYSENTIMIENTO,0.01,"[2, 2, 5]",0.0132974679945679,2,"{""batch_size"": 16, ""classifier_dropout"": 0.3, ""learning_rate"": 5e-05, ""loss_mode"": ""balanced"", ""num_train_epochs"": 5, ""weight_decay"": 0.01}",COMPLETE,mx,3
0,0.67691278327381,2026-10-01 12:28:13.905909,2026-10-01 12:29:11.971197,0 days 00:00:58.065288,32,0.3,2e-05,balanced,5,PYSENTIMIENTO,0.01,"[5, 5, 5]",0.0406060542531859,5,,COMPLETE,mx,4
1,0.6603845055855385,2026-10-01 12:29:12.196554,2026-10-01 12:29:58.923047,0 days 00:00:46.726493,32,0.1,3e-05,standard,4,PYSENTIMIENTO,0.05,"[4, 3, 3]",0.0280951240332005,3,,COMPLETE,mx,4
2,0.6877924229185807,2026-10-01 12:29:59.146947,2026-10-01 12:30:37.964887,0 days 00:00:38.817940,32,0.1,5e-05,standard,4,PYSENTIMIENTO,0.0,"[1, 4, 3]",0.055624576016487,3,,COMPLETE,mx,4
3,0.6961785361170932,2026-10-01 12:30:38.193152,2026-10-01 12:31:21.976775,0 days 00:00:43.783623,32,0.1,4e-05,balanced,4,PYSENTIMIENTO,0.1,"[2, 4, 4]",0.0441415214626961,4,,COMPLETE,mx,4
4,0.6527913430804945,2026-10-01 12:31:22.218898,2026-10-01 12:32:19.140280,0 days 00:00:56.921382,16,0.2,3e-05,standard,3,PYSENTIMIENTO,0.01,"[3, 3, 3]",0.0095539815615892,3,,COMPLETE,mx,4
5,0.6961785361170932,2026-10-01 12:32:19.368732,2026-10-01 12:32:19.447183,0 days 00:00:00.078451,32,0.1,4e-05,balanced,4,PYSENTIMIENTO,0.1,"[2, 4, 4]",0.0441415214626961,4,"{""batch_size"": 32, ""classifier_dropout"": 0.1, ""learning_rate"": 4e-05, ""loss_mode"": ""balanced"", ""num_train_epochs"": 4, ""weight_decay"": 0.1}",COMPLETE,mx,4
6,0.6519285073981016,2026-10-01 12:32:19.684037,2026-10-01 12:32:55.791401,0 days 00:00:36.107364,32,0.3,4e-05,standard,3,PYSENTIMIENTO,0.1,"[3, 2, 3]",0.0148142596843615,3,"{""batch_size"": 32, ""classifier_dropout"": 0.3, ""learning_rate"": 4e-05, ""loss_mode"": ""standard"", ""num_train_epochs"": 3, ""weight_decay"": 0.1}",COMPLETE,mx,4
7,0.6911223196258728,2026-10-01 12:32:56.043721,2026-10-01 12:33:58.701230,0 days 00:01:02.657509,16,0.2,4e-05,balanced,4,PYSENTIMIENTO,0.0,"[2, 2, 3]",0.0429081219526826,2,"{""batch_size"": 16, ""classifier_dropout"": 0.2, ""learning_rate"": 4e-05, ""loss_mode"": ""balanced"", ""num_train_epochs"": 4, ""weight_decay"": 0.0}",COMPLETE,mx,4
8,0.691949677235525,2026-10-01 12:33:58.987679,2026-10-01 12:35:25.090861,0 days 00:01:26.103182,16,0.1,5e-05,balanced,3,PYSENTIMIENTO,0.1,"[2, 2, 3]",0.0279292893060456,2,"{""batch_size"": 16, ""classifier_dropout"": 0.1, ""learning_rate"": 5e-05, ""loss_mode"": ""balanced"", ""num_train_epochs"": 3, ""weight_decay"": 0.1}",COMPLETE,mx,4
9,0.6890942029607011,2026-10-01 12:35:25.335634,2026-10-01 12:36:36.149242,0 days 00:01:10.813608,16,0.3,3e-05,balanced,4,PYSENTIMIENTO,0.01,"[2, 4, 3]",0.0388447288249143,3,"{""batch_size"": 16, ""classifier_dropout"": 0.3, ""learning_rate"": 3e-05, ""loss_mode"": ""balanced"", ""num_train_epochs"": 4, ""weight_decay"": 0.01}",COMPLETE,mx,4
10,0.6669353419755278,2026-10-01 12:36:36.386406,2026-10-01 12:37:22.392132,0 days 00:00:46.005726,32,0.2,2e-05,balanced,4,PYSENTIMIENTO,0.1,"[4, 4, 4]",0.0408969465730945,4,"{""batch_size"": 32, ""classifier_dropout"": 0.2, ""learning_rate"": 2e-05, ""loss_mode"": ""balanced"", ""num_train_epochs"": 4, ""weight_decay"": 0.1}",COMPLETE,mx,4
