number,value,datetime_start,datetime_complete,duration,params_batch_size,params_classifier_dropout,params_learning_rate,params_loss_mode,params_num_train_epochs,params_preprocessing,params_weight_decay,user_attrs_best_epochs_inner,user_attrs_f1_inner_std,user_attrs_refit_epochs,system_attrs_tpe:relative_params:0,state,variante,outer_fold
3,0.7303916133205214,2026-10-01 15:24:36.739891,2026-10-01 15:25:27.290884,0 days 00:00:50.550993,32,0.2,3e-05,standard,5,PYSENTIMIENTO,0.01,"[3, 3, 5]",0.0075034477609583,3,,COMPLETE,cu,5
4,0.7422428914916152,2026-10-01 15:25:27.559158,2026-10-01 15:25:27.629035,0 days 00:00:00.069877,32,0.3,3e-05,balanced,5,PYSENTIMIENTO,0.01,"[3, 3, 3]",0.0150806792882152,3,,COMPLETE,cu,5
5,0.7234097653999463,2026-10-01 15:25:27.886021,2026-10-01 15:26:04.484601,0 days 00:00:36.598580,32,0.2,3e-05,balanced,3,PYSENTIMIENTO,0.1,"[3, 3, 3]",0.0219784666343108,3,"{""batch_size"": 32, ""classifier_dropout"": 0.2, ""learning_rate"": 3e-05, ""loss_mode"": ""balanced"", ""num_train_epochs"": 3, ""weight_decay"": 0.1}",COMPLETE,cu,5
6,0.7381826839258827,2026-10-01 15:26:04.730592,2026-10-01 15:27:00.282277,0 days 00:00:55.551685,16,0.1,4e-05,balanced,5,PYSENTIMIENTO,0.1,"[3, 2, 1]",0.0149707863249583,2,"{""batch_size"": 16, ""classifier_dropout"": 0.1, ""learning_rate"": 4e-05, ""loss_mode"": ""balanced"", ""num_train_epochs"": 5, ""weight_decay"": 0.1}",COMPLETE,cu,5
7,0.7442731201929713,2026-10-01 15:27:00.521598,2026-10-01 15:27:47.219541,0 days 00:00:46.697943,32,0.3,5e-05,balanced,4,PYSENTIMIENTO,0.01,"[3, 4, 4]",0.0159232904281713,4,"{""batch_size"": 32, ""classifier_dropout"": 0.3, ""learning_rate"": 5e-05, ""loss_mode"": ""balanced"", ""num_train_epochs"": 4, ""weight_decay"": 0.01}",COMPLETE,cu,5
8,0.7435225299666524,2026-10-01 15:27:47.456370,2026-10-01 15:28:30.108268,0 days 00:00:42.651898,32,0.3,5e-05,balanced,4,PYSENTIMIENTO,0.0,"[3, 4, 2]",0.01792397451743,3,"{""batch_size"": 32, ""classifier_dropout"": 0.3, ""learning_rate"": 5e-05, ""loss_mode"": ""balanced"", ""num_train_epochs"": 4, ""weight_decay"": 0.0}",COMPLETE,cu,5
9,0.7448646630228047,2026-10-01 15:28:30.366088,2026-10-01 15:29:25.566909,0 days 00:00:55.200821,16,0.3,5e-05,balanced,4,PYSENTIMIENTO,0.01,"[1, 2, 4]",0.0032749364157745,2,"{""batch_size"": 16, ""classifier_dropout"": 0.3, ""learning_rate"": 5e-05, ""loss_mode"": ""balanced"", ""num_train_epochs"": 4, ""weight_decay"": 0.01}",COMPLETE,cu,5
10,0.7423175263817022,2026-10-01 15:29:25.807874,2026-10-01 15:30:15.888017,0 days 00:00:50.080143,16,0.3,5e-05,balanced,3,PYSENTIMIENTO,0.01,"[1, 2, 3]",0.0014783140844783,2,"{""batch_size"": 16, ""classifier_dropout"": 0.3, ""learning_rate"": 5e-05, ""loss_mode"": ""balanced"", ""num_train_epochs"": 3, ""weight_decay"": 0.01}",COMPLETE,cu,5
11,0.743732110180421,2026-10-01 15:30:16.131522,2026-10-01 15:31:12.123286,0 days 00:00:55.991764,16,0.2,5e-05,balanced,4,PYSENTIMIENTO,0.01,"[1, 2, 4]",0.0097693436899764,2,"{""batch_size"": 16, ""classifier_dropout"": 0.2, ""learning_rate"": 5e-05, ""loss_mode"": ""balanced"", ""num_train_epochs"": 4, ""weight_decay"": 0.01}",COMPLETE,cu,5
12,0.7464648350109115,2026-10-01 15:31:12.358061,2026-10-01 15:32:12.879865,0 days 00:01:00.521804,16,0.3,5e-05,standard,4,PYSENTIMIENTO,0.01,"[3, 2, 2]",0.0179332871150922,2,"{""batch_size"": 16, ""classifier_dropout"": 0.3, ""learning_rate"": 5e-05, ""loss_mode"": ""standard"", ""num_train_epochs"": 4, ""weight_decay"": 0.01}",COMPLETE,cu,5
13,0.7464648350109115,2026-10-01 15:32:13.124471,2026-10-01 15:32:13.201807,0 days 00:00:00.077336,16,0.3,5e-05,standard,4,PYSENTIMIENTO,0.01,"[3, 2, 2]",0.0179332871150922,2,"{""batch_size"": 16, ""classifier_dropout"": 0.3, ""learning_rate"": 5e-05, ""loss_mode"": ""standard"", ""num_train_epochs"": 4, ""weight_decay"": 0.01}",COMPLETE,cu,5
14,0.7447547032069294,2026-10-01 15:32:13.462588,2026-10-01 15:33:14.982240,0 days 00:01:01.519652,16,0.3,5e-05,standard,4,PYSENTIMIENTO,0.1,"[3, 2, 2]",0.0161070213557702,2,"{""batch_size"": 16, ""classifier_dropout"": 0.3, ""learning_rate"": 5e-05, ""loss_mode"": ""standard"", ""num_train_epochs"": 4, ""weight_decay"": 0.1}",COMPLETE,cu,5
15,0.7464648350109115,2026-10-01 15:33:15.260988,2026-10-01 15:33:15.339116,0 days 00:00:00.078128,16,0.3,5e-05,standard,4,PYSENTIMIENTO,0.01,"[3, 2, 2]",0.0179332871150922,2,"{""batch_size"": 16, ""classifier_dropout"": 0.3, ""learning_rate"": 5e-05, ""loss_mode"": ""standard"", ""num_train_epochs"": 4, ""weight_decay"": 0.01}",COMPLETE,cu,5
16,0.7349401142351434,2026-10-01 15:33:15.598377,2026-10-01 15:34:10.802443,0 days 00:00:55.204066,16,0.1,5e-05,standard,3,PYSENTIMIENTO,0.01,"[3, 2, 3]",0.0112256456895344,3,"{""batch_size"": 16, ""classifier_dropout"": 0.1, ""learning_rate"": 5e-05, ""loss_mode"": ""standard"", ""num_train_epochs"": 3, ""weight_decay"": 0.01}",COMPLETE,cu,5
17,0.7465319077448646,2026-10-01 15:34:11.044007,2026-10-01 15:35:23.519583,0 days 00:01:12.475576,16,0.3,5e-05,standard,5,PYSENTIMIENTO,0.05,"[3, 2, 4]",0.0183211687865968,3,"{""batch_size"": 16, ""classifier_dropout"": 0.3, ""learning_rate"": 5e-05, ""loss_mode"": ""standard"", ""num_train_epochs"": 5, ""weight_decay"": 0.05}",COMPLETE,cu,5
18,0.7465319077448646,2026-10-01 15:35:23.761922,2026-10-01 15:35:23.839725,0 days 00:00:00.077803,16,0.3,5e-05,standard,5,PYSENTIMIENTO,0.05,"[3, 2, 4]",0.0183211687865968,3,"{""batch_size"": 16, ""classifier_dropout"": 0.3, ""learning_rate"": 5e-05, ""loss_mode"": ""standard"", ""num_train_epochs"": 5, ""weight_decay"": 0.05}",COMPLETE,cu,5
19,0.7465319077448646,2026-10-01 15:35:24.082201,2026-10-01 15:35:24.158477,0 days 00:00:00.076276,16,0.3,5e-05,standard,5,PYSENTIMIENTO,0.05,"[3, 2, 4]",0.0183211687865968,3,"{""batch_size"": 16, ""classifier_dropout"": 0.3, ""learning_rate"": 5e-05, ""loss_mode"": ""standard"", ""num_train_epochs"": 5, ""weight_decay"": 0.05}",COMPLETE,cu,5
