number,value,datetime_start,datetime_complete,duration,params_batch_size,params_classifier_dropout,params_learning_rate,params_loss_mode,params_num_train_epochs,params_preprocessing,params_weight_decay,user_attrs_best_epochs_inner,user_attrs_f1_inner_std,user_attrs_refit_epochs,system_attrs_tpe:relative_params:0,state,variante,outer_fold
1,0.7734221727927325,2026-10-01 13:33:54.388467,2026-10-01 13:34:44.481793,0 days 00:00:50.093326,32,0.2,4e-05,balanced,5,PYSENTIMIENTO,0.01,"[3, 3, 5]",0.0222123722400619,3,,COMPLETE,es,3
2,0.7667064599982202,2026-10-01 13:34:44.732470,2026-10-01 13:35:39.032131,0 days 00:00:54.299661,16,0.2,3e-05,balanced,3,PYSENTIMIENTO,0.0,"[3, 3, 2]",0.0227797607217101,3,,COMPLETE,es,3
3,0.7602604608232483,2026-10-01 13:35:39.264922,2026-10-01 13:36:28.770854,0 days 00:00:49.505932,16,0.3,4e-05,standard,3,PYSENTIMIENTO,0.01,"[2, 1, 2]",0.0235055060399031,2,,COMPLETE,es,3
4,0.7648771139145113,2026-10-01 13:36:29.033008,2026-10-01 13:37:41.097295,0 days 00:01:12.064287,16,0.3,2e-05,balanced,4,PYSENTIMIENTO,0.1,"[3, 3, 3]",0.0294343302226334,3,,COMPLETE,es,3
5,0.7708275934449395,2026-10-01 13:37:41.337290,2026-10-01 13:38:24.147438,0 days 00:00:42.810148,32,0.2,4e-05,standard,5,PYSENTIMIENTO,0.01,"[2, 4, 2]",0.0120403232352978,2,"{""batch_size"": 32, ""classifier_dropout"": 0.2, ""learning_rate"": 4e-05, ""loss_mode"": ""standard"", ""num_train_epochs"": 5, ""weight_decay"": 0.01}",COMPLETE,es,3
6,0.7694296621657072,2026-10-01 13:38:24.378270,2026-10-01 13:39:10.797075,0 days 00:00:46.418805,32,0.1,4e-05,balanced,5,PYSENTIMIENTO,0.01,"[3, 3, 3]",0.0203074990147615,3,"{""batch_size"": 32, ""classifier_dropout"": 0.1, ""learning_rate"": 4e-05, ""loss_mode"": ""balanced"", ""num_train_epochs"": 5, ""weight_decay"": 0.01}",COMPLETE,es,3
7,0.7730266498846071,2026-10-01 13:39:11.032884,2026-10-01 13:40:04.342196,0 days 00:00:53.309312,32,0.2,3e-05,balanced,5,PYSENTIMIENTO,0.01,"[4, 4, 3]",0.0193816641157797,4,"{""batch_size"": 32, ""classifier_dropout"": 0.2, ""learning_rate"": 3e-05, ""loss_mode"": ""balanced"", ""num_train_epochs"": 5, ""weight_decay"": 0.01}",COMPLETE,es,3
8,0.7685764630059614,2026-10-01 13:40:04.599146,2026-10-01 13:41:06.323141,0 days 00:01:01.723995,16,0.2,4e-05,balanced,5,PYSENTIMIENTO,0.05,"[3, 3, 1]",0.0162320031193667,3,"{""batch_size"": 16, ""classifier_dropout"": 0.2, ""learning_rate"": 4e-05, ""loss_mode"": ""balanced"", ""num_train_epochs"": 5, ""weight_decay"": 0.05}",COMPLETE,es,3
9,0.7708354554120692,2026-10-01 13:41:06.558961,2026-10-01 13:41:52.709765,0 days 00:00:46.150804,32,0.3,4e-05,balanced,4,PYSENTIMIENTO,0.0,"[4, 4, 3]",0.0234012113055732,4,"{""batch_size"": 32, ""classifier_dropout"": 0.3, ""learning_rate"": 4e-05, ""loss_mode"": ""balanced"", ""num_train_epochs"": 4, ""weight_decay"": 0.0}",COMPLETE,es,3
10,0.7634921866603596,2026-10-01 13:41:52.949722,2026-10-01 13:42:28.851029,0 days 00:00:35.901307,32,0.2,4e-05,balanced,3,PYSENTIMIENTO,0.05,"[2, 3, 3]",0.0223284668821222,3,"{""batch_size"": 32, ""classifier_dropout"": 0.2, ""learning_rate"": 4e-05, ""loss_mode"": ""balanced"", ""num_train_epochs"": 3, ""weight_decay"": 0.05}",COMPLETE,es,3
11,0.7733840519151455,2026-10-01 13:42:29.088777,2026-10-01 13:43:22.163665,0 days 00:00:53.074888,32,0.2,3e-05,balanced,5,PYSENTIMIENTO,0.0,"[5, 4, 3]",0.0200220327717324,4,"{""batch_size"": 32, ""classifier_dropout"": 0.2, ""learning_rate"": 3e-05, ""loss_mode"": ""balanced"", ""num_train_epochs"": 5, ""weight_decay"": 0.0}",COMPLETE,es,3
12,0.7733840519151455,2026-10-01 13:43:22.421117,2026-10-01 13:43:22.498478,0 days 00:00:00.077361,32,0.2,3e-05,balanced,5,PYSENTIMIENTO,0.0,"[5, 4, 3]",0.0200220327717324,4,"{""batch_size"": 32, ""classifier_dropout"": 0.2, ""learning_rate"": 3e-05, ""loss_mode"": ""balanced"", ""num_train_epochs"": 5, ""weight_decay"": 0.0}",COMPLETE,es,3
13,0.7671841330096613,2026-10-01 13:43:22.742276,2026-10-01 13:44:12.112442,0 days 00:00:49.370166,32,0.1,3e-05,standard,5,PYSENTIMIENTO,0.0,"[5, 5, 2]",0.0138043327458472,5,"{""batch_size"": 32, ""classifier_dropout"": 0.1, ""learning_rate"": 3e-05, ""loss_mode"": ""standard"", ""num_train_epochs"": 5, ""weight_decay"": 0.0}",COMPLETE,es,3
14,0.7728043886242699,2026-10-01 13:44:12.368345,2026-10-01 13:44:59.080981,0 days 00:00:46.712636,32,0.2,4e-05,balanced,5,PYSENTIMIENTO,0.1,"[3, 3, 3]",0.021744881942841,3,"{""batch_size"": 32, ""classifier_dropout"": 0.2, ""learning_rate"": 4e-05, ""loss_mode"": ""balanced"", ""num_train_epochs"": 5, ""weight_decay"": 0.1}",COMPLETE,es,3
15,0.7776925717944785,2026-10-01 13:44:59.336832,2026-10-01 13:46:11.678044,0 days 00:01:12.341212,16,0.2,4e-05,balanced,4,PYSENTIMIENTO,0.01,"[3, 3, 3]",0.0181774788785111,3,"{""batch_size"": 16, ""classifier_dropout"": 0.2, ""learning_rate"": 4e-05, ""loss_mode"": ""balanced"", ""num_train_epochs"": 4, ""weight_decay"": 0.01}",COMPLETE,es,3
16,0.7731064502220342,2026-10-01 13:46:11.940564,2026-10-01 13:47:18.624261,0 days 00:01:06.683697,16,0.3,3e-05,balanced,4,PYSENTIMIENTO,0.01,"[4, 3, 2]",0.0190229459879935,3,"{""batch_size"": 16, ""classifier_dropout"": 0.3, ""learning_rate"": 3e-05, ""loss_mode"": ""balanced"", ""num_train_epochs"": 4, ""weight_decay"": 0.01}",COMPLETE,es,3
17,0.7796517509461861,2026-10-01 13:47:18.889537,2026-10-01 13:48:31.256212,0 days 00:01:12.366675,16,0.2,5e-05,balanced,4,PYSENTIMIENTO,0.01,"[3, 3, 3]",0.0242090717810399,3,"{""batch_size"": 16, ""classifier_dropout"": 0.2, ""learning_rate"": 5e-05, ""loss_mode"": ""balanced"", ""num_train_epochs"": 4, ""weight_decay"": 0.01}",COMPLETE,es,3
18,0.7796517509461861,2026-10-01 13:48:31.493785,2026-10-01 13:48:31.570466,0 days 00:00:00.076681,16,0.2,5e-05,balanced,4,PYSENTIMIENTO,0.01,"[3, 3, 3]",0.0242090717810399,3,"{""batch_size"": 16, ""classifier_dropout"": 0.2, ""learning_rate"": 5e-05, ""loss_mode"": ""balanced"", ""num_train_epochs"": 4, ""weight_decay"": 0.01}",COMPLETE,es,3
19,0.7719629941549885,2026-10-01 13:48:31.829272,2026-10-01 13:49:17.073283,0 days 00:00:45.244011,16,0.2,5e-05,standard,4,PYSENTIMIENTO,0.01,"[2, 1, 1]",0.0196717138280934,1,"{""batch_size"": 16, ""classifier_dropout"": 0.2, ""learning_rate"": 5e-05, ""loss_mode"": ""standard"", ""num_train_epochs"": 4, ""weight_decay"": 0.01}",COMPLETE,es,3
0,0.7519914748170774,2026-10-01 13:49:42.096828,2026-10-01 13:50:39.160846,0 days 00:00:57.064018,32,0.3,2e-05,balanced,5,PYSENTIMIENTO,0.01,"[4, 5, 5]",0.0331605352624122,5,,COMPLETE,es,4
1,0.7631058493165822,2026-10-01 13:50:39.394065,2026-10-01 13:51:22.559703,0 days 00:00:43.165638,32,0.1,3e-05,standard,4,PYSENTIMIENTO,0.05,"[3, 2, 3]",0.029668046462287,3,,COMPLETE,es,4
2,0.7781452096252669,2026-10-01 13:51:22.804000,2026-10-01 13:52:01.891809,0 days 00:00:39.087809,32,0.1,5e-05,standard,4,PYSENTIMIENTO,0.0,"[3, 2, 2]",0.0260645162864877,2,,COMPLETE,es,4
3,0.7805238835976361,2026-10-01 13:52:02.125881,2026-10-01 13:52:48.648826,0 days 00:00:46.522945,32,0.1,4e-05,balanced,4,PYSENTIMIENTO,0.1,"[3, 4, 3]",0.0181789530100399,3,,COMPLETE,es,4
4,0.7709505688014406,2026-10-01 13:52:48.914894,2026-10-01 13:53:44.164643,0 days 00:00:55.249749,16,0.2,3e-05,standard,3,PYSENTIMIENTO,0.01,"[2, 3, 3]",0.0238694026162251,3,,COMPLETE,es,4
5,0.7805238835976361,2026-10-01 13:53:44.420355,2026-10-01 13:53:44.497647,0 days 00:00:00.077292,32,0.1,4e-05,balanced,4,PYSENTIMIENTO,0.1,"[3, 4, 3]",0.0181789530100399,3,"{""batch_size"": 32, ""classifier_dropout"": 0.1, ""learning_rate"": 4e-05, ""loss_mode"": ""balanced"", ""num_train_epochs"": 4, ""weight_decay"": 0.1}",COMPLETE,es,4
6,0.7561988171825643,2026-10-01 13:53:44.758482,2026-10-01 13:54:20.748881,0 days 00:00:35.990399,32,0.3,4e-05,standard,3,PYSENTIMIENTO,0.1,"[2, 3, 3]",0.0381088599701336,3,"{""batch_size"": 32, ""classifier_dropout"": 0.3, ""learning_rate"": 4e-05, ""loss_mode"": ""standard"", ""num_train_epochs"": 3, ""weight_decay"": 0.1}",COMPLETE,es,4
7,0.78771319086784,2026-10-01 13:54:20.986823,2026-10-01 13:55:21.244044,0 days 00:01:00.257221,16,0.2,4e-05,balanced,4,PYSENTIMIENTO,0.0,"[2, 4, 2]",0.0049697926096603,2,"{""batch_size"": 16, ""classifier_dropout"": 0.2, ""learning_rate"": 4e-05, ""loss_mode"": ""balanced"", ""num_train_epochs"": 4, ""weight_decay"": 0.0}",COMPLETE,es,4
8,0.78771319086784,2026-10-01 13:55:21.475841,2026-10-01 13:55:21.554661,0 days 00:00:00.078820,16,0.2,4e-05,balanced,4,PYSENTIMIENTO,0.0,"[2, 4, 2]",0.0049697926096603,2,"{""batch_size"": 16, ""classifier_dropout"": 0.2, ""learning_rate"": 4e-05, ""loss_mode"": ""balanced"", ""num_train_epochs"": 4, ""weight_decay"": 0.0}",COMPLETE,es,4
9,0.7299178252221941,2026-10-01 13:55:21.813114,2026-10-01 13:55:58.207060,0 days 00:00:36.393946,32,0.2,2e-05,balanced,3,PYSENTIMIENTO,0.0,"[3, 3, 3]",0.0356891731402008,3,"{""batch_size"": 32, ""classifier_dropout"": 0.2, ""learning_rate"": 2e-05, ""loss_mode"": ""balanced"", ""num_train_epochs"": 3, ""weight_decay"": 0.0}",COMPLETE,es,4
10,0.7873190274478682,2026-10-01 13:55:58.466826,2026-10-01 13:57:16.712978,0 days 00:01:18.246152,16,0.2,4e-05,standard,5,PYSENTIMIENTO,0.05,"[4, 4, 2]",0.0103817572185981,4,"{""batch_size"": 16, ""classifier_dropout"": 0.2, ""learning_rate"": 4e-05, ""loss_mode"": ""standard"", ""num_train_epochs"": 5, ""weight_decay"": 0.05}",COMPLETE,es,4
11,0.78771319086784,2026-10-01 13:57:16.978161,2026-10-01 13:57:17.050748,0 days 00:00:00.072587,16,0.2,4e-05,balanced,4,PYSENTIMIENTO,0.0,"[2, 4, 2]",0.0049697926096603,2,"{""batch_size"": 16, ""classifier_dropout"": 0.2, ""learning_rate"": 4e-05, ""loss_mode"": ""balanced"", ""num_train_epochs"": 4, ""weight_decay"": 0.0}",COMPLETE,es,4
12,0.7910504900493983,2026-10-01 13:57:17.310486,2026-10-01 13:58:24.377306,0 days 00:01:07.066820,16,0.2,5e-05,balanced,4,PYSENTIMIENTO,0.1,"[2, 4, 3]",0.0029629844396937,3,"{""batch_size"": 16, ""classifier_dropout"": 0.2, ""learning_rate"": 5e-05, ""loss_mode"": ""balanced"", ""num_train_epochs"": 4, ""weight_decay"": 0.1}",COMPLETE,es,4
13,0.7898703349322861,2026-10-01 13:58:24.632680,2026-10-01 13:59:19.738328,0 days 00:00:55.105648,16,0.3,5e-05,balanced,4,PYSENTIMIENTO,0.1,"[2, 2, 2]",0.0142329537643528,2,"{""batch_size"": 16, ""classifier_dropout"": 0.3, ""learning_rate"": 5e-05, ""loss_mode"": ""balanced"", ""num_train_epochs"": 4, ""weight_decay"": 0.1}",COMPLETE,es,4
14,0.7898703349322861,2026-10-01 13:59:19.985609,2026-10-01 13:59:20.061249,0 days 00:00:00.075640,16,0.3,5e-05,balanced,4,PYSENTIMIENTO,0.1,"[2, 2, 2]",0.0142329537643528,2,"{""batch_size"": 16, ""classifier_dropout"": 0.3, ""learning_rate"": 5e-05, ""loss_mode"": ""balanced"", ""num_train_epochs"": 4, ""weight_decay"": 0.1}",COMPLETE,es,4
15,0.7879950384423416,2026-10-01 13:59:20.310293,2026-10-01 14:00:15.348026,0 days 00:00:55.037733,16,0.2,5e-05,balanced,4,PYSENTIMIENTO,0.01,"[2, 2, 2]",0.0095155829146215,2,"{""batch_size"": 16, ""classifier_dropout"": 0.2, ""learning_rate"": 5e-05, ""loss_mode"": ""balanced"", ""num_train_epochs"": 4, ""weight_decay"": 0.01}",COMPLETE,es,4
16,0.7897132348447983,2026-10-01 14:00:15.583097,2026-10-01 14:01:10.846763,0 days 00:00:55.263666,16,0.2,5e-05,balanced,3,PYSENTIMIENTO,0.1,"[3, 3, 2]",0.0074690299842164,3,"{""batch_size"": 16, ""classifier_dropout"": 0.2, ""learning_rate"": 5e-05, ""loss_mode"": ""balanced"", ""num_train_epochs"": 3, ""weight_decay"": 0.1}",COMPLETE,es,4
17,0.7662650577031948,2026-10-01 14:01:11.092292,2026-10-01 14:02:23.677443,0 days 00:01:12.585151,16,0.3,2e-05,standard,4,PYSENTIMIENTO,0.1,"[3, 4, 3]",0.0179238866602146,3,"{""batch_size"": 16, ""classifier_dropout"": 0.3, ""learning_rate"": 2e-05, ""loss_mode"": ""standard"", ""num_train_epochs"": 4, ""weight_decay"": 0.1}",COMPLETE,es,4
18,0.7822479137997093,2026-10-01 14:02:23.943501,2026-10-01 14:03:13.547129,0 days 00:00:49.603628,32,0.2,5e-05,balanced,4,PYSENTIMIENTO,0.1,"[4, 4, 3]",0.0183805306143865,4,"{""batch_size"": 32, ""classifier_dropout"": 0.2, ""learning_rate"": 5e-05, ""loss_mode"": ""balanced"", ""num_train_epochs"": 4, ""weight_decay"": 0.1}",COMPLETE,es,4
19,0.7937258473162997,2026-10-01 14:03:13.812581,2026-10-01 14:04:14.792879,0 days 00:01:00.980298,16,0.3,5e-05,balanced,5,PYSENTIMIENTO,0.05,"[2, 3, 2]",0.0019086420000534,2,"{""batch_size"": 16, ""classifier_dropout"": 0.3, ""learning_rate"": 5e-05, ""loss_mode"": ""balanced"", ""num_train_epochs"": 5, ""weight_decay"": 0.05}",COMPLETE,es,4
0,0.7610546791680268,2026-10-01 14:04:32.713081,2026-10-01 14:05:26.531370,0 days 00:00:53.818289,32,0.3,3e-05,balanced,5,PYSENTIMIENTO,0.01,"[3, 5, 4]",0.0288102974904965,4,,COMPLETE,es,5
1,0.770745438295337,2026-10-01 14:05:26.774117,2026-10-01 14:06:21.581657,0 days 00:00:54.807540,16,0.3,4e-05,standard,3,PYSENTIMIENTO,0.0,"[3, 3, 3]",0.0234596740549848,3,,COMPLETE,es,5
2,0.7448993864464081,2026-10-01 14:06:21.847525,2026-10-01 14:07:34.166289,0 days 00:01:12.318764,16,0.3,2e-05,balanced,4,PYSENTIMIENTO,0.05,"[4, 4, 4]",0.0244255534683773,4,,COMPLETE,es,5
3,0.7512623287621532,2026-10-01 14:07:34.396130,2026-10-01 14:08:21.357285,0 days 00:00:46.961155,32,0.2,3e-05,standard,5,PYSENTIMIENTO,0.01,"[3, 3, 3]",0.0284933435474433,3,,COMPLETE,es,5
4,0.7610546791680268,2026-10-01 14:08:21.614450,2026-10-01 14:08:21.680863,0 days 00:00:00.066413,32,0.3,3e-05,balanced,5,PYSENTIMIENTO,0.01,"[3, 5, 4]",0.0288102974904965,4,,COMPLETE,es,5
5,0.770745438295337,2026-10-01 14:08:21.938829,2026-10-01 14:08:22.013832,0 days 00:00:00.075003,16,0.3,4e-05,standard,3,PYSENTIMIENTO,0.0,"[3, 3, 3]",0.0234596740549848,3,"{""batch_size"": 16, ""classifier_dropout"": 0.3, ""learning_rate"": 4e-05, ""loss_mode"": ""standard"", ""num_train_epochs"": 3, ""weight_decay"": 0.0}",COMPLETE,es,5
6,0.7745816333865484,2026-10-01 14:08:22.268969,2026-10-01 14:09:17.359316,0 days 00:00:55.090347,16,0.1,5e-05,balanced,3,PYSENTIMIENTO,0.0,"[3, 3, 3]",0.0257293545735842,3,"{""batch_size"": 16, ""classifier_dropout"": 0.1, ""learning_rate"": 5e-05, ""loss_mode"": ""balanced"", ""num_train_epochs"": 3, ""weight_decay"": 0.0}",COMPLETE,es,5
7,0.7717074973028746,2026-10-01 14:09:17.613395,2026-10-01 14:10:07.418268,0 days 00:00:49.804873,16,0.2,5e-05,balanced,3,PYSENTIMIENTO,0.01,"[1, 3, 3]",0.0292576337489329,3,"{""batch_size"": 16, ""classifier_dropout"": 0.2, ""learning_rate"": 5e-05, ""loss_mode"": ""balanced"", ""num_train_epochs"": 3, ""weight_decay"": 0.01}",COMPLETE,es,5
8,0.7717102522007311,2026-10-01 14:10:07.674209,2026-10-01 14:11:03.680869,0 days 00:00:56.006660,16,0.1,5e-05,balanced,3,PYSENTIMIENTO,0.1,"[2, 3, 3]",0.0231057133039756,3,"{""batch_size"": 16, ""classifier_dropout"": 0.1, ""learning_rate"": 5e-05, ""loss_mode"": ""balanced"", ""num_train_epochs"": 3, ""weight_decay"": 0.1}",COMPLETE,es,5
9,0.7606089821056191,2026-10-01 14:11:03.917077,2026-10-01 14:11:40.082833,0 days 00:00:36.165756,32,0.1,5e-05,balanced,3,PYSENTIMIENTO,0.0,"[3, 3, 3]",0.029776191153761,3,"{""batch_size"": 32, ""classifier_dropout"": 0.1, ""learning_rate"": 5e-05, ""loss_mode"": ""balanced"", ""num_train_epochs"": 3, ""weight_decay"": 0.0}",COMPLETE,es,5
10,0.77662347696902,2026-10-01 14:11:40.316188,2026-10-01 14:12:51.856020,0 days 00:01:11.539832,16,0.1,5e-05,balanced,5,PYSENTIMIENTO,0.0,"[2, 5, 3]",0.0230955170273392,3,"{""batch_size"": 16, ""classifier_dropout"": 0.1, ""learning_rate"": 5e-05, ""loss_mode"": ""balanced"", ""num_train_epochs"": 5, ""weight_decay"": 0.0}",COMPLETE,es,5
11,0.77662347696902,2026-10-01 14:12:52.091894,2026-10-01 14:12:52.170781,0 days 00:00:00.078887,16,0.1,5e-05,balanced,5,PYSENTIMIENTO,0.0,"[2, 5, 3]",0.0230955170273392,3,"{""batch_size"": 16, ""classifier_dropout"": 0.1, ""learning_rate"": 5e-05, ""loss_mode"": ""balanced"", ""num_train_epochs"": 5, ""weight_decay"": 0.0}",COMPLETE,es,5
12,0.7677871324744144,2026-10-01 14:12:52.406156,2026-10-01 14:14:20.585661,0 days 00:01:28.179505,16,0.1,2e-05,balanced,5,PYSENTIMIENTO,0.0,"[4, 5, 5]",0.0301781894359054,5,"{""batch_size"": 16, ""classifier_dropout"": 0.1, ""learning_rate"": 2e-05, ""loss_mode"": ""balanced"", ""num_train_epochs"": 5, ""weight_decay"": 0.0}",COMPLETE,es,5
13,0.7669064630597426,2026-10-01 14:14:20.850905,2026-10-01 14:15:31.617238,0 days 00:01:10.766333,16,0.2,5e-05,balanced,5,PYSENTIMIENTO,0.0,"[3, 5, 2]",0.0284702014288732,3,"{""batch_size"": 16, ""classifier_dropout"": 0.2, ""learning_rate"": 5e-05, ""loss_mode"": ""balanced"", ""num_train_epochs"": 5, ""weight_decay"": 0.0}",COMPLETE,es,5
14,0.7710793230002402,2026-10-01 14:15:31.868194,2026-10-01 14:16:44.754408,0 days 00:01:12.886214,16,0.1,5e-05,balanced,5,PYSENTIMIENTO,0.01,"[2, 3, 4]",0.0179108754060709,3,"{""batch_size"": 16, ""classifier_dropout"": 0.1, ""learning_rate"": 5e-05, ""loss_mode"": ""balanced"", ""num_train_epochs"": 5, ""weight_decay"": 0.01}",COMPLETE,es,5
15,0.7699422973825354,2026-10-01 14:16:45.004898,2026-10-01 14:18:03.269384,0 days 00:01:18.264486,16,0.3,5e-05,balanced,5,PYSENTIMIENTO,0.05,"[2, 4, 5]",0.0318747771665619,4,"{""batch_size"": 16, ""classifier_dropout"": 0.3, ""learning_rate"": 5e-05, ""loss_mode"": ""balanced"", ""num_train_epochs"": 5, ""weight_decay"": 0.05}",COMPLETE,es,5
16,0.7702905876277675,2026-10-01 14:18:03.525411,2026-10-01 14:18:49.946611,0 days 00:00:46.421200,32,0.1,5e-05,standard,5,PYSENTIMIENTO,0.1,"[2, 5, 3]",0.0275637699332206,3,"{""batch_size"": 32, ""classifier_dropout"": 0.1, ""learning_rate"": 5e-05, ""loss_mode"": ""standard"", ""num_train_epochs"": 5, ""weight_decay"": 0.1}",COMPLETE,es,5
17,0.7677044782918118,2026-10-01 14:18:50.188159,2026-10-01 14:19:49.948343,0 days 00:00:59.760184,16,0.1,5e-05,standard,5,PYSENTIMIENTO,0.0,"[1, 5, 2]",0.0314947764978587,2,"{""batch_size"": 16, ""classifier_dropout"": 0.1, ""learning_rate"": 5e-05, ""loss_mode"": ""standard"", ""num_train_epochs"": 5, ""weight_decay"": 0.0}",COMPLETE,es,5
18,0.7671997057330356,2026-10-01 14:19:50.187423,2026-10-01 14:21:08.465866,0 days 00:01:18.278443,16,0.1,3e-05,balanced,5,PYSENTIMIENTO,0.1,"[5, 2, 5]",0.0195947462080463,5,"{""batch_size"": 16, ""classifier_dropout"": 0.1, ""learning_rate"": 3e-05, ""loss_mode"": ""balanced"", ""num_train_epochs"": 5, ""weight_decay"": 0.1}",COMPLETE,es,5
19,0.7693064245457369,2026-10-01 14:21:08.722174,2026-10-01 14:22:14.206526,0 days 00:01:05.484352,16,0.3,5e-05,balanced,4,PYSENTIMIENTO,0.0,"[3, 4, 2]",0.0281084486097652,3,"{""batch_size"": 16, ""classifier_dropout"": 0.3, ""learning_rate"": 5e-05, ""loss_mode"": ""balanced"", ""num_train_epochs"": 4, ""weight_decay"": 0.0}",COMPLETE,es,5
0,0.7299012630648741,2026-10-01 14:22:39.093494,2026-10-01 14:23:16.123433,0 days 00:00:37.029939,32,0.2,3e-05,balanced,3,PYSENTIMIENTO,0.05,"[3, 2, 3]",0.0165377437154993,3,,COMPLETE,cu,1
1,0.7223559387567265,2026-10-01 14:23:16.378084,2026-10-01 14:23:55.149669,0 days 00:00:38.771585,32,0.2,5e-05,standard,4,PYSENTIMIENTO,0.0,"[2, 4, 2]",0.0227574662579951,2,,COMPLETE,cu,1
2,0.677339807027414,2026-10-01 14:23:55.379931,2026-10-01 14:24:50.463300,0 days 00:00:55.083369,16,0.2,2e-05,standard,3,PYSENTIMIENTO,0.01,"[3, 3, 3]",0.0088968900590547,3,,COMPLETE,cu,1
3,0.7123809092937309,2026-10-01 14:24:50.697062,2026-10-01 14:26:14.891226,0 days 00:01:24.194164,16,0.2,2e-05,standard,5,PYSENTIMIENTO,0.01,"[3, 4, 4]",0.0100959585814346,4,,COMPLETE,cu,1
4,0.6690063838847077,2026-10-01 14:26:15.126286,2026-10-01 14:27:11.035065,0 days 00:00:55.908779,16,0.3,2e-05,standard,3,PYSENTIMIENTO,0.01,"[3, 3, 3]",0.0097851088868507,3,,COMPLETE,cu,1
5,0.7299012630648741,2026-10-01 14:27:11.291222,2026-10-01 14:27:11.369073,0 days 00:00:00.077851,32,0.2,3e-05,balanced,3,PYSENTIMIENTO,0.05,"[3, 2, 3]",0.0165377437154993,3,"{""batch_size"": 32, ""classifier_dropout"": 0.2, ""learning_rate"": 3e-05, ""loss_mode"": ""balanced"", ""num_train_epochs"": 3, ""weight_decay"": 0.05}",COMPLETE,cu,1
6,0.7403716881638491,2026-10-01 14:27:11.602304,2026-10-01 14:27:47.465011,0 days 00:00:35.862707,32,0.3,5e-05,balanced,5,PYSENTIMIENTO,0.1,"[2, 1, 3]",0.021505555509717,2,"{""batch_size"": 32, ""classifier_dropout"": 0.3, ""learning_rate"": 5e-05, ""loss_mode"": ""balanced"", ""num_train_epochs"": 5, ""weight_decay"": 0.1}",COMPLETE,cu,1
7,0.7403716881638491,2026-10-01 14:27:47.699861,2026-10-01 14:27:47.776555,0 days 00:00:00.076694,32,0.3,5e-05,balanced,5,PYSENTIMIENTO,0.1,"[2, 1, 3]",0.021505555509717,2,"{""batch_size"": 32, ""classifier_dropout"": 0.3, ""learning_rate"": 5e-05, ""loss_mode"": ""balanced"", ""num_train_epochs"": 5, ""weight_decay"": 0.1}",COMPLETE,cu,1
8,0.7407637721281471,2026-10-01 14:27:48.012600,2026-10-01 14:28:48.626942,0 days 00:01:00.614342,16,0.1,4e-05,balanced,5,PYSENTIMIENTO,0.1,"[2, 2, 3]",0.0238048452521822,2,"{""batch_size"": 16, ""classifier_dropout"": 0.1, ""learning_rate"": 4e-05, ""loss_mode"": ""balanced"", ""num_train_epochs"": 5, ""weight_decay"": 0.1}",COMPLETE,cu,1
9,0.7338839519375826,2026-10-01 14:28:48.864636,2026-10-01 14:29:55.206899,0 days 00:01:06.342263,16,0.1,3e-05,balanced,4,PYSENTIMIENTO,0.1,"[3, 2, 3]",0.0234828680465612,3,"{""batch_size"": 16, ""classifier_dropout"": 0.1, ""learning_rate"": 3e-05, ""loss_mode"": ""balanced"", ""num_train_epochs"": 4, ""weight_decay"": 0.1}",COMPLETE,cu,1
10,0.7407637721281471,2026-10-01 14:29:55.442997,2026-10-01 14:29:55.518519,0 days 00:00:00.075522,16,0.1,4e-05,balanced,5,PYSENTIMIENTO,0.1,"[2, 2, 3]",0.0238048452521822,2,"{""batch_size"": 16, ""classifier_dropout"": 0.1, ""learning_rate"": 4e-05, ""loss_mode"": ""balanced"", ""num_train_epochs"": 5, ""weight_decay"": 0.1}",COMPLETE,cu,1
11,0.7407637721281471,2026-10-01 14:29:55.772523,2026-10-01 14:29:55.850255,0 days 00:00:00.077732,16,0.1,4e-05,balanced,5,PYSENTIMIENTO,0.1,"[2, 2, 3]",0.0238048452521822,2,"{""batch_size"": 16, ""classifier_dropout"": 0.1, ""learning_rate"": 4e-05, ""loss_mode"": ""balanced"", ""num_train_epochs"": 5, ""weight_decay"": 0.1}",COMPLETE,cu,1
