number,value,datetime_start,datetime_complete,duration,params_batch_size,params_classifier_dropout,params_learning_rate,params_loss_mode,params_num_train_epochs,params_preprocessing,params_weight_decay,user_attrs_best_epochs_inner,user_attrs_f1_inner_std,user_attrs_refit_epochs,system_attrs_tpe:relative_params:0,state
0,0.7093673160042396,2026-10-01 15:40:50.605804,2026-10-01 15:42:16.621207,0 days 00:01:26.015403,16,0.3,3e-05,standard,4,PYSENTIMIENTO,0.05,"[4, 3, 4]",0.02589072536549039,4,,COMPLETE
1,0.6869915964104679,2026-10-01 15:42:16.871744,2026-10-01 15:42:54.054659,0 days 00:00:37.182915,32,0.2,4e-05,standard,4,PYSENTIMIENTO,0.1,"[1, 2, 2]",0.02548699345405424,2,,COMPLETE
2,0.7085623681556555,2026-10-01 15:42:54.291088,2026-10-01 15:43:46.707769,0 days 00:00:52.416681,32,0.2,4e-05,balanced,4,PYSENTIMIENTO,0.0,"[4, 3, 3]",0.01565871403997545,3,,COMPLETE
3,0.6836399583886984,2026-10-01 15:43:46.950908,2026-10-01 15:44:28.048589,0 days 00:00:41.097681,32,0.1,3e-05,standard,5,PYSENTIMIENTO,0.05,"[1, 3, 2]",0.036053201737357723,2,,COMPLETE
4,0.7067731587779132,2026-10-01 15:44:28.288782,2026-10-01 15:45:46.479011,0 days 00:01:18.190229,16,0.2,3e-05,balanced,5,PYSENTIMIENTO,0.0,"[3, 2, 3]",0.020738057269880057,3,,COMPLETE
5,0.7089530333069888,2026-10-01 15:45:46.714445,2026-10-01 15:47:12.143008,0 days 00:01:25.428563,16,0.3,3e-05,standard,4,PYSENTIMIENTO,0.1,"[4, 3, 4]",0.025156276372494995,4,"{""batch_size"": 16, ""classifier_dropout"": 0.3, ""learning_rate"": 3e-05, ""loss_mode"": ""standard"", ""num_train_epochs"": 4, ""weight_decay"": 0.1}",COMPLETE
6,0.7029738164672888,2026-10-01 15:47:12.403075,2026-10-01 15:48:37.392255,0 days 00:01:24.989180,16,0.3,2e-05,balanced,4,PYSENTIMIENTO,0.05,"[4, 4, 3]",0.009263348946536219,4,"{""batch_size"": 16, ""classifier_dropout"": 0.3, ""learning_rate"": 2e-05, ""loss_mode"": ""balanced"", ""num_train_epochs"": 4, ""weight_decay"": 0.05}",COMPLETE
7,0.6911060982066702,2026-10-01 15:48:37.627664,2026-10-01 15:49:42.698962,0 days 00:01:05.071298,16,0.2,3e-05,standard,3,PYSENTIMIENTO,0.05,"[3, 3, 3]",0.023966093442570523,3,"{""batch_size"": 16, ""classifier_dropout"": 0.2, ""learning_rate"": 3e-05, ""loss_mode"": ""standard"", ""num_train_epochs"": 3, ""weight_decay"": 0.05}",COMPLETE
8,0.6937304557499715,2026-10-01 15:49:42.941086,2026-10-01 15:50:24.117766,0 days 00:00:41.176680,32,0.3,5e-05,standard,4,PYSENTIMIENTO,0.05,"[1, 2, 4]",0.035543963472245164,2,"{""batch_size"": 32, ""classifier_dropout"": 0.3, ""learning_rate"": 5e-05, ""loss_mode"": ""standard"", ""num_train_epochs"": 4, ""weight_decay"": 0.05}",COMPLETE
9,0.7020246717178892,2026-10-01 15:50:24.350376,2026-10-01 15:51:30.104105,0 days 00:01:05.753729,16,0.3,4e-05,standard,5,PYSENTIMIENTO,0.05,"[2, 2, 2]",0.029153285295476453,2,"{""batch_size"": 16, ""classifier_dropout"": 0.3, ""learning_rate"": 4e-05, ""loss_mode"": ""standard"", ""num_train_epochs"": 5, ""weight_decay"": 0.05}",COMPLETE
10,0.6981676161171965,2026-10-01 15:51:30.340365,2026-10-01 15:52:42.235257,0 days 00:01:11.894892,16,0.1,5e-05,standard,4,PYSENTIMIENTO,0.05,"[4, 2, 2]",0.024978042316542794,2,"{""batch_size"": 16, ""classifier_dropout"": 0.1, ""learning_rate"": 5e-05, ""loss_mode"": ""standard"", ""num_train_epochs"": 4, ""weight_decay"": 0.05}",COMPLETE
11,0.7089530333069888,2026-10-01 15:52:42.494334,2026-10-01 15:52:42.571117,0 days 00:00:00.076783,16,0.3,3e-05,standard,4,PYSENTIMIENTO,0.1,"[4, 3, 4]",0.025156276372494995,4,"{""batch_size"": 16, ""classifier_dropout"": 0.3, ""learning_rate"": 3e-05, ""loss_mode"": ""standard"", ""num_train_epochs"": 4, ""weight_decay"": 0.1}",COMPLETE
12,0.7093673160042396,2026-10-01 15:52:42.836288,2026-10-01 15:52:42.911515,0 days 00:00:00.075227,16,0.3,3e-05,standard,4,PYSENTIMIENTO,0.05,"[4, 3, 4]",0.02589072536549039,4,"{""batch_size"": 16, ""classifier_dropout"": 0.3, ""learning_rate"": 3e-05, ""loss_mode"": ""standard"", ""num_train_epochs"": 4, ""weight_decay"": 0.05}",COMPLETE
13,0.7090786763196503,2026-10-01 15:52:43.154930,2026-10-01 15:53:36.046582,0 days 00:00:52.891652,32,0.3,3e-05,balanced,4,PYSENTIMIENTO,0.05,"[3, 4, 4]",0.01475124743851328,4,"{""batch_size"": 32, ""classifier_dropout"": 0.3, ""learning_rate"": 3e-05, ""loss_mode"": ""balanced"", ""num_train_epochs"": 4, ""weight_decay"": 0.05}",COMPLETE
14,0.7093673160042396,2026-10-01 15:53:36.287513,2026-10-01 15:53:36.365258,0 days 00:00:00.077745,16,0.3,3e-05,standard,4,PYSENTIMIENTO,0.05,"[4, 3, 4]",0.02589072536549039,4,"{""batch_size"": 16, ""classifier_dropout"": 0.3, ""learning_rate"": 3e-05, ""loss_mode"": ""standard"", ""num_train_epochs"": 4, ""weight_decay"": 0.05}",COMPLETE
15,0.7009859642808847,2026-10-01 15:53:36.625432,2026-10-01 15:55:01.740328,0 days 00:01:25.114896,16,0.1,3e-05,standard,4,PYSENTIMIENTO,0.01,"[4, 3, 4]",0.025877192041205813,4,"{""batch_size"": 16, ""classifier_dropout"": 0.1, ""learning_rate"": 3e-05, ""loss_mode"": ""standard"", ""num_train_epochs"": 4, ""weight_decay"": 0.01}",COMPLETE
16,0.6611965980127704,2026-10-01 15:55:01.988524,2026-10-01 15:55:42.344755,0 days 00:00:40.356231,32,0.3,3e-05,standard,3,PYSENTIMIENTO,0.0,"[3, 3, 2]",0.017862121703373226,3,"{""batch_size"": 32, ""classifier_dropout"": 0.3, ""learning_rate"": 3e-05, ""loss_mode"": ""standard"", ""num_train_epochs"": 3, ""weight_decay"": 0.0}",COMPLETE
17,0.7070802607827001,2026-10-01 15:55:42.582117,2026-10-01 15:56:48.135863,0 days 00:01:05.553746,16,0.3,5e-05,standard,3,PYSENTIMIENTO,0.05,"[3, 2, 3]",0.025089359826300967,3,"{""batch_size"": 16, ""classifier_dropout"": 0.3, ""learning_rate"": 5e-05, ""loss_mode"": ""standard"", ""num_train_epochs"": 3, ""weight_decay"": 0.05}",COMPLETE
18,0.6815903088106846,2026-10-01 15:56:48.366504,2026-10-01 15:57:37.353478,0 days 00:00:48.986974,32,0.2,3e-05,standard,4,PYSENTIMIENTO,0.05,"[3, 3, 2]",0.02438222254632196,3,"{""batch_size"": 32, ""classifier_dropout"": 0.2, ""learning_rate"": 3e-05, ""loss_mode"": ""standard"", ""num_train_epochs"": 4, ""weight_decay"": 0.05}",COMPLETE
19,0.7082720920570557,2026-10-01 15:57:37.590097,2026-10-01 15:59:15.000721,0 days 00:01:37.410624,16,0.3,3e-05,standard,5,PYSENTIMIENTO,0.0,"[4, 3, 5]",0.023562234896736065,4,"{""batch_size"": 16, ""classifier_dropout"": 0.3, ""learning_rate"": 3e-05, ""loss_mode"": ""standard"", ""num_train_epochs"": 5, ""weight_decay"": 0.0}",COMPLETE
