number,value,datetime_start,datetime_complete,duration,params_batch_size,params_classifier_dropout,params_learning_rate,params_loss_mode,params_num_train_epochs,params_preprocessing,params_weight_decay,user_attrs_best_epochs_inner,user_attrs_f1_inner_std,user_attrs_refit_epochs,system_attrs_tpe:relative_params:0,state
0,0.7646031079216032,2026-10-01 15:59:15.797932,2026-10-01 16:00:21.287029,0 days 00:01:05.489097,16,0.3,3e-05,standard,4,PYSENTIMIENTO,0.05,"[4, 2, 1]",0.025240478931413266,2,,COMPLETE
1,0.7666578172021339,2026-10-01 16:00:21.551341,2026-10-01 16:01:14.778871,0 days 00:00:53.227530,32,0.2,4e-05,standard,4,PYSENTIMIENTO,0.1,"[4, 4, 3]",0.01379919574795912,4,,COMPLETE
2,0.775707414840304,2026-10-01 16:01:15.019862,2026-10-01 16:02:04.219264,0 days 00:00:49.199402,32,0.2,4e-05,balanced,4,PYSENTIMIENTO,0.0,"[4, 2, 3]",0.015434594059255671,3,,COMPLETE
3,0.7681600205770255,2026-10-01 16:02:04.457518,2026-10-01 16:03:01.592365,0 days 00:00:57.134847,32,0.1,3e-05,standard,5,PYSENTIMIENTO,0.05,"[3, 5, 3]",0.016558931324921207,3,,COMPLETE
4,0.7747362913480283,2026-10-01 16:03:01.833770,2026-10-01 16:04:19.310017,0 days 00:01:17.476247,16,0.2,3e-05,balanced,5,PYSENTIMIENTO,0.0,"[3, 3, 2]",0.01682863466463786,3,,COMPLETE
5,0.775707414840304,2026-10-01 16:04:19.561835,2026-10-01 16:04:19.638452,0 days 00:00:00.076617,32,0.2,4e-05,balanced,4,PYSENTIMIENTO,0.0,"[4, 2, 3]",0.015434594059255671,3,"{""batch_size"": 32, ""classifier_dropout"": 0.2, ""learning_rate"": 4e-05, ""loss_mode"": ""balanced"", ""num_train_epochs"": 4, ""weight_decay"": 0.0}",COMPLETE
6,0.7567262885844012,2026-10-01 16:04:19.908493,2026-10-01 16:05:01.633403,0 days 00:00:41.724910,32,0.3,4e-05,balanced,3,PYSENTIMIENTO,0.05,"[3, 3, 3]",0.01018273470023277,3,"{""batch_size"": 32, ""classifier_dropout"": 0.3, ""learning_rate"": 4e-05, ""loss_mode"": ""balanced"", ""num_train_epochs"": 3, ""weight_decay"": 0.05}",COMPLETE
7,0.7710223625273027,2026-10-01 16:05:01.883178,2026-10-01 16:05:43.563265,0 days 00:00:41.680087,32,0.1,5e-05,balanced,3,PYSENTIMIENTO,0.01,"[3, 2, 3]",0.012687629419395215,3,"{""batch_size"": 32, ""classifier_dropout"": 0.1, ""learning_rate"": 5e-05, ""loss_mode"": ""balanced"", ""num_train_epochs"": 3, ""weight_decay"": 0.01}",COMPLETE
8,0.7270548231934578,2026-10-01 16:05:43.810803,2026-10-01 16:06:28.984760,0 days 00:00:45.173957,32,0.3,2e-05,balanced,4,PYSENTIMIENTO,0.1,"[1, 3, 4]",0.02455757006297668,3,"{""batch_size"": 32, ""classifier_dropout"": 0.3, ""learning_rate"": 2e-05, ""loss_mode"": ""balanced"", ""num_train_epochs"": 4, ""weight_decay"": 0.1}",COMPLETE
9,0.7736003906578633,2026-10-01 16:06:29.227296,2026-10-01 16:07:27.640405,0 days 00:00:58.413109,16,0.1,4e-05,standard,3,PYSENTIMIENTO,0.0,"[3, 2, 1]",0.016358136139386338,2,"{""batch_size"": 16, ""classifier_dropout"": 0.1, ""learning_rate"": 4e-05, ""loss_mode"": ""standard"", ""num_train_epochs"": 3, ""weight_decay"": 0.0}",COMPLETE
10,0.782919340048687,2026-10-01 16:07:27.920432,2026-10-01 16:08:40.023446,0 days 00:01:12.103014,16,0.2,5e-05,balanced,4,PYSENTIMIENTO,0.05,"[3, 2, 2]",0.025091335262227194,2,"{""batch_size"": 16, ""classifier_dropout"": 0.2, ""learning_rate"": 5e-05, ""loss_mode"": ""balanced"", ""num_train_epochs"": 4, ""weight_decay"": 0.05}",COMPLETE
11,0.785188314417713,2026-10-01 16:08:40.271896,2026-10-01 16:09:59.121051,0 days 00:01:18.849155,16,0.3,5e-05,balanced,5,PYSENTIMIENTO,0.05,"[3, 2, 3]",0.024988984178604554,3,"{""batch_size"": 16, ""classifier_dropout"": 0.3, ""learning_rate"": 5e-05, ""loss_mode"": ""balanced"", ""num_train_epochs"": 5, ""weight_decay"": 0.05}",COMPLETE
12,0.7797520661196401,2026-10-01 16:09:59.363587,2026-10-01 16:11:25.677979,0 days 00:01:26.314392,16,0.2,5e-05,balanced,5,PYSENTIMIENTO,0.05,"[4, 3, 2]",0.024592218803825172,3,"{""batch_size"": 16, ""classifier_dropout"": 0.2, ""learning_rate"": 5e-05, ""loss_mode"": ""balanced"", ""num_train_epochs"": 5, ""weight_decay"": 0.05}",COMPLETE
13,0.7795823806549472,2026-10-01 16:11:25.923304,2026-10-01 16:12:32.080762,0 days 00:01:06.157458,16,0.1,5e-05,balanced,4,PYSENTIMIENTO,0.05,"[2, 1, 4]",0.017428541063687308,2,"{""batch_size"": 16, ""classifier_dropout"": 0.1, ""learning_rate"": 5e-05, ""loss_mode"": ""balanced"", ""num_train_epochs"": 4, ""weight_decay"": 0.05}",COMPLETE
14,0.7826610825090446,2026-10-01 16:12:32.322206,2026-10-01 16:13:58.127104,0 days 00:01:25.804898,16,0.3,4e-05,balanced,5,PYSENTIMIENTO,0.05,"[3, 3, 3]",0.02649268687911092,3,"{""batch_size"": 16, ""classifier_dropout"": 0.3, ""learning_rate"": 4e-05, ""loss_mode"": ""balanced"", ""num_train_epochs"": 5, ""weight_decay"": 0.05}",COMPLETE
15,0.7617177050888507,2026-10-01 16:13:58.372775,2026-10-01 16:15:24.641018,0 days 00:01:26.268243,16,0.2,2e-05,balanced,4,PYSENTIMIENTO,0.05,"[3, 4, 4]",0.012851793088668817,4,"{""batch_size"": 16, ""classifier_dropout"": 0.2, ""learning_rate"": 2e-05, ""loss_mode"": ""balanced"", ""num_train_epochs"": 4, ""weight_decay"": 0.05}",COMPLETE
16,0.7819614301120149,2026-10-01 16:15:24.888416,2026-10-01 16:16:37.317707,0 days 00:01:12.429291,16,0.2,5e-05,balanced,4,PYSENTIMIENTO,0.0,"[3, 2, 2]",0.02250049881590904,2,"{""batch_size"": 16, ""classifier_dropout"": 0.2, ""learning_rate"": 5e-05, ""loss_mode"": ""balanced"", ""num_train_epochs"": 4, ""weight_decay"": 0.0}",COMPLETE
17,0.778455316088927,2026-10-01 16:16:37.556626,2026-10-01 16:17:26.507938,0 days 00:00:48.951312,32,0.3,5e-05,balanced,5,PYSENTIMIENTO,0.05,"[3, 2, 3]",0.011748571495945955,3,"{""batch_size"": 32, ""classifier_dropout"": 0.3, ""learning_rate"": 5e-05, ""loss_mode"": ""balanced"", ""num_train_epochs"": 5, ""weight_decay"": 0.05}",COMPLETE
18,0.779335813819313,2026-10-01 16:17:26.743779,2026-10-01 16:18:32.027803,0 days 00:01:05.284024,16,0.3,5e-05,balanced,3,PYSENTIMIENTO,0.05,"[3, 2, 3]",0.016375994441724426,3,"{""batch_size"": 16, ""classifier_dropout"": 0.3, ""learning_rate"": 5e-05, ""loss_mode"": ""balanced"", ""num_train_epochs"": 3, ""weight_decay"": 0.05}",COMPLETE
19,0.7765605930367272,2026-10-01 16:18:32.273697,2026-10-01 16:19:18.215882,0 days 00:00:45.942185,32,0.2,5e-05,balanced,4,PYSENTIMIENTO,0.05,"[2, 2, 3]",0.007387338705214804,2,"{""batch_size"": 32, ""classifier_dropout"": 0.2, ""learning_rate"": 5e-05, ""loss_mode"": ""balanced"", ""num_train_epochs"": 4, ""weight_decay"": 0.05}",COMPLETE
