number,value,datetime_start,datetime_complete,duration,params_batch_size,params_classifier_dropout,params_learning_rate,params_loss_mode,params_num_train_epochs,params_preprocessing,params_weight_decay,user_attrs_best_epochs_inner,user_attrs_f1_inner_std,user_attrs_refit_epochs,system_attrs_tpe:relative_params:0,state
0,0.7269854316353414,2026-10-01 14:52:25.565846,2026-10-01 14:53:11.909012,0 days 00:00:46.343166,32,0.2,2e-05,balanced,4,PYSENTIMIENTO,0.1,"[4, 4, 4]",0.009810466772897215,4,,COMPLETE
1,0.7457504741640927,2026-10-01 14:53:12.149666,2026-10-01 14:53:58.543517,0 days 00:00:46.393851,32,0.2,4e-05,balanced,5,PYSENTIMIENTO,0.01,"[2, 4, 3]",0.014502395500696262,3,,COMPLETE
2,0.7441401583285664,2026-10-01 14:53:58.799461,2026-10-01 14:54:53.447034,0 days 00:00:54.647573,16,0.2,3e-05,balanced,3,PYSENTIMIENTO,0.0,"[3, 3, 2]",0.009894902265311636,3,,COMPLETE
3,0.7380571913458335,2026-10-01 14:54:53.680782,2026-10-01 14:55:49.334492,0 days 00:00:55.653710,16,0.3,4e-05,standard,3,PYSENTIMIENTO,0.01,"[3, 3, 3]",0.028435670272922427,3,,COMPLETE
4,0.738807850494005,2026-10-01 14:55:49.588478,2026-10-01 14:56:56.101288,0 days 00:01:06.512810,16,0.3,2e-05,balanced,4,PYSENTIMIENTO,0.1,"[2, 4, 3]",0.005300881410729447,3,,COMPLETE
5,0.7324033472303434,2026-10-01 14:56:56.340773,2026-10-01 14:57:46.315944,0 days 00:00:49.975171,32,0.2,4e-05,standard,5,PYSENTIMIENTO,0.01,"[4, 2, 4]",0.007184556616973561,4,"{""batch_size"": 32, ""classifier_dropout"": 0.2, ""learning_rate"": 4e-05, ""loss_mode"": ""standard"", ""num_train_epochs"": 5, ""weight_decay"": 0.01}",COMPLETE
6,0.7444797397642513,2026-10-01 14:57:46.578322,2026-10-01 14:58:33.154825,0 days 00:00:46.576503,32,0.1,4e-05,balanced,5,PYSENTIMIENTO,0.01,"[2, 4, 3]",0.01541371631224692,3,"{""batch_size"": 32, ""classifier_dropout"": 0.1, ""learning_rate"": 4e-05, ""loss_mode"": ""balanced"", ""num_train_epochs"": 5, ""weight_decay"": 0.01}",COMPLETE
7,0.7400891109369442,2026-10-01 14:58:33.396418,2026-10-01 14:59:20.090629,0 days 00:00:46.694211,32,0.2,3e-05,balanced,5,PYSENTIMIENTO,0.01,"[2, 4, 3]",0.011997071049881354,3,"{""batch_size"": 32, ""classifier_dropout"": 0.2, ""learning_rate"": 3e-05, ""loss_mode"": ""balanced"", ""num_train_epochs"": 5, ""weight_decay"": 0.01}",COMPLETE
8,0.7425346867445901,2026-10-01 14:59:20.330601,2026-10-01 15:00:15.705010,0 days 00:00:55.374409,16,0.2,4e-05,balanced,5,PYSENTIMIENTO,0.05,"[2, 1, 3]",0.021065590043648115,2,"{""batch_size"": 16, ""classifier_dropout"": 0.2, ""learning_rate"": 4e-05, ""loss_mode"": ""balanced"", ""num_train_epochs"": 5, ""weight_decay"": 0.05}",COMPLETE
9,0.7432408584174638,2026-10-01 15:00:15.970997,2026-10-01 15:00:59.219863,0 days 00:00:43.248866,32,0.3,4e-05,balanced,4,PYSENTIMIENTO,0.0,"[2, 4, 3]",0.013481221263598853,3,"{""batch_size"": 32, ""classifier_dropout"": 0.3, ""learning_rate"": 4e-05, ""loss_mode"": ""balanced"", ""num_train_epochs"": 4, ""weight_decay"": 0.0}",COMPLETE
10,0.7409199853710664,2026-10-01 15:00:59.474738,2026-10-01 15:01:35.783443,0 days 00:00:36.308705,32,0.2,4e-05,balanced,3,PYSENTIMIENTO,0.05,"[3, 2, 3]",0.011529057240857886,3,"{""batch_size"": 32, ""classifier_dropout"": 0.2, ""learning_rate"": 4e-05, ""loss_mode"": ""balanced"", ""num_train_epochs"": 3, ""weight_decay"": 0.05}",COMPLETE
11,0.7444797397642513,2026-10-01 15:01:36.027440,2026-10-01 15:01:36.107117,0 days 00:00:00.079677,32,0.1,4e-05,balanced,5,PYSENTIMIENTO,0.01,"[2, 4, 3]",0.01541371631224692,3,"{""batch_size"": 32, ""classifier_dropout"": 0.1, ""learning_rate"": 4e-05, ""loss_mode"": ""balanced"", ""num_train_epochs"": 5, ""weight_decay"": 0.01}",COMPLETE
12,0.7456722250006953,2026-10-01 15:01:36.369823,2026-10-01 15:02:19.819188,0 days 00:00:43.449365,32,0.1,5e-05,balanced,4,PYSENTIMIENTO,0.01,"[2, 4, 3]",0.015037492780806298,3,"{""batch_size"": 32, ""classifier_dropout"": 0.1, ""learning_rate"": 5e-05, ""loss_mode"": ""balanced"", ""num_train_epochs"": 4, ""weight_decay"": 0.01}",COMPLETE
13,0.7456722250006953,2026-10-01 15:02:20.057513,2026-10-01 15:02:20.136726,0 days 00:00:00.079213,32,0.1,5e-05,balanced,4,PYSENTIMIENTO,0.01,"[2, 4, 3]",0.015037492780806298,3,"{""batch_size"": 32, ""classifier_dropout"": 0.1, ""learning_rate"": 5e-05, ""loss_mode"": ""balanced"", ""num_train_epochs"": 4, ""weight_decay"": 0.01}",COMPLETE
14,0.7454221733635076,2026-10-01 15:02:20.398433,2026-10-01 15:03:15.864953,0 days 00:00:55.466520,16,0.1,5e-05,standard,4,PYSENTIMIENTO,0.0,"[2, 2, 2]",0.025521503360842274,2,"{""batch_size"": 16, ""classifier_dropout"": 0.1, ""learning_rate"": 5e-05, ""loss_mode"": ""standard"", ""num_train_epochs"": 4, ""weight_decay"": 0.0}",COMPLETE
15,0.7428872367572303,2026-10-01 15:03:16.103278,2026-10-01 15:03:52.169045,0 days 00:00:36.065767,32,0.3,5e-05,balanced,3,PYSENTIMIENTO,0.01,"[2, 3, 3]",0.016080777845548205,3,"{""batch_size"": 32, ""classifier_dropout"": 0.3, ""learning_rate"": 5e-05, ""loss_mode"": ""balanced"", ""num_train_epochs"": 3, ""weight_decay"": 0.01}",COMPLETE
16,0.7427232192369161,2026-10-01 15:03:52.403547,2026-10-01 15:04:59.438314,0 days 00:01:07.034767,16,0.1,3e-05,balanced,4,PYSENTIMIENTO,0.05,"[3, 2, 3]",0.012917070699054047,3,"{""batch_size"": 16, ""classifier_dropout"": 0.1, ""learning_rate"": 3e-05, ""loss_mode"": ""balanced"", ""num_train_epochs"": 4, ""weight_decay"": 0.05}",COMPLETE
17,0.7466825061875193,2026-10-01 15:04:59.672298,2026-10-01 15:05:49.369602,0 days 00:00:49.697304,16,0.2,5e-05,balanced,4,PYSENTIMIENTO,0.01,"[1, 1, 3]",0.01966154650232757,1,"{""batch_size"": 16, ""classifier_dropout"": 0.2, ""learning_rate"": 5e-05, ""loss_mode"": ""balanced"", ""num_train_epochs"": 4, ""weight_decay"": 0.01}",COMPLETE
18,0.7445531638758256,2026-10-01 15:05:49.603939,2026-10-01 15:07:01.818512,0 days 00:01:12.214573,16,0.2,2e-05,balanced,4,PYSENTIMIENTO,0.01,"[3, 4, 4]",0.007593704490773164,4,"{""batch_size"": 16, ""classifier_dropout"": 0.2, ""learning_rate"": 2e-05, ""loss_mode"": ""balanced"", ""num_train_epochs"": 4, ""weight_decay"": 0.01}",COMPLETE
19,0.7466825061875193,2026-10-01 15:07:02.056562,2026-10-01 15:07:02.143809,0 days 00:00:00.087247,16,0.2,5e-05,balanced,4,PYSENTIMIENTO,0.01,"[1, 1, 3]",0.01966154650232757,1,"{""batch_size"": 16, ""classifier_dropout"": 0.2, ""learning_rate"": 5e-05, ""loss_mode"": ""balanced"", ""num_train_epochs"": 4, ""weight_decay"": 0.01}",COMPLETE
