number,value,datetime_start,datetime_complete,duration,params_batch_size,params_classifier_dropout,params_learning_rate,params_loss_mode,params_num_train_epochs,params_preprocessing,params_weight_decay,user_attrs_best_epochs_inner,user_attrs_f1_inner_std,user_attrs_refit_epochs,system_attrs_tpe:relative_params:0,state
0,0.6973217934505932,2026-10-01 11:55:59.656478,2026-10-01 11:56:54.861383,0 days 00:00:55.204905,32,0.1,2e-05,balanced,5,PYSENTIMIENTO,0.01,"[5, 4, 5]",0.02432629540930198,5,,COMPLETE
1,0.672054971376587,2026-10-01 11:56:55.114524,2026-10-01 11:57:43.566871,0 days 00:00:48.452347,32,0.3,2e-05,balanced,5,PYSENTIMIENTO,0.01,"[4, 2, 4]",0.027595786897901806,4,,COMPLETE
2,0.6780865835639845,2026-10-01 11:57:43.799263,2026-10-01 11:58:37.555119,0 days 00:00:53.755856,16,0.1,2e-05,balanced,3,PYSENTIMIENTO,0.05,"[3, 2, 3]",0.023972579241555252,3,,COMPLETE
3,0.6473399576584834,2026-10-01 11:58:37.802503,2026-10-01 11:59:23.471117,0 days 00:00:45.668614,32,0.2,2e-05,standard,4,PYSENTIMIENTO,0.05,"[4, 4, 4]",0.01412256544997876,4,,COMPLETE
4,0.7000993499731601,2026-10-01 11:59:23.729736,2026-10-01 12:00:12.570777,0 days 00:00:48.841041,16,0.1,5e-05,standard,3,PYSENTIMIENTO,0.05,"[1, 3, 3]",0.016648404750828263,3,,COMPLETE
5,0.7000993499731601,2026-10-01 12:00:12.834367,2026-10-01 12:00:12.902492,0 days 00:00:00.068125,16,0.1,5e-05,standard,3,PYSENTIMIENTO,0.05,"[1, 3, 3]",0.016648404750828263,3,"{""batch_size"": 16, ""classifier_dropout"": 0.1, ""learning_rate"": 5e-05, ""loss_mode"": ""standard"", ""num_train_epochs"": 3, ""weight_decay"": 0.05}",COMPLETE
6,0.6773572658721075,2026-10-01 12:00:13.135497,2026-10-01 12:01:02.101582,0 days 00:00:48.966085,16,0.3,4e-05,standard,3,PYSENTIMIENTO,0.1,"[3, 1, 3]",0.023351224874705496,3,"{""batch_size"": 16, ""classifier_dropout"": 0.3, ""learning_rate"": 4e-05, ""loss_mode"": ""standard"", ""num_train_epochs"": 3, ""weight_decay"": 0.1}",COMPLETE
7,0.6743528622013214,2026-10-01 12:01:02.357755,2026-10-01 12:01:37.085193,0 days 00:00:34.727438,32,0.1,3e-05,standard,3,PYSENTIMIENTO,0.0,"[3, 3, 3]",0.019621432646811845,3,"{""batch_size"": 32, ""classifier_dropout"": 0.1, ""learning_rate"": 3e-05, ""loss_mode"": ""standard"", ""num_train_epochs"": 3, ""weight_decay"": 0.0}",COMPLETE
8,0.7066012379122645,2026-10-01 12:01:37.335907,2026-10-01 12:02:36.082147,0 days 00:00:58.746240,16,0.3,5e-05,standard,4,PYSENTIMIENTO,0.0,"[1, 3, 4]",0.014745725109938296,3,"{""batch_size"": 16, ""classifier_dropout"": 0.3, ""learning_rate"": 5e-05, ""loss_mode"": ""standard"", ""num_train_epochs"": 4, ""weight_decay"": 0.0}",COMPLETE
9,0.7060451627147154,2026-10-01 12:02:36.306970,2026-10-01 12:03:29.266371,0 days 00:00:52.959401,16,0.2,5e-05,standard,5,PYSENTIMIENTO,0.0,"[1, 2, 3]",0.014360123768578143,2,"{""batch_size"": 16, ""classifier_dropout"": 0.2, ""learning_rate"": 5e-05, ""loss_mode"": ""standard"", ""num_train_epochs"": 5, ""weight_decay"": 0.0}",COMPLETE
10,0.6824960552786904,2026-10-01 12:03:29.499682,2026-10-01 12:04:33.088504,0 days 00:01:03.588822,16,0.3,3e-05,standard,4,PYSENTIMIENTO,0.0,"[2, 3, 4]",0.00773127209423662,3,"{""batch_size"": 16, ""classifier_dropout"": 0.3, ""learning_rate"": 3e-05, ""loss_mode"": ""standard"", ""num_train_epochs"": 4, ""weight_decay"": 0.0}",COMPLETE
11,0.7032774054912833,2026-10-01 12:04:33.318376,2026-10-01 12:05:18.104139,0 days 00:00:44.785763,32,0.2,5e-05,standard,5,PYSENTIMIENTO,0.0,"[2, 3, 5]",0.005603089649500099,3,"{""batch_size"": 32, ""classifier_dropout"": 0.2, ""learning_rate"": 5e-05, ""loss_mode"": ""standard"", ""num_train_epochs"": 5, ""weight_decay"": 0.0}",COMPLETE
12,0.7046256269593817,2026-10-01 12:05:18.349478,2026-10-01 12:06:17.723017,0 days 00:00:59.373539,16,0.2,5e-05,standard,4,PYSENTIMIENTO,0.0,"[1, 3, 4]",0.01773089144769179,3,"{""batch_size"": 16, ""classifier_dropout"": 0.2, ""learning_rate"": 5e-05, ""loss_mode"": ""standard"", ""num_train_epochs"": 4, ""weight_decay"": 0.0}",COMPLETE
13,0.7058460811939934,2026-10-01 12:06:17.961848,2026-10-01 12:07:16.513137,0 days 00:00:58.551289,16,0.3,5e-05,standard,5,PYSENTIMIENTO,0.0,"[1, 2, 5]",0.01568458261458236,2,"{""batch_size"": 16, ""classifier_dropout"": 0.3, ""learning_rate"": 5e-05, ""loss_mode"": ""standard"", ""num_train_epochs"": 5, ""weight_decay"": 0.0}",COMPLETE
14,0.6961876706855228,2026-10-01 12:07:16.746024,2026-10-01 12:08:21.702242,0 days 00:01:04.956218,16,0.2,4e-05,standard,5,PYSENTIMIENTO,0.01,"[1, 4, 3]",0.005846589036475539,3,"{""batch_size"": 16, ""classifier_dropout"": 0.2, ""learning_rate"": 4e-05, ""loss_mode"": ""standard"", ""num_train_epochs"": 5, ""weight_decay"": 0.01}",COMPLETE
15,0.6846732597809799,2026-10-01 12:08:21.956513,2026-10-01 12:09:31.320890,0 days 00:01:09.364377,16,0.3,2e-05,balanced,4,PYSENTIMIENTO,0.0,"[4, 3, 4]",0.023646426074892486,4,"{""batch_size"": 16, ""classifier_dropout"": 0.3, ""learning_rate"": 2e-05, ""loss_mode"": ""balanced"", ""num_train_epochs"": 4, ""weight_decay"": 0.0}",COMPLETE
16,0.7102399829725469,2026-10-01 12:09:31.554148,2026-10-01 12:10:36.807714,0 days 00:01:05.253566,16,0.2,5e-05,balanced,5,PYSENTIMIENTO,0.05,"[2, 2, 5]",0.00579462532681186,2,"{""batch_size"": 16, ""classifier_dropout"": 0.2, ""learning_rate"": 5e-05, ""loss_mode"": ""balanced"", ""num_train_epochs"": 5, ""weight_decay"": 0.05}",COMPLETE
17,0.7102399829725469,2026-10-01 12:10:37.059157,2026-10-01 12:10:37.124692,0 days 00:00:00.065535,16,0.2,5e-05,balanced,5,PYSENTIMIENTO,0.05,"[2, 2, 5]",0.00579462532681186,2,"{""batch_size"": 16, ""classifier_dropout"": 0.2, ""learning_rate"": 5e-05, ""loss_mode"": ""balanced"", ""num_train_epochs"": 5, ""weight_decay"": 0.05}",COMPLETE
18,0.7102399829725469,2026-10-01 12:10:37.387369,2026-10-01 12:10:37.458062,0 days 00:00:00.070693,16,0.2,5e-05,balanced,5,PYSENTIMIENTO,0.05,"[2, 2, 5]",0.00579462532681186,2,"{""batch_size"": 16, ""classifier_dropout"": 0.2, ""learning_rate"": 5e-05, ""loss_mode"": ""balanced"", ""num_train_epochs"": 5, ""weight_decay"": 0.05}",COMPLETE
19,0.7070190042023557,2026-10-01 12:10:37.695990,2026-10-01 12:11:41.578644,0 days 00:01:03.882654,16,0.2,3e-05,balanced,5,PYSENTIMIENTO,0.1,"[2, 2, 3]",0.014975135478042965,2,"{""batch_size"": 16, ""classifier_dropout"": 0.2, ""learning_rate"": 3e-05, ""loss_mode"": ""balanced"", ""num_train_epochs"": 5, ""weight_decay"": 0.1}",COMPLETE
