number,value,datetime_start,datetime_complete,duration,params_batch_size,params_classifier_dropout,params_learning_rate,params_loss_mode,params_num_train_epochs,params_preprocessing,params_weight_decay,user_attrs_best_epochs_inner,user_attrs_f1_inner_std,user_attrs_refit_epochs,system_attrs_tpe:relative_params:0,state
0,0.7230799315510348,2026-10-01 14:37:01.349017,2026-10-01 14:37:55.224374,0 days 00:00:53.875357,32,0.1,2e-05,balanced,5,PYSENTIMIENTO,0.01,"[5, 4, 3]",0.02733617730145231,4,,COMPLETE
1,0.7145040774954325,2026-10-01 14:37:55.459036,2026-10-01 14:38:48.879725,0 days 00:00:53.420689,32,0.3,2e-05,balanced,5,PYSENTIMIENTO,0.01,"[3, 4, 5]",0.030191521524645087,4,,COMPLETE
2,0.7172834101496292,2026-10-01 14:38:49.114566,2026-10-01 14:39:38.735753,0 days 00:00:49.621187,16,0.1,2e-05,balanced,3,PYSENTIMIENTO,0.05,"[3, 1, 2]",0.018036593108089416,2,,COMPLETE
3,0.6752323346579711,2026-10-01 14:39:38.984887,2026-10-01 14:40:25.756273,0 days 00:00:46.771386,32,0.2,2e-05,standard,4,PYSENTIMIENTO,0.05,"[3, 3, 4]",0.020033178845883615,3,,COMPLETE
4,0.7292899107758758,2026-10-01 14:40:25.996311,2026-10-01 14:41:10.456880,0 days 00:00:44.460569,16,0.1,5e-05,standard,3,PYSENTIMIENTO,0.05,"[1, 1, 2]",0.02397771876053166,1,,COMPLETE
5,0.7292899107758758,2026-10-01 14:41:10.716472,2026-10-01 14:41:10.792699,0 days 00:00:00.076227,16,0.1,5e-05,standard,3,PYSENTIMIENTO,0.05,"[1, 1, 2]",0.02397771876053166,1,"{""batch_size"": 16, ""classifier_dropout"": 0.1, ""learning_rate"": 5e-05, ""loss_mode"": ""standard"", ""num_train_epochs"": 3, ""weight_decay"": 0.05}",COMPLETE
6,0.7058030649693215,2026-10-01 14:41:11.047254,2026-10-01 14:41:54.972404,0 days 00:00:43.925150,16,0.3,4e-05,standard,3,PYSENTIMIENTO,0.1,"[1, 1, 3]",0.04028742690963087,1,"{""batch_size"": 16, ""classifier_dropout"": 0.3, ""learning_rate"": 4e-05, ""loss_mode"": ""standard"", ""num_train_epochs"": 3, ""weight_decay"": 0.1}",COMPLETE
7,0.6956922355318275,2026-10-01 14:41:55.209216,2026-10-01 14:42:31.092847,0 days 00:00:35.883631,32,0.1,3e-05,standard,3,PYSENTIMIENTO,0.0,"[3, 3, 3]",0.016243167492780243,3,"{""batch_size"": 32, ""classifier_dropout"": 0.1, ""learning_rate"": 3e-05, ""loss_mode"": ""standard"", ""num_train_epochs"": 3, ""weight_decay"": 0.0}",COMPLETE
8,0.746667903293415,2026-10-01 14:42:31.326092,2026-10-01 14:43:37.615734,0 days 00:01:06.289642,16,0.3,5e-05,standard,4,PYSENTIMIENTO,0.0,"[3, 4, 2]",0.0041852544776912765,3,"{""batch_size"": 16, ""classifier_dropout"": 0.3, ""learning_rate"": 5e-05, ""loss_mode"": ""standard"", ""num_train_epochs"": 4, ""weight_decay"": 0.0}",COMPLETE
9,0.7543162905631569,2026-10-01 14:43:37.859018,2026-10-01 14:44:37.692294,0 days 00:00:59.833276,16,0.2,5e-05,standard,5,PYSENTIMIENTO,0.0,"[2, 3, 2]",0.00577368312356416,2,"{""batch_size"": 16, ""classifier_dropout"": 0.2, ""learning_rate"": 5e-05, ""loss_mode"": ""standard"", ""num_train_epochs"": 5, ""weight_decay"": 0.0}",COMPLETE
10,0.7310899417496048,2026-10-01 14:44:37.933151,2026-10-01 14:45:13.872924,0 days 00:00:35.939773,32,0.2,5e-05,standard,5,PYSENTIMIENTO,0.0,"[1, 1, 5]",0.013145971640863107,1,"{""batch_size"": 32, ""classifier_dropout"": 0.2, ""learning_rate"": 5e-05, ""loss_mode"": ""standard"", ""num_train_epochs"": 5, ""weight_decay"": 0.0}",COMPLETE
11,0.746667903293415,2026-10-01 14:45:14.121541,2026-10-01 14:45:14.206129,0 days 00:00:00.084588,16,0.3,5e-05,standard,4,PYSENTIMIENTO,0.0,"[3, 4, 2]",0.0041852544776912765,3,"{""batch_size"": 16, ""classifier_dropout"": 0.3, ""learning_rate"": 5e-05, ""loss_mode"": ""standard"", ""num_train_epochs"": 4, ""weight_decay"": 0.0}",COMPLETE
12,0.7543162905631569,2026-10-01 14:45:14.467587,2026-10-01 14:45:14.553203,0 days 00:00:00.085616,16,0.2,5e-05,standard,5,PYSENTIMIENTO,0.0,"[2, 3, 2]",0.00577368312356416,2,"{""batch_size"": 16, ""classifier_dropout"": 0.2, ""learning_rate"": 5e-05, ""loss_mode"": ""standard"", ""num_train_epochs"": 5, ""weight_decay"": 0.0}",COMPLETE
13,0.7517139351812911,2026-10-01 14:45:14.802305,2026-10-01 14:46:04.358605,0 days 00:00:49.556300,16,0.2,5e-05,balanced,5,PYSENTIMIENTO,0.0,"[2, 1, 2]",0.0032746314204110927,2,"{""batch_size"": 16, ""classifier_dropout"": 0.2, ""learning_rate"": 5e-05, ""loss_mode"": ""balanced"", ""num_train_epochs"": 5, ""weight_decay"": 0.0}",COMPLETE
14,0.7428866863667808,2026-10-01 14:46:04.593573,2026-10-01 14:47:23.141527,0 days 00:01:18.547954,16,0.2,3e-05,standard,5,PYSENTIMIENTO,0.0,"[4, 3, 3]",0.014358409716430607,3,"{""batch_size"": 16, ""classifier_dropout"": 0.2, ""learning_rate"": 3e-05, ""loss_mode"": ""standard"", ""num_train_epochs"": 5, ""weight_decay"": 0.0}",COMPLETE
15,0.7510621584381513,2026-10-01 14:47:23.398481,2026-10-01 14:48:18.038001,0 days 00:00:54.639520,16,0.1,5e-05,standard,5,PYSENTIMIENTO,0.0,"[1, 4, 1]",0.01396216697943388,1,"{""batch_size"": 16, ""classifier_dropout"": 0.1, ""learning_rate"": 5e-05, ""loss_mode"": ""standard"", ""num_train_epochs"": 5, ""weight_decay"": 0.0}",COMPLETE
16,0.7547811864964601,2026-10-01 14:48:18.278280,2026-10-01 14:49:13.288562,0 days 00:00:55.010282,16,0.2,5e-05,standard,5,PYSENTIMIENTO,0.01,"[2, 2, 2]",0.004670459116802719,2,"{""batch_size"": 16, ""classifier_dropout"": 0.2, ""learning_rate"": 5e-05, ""loss_mode"": ""standard"", ""num_train_epochs"": 5, ""weight_decay"": 0.01}",COMPLETE
17,0.7502131839181269,2026-10-01 14:49:13.548831,2026-10-01 14:50:16.339074,0 days 00:01:02.790243,16,0.2,4e-05,standard,5,PYSENTIMIENTO,0.01,"[2, 3, 2]",0.007740204781119667,2,"{""batch_size"": 16, ""classifier_dropout"": 0.2, ""learning_rate"": 4e-05, ""loss_mode"": ""standard"", ""num_train_epochs"": 5, ""weight_decay"": 0.01}",COMPLETE
18,0.7560579353720159,2026-10-01 14:50:16.599448,2026-10-01 14:51:12.034434,0 days 00:00:55.434986,16,0.2,5e-05,standard,4,PYSENTIMIENTO,0.01,"[2, 2, 2]",0.004932906725907572,2,"{""batch_size"": 16, ""classifier_dropout"": 0.2, ""learning_rate"": 5e-05, ""loss_mode"": ""standard"", ""num_train_epochs"": 4, ""weight_decay"": 0.01}",COMPLETE
19,0.7545611477551896,2026-10-01 14:51:12.275916,2026-10-01 14:52:07.423827,0 days 00:00:55.147911,16,0.2,5e-05,standard,4,PYSENTIMIENTO,0.1,"[2, 2, 2]",0.0060785064689140855,2,"{""batch_size"": 16, ""classifier_dropout"": 0.2, ""learning_rate"": 5e-05, ""loss_mode"": ""standard"", ""num_train_epochs"": 4, ""weight_decay"": 0.1}",COMPLETE
