number,value,datetime_start,datetime_complete,duration,params_batch_size,params_classifier_dropout,params_learning_rate,params_loss_mode,params_num_train_epochs,params_preprocessing,params_weight_decay,user_attrs_best_epochs_inner,user_attrs_f1_inner_std,user_attrs_refit_epochs,system_attrs_tpe:relative_params:0,state
0,0.7519914748170774,2026-10-01 13:49:42.096828,2026-10-01 13:50:39.160846,0 days 00:00:57.064018,32,0.3,2e-05,balanced,5,PYSENTIMIENTO,0.01,"[4, 5, 5]",0.03316053526241227,5,,COMPLETE
1,0.7631058493165822,2026-10-01 13:50:39.394065,2026-10-01 13:51:22.559703,0 days 00:00:43.165638,32,0.1,3e-05,standard,4,PYSENTIMIENTO,0.05,"[3, 2, 3]",0.029668046462287097,3,,COMPLETE
2,0.7781452096252669,2026-10-01 13:51:22.804000,2026-10-01 13:52:01.891809,0 days 00:00:39.087809,32,0.1,5e-05,standard,4,PYSENTIMIENTO,0.0,"[3, 2, 2]",0.02606451628648778,2,,COMPLETE
3,0.7805238835976361,2026-10-01 13:52:02.125881,2026-10-01 13:52:48.648826,0 days 00:00:46.522945,32,0.1,4e-05,balanced,4,PYSENTIMIENTO,0.1,"[3, 4, 3]",0.018178953010039967,3,,COMPLETE
4,0.7709505688014406,2026-10-01 13:52:48.914894,2026-10-01 13:53:44.164643,0 days 00:00:55.249749,16,0.2,3e-05,standard,3,PYSENTIMIENTO,0.01,"[2, 3, 3]",0.023869402616225117,3,,COMPLETE
5,0.7805238835976361,2026-10-01 13:53:44.420355,2026-10-01 13:53:44.497647,0 days 00:00:00.077292,32,0.1,4e-05,balanced,4,PYSENTIMIENTO,0.1,"[3, 4, 3]",0.018178953010039967,3,"{""batch_size"": 32, ""classifier_dropout"": 0.1, ""learning_rate"": 4e-05, ""loss_mode"": ""balanced"", ""num_train_epochs"": 4, ""weight_decay"": 0.1}",COMPLETE
6,0.7561988171825643,2026-10-01 13:53:44.758482,2026-10-01 13:54:20.748881,0 days 00:00:35.990399,32,0.3,4e-05,standard,3,PYSENTIMIENTO,0.1,"[2, 3, 3]",0.038108859970133635,3,"{""batch_size"": 32, ""classifier_dropout"": 0.3, ""learning_rate"": 4e-05, ""loss_mode"": ""standard"", ""num_train_epochs"": 3, ""weight_decay"": 0.1}",COMPLETE
7,0.78771319086784,2026-10-01 13:54:20.986823,2026-10-01 13:55:21.244044,0 days 00:01:00.257221,16,0.2,4e-05,balanced,4,PYSENTIMIENTO,0.0,"[2, 4, 2]",0.004969792609660352,2,"{""batch_size"": 16, ""classifier_dropout"": 0.2, ""learning_rate"": 4e-05, ""loss_mode"": ""balanced"", ""num_train_epochs"": 4, ""weight_decay"": 0.0}",COMPLETE
8,0.78771319086784,2026-10-01 13:55:21.475841,2026-10-01 13:55:21.554661,0 days 00:00:00.078820,16,0.2,4e-05,balanced,4,PYSENTIMIENTO,0.0,"[2, 4, 2]",0.004969792609660352,2,"{""batch_size"": 16, ""classifier_dropout"": 0.2, ""learning_rate"": 4e-05, ""loss_mode"": ""balanced"", ""num_train_epochs"": 4, ""weight_decay"": 0.0}",COMPLETE
9,0.7299178252221941,2026-10-01 13:55:21.813114,2026-10-01 13:55:58.207060,0 days 00:00:36.393946,32,0.2,2e-05,balanced,3,PYSENTIMIENTO,0.0,"[3, 3, 3]",0.03568917314020081,3,"{""batch_size"": 32, ""classifier_dropout"": 0.2, ""learning_rate"": 2e-05, ""loss_mode"": ""balanced"", ""num_train_epochs"": 3, ""weight_decay"": 0.0}",COMPLETE
10,0.7873190274478682,2026-10-01 13:55:58.466826,2026-10-01 13:57:16.712978,0 days 00:01:18.246152,16,0.2,4e-05,standard,5,PYSENTIMIENTO,0.05,"[4, 4, 2]",0.010381757218598145,4,"{""batch_size"": 16, ""classifier_dropout"": 0.2, ""learning_rate"": 4e-05, ""loss_mode"": ""standard"", ""num_train_epochs"": 5, ""weight_decay"": 0.05}",COMPLETE
11,0.78771319086784,2026-10-01 13:57:16.978161,2026-10-01 13:57:17.050748,0 days 00:00:00.072587,16,0.2,4e-05,balanced,4,PYSENTIMIENTO,0.0,"[2, 4, 2]",0.004969792609660352,2,"{""batch_size"": 16, ""classifier_dropout"": 0.2, ""learning_rate"": 4e-05, ""loss_mode"": ""balanced"", ""num_train_epochs"": 4, ""weight_decay"": 0.0}",COMPLETE
12,0.7910504900493983,2026-10-01 13:57:17.310486,2026-10-01 13:58:24.377306,0 days 00:01:07.066820,16,0.2,5e-05,balanced,4,PYSENTIMIENTO,0.1,"[2, 4, 3]",0.0029629844396937954,3,"{""batch_size"": 16, ""classifier_dropout"": 0.2, ""learning_rate"": 5e-05, ""loss_mode"": ""balanced"", ""num_train_epochs"": 4, ""weight_decay"": 0.1}",COMPLETE
13,0.7898703349322861,2026-10-01 13:58:24.632680,2026-10-01 13:59:19.738328,0 days 00:00:55.105648,16,0.3,5e-05,balanced,4,PYSENTIMIENTO,0.1,"[2, 2, 2]",0.014232953764352851,2,"{""batch_size"": 16, ""classifier_dropout"": 0.3, ""learning_rate"": 5e-05, ""loss_mode"": ""balanced"", ""num_train_epochs"": 4, ""weight_decay"": 0.1}",COMPLETE
14,0.7898703349322861,2026-10-01 13:59:19.985609,2026-10-01 13:59:20.061249,0 days 00:00:00.075640,16,0.3,5e-05,balanced,4,PYSENTIMIENTO,0.1,"[2, 2, 2]",0.014232953764352851,2,"{""batch_size"": 16, ""classifier_dropout"": 0.3, ""learning_rate"": 5e-05, ""loss_mode"": ""balanced"", ""num_train_epochs"": 4, ""weight_decay"": 0.1}",COMPLETE
15,0.7879950384423416,2026-10-01 13:59:20.310293,2026-10-01 14:00:15.348026,0 days 00:00:55.037733,16,0.2,5e-05,balanced,4,PYSENTIMIENTO,0.01,"[2, 2, 2]",0.009515582914621573,2,"{""batch_size"": 16, ""classifier_dropout"": 0.2, ""learning_rate"": 5e-05, ""loss_mode"": ""balanced"", ""num_train_epochs"": 4, ""weight_decay"": 0.01}",COMPLETE
16,0.7897132348447983,2026-10-01 14:00:15.583097,2026-10-01 14:01:10.846763,0 days 00:00:55.263666,16,0.2,5e-05,balanced,3,PYSENTIMIENTO,0.1,"[3, 3, 2]",0.007469029984216493,3,"{""batch_size"": 16, ""classifier_dropout"": 0.2, ""learning_rate"": 5e-05, ""loss_mode"": ""balanced"", ""num_train_epochs"": 3, ""weight_decay"": 0.1}",COMPLETE
17,0.7662650577031948,2026-10-01 14:01:11.092292,2026-10-01 14:02:23.677443,0 days 00:01:12.585151,16,0.3,2e-05,standard,4,PYSENTIMIENTO,0.1,"[3, 4, 3]",0.017923886660214636,3,"{""batch_size"": 16, ""classifier_dropout"": 0.3, ""learning_rate"": 2e-05, ""loss_mode"": ""standard"", ""num_train_epochs"": 4, ""weight_decay"": 0.1}",COMPLETE
18,0.7822479137997093,2026-10-01 14:02:23.943501,2026-10-01 14:03:13.547129,0 days 00:00:49.603628,32,0.2,5e-05,balanced,4,PYSENTIMIENTO,0.1,"[4, 4, 3]",0.018380530614386596,4,"{""batch_size"": 32, ""classifier_dropout"": 0.2, ""learning_rate"": 5e-05, ""loss_mode"": ""balanced"", ""num_train_epochs"": 4, ""weight_decay"": 0.1}",COMPLETE
19,0.7937258473162997,2026-10-01 14:03:13.812581,2026-10-01 14:04:14.792879,0 days 00:01:00.980298,16,0.3,5e-05,balanced,5,PYSENTIMIENTO,0.05,"[2, 3, 2]",0.0019086420000534957,2,"{""batch_size"": 16, ""classifier_dropout"": 0.3, ""learning_rate"": 5e-05, ""loss_mode"": ""balanced"", ""num_train_epochs"": 5, ""weight_decay"": 0.05}",COMPLETE
