number,value,datetime_start,datetime_complete,duration,params_batch_size,params_classifier_dropout,params_learning_rate,params_loss_mode,params_num_train_epochs,params_preprocessing,params_weight_decay,user_attrs_best_epochs_inner,user_attrs_f1_inner_std,user_attrs_refit_epochs,system_attrs_tpe:relative_params:0,state
0,0.735343178405745,2026-10-01 15:07:13.172216,2026-10-01 15:08:06.579907,0 days 00:00:53.407691,32,0.3,2e-05,balanced,5,PYSENTIMIENTO,0.01,"[5, 3, 5]",0.00921520036955523,5,,COMPLETE
1,0.7375795446666656,2026-10-01 15:08:06.824791,2026-10-01 15:08:49.575604,0 days 00:00:42.750813,32,0.1,3e-05,standard,4,PYSENTIMIENTO,0.05,"[4, 3, 2]",0.020944102029304603,3,,COMPLETE
2,0.7526480409428368,2026-10-01 15:08:49.814303,2026-10-01 15:09:33.870962,0 days 00:00:44.056659,32,0.1,5e-05,standard,4,PYSENTIMIENTO,0.0,"[4, 3, 2]",0.014701411781772023,3,,COMPLETE
3,0.7603971604931886,2026-10-01 15:09:34.117443,2026-10-01 15:10:16.979126,0 days 00:00:42.861683,32,0.1,4e-05,balanced,4,PYSENTIMIENTO,0.1,"[2, 3, 3]",0.010325061507307864,3,,COMPLETE
4,0.7387802376667123,2026-10-01 15:10:17.218766,2026-10-01 15:11:14.630630,0 days 00:00:57.411864,16,0.2,3e-05,standard,3,PYSENTIMIENTO,0.01,"[3, 3, 2]",0.015651540382746933,3,,COMPLETE
5,0.7603971604931886,2026-10-01 15:11:14.874222,2026-10-01 15:11:14.949005,0 days 00:00:00.074783,32,0.1,4e-05,balanced,4,PYSENTIMIENTO,0.1,"[2, 3, 3]",0.010325061507307864,3,"{""batch_size"": 32, ""classifier_dropout"": 0.1, ""learning_rate"": 4e-05, ""loss_mode"": ""balanced"", ""num_train_epochs"": 4, ""weight_decay"": 0.1}",COMPLETE
6,0.7225221157998988,2026-10-01 15:11:15.209522,2026-10-01 15:11:51.880059,0 days 00:00:36.670537,32,0.3,4e-05,standard,3,PYSENTIMIENTO,0.1,"[3, 2, 2]",0.00953430334489475,2,"{""batch_size"": 32, ""classifier_dropout"": 0.3, ""learning_rate"": 4e-05, ""loss_mode"": ""standard"", ""num_train_epochs"": 3, ""weight_decay"": 0.1}",COMPLETE
7,0.7553166625668614,2026-10-01 15:11:52.125285,2026-10-01 15:12:46.573174,0 days 00:00:54.447889,16,0.2,4e-05,balanced,4,PYSENTIMIENTO,0.0,"[2, 2, 2]",0.01002073997386812,2,"{""batch_size"": 16, ""classifier_dropout"": 0.2, ""learning_rate"": 4e-05, ""loss_mode"": ""balanced"", ""num_train_epochs"": 4, ""weight_decay"": 0.0}",COMPLETE
8,0.7557544625096265,2026-10-01 15:12:46.839628,2026-10-01 15:13:41.963613,0 days 00:00:55.123985,16,0.1,5e-05,balanced,3,PYSENTIMIENTO,0.1,"[2, 2, 2]",0.015251633829441308,2,"{""batch_size"": 16, ""classifier_dropout"": 0.1, ""learning_rate"": 5e-05, ""loss_mode"": ""balanced"", ""num_train_epochs"": 3, ""weight_decay"": 0.1}",COMPLETE
9,0.7524810824136831,2026-10-01 15:13:42.205627,2026-10-01 15:14:43.026087,0 days 00:01:00.820460,16,0.3,3e-05,balanced,4,PYSENTIMIENTO,0.01,"[2, 4, 2]",0.010332018573468806,2,"{""batch_size"": 16, ""classifier_dropout"": 0.3, ""learning_rate"": 3e-05, ""loss_mode"": ""balanced"", ""num_train_epochs"": 4, ""weight_decay"": 0.01}",COMPLETE
10,0.7338235367000775,2026-10-01 15:14:43.263920,2026-10-01 15:15:30.282365,0 days 00:00:47.018445,32,0.2,2e-05,balanced,4,PYSENTIMIENTO,0.1,"[4, 4, 4]",0.0035499030820508475,4,"{""batch_size"": 32, ""classifier_dropout"": 0.2, ""learning_rate"": 2e-05, ""loss_mode"": ""balanced"", ""num_train_epochs"": 4, ""weight_decay"": 0.1}",COMPLETE
11,0.7603971604931886,2026-10-01 15:15:30.543116,2026-10-01 15:15:30.619055,0 days 00:00:00.075939,32,0.1,4e-05,balanced,4,PYSENTIMIENTO,0.1,"[2, 3, 3]",0.010325061507307864,3,"{""batch_size"": 32, ""classifier_dropout"": 0.1, ""learning_rate"": 4e-05, ""loss_mode"": ""balanced"", ""num_train_epochs"": 4, ""weight_decay"": 0.1}",COMPLETE
12,0.7554890196993241,2026-10-01 15:15:30.883679,2026-10-01 15:16:07.604463,0 days 00:00:36.720784,32,0.1,4e-05,balanced,3,PYSENTIMIENTO,0.01,"[3, 3, 2]",0.011885293304066999,3,"{""batch_size"": 32, ""classifier_dropout"": 0.1, ""learning_rate"": 4e-05, ""loss_mode"": ""balanced"", ""num_train_epochs"": 3, ""weight_decay"": 0.01}",COMPLETE
13,0.7535999304266859,2026-10-01 15:16:07.850467,2026-10-01 15:16:51.686509,0 days 00:00:43.836042,32,0.3,4e-05,balanced,4,PYSENTIMIENTO,0.05,"[2, 3, 3]",0.006761281240670276,3,"{""batch_size"": 32, ""classifier_dropout"": 0.3, ""learning_rate"": 4e-05, ""loss_mode"": ""balanced"", ""num_train_epochs"": 4, ""weight_decay"": 0.05}",COMPLETE
14,0.7562261674545264,2026-10-01 15:16:51.954238,2026-10-01 15:17:35.396040,0 days 00:00:43.441802,32,0.2,4e-05,balanced,5,PYSENTIMIENTO,0.1,"[2, 3, 3]",0.014606155061569768,3,"{""batch_size"": 32, ""classifier_dropout"": 0.2, ""learning_rate"": 4e-05, ""loss_mode"": ""balanced"", ""num_train_epochs"": 5, ""weight_decay"": 0.1}",COMPLETE
15,0.7516333312640966,2026-10-01 15:17:35.655427,2026-10-01 15:18:36.346087,0 days 00:01:00.690660,16,0.1,4e-05,standard,4,PYSENTIMIENTO,0.1,"[4, 1, 3]",0.009398687611668118,3,"{""batch_size"": 16, ""classifier_dropout"": 0.1, ""learning_rate"": 4e-05, ""loss_mode"": ""standard"", ""num_train_epochs"": 4, ""weight_decay"": 0.1}",COMPLETE
16,0.7419627092112093,2026-10-01 15:18:36.582872,2026-10-01 15:19:23.009908,0 days 00:00:46.427036,32,0.1,2e-05,balanced,4,PYSENTIMIENTO,0.0,"[4, 3, 4]",0.003682361275936967,4,"{""batch_size"": 32, ""classifier_dropout"": 0.1, ""learning_rate"": 2e-05, ""loss_mode"": ""balanced"", ""num_train_epochs"": 4, ""weight_decay"": 0.0}",COMPLETE
17,0.7621207555160346,2026-10-01 15:19:23.242280,2026-10-01 15:20:03.151507,0 days 00:00:39.909227,32,0.1,5e-05,balanced,4,PYSENTIMIENTO,0.1,"[2, 3, 2]",0.017516218566273178,2,"{""batch_size"": 32, ""classifier_dropout"": 0.1, ""learning_rate"": 5e-05, ""loss_mode"": ""balanced"", ""num_train_epochs"": 4, ""weight_decay"": 0.1}",COMPLETE
18,0.7597681424398147,2026-10-01 15:20:03.413151,2026-10-01 15:20:53.236590,0 days 00:00:49.823439,32,0.1,3e-05,balanced,5,PYSENTIMIENTO,0.1,"[3, 3, 4]",0.012390363060572352,3,"{""batch_size"": 32, ""classifier_dropout"": 0.1, ""learning_rate"": 3e-05, ""loss_mode"": ""balanced"", ""num_train_epochs"": 5, ""weight_decay"": 0.1}",COMPLETE
19,0.7578811016059763,2026-10-01 15:20:53.467167,2026-10-01 15:21:36.968807,0 days 00:00:43.501640,32,0.3,5e-05,balanced,4,PYSENTIMIENTO,0.1,"[2, 4, 3]",0.009916169242313411,3,"{""batch_size"": 32, ""classifier_dropout"": 0.3, ""learning_rate"": 5e-05, ""loss_mode"": ""balanced"", ""num_train_epochs"": 4, ""weight_decay"": 0.1}",COMPLETE
