number,value,datetime_start,datetime_complete,duration,params_batch_size,params_classifier_dropout,params_learning_rate,params_loss_mode,params_num_train_epochs,params_preprocessing,params_weight_decay,user_attrs_best_epochs_inner,user_attrs_f1_inner_std,user_attrs_refit_epochs,system_attrs_tpe:relative_params:0,state
0,0.6756305056030117,2026-10-01 12:11:59.075856,2026-10-01 12:12:37.556667,0 days 00:00:38.480811,32,0.2,2e-05,balanced,4,PYSENTIMIENTO,0.1,"[4, 4, 1]",0.057847265021652494,4,,COMPLETE
1,0.7149731341591091,2026-10-01 12:12:37.814693,2026-10-01 12:13:26.851457,0 days 00:00:49.036764,32,0.2,4e-05,balanced,5,PYSENTIMIENTO,0.01,"[3, 3, 5]",0.023719159460984553,3,,COMPLETE
2,0.7107805422127335,2026-10-01 12:13:27.100214,2026-10-01 12:14:22.735639,0 days 00:00:55.635425,16,0.2,3e-05,balanced,3,PYSENTIMIENTO,0.0,"[2, 3, 3]",0.03585930557002152,3,,COMPLETE
3,0.7072306387173097,2026-10-01 12:14:22.987164,2026-10-01 12:15:20.301042,0 days 00:00:57.313878,16,0.3,4e-05,standard,3,PYSENTIMIENTO,0.01,"[3, 3, 3]",0.025411746636106937,3,,COMPLETE
4,0.6989861573998497,2026-10-01 12:15:20.538913,2026-10-01 12:16:28.403337,0 days 00:01:07.864424,16,0.3,2e-05,balanced,4,PYSENTIMIENTO,0.1,"[4, 4, 2]",0.044869911119310706,4,,COMPLETE
5,0.7122252804806349,2026-10-01 12:16:28.635649,2026-10-01 12:17:20.192782,0 days 00:00:51.557133,32,0.2,4e-05,standard,5,PYSENTIMIENTO,0.01,"[2, 4, 4]",0.012707935448405113,4,"{""batch_size"": 32, ""classifier_dropout"": 0.2, ""learning_rate"": 4e-05, ""loss_mode"": ""standard"", ""num_train_epochs"": 5, ""weight_decay"": 0.01}",COMPLETE
6,0.7195091224748834,2026-10-01 12:17:20.422732,2026-10-01 12:18:02.713603,0 days 00:00:42.290871,32,0.1,4e-05,balanced,5,PYSENTIMIENTO,0.01,"[2, 2, 5]",0.0195081879979485,2,"{""batch_size"": 32, ""classifier_dropout"": 0.1, ""learning_rate"": 4e-05, ""loss_mode"": ""balanced"", ""num_train_epochs"": 5, ""weight_decay"": 0.01}",COMPLETE
7,0.718540084218238,2026-10-01 12:18:02.962560,2026-10-01 12:18:45.350941,0 days 00:00:42.388381,32,0.1,4e-05,balanced,5,PYSENTIMIENTO,0.0,"[2, 2, 4]",0.022526310206698593,2,"{""batch_size"": 32, ""classifier_dropout"": 0.1, ""learning_rate"": 4e-05, ""loss_mode"": ""balanced"", ""num_train_epochs"": 5, ""weight_decay"": 0.0}",COMPLETE
8,0.7242764648567591,2026-10-01 12:18:45.584308,2026-10-01 12:19:48.184811,0 days 00:01:02.600503,16,0.1,5e-05,balanced,5,PYSENTIMIENTO,0.05,"[3, 2, 2]",0.020704789911462403,2,"{""batch_size"": 16, ""classifier_dropout"": 0.1, ""learning_rate"": 5e-05, ""loss_mode"": ""balanced"", ""num_train_epochs"": 5, ""weight_decay"": 0.05}",COMPLETE
9,0.7242764648567591,2026-10-01 12:19:48.419085,2026-10-01 12:19:48.514285,0 days 00:00:00.095200,16,0.1,5e-05,balanced,5,PYSENTIMIENTO,0.05,"[3, 2, 2]",0.020704789911462403,2,"{""batch_size"": 16, ""classifier_dropout"": 0.1, ""learning_rate"": 5e-05, ""loss_mode"": ""balanced"", ""num_train_epochs"": 5, ""weight_decay"": 0.05}",COMPLETE
10,0.7051370988698586,2026-10-01 12:19:48.769086,2026-10-01 12:21:19.898569,0 days 00:01:31.129483,16,0.1,2e-05,standard,5,PYSENTIMIENTO,0.05,"[5, 4, 5]",0.009689384496400324,5,"{""batch_size"": 16, ""classifier_dropout"": 0.1, ""learning_rate"": 2e-05, ""loss_mode"": ""standard"", ""num_train_epochs"": 5, ""weight_decay"": 0.05}",COMPLETE
11,0.7242764648567591,2026-10-01 12:21:20.125092,2026-10-01 12:21:20.216094,0 days 00:00:00.091002,16,0.1,5e-05,balanced,5,PYSENTIMIENTO,0.05,"[3, 2, 2]",0.020704789911462403,2,"{""batch_size"": 16, ""classifier_dropout"": 0.1, ""learning_rate"": 5e-05, ""loss_mode"": ""balanced"", ""num_train_epochs"": 5, ""weight_decay"": 0.05}",COMPLETE
12,0.7290959868232498,2026-10-01 12:21:20.457345,2026-10-01 12:22:22.126745,0 days 00:01:01.669400,16,0.1,5e-05,balanced,4,PYSENTIMIENTO,0.01,"[2, 2, 4]",0.016348400056151003,2,"{""batch_size"": 16, ""classifier_dropout"": 0.1, ""learning_rate"": 5e-05, ""loss_mode"": ""balanced"", ""num_train_epochs"": 4, ""weight_decay"": 0.01}",COMPLETE
13,0.7290959868232498,2026-10-01 12:22:22.360124,2026-10-01 12:22:22.446686,0 days 00:00:00.086562,16,0.1,5e-05,balanced,4,PYSENTIMIENTO,0.01,"[2, 2, 4]",0.016348400056151003,2,"{""batch_size"": 16, ""classifier_dropout"": 0.1, ""learning_rate"": 5e-05, ""loss_mode"": ""balanced"", ""num_train_epochs"": 4, ""weight_decay"": 0.01}",COMPLETE
14,0.7290959868232498,2026-10-01 12:22:22.679455,2026-10-01 12:22:22.767285,0 days 00:00:00.087830,16,0.1,5e-05,balanced,4,PYSENTIMIENTO,0.01,"[2, 2, 4]",0.016348400056151003,2,"{""batch_size"": 16, ""classifier_dropout"": 0.1, ""learning_rate"": 5e-05, ""loss_mode"": ""balanced"", ""num_train_epochs"": 4, ""weight_decay"": 0.01}",COMPLETE
15,0.7085466706844817,2026-10-01 12:22:23.019506,2026-10-01 12:23:35.610877,0 days 00:01:12.591371,16,0.1,3e-05,standard,4,PYSENTIMIENTO,0.01,"[3, 3, 3]",0.012241027247939762,3,"{""batch_size"": 16, ""classifier_dropout"": 0.1, ""learning_rate"": 3e-05, ""loss_mode"": ""standard"", ""num_train_epochs"": 4, ""weight_decay"": 0.01}",COMPLETE
16,0.7234796010658794,2026-10-01 12:23:35.849146,2026-10-01 12:24:42.172645,0 days 00:01:06.323499,16,0.2,5e-05,standard,4,PYSENTIMIENTO,0.01,"[2, 4, 4]",0.009401042376747975,4,"{""batch_size"": 16, ""classifier_dropout"": 0.2, ""learning_rate"": 5e-05, ""loss_mode"": ""standard"", ""num_train_epochs"": 4, ""weight_decay"": 0.01}",COMPLETE
17,0.7089524377992286,2026-10-01 12:24:42.420415,2026-10-01 12:25:47.896795,0 days 00:01:05.476380,16,0.1,2e-05,balanced,4,PYSENTIMIENTO,0.0,"[4, 2, 4]",0.031460756012454946,4,"{""batch_size"": 16, ""classifier_dropout"": 0.1, ""learning_rate"": 2e-05, ""loss_mode"": ""balanced"", ""num_train_epochs"": 4, ""weight_decay"": 0.0}",COMPLETE
18,0.696231554986466,2026-10-01 12:25:48.120030,2026-10-01 12:26:43.696945,0 days 00:00:55.576915,16,0.1,2e-05,balanced,3,PYSENTIMIENTO,0.01,"[3, 3, 3]",0.037089668699830707,3,"{""batch_size"": 16, ""classifier_dropout"": 0.1, ""learning_rate"": 2e-05, ""loss_mode"": ""balanced"", ""num_train_epochs"": 3, ""weight_decay"": 0.01}",COMPLETE
19,0.7286854693775501,2026-10-01 12:26:43.940154,2026-10-01 12:27:53.151432,0 days 00:01:09.211278,16,0.3,5e-05,balanced,5,PYSENTIMIENTO,0.01,"[2, 2, 5]",0.013297467994567913,2,"{""batch_size"": 16, ""classifier_dropout"": 0.3, ""learning_rate"": 5e-05, ""loss_mode"": ""balanced"", ""num_train_epochs"": 5, ""weight_decay"": 0.01}",COMPLETE
