number,value,datetime_start,datetime_complete,duration,params_batch_size,params_classifier_dropout,params_label_smoothing,params_learning_rate,params_loss_mode,params_lr_decay,params_num_train_epochs,params_preprocessing,params_weight_decay,user_attrs_best_epochs_inner,user_attrs_f1_inner_std,user_attrs_refit_epochs,system_attrs_tpe:relative_params:0,state
0,0.6874636060924392,2026-10-02 15:40:10.580663,2026-10-02 15:41:05.743601,0 days 00:00:55.162938,16,0.3,0.1,1e-05,balanced,0.9,4,PYSENTIMIENTO,0.1,"[4, 4, 3]",0.017395694330965567,4,,COMPLETE
1,0.7395838873444293,2026-10-02 15:41:05.986623,2026-10-02 15:42:21.560386,0 days 00:01:15.573763,16,0.2,0.1,2e-05,standard,0.9,6,PYSENTIMIENTO,0.1,"[5, 4, 3]",0.016720344343499456,4,,COMPLETE
2,0.7384025176181265,2026-10-02 15:42:21.797475,2026-10-02 15:43:37.608926,0 days 00:01:15.811451,16,0.1,0.1,2e-05,standard,0.9,6,PYSENTIMIENTO,0.01,"[3, 4, 5]",0.013377164022881383,4,,COMPLETE
3,0.7419293520124276,2026-10-02 15:43:37.840138,2026-10-02 15:44:58.887872,0 days 00:01:21.047734,16,0.2,0.1,2e-05,balanced,0.9,6,PYSENTIMIENTO,0.01,"[5, 6, 5]",0.010888241346704257,5,,COMPLETE
4,0.7336893834080752,2026-10-02 15:44:59.121109,2026-10-02 15:45:54.476976,0 days 00:00:55.355867,16,0.1,0.1,2e-05,standard,0.9,4,PYSENTIMIENTO,0.01,"[3, 4, 3]",0.01843778674855371,3,,COMPLETE
5,0.7408790399959316,2026-10-02 15:45:54.708245,2026-10-02 15:47:06.997855,0 days 00:01:12.289610,16,0.3,0.1,2e-05,balanced,0.9,6,PYSENTIMIENTO,0.01,"[3, 6, 3]",0.007046153739626917,3,"{""classifier_dropout"": 0.3, ""learning_rate"": 2e-05, ""loss_mode"": ""balanced"", ""num_train_epochs"": 6, ""weight_decay"": 0.01}",COMPLETE
6,0.7194049570597155,2026-10-02 15:47:07.231265,2026-10-02 15:48:26.751856,0 days 00:01:19.520591,16,0.2,0.1,1e-05,balanced,0.9,6,PYSENTIMIENTO,0.01,"[6, 4, 5]",0.014085616279444567,5,"{""classifier_dropout"": 0.2, ""learning_rate"": 1e-05, ""loss_mode"": ""balanced"", ""num_train_epochs"": 6, ""weight_decay"": 0.01}",COMPLETE
7,0.7419293520124276,2026-10-02 15:48:27.002422,2026-10-02 15:48:27.127190,0 days 00:00:00.124768,16,0.2,0.1,2e-05,balanced,0.9,6,PYSENTIMIENTO,0.01,"[5, 6, 5]",0.010888241346704257,5,"{""classifier_dropout"": 0.2, ""learning_rate"": 2e-05, ""loss_mode"": ""balanced"", ""num_train_epochs"": 6, ""weight_decay"": 0.01}",COMPLETE
8,0.7274801965574852,2026-10-02 15:48:27.378360,2026-10-02 15:49:22.499769,0 days 00:00:55.121409,16,0.2,0.1,2e-05,balanced,0.9,4,PYSENTIMIENTO,0.01,"[4, 4, 3]",0.009977823140980432,4,"{""classifier_dropout"": 0.2, ""learning_rate"": 2e-05, ""loss_mode"": ""balanced"", ""num_train_epochs"": 4, ""weight_decay"": 0.01}",COMPLETE
9,0.7488905873675202,2026-10-02 15:49:22.736305,2026-10-02 15:50:37.506468,0 days 00:01:14.770163,16,0.1,0.1,2e-05,balanced,0.9,6,PYSENTIMIENTO,0.1,"[5, 4, 3]",0.008375227835780675,4,"{""classifier_dropout"": 0.1, ""learning_rate"": 2e-05, ""loss_mode"": ""balanced"", ""num_train_epochs"": 6, ""weight_decay"": 0.1}",COMPLETE
10,0.7488905873675202,2026-10-02 15:50:37.747759,2026-10-02 15:50:37.872013,0 days 00:00:00.124254,16,0.1,0.1,2e-05,balanced,0.9,6,PYSENTIMIENTO,0.1,"[5, 4, 3]",0.008375227835780675,4,"{""classifier_dropout"": 0.1, ""learning_rate"": 2e-05, ""loss_mode"": ""balanced"", ""num_train_epochs"": 6, ""weight_decay"": 0.1}",COMPLETE
11,0.7488905873675202,2026-10-02 15:50:38.101493,2026-10-02 15:50:38.236146,0 days 00:00:00.134653,16,0.1,0.1,2e-05,balanced,0.9,6,PYSENTIMIENTO,0.1,"[5, 4, 3]",0.008375227835780675,4,"{""classifier_dropout"": 0.1, ""learning_rate"": 2e-05, ""loss_mode"": ""balanced"", ""num_train_epochs"": 6, ""weight_decay"": 0.1}",COMPLETE
12,0.7220484034020215,2026-10-02 15:50:38.478390,2026-10-02 15:51:59.930130,0 days 00:01:21.451740,16,0.1,0.1,1e-05,balanced,0.9,6,PYSENTIMIENTO,0.1,"[6, 5, 5]",0.012275518951797368,5,"{""classifier_dropout"": 0.1, ""learning_rate"": 1e-05, ""loss_mode"": ""balanced"", ""num_train_epochs"": 6, ""weight_decay"": 0.1}",COMPLETE
13,0.728473994471908,2026-10-02 15:52:00.157141,2026-10-02 15:52:55.010786,0 days 00:00:54.853645,16,0.1,0.1,2e-05,balanced,0.9,4,PYSENTIMIENTO,0.1,"[4, 4, 3]",0.00933719829941408,4,"{""classifier_dropout"": 0.1, ""learning_rate"": 2e-05, ""loss_mode"": ""balanced"", ""num_train_epochs"": 4, ""weight_decay"": 0.1}",COMPLETE
14,0.7378008684651701,2026-10-02 15:52:55.250161,2026-10-02 15:54:03.481613,0 days 00:01:08.231452,16,0.3,0.1,2e-05,balanced,0.9,6,PYSENTIMIENTO,0.1,"[3, 3, 3]",0.0100596162200748,3,"{""classifier_dropout"": 0.3, ""learning_rate"": 2e-05, ""loss_mode"": ""balanced"", ""num_train_epochs"": 6, ""weight_decay"": 0.1}",COMPLETE
15,0.7064133052631313,2026-10-02 15:54:03.730040,2026-10-02 15:55:19.447325,0 days 00:01:15.717285,16,0.3,0.1,1e-05,standard,0.9,6,PYSENTIMIENTO,0.1,"[5, 6, 3]",0.019613771646006643,5,"{""classifier_dropout"": 0.3, ""learning_rate"": 1e-05, ""loss_mode"": ""standard"", ""num_train_epochs"": 6, ""weight_decay"": 0.1}",COMPLETE
16,0.7426765480625225,2026-10-02 15:55:19.683828,2026-10-02 15:56:40.929342,0 days 00:01:21.245514,16,0.1,0.1,2e-05,standard,0.9,6,PYSENTIMIENTO,0.1,"[6, 4, 5]",0.01865463427959444,5,"{""classifier_dropout"": 0.1, ""learning_rate"": 2e-05, ""loss_mode"": ""standard"", ""num_train_epochs"": 6, ""weight_decay"": 0.1}",COMPLETE
17,0.7266495264795992,2026-10-02 15:56:41.164052,2026-10-02 15:57:35.017994,0 days 00:00:53.853942,16,0.3,0.1,2e-05,standard,0.9,4,PYSENTIMIENTO,0.1,"[4, 4, 3]",0.019990620148086967,4,"{""classifier_dropout"": 0.3, ""learning_rate"": 2e-05, ""loss_mode"": ""standard"", ""num_train_epochs"": 4, ""weight_decay"": 0.1}",COMPLETE
18,0.6932179997107722,2026-10-02 15:57:35.247040,2026-10-02 15:58:29.933878,0 days 00:00:54.686838,16,0.1,0.1,1e-05,balanced,0.9,4,PYSENTIMIENTO,0.01,"[4, 4, 4]",0.016251613918336336,4,"{""classifier_dropout"": 0.1, ""learning_rate"": 1e-05, ""loss_mode"": ""balanced"", ""num_train_epochs"": 4, ""weight_decay"": 0.01}",COMPLETE
19,0.6852508354334362,2026-10-02 15:58:30.176257,2026-10-02 15:59:25.951813,0 days 00:00:55.775556,16,0.2,0.1,1e-05,standard,0.9,4,PYSENTIMIENTO,0.1,"[4, 3, 4]",0.030549213032549788,4,"{""classifier_dropout"": 0.2, ""learning_rate"": 1e-05, ""loss_mode"": ""standard"", ""num_train_epochs"": 4, ""weight_decay"": 0.1}",COMPLETE
