number,value,datetime_start,datetime_complete,duration,params_batch_size,params_classifier_dropout,params_label_smoothing,params_learning_rate,params_loss_mode,params_lr_decay,params_num_train_epochs,params_preprocessing,params_weight_decay,user_attrs_best_epochs_inner,user_attrs_f1_inner_std,user_attrs_refit_epochs,system_attrs_tpe:relative_params:0,state
0,0.67129071940034,2026-10-02 17:07:22.182551,2026-10-02 17:08:14.302147,0 days 00:00:52.119596,16,0.3,0.1,1e-05,balanced,0.9,4,PYSENTIMIENTO,0.1,"[4, 4, 4]",0.029569889234870878,4,,COMPLETE
1,0.7081072442174463,2026-10-02 17:08:14.547066,2026-10-02 17:09:31.542828,0 days 00:01:16.995762,16,0.2,0.1,2e-05,standard,0.9,6,PYSENTIMIENTO,0.1,"[4, 6, 4]",0.022021362613530417,4,,COMPLETE
2,0.7111096861090679,2026-10-02 17:09:31.775028,2026-10-02 17:10:48.531436,0 days 00:01:16.756408,16,0.1,0.1,2e-05,standard,0.9,6,PYSENTIMIENTO,0.01,"[4, 4, 4]",0.020339585578301192,4,,COMPLETE
3,0.7146025400577841,2026-10-02 17:10:48.759846,2026-10-02 17:12:00.747738,0 days 00:01:11.987892,16,0.2,0.1,2e-05,balanced,0.9,6,PYSENTIMIENTO,0.01,"[3, 6, 5]",0.011907488413319801,5,,COMPLETE
4,0.698124468900032,2026-10-02 17:12:00.982215,2026-10-02 17:12:53.225111,0 days 00:00:52.242896,16,0.1,0.1,2e-05,standard,0.9,4,PYSENTIMIENTO,0.01,"[3, 4, 3]",0.02460136452832444,3,,COMPLETE
5,0.7125184362595262,2026-10-02 17:12:53.464203,2026-10-02 17:14:02.546197,0 days 00:01:09.081994,16,0.3,0.1,2e-05,balanced,0.9,6,PYSENTIMIENTO,0.01,"[3, 6, 3]",0.010392431504767492,3,"{""classifier_dropout"": 0.3, ""learning_rate"": 2e-05, ""loss_mode"": ""balanced"", ""num_train_epochs"": 6, ""weight_decay"": 0.01}",COMPLETE
6,0.6853753641535801,2026-10-02 17:14:02.778595,2026-10-02 17:15:10.582706,0 days 00:01:07.804111,16,0.2,0.1,1e-05,balanced,0.9,6,PYSENTIMIENTO,0.01,"[2, 5, 6]",0.016102131838847417,5,"{""classifier_dropout"": 0.2, ""learning_rate"": 1e-05, ""loss_mode"": ""balanced"", ""num_train_epochs"": 6, ""weight_decay"": 0.01}",COMPLETE
7,0.7146025400577841,2026-10-02 17:15:10.809740,2026-10-02 17:15:10.938621,0 days 00:00:00.128881,16,0.2,0.1,2e-05,balanced,0.9,6,PYSENTIMIENTO,0.01,"[3, 6, 5]",0.011907488413319801,5,"{""classifier_dropout"": 0.2, ""learning_rate"": 2e-05, ""loss_mode"": ""balanced"", ""num_train_epochs"": 6, ""weight_decay"": 0.01}",COMPLETE
8,0.6976516066000755,2026-10-02 17:15:11.178508,2026-10-02 17:16:04.384799,0 days 00:00:53.206291,16,0.2,0.1,2e-05,balanced,0.9,4,PYSENTIMIENTO,0.01,"[4, 2, 4]",0.012740671814533587,4,"{""classifier_dropout"": 0.2, ""learning_rate"": 2e-05, ""loss_mode"": ""balanced"", ""num_train_epochs"": 4, ""weight_decay"": 0.01}",COMPLETE
9,0.7148697943313348,2026-10-02 17:16:04.619825,2026-10-02 17:17:17.780744,0 days 00:01:13.160919,16,0.1,0.1,2e-05,balanced,0.9,6,PYSENTIMIENTO,0.1,"[3, 6, 5]",0.0091587110613643,5,"{""classifier_dropout"": 0.1, ""learning_rate"": 2e-05, ""loss_mode"": ""balanced"", ""num_train_epochs"": 6, ""weight_decay"": 0.1}",COMPLETE
10,0.7148697943313348,2026-10-02 17:17:18.019629,2026-10-02 17:17:18.143287,0 days 00:00:00.123658,16,0.1,0.1,2e-05,balanced,0.9,6,PYSENTIMIENTO,0.1,"[3, 6, 5]",0.0091587110613643,5,"{""classifier_dropout"": 0.1, ""learning_rate"": 2e-05, ""loss_mode"": ""balanced"", ""num_train_epochs"": 6, ""weight_decay"": 0.1}",COMPLETE
11,0.7148697943313348,2026-10-02 17:17:18.386130,2026-10-02 17:17:18.508824,0 days 00:00:00.122694,16,0.1,0.1,2e-05,balanced,0.9,6,PYSENTIMIENTO,0.1,"[3, 6, 5]",0.0091587110613643,5,"{""classifier_dropout"": 0.1, ""learning_rate"": 2e-05, ""loss_mode"": ""balanced"", ""num_train_epochs"": 6, ""weight_decay"": 0.1}",COMPLETE
12,0.6937159421638573,2026-10-02 17:17:18.754151,2026-10-02 17:18:27.085350,0 days 00:01:08.331199,16,0.1,0.1,1e-05,balanced,0.9,6,PYSENTIMIENTO,0.1,"[2, 5, 6]",0.020880008875073377,5,"{""classifier_dropout"": 0.1, ""learning_rate"": 1e-05, ""loss_mode"": ""balanced"", ""num_train_epochs"": 6, ""weight_decay"": 0.1}",COMPLETE
13,0.6966905684277109,2026-10-02 17:18:27.321299,2026-10-02 17:19:23.314512,0 days 00:00:55.993213,16,0.1,0.1,2e-05,balanced,0.9,4,PYSENTIMIENTO,0.1,"[3, 2, 4]",0.013764974005936003,3,"{""classifier_dropout"": 0.1, ""learning_rate"": 2e-05, ""loss_mode"": ""balanced"", ""num_train_epochs"": 4, ""weight_decay"": 0.1}",COMPLETE
14,0.7136168593518878,2026-10-02 17:19:23.588848,2026-10-02 17:20:48.907352,0 days 00:01:25.318504,16,0.3,0.1,2e-05,balanced,0.9,6,PYSENTIMIENTO,0.1,"[3, 6, 6]",0.0076307510330674245,6,"{""classifier_dropout"": 0.3, ""learning_rate"": 2e-05, ""loss_mode"": ""balanced"", ""num_train_epochs"": 6, ""weight_decay"": 0.1}",COMPLETE
15,0.6885578424724962,2026-10-02 17:20:49.134546,2026-10-02 17:22:01.756044,0 days 00:01:12.621498,16,0.3,0.1,1e-05,standard,0.9,6,PYSENTIMIENTO,0.1,"[4, 4, 3]",0.025061486464544664,4,"{""classifier_dropout"": 0.3, ""learning_rate"": 1e-05, ""loss_mode"": ""standard"", ""num_train_epochs"": 6, ""weight_decay"": 0.1}",COMPLETE
16,0.7106363391283329,2026-10-02 17:22:01.989601,2026-10-02 17:23:18.875750,0 days 00:01:16.886149,16,0.1,0.1,2e-05,standard,0.9,6,PYSENTIMIENTO,0.1,"[4, 4, 4]",0.02031700870636844,4,"{""classifier_dropout"": 0.1, ""learning_rate"": 2e-05, ""loss_mode"": ""standard"", ""num_train_epochs"": 6, ""weight_decay"": 0.1}",COMPLETE
17,0.6931816609707325,2026-10-02 17:23:19.108252,2026-10-02 17:24:11.530815,0 days 00:00:52.422563,16,0.3,0.1,2e-05,standard,0.9,4,PYSENTIMIENTO,0.1,"[3, 4, 3]",0.02995534416396668,3,"{""classifier_dropout"": 0.3, ""learning_rate"": 2e-05, ""loss_mode"": ""standard"", ""num_train_epochs"": 4, ""weight_decay"": 0.1}",COMPLETE
18,0.6728927530373076,2026-10-02 17:24:11.763351,2026-10-02 17:25:03.606972,0 days 00:00:51.843621,16,0.1,0.1,1e-05,balanced,0.9,4,PYSENTIMIENTO,0.01,"[4, 4, 3]",0.031086435574046736,4,"{""classifier_dropout"": 0.1, ""learning_rate"": 1e-05, ""loss_mode"": ""balanced"", ""num_train_epochs"": 4, ""weight_decay"": 0.01}",COMPLETE
19,0.6576224618924685,2026-10-02 17:25:03.837852,2026-10-02 17:25:57.084824,0 days 00:00:53.246972,16,0.2,0.1,1e-05,standard,0.9,4,PYSENTIMIENTO,0.1,"[4, 3, 3]",0.010143699320142597,3,"{""classifier_dropout"": 0.2, ""learning_rate"": 1e-05, ""loss_mode"": ""standard"", ""num_train_epochs"": 4, ""weight_decay"": 0.1}",COMPLETE
