number,value,datetime_start,datetime_complete,duration,params_batch_size,params_classifier_dropout,params_label_smoothing,params_learning_rate,params_loss_mode,params_lr_decay,params_num_train_epochs,params_preprocessing,params_weight_decay,user_attrs_best_epochs_inner,user_attrs_f1_inner_std,user_attrs_refit_epochs,system_attrs_tpe:relative_params:0,state
0,0.683401420868542,2026-10-02 16:34:38.530126,2026-10-02 16:35:42.694839,0 days 00:01:04.164713,16,0.2,0.1,2e-05,standard,0.9,6,PYSENTIMIENTO,0.1,"[4, 5, 1]",0.023145274715554214,4,,COMPLETE
1,0.6642599728853772,2026-10-02 16:35:42.921082,2026-10-02 16:36:57.387851,0 days 00:01:14.466769,16,0.3,0.1,1e-05,standard,0.9,6,PYSENTIMIENTO,0.1,"[5, 5, 3]",0.01412040841304954,5,,COMPLETE
2,0.683401420868542,2026-10-02 16:36:57.618919,2026-10-02 16:36:57.726247,0 days 00:00:00.107328,16,0.2,0.1,2e-05,standard,0.9,6,PYSENTIMIENTO,0.1,"[4, 5, 1]",0.023145274715554214,4,,COMPLETE
3,0.6872700500947871,2026-10-02 16:36:57.967132,2026-10-02 16:38:07.877349,0 days 00:01:09.910217,16,0.2,0.1,2e-05,balanced,0.9,6,PYSENTIMIENTO,0.01,"[6, 5, 2]",0.016502009346908614,5,,COMPLETE
4,0.6427659898506773,2026-10-02 16:38:08.107014,2026-10-02 16:39:00.934412,0 days 00:00:52.827398,16,0.3,0.1,1e-05,standard,0.9,4,PYSENTIMIENTO,0.1,"[4, 4, 3]",0.00992297464233177,4,,COMPLETE
5,0.6872700500947871,2026-10-02 16:39:01.168583,2026-10-02 16:39:01.288533,0 days 00:00:00.119950,16,0.2,0.1,2e-05,balanced,0.9,6,PYSENTIMIENTO,0.01,"[6, 5, 2]",0.016502009346908614,5,"{""classifier_dropout"": 0.2, ""learning_rate"": 2e-05, ""loss_mode"": ""balanced"", ""num_train_epochs"": 6, ""weight_decay"": 0.01}",COMPLETE
6,0.6843822943753257,2026-10-02 16:39:01.523783,2026-10-02 16:39:54.104527,0 days 00:00:52.580744,16,0.3,0.1,2e-05,balanced,0.9,4,PYSENTIMIENTO,0.01,"[4, 3, 2]",0.010746805723857921,3,"{""classifier_dropout"": 0.3, ""learning_rate"": 2e-05, ""loss_mode"": ""balanced"", ""num_train_epochs"": 4, ""weight_decay"": 0.01}",COMPLETE
7,0.6740074337892467,2026-10-02 16:39:54.333765,2026-10-02 16:41:03.230158,0 days 00:01:08.896393,16,0.2,0.1,1e-05,balanced,0.9,6,PYSENTIMIENTO,0.01,"[4, 6, 2]",0.01682790873861229,4,"{""classifier_dropout"": 0.2, ""learning_rate"": 1e-05, ""loss_mode"": ""balanced"", ""num_train_epochs"": 6, ""weight_decay"": 0.01}",COMPLETE
8,0.6840821656547719,2026-10-02 16:41:03.485560,2026-10-02 16:41:56.383097,0 days 00:00:52.897537,16,0.1,0.1,2e-05,balanced,0.9,4,PYSENTIMIENTO,0.1,"[3, 3, 2]",0.012783135640080122,3,"{""classifier_dropout"": 0.1, ""learning_rate"": 2e-05, ""loss_mode"": ""balanced"", ""num_train_epochs"": 4, ""weight_decay"": 0.1}",COMPLETE
9,0.6886257928333462,2026-10-02 16:41:56.611227,2026-10-02 16:43:01.230444,0 days 00:01:04.619217,16,0.1,0.1,2e-05,balanced,0.9,6,PYSENTIMIENTO,0.01,"[6, 3, 2]",0.01849721847132274,3,"{""classifier_dropout"": 0.1, ""learning_rate"": 2e-05, ""loss_mode"": ""balanced"", ""num_train_epochs"": 6, ""weight_decay"": 0.01}",COMPLETE
10,0.6886257928333462,2026-10-02 16:43:01.493031,2026-10-02 16:43:01.630976,0 days 00:00:00.137945,16,0.1,0.1,2e-05,balanced,0.9,6,PYSENTIMIENTO,0.01,"[6, 3, 2]",0.01849721847132274,3,"{""classifier_dropout"": 0.1, ""learning_rate"": 2e-05, ""loss_mode"": ""balanced"", ""num_train_epochs"": 6, ""weight_decay"": 0.01}",COMPLETE
11,0.6886257928333462,2026-10-02 16:43:01.869472,2026-10-02 16:43:01.995235,0 days 00:00:00.125763,16,0.1,0.1,2e-05,balanced,0.9,6,PYSENTIMIENTO,0.01,"[6, 3, 2]",0.01849721847132274,3,"{""classifier_dropout"": 0.1, ""learning_rate"": 2e-05, ""loss_mode"": ""balanced"", ""num_train_epochs"": 6, ""weight_decay"": 0.01}",COMPLETE
12,0.6843880436417279,2026-10-02 16:43:02.232714,2026-10-02 16:44:06.754863,0 days 00:01:04.522149,16,0.1,0.1,2e-05,standard,0.9,6,PYSENTIMIENTO,0.01,"[4, 5, 1]",0.02294851270889848,4,"{""classifier_dropout"": 0.1, ""learning_rate"": 2e-05, ""loss_mode"": ""standard"", ""num_train_epochs"": 6, ""weight_decay"": 0.01}",COMPLETE
13,0.6871706003296795,2026-10-02 16:44:06.988000,2026-10-02 16:45:16.286727,0 days 00:01:09.298727,16,0.1,0.1,2e-05,balanced,0.9,6,PYSENTIMIENTO,0.1,"[4, 5, 2]",0.017162633904073295,4,"{""classifier_dropout"": 0.1, ""learning_rate"": 2e-05, ""loss_mode"": ""balanced"", ""num_train_epochs"": 6, ""weight_decay"": 0.1}",COMPLETE
14,0.6730454736752504,2026-10-02 16:45:16.519279,2026-10-02 16:46:32.757040,0 days 00:01:16.237761,16,0.1,0.1,1e-05,balanced,0.9,6,PYSENTIMIENTO,0.01,"[5, 6, 3]",0.01366170308457659,5,"{""classifier_dropout"": 0.1, ""learning_rate"": 1e-05, ""loss_mode"": ""balanced"", ""num_train_epochs"": 6, ""weight_decay"": 0.01}",COMPLETE
15,0.6912525151183283,2026-10-02 16:46:32.995603,2026-10-02 16:47:37.696564,0 days 00:01:04.700961,16,0.3,0.1,2e-05,balanced,0.9,6,PYSENTIMIENTO,0.01,"[4, 3, 2]",0.01955659159838887,3,"{""classifier_dropout"": 0.3, ""learning_rate"": 2e-05, ""loss_mode"": ""balanced"", ""num_train_epochs"": 6, ""weight_decay"": 0.01}",COMPLETE
16,0.6912525151183283,2026-10-02 16:47:37.935446,2026-10-02 16:47:38.065281,0 days 00:00:00.129835,16,0.3,0.1,2e-05,balanced,0.9,6,PYSENTIMIENTO,0.01,"[4, 3, 2]",0.01955659159838887,3,"{""classifier_dropout"": 0.3, ""learning_rate"": 2e-05, ""loss_mode"": ""balanced"", ""num_train_epochs"": 6, ""weight_decay"": 0.01}",COMPLETE
17,0.6912525151183283,2026-10-02 16:47:38.301645,2026-10-02 16:47:38.424058,0 days 00:00:00.122413,16,0.3,0.1,2e-05,balanced,0.9,6,PYSENTIMIENTO,0.01,"[4, 3, 2]",0.01955659159838887,3,"{""classifier_dropout"": 0.3, ""learning_rate"": 2e-05, ""loss_mode"": ""balanced"", ""num_train_epochs"": 6, ""weight_decay"": 0.01}",COMPLETE
18,0.675443443312016,2026-10-02 16:47:38.663735,2026-10-02 16:48:42.960456,0 days 00:01:04.296721,16,0.3,0.1,2e-05,standard,0.9,6,PYSENTIMIENTO,0.01,"[4, 6, 1]",0.02272484854670335,4,"{""classifier_dropout"": 0.3, ""learning_rate"": 2e-05, ""loss_mode"": ""standard"", ""num_train_epochs"": 6, ""weight_decay"": 0.01}",COMPLETE
19,0.6901858733834517,2026-10-02 16:48:43.199963,2026-10-02 16:49:48.966795,0 days 00:01:05.766832,16,0.3,0.1,2e-05,balanced,0.9,6,PYSENTIMIENTO,0.1,"[4, 3, 2]",0.02056013249243222,3,"{""classifier_dropout"": 0.3, ""learning_rate"": 2e-05, ""loss_mode"": ""balanced"", ""num_train_epochs"": 6, ""weight_decay"": 0.1}",COMPLETE
