number,value,datetime_start,datetime_complete,duration,params_batch_size,params_classifier_dropout,params_label_smoothing,params_learning_rate,params_loss_mode,params_lr_decay,params_num_train_epochs,params_preprocessing,params_weight_decay,user_attrs_best_epochs_inner,user_attrs_f1_inner_std,user_attrs_refit_epochs,system_attrs_tpe:relative_params:0,state
0,0.6508805546148202,2026-10-02 14:47:43.598396,2026-10-02 14:48:38.274819,0 days 00:00:54.676423,16,0.1,0.1,2e-05,standard,0.9,4,PYSENTIMIENTO,0.1,"[4, 2, 2]",0.013202142858421455,2,,COMPLETE
1,0.6503730790923398,2026-10-02 14:48:38.512652,2026-10-02 14:49:41.544669,0 days 00:01:03.032017,16,0.2,0.1,2e-05,standard,0.9,6,PYSENTIMIENTO,0.01,"[2, 2, 6]",0.013754904098315035,2,,COMPLETE
2,0.6031392044585687,2026-10-02 14:49:41.786136,2026-10-02 14:50:36.479357,0 days 00:00:54.693221,16,0.1,0.1,1e-05,standard,0.9,4,PYSENTIMIENTO,0.1,"[3, 4, 2]",0.005377980956974839,3,,COMPLETE
3,0.6308967179404508,2026-10-02 14:50:36.714812,2026-10-02 14:51:31.807711,0 days 00:00:55.092899,16,0.3,0.1,1e-05,balanced,0.9,4,PYSENTIMIENTO,0.1,"[4, 3, 4]",0.0025103111154820192,4,,COMPLETE
4,0.6478462242632625,2026-10-02 14:51:32.039358,2026-10-02 14:52:26.809274,0 days 00:00:54.769916,16,0.2,0.1,2e-05,standard,0.9,6,PYSENTIMIENTO,0.1,"[2, 2, 2]",0.009493046088199564,2,,COMPLETE
5,0.6508805546148202,2026-10-02 14:52:27.048323,2026-10-02 14:52:27.175664,0 days 00:00:00.127341,16,0.1,0.1,2e-05,standard,0.9,4,PYSENTIMIENTO,0.1,"[4, 2, 2]",0.013202142858421455,2,"{""classifier_dropout"": 0.1, ""learning_rate"": 2e-05, ""loss_mode"": ""standard"", ""num_train_epochs"": 4, ""weight_decay"": 0.1}",COMPLETE
6,0.6483011448879463,2026-10-02 14:52:27.405528,2026-10-02 14:53:21.125161,0 days 00:00:53.719633,16,0.1,0.1,2e-05,balanced,0.9,4,PYSENTIMIENTO,0.01,"[4, 3, 3]",0.009407544354161591,3,"{""classifier_dropout"": 0.1, ""learning_rate"": 2e-05, ""loss_mode"": ""balanced"", ""num_train_epochs"": 4, ""weight_decay"": 0.01}",COMPLETE
7,0.6487299791814626,2026-10-02 14:53:21.365447,2026-10-02 14:54:33.217458,0 days 00:01:11.852011,16,0.1,0.1,2e-05,balanced,0.9,6,PYSENTIMIENTO,0.1,"[6, 3, 3]",0.010951656507292228,3,"{""classifier_dropout"": 0.1, ""learning_rate"": 2e-05, ""loss_mode"": ""balanced"", ""num_train_epochs"": 6, ""weight_decay"": 0.1}",COMPLETE
8,0.6396440816349576,2026-10-02 14:54:33.450728,2026-10-02 14:55:53.433276,0 days 00:01:19.982548,16,0.1,0.1,1e-05,standard,0.9,6,PYSENTIMIENTO,0.01,"[4, 6, 5]",0.018682030162008763,5,"{""classifier_dropout"": 0.1, ""learning_rate"": 1e-05, ""loss_mode"": ""standard"", ""num_train_epochs"": 6, ""weight_decay"": 0.01}",COMPLETE
9,0.6398833002376451,2026-10-02 14:55:53.673352,2026-10-02 14:56:47.300942,0 days 00:00:53.627590,16,0.3,0.1,2e-05,standard,0.9,4,PYSENTIMIENTO,0.01,"[4, 2, 4]",0.012346036799992167,4,"{""classifier_dropout"": 0.3, ""learning_rate"": 2e-05, ""loss_mode"": ""standard"", ""num_train_epochs"": 4, ""weight_decay"": 0.01}",COMPLETE
10,0.6292249453879039,2026-10-02 14:56:47.532254,2026-10-02 14:57:41.832885,0 days 00:00:54.300631,16,0.2,0.1,1e-05,balanced,0.9,4,PYSENTIMIENTO,0.01,"[4, 3, 4]",0.002274217345324539,4,"{""classifier_dropout"": 0.2, ""learning_rate"": 1e-05, ""loss_mode"": ""balanced"", ""num_train_epochs"": 4, ""weight_decay"": 0.01}",COMPLETE
11,0.6414807276306393,2026-10-02 14:57:42.052144,2026-10-02 14:58:40.341461,0 days 00:00:58.289317,16,0.3,0.1,2e-05,standard,0.9,4,PYSENTIMIENTO,0.1,"[4, 2, 3]",0.01470095907103254,3,"{""classifier_dropout"": 0.3, ""learning_rate"": 2e-05, ""loss_mode"": ""standard"", ""num_train_epochs"": 4, ""weight_decay"": 0.1}",COMPLETE
12,0.6508805546148202,2026-10-02 14:58:40.586524,2026-10-02 14:58:40.720002,0 days 00:00:00.133478,16,0.1,0.1,2e-05,standard,0.9,4,PYSENTIMIENTO,0.1,"[4, 2, 2]",0.013202142858421455,2,"{""classifier_dropout"": 0.1, ""learning_rate"": 2e-05, ""loss_mode"": ""standard"", ""num_train_epochs"": 4, ""weight_decay"": 0.1}",COMPLETE
13,0.6501872369605137,2026-10-02 14:58:40.968094,2026-10-02 14:59:36.312583,0 days 00:00:55.344489,16,0.1,0.1,2e-05,balanced,0.9,4,PYSENTIMIENTO,0.1,"[4, 3, 3]",0.010627690716236184,3,"{""classifier_dropout"": 0.1, ""learning_rate"": 2e-05, ""loss_mode"": ""balanced"", ""num_train_epochs"": 4, ""weight_decay"": 0.1}",COMPLETE
14,0.651234068273268,2026-10-02 14:59:36.549321,2026-10-02 15:00:37.028043,0 days 00:01:00.478722,16,0.1,0.1,2e-05,standard,0.9,6,PYSENTIMIENTO,0.1,"[3, 2, 2]",0.008010221001353372,2,"{""classifier_dropout"": 0.1, ""learning_rate"": 2e-05, ""loss_mode"": ""standard"", ""num_train_epochs"": 6, ""weight_decay"": 0.1}",COMPLETE
15,0.651234068273268,2026-10-02 15:00:37.259092,2026-10-02 15:00:37.382593,0 days 00:00:00.123501,16,0.1,0.1,2e-05,standard,0.9,6,PYSENTIMIENTO,0.1,"[3, 2, 2]",0.008010221001353372,2,"{""classifier_dropout"": 0.1, ""learning_rate"": 2e-05, ""loss_mode"": ""standard"", ""num_train_epochs"": 6, ""weight_decay"": 0.1}",COMPLETE
16,0.651234068273268,2026-10-02 15:00:37.625479,2026-10-02 15:00:37.746784,0 days 00:00:00.121305,16,0.1,0.1,2e-05,standard,0.9,6,PYSENTIMIENTO,0.1,"[3, 2, 2]",0.008010221001353372,2,"{""classifier_dropout"": 0.1, ""learning_rate"": 2e-05, ""loss_mode"": ""standard"", ""num_train_epochs"": 6, ""weight_decay"": 0.1}",COMPLETE
17,0.6409848966410676,2026-10-02 15:00:37.990375,2026-10-02 15:01:57.169463,0 days 00:01:19.179088,16,0.1,0.1,1e-05,standard,0.9,6,PYSENTIMIENTO,0.1,"[4, 6, 5]",0.019765995676517382,5,"{""classifier_dropout"": 0.1, ""learning_rate"": 1e-05, ""loss_mode"": ""standard"", ""num_train_epochs"": 6, ""weight_decay"": 0.1}",COMPLETE
18,0.6467354649635807,2026-10-02 15:01:57.402126,2026-10-02 15:03:17.314690,0 days 00:01:19.912564,16,0.3,0.1,2e-05,standard,0.9,6,PYSENTIMIENTO,0.1,"[4, 4, 4]",0.003310299442639841,4,"{""classifier_dropout"": 0.3, ""learning_rate"": 2e-05, ""loss_mode"": ""standard"", ""num_train_epochs"": 6, ""weight_decay"": 0.1}",COMPLETE
19,0.6424106197606332,2026-10-02 15:03:17.550447,2026-10-02 15:04:37.871573,0 days 00:01:20.321126,16,0.3,0.1,1e-05,balanced,0.9,6,PYSENTIMIENTO,0.01,"[5, 5, 6]",0.0006246897959881759,5,"{""classifier_dropout"": 0.3, ""learning_rate"": 1e-05, ""loss_mode"": ""balanced"", ""num_train_epochs"": 6, ""weight_decay"": 0.01}",COMPLETE
