number,value,datetime_start,datetime_complete,duration,params_batch_size,params_classifier_dropout,params_label_smoothing,params_learning_rate,params_loss_mode,params_lr_decay,params_num_train_epochs,params_preprocessing,params_weight_decay,user_attrs_best_epochs_inner,user_attrs_f1_inner_std,user_attrs_refit_epochs,system_attrs_tpe:relative_params:0,state
0,0.7333003144210614,2026-10-02 15:04:56.549962,2026-10-02 15:06:00.401370,0 days 00:01:03.851408,16,0.2,0.1,2e-05,standard,0.9,6,PYSENTIMIENTO,0.1,"[4, 2, 2]",0.004690191447580885,2,,COMPLETE
1,0.7104980577741022,2026-10-02 15:06:00.640856,2026-10-02 15:07:22.740788,0 days 00:01:22.099932,16,0.3,0.1,1e-05,standard,0.9,6,PYSENTIMIENTO,0.1,"[6, 6, 5]",0.013033061882097461,6,,COMPLETE
2,0.7333003144210614,2026-10-02 15:07:22.970758,2026-10-02 15:07:23.083844,0 days 00:00:00.113086,16,0.2,0.1,2e-05,standard,0.9,6,PYSENTIMIENTO,0.1,"[4, 2, 2]",0.004690191447580885,2,,COMPLETE
3,0.7371042923216989,2026-10-02 15:07:23.319626,2026-10-02 15:08:42.921427,0 days 00:01:19.601801,16,0.2,0.1,2e-05,balanced,0.9,6,PYSENTIMIENTO,0.01,"[6, 4, 4]",0.004623762951101284,4,,COMPLETE
4,0.6795803850708112,2026-10-02 15:08:43.171229,2026-10-02 15:09:37.760647,0 days 00:00:54.589418,16,0.3,0.1,1e-05,standard,0.9,4,PYSENTIMIENTO,0.1,"[3, 4, 3]",0.00397271398059256,3,,COMPLETE
5,0.7371042923216989,2026-10-02 15:09:37.987379,2026-10-02 15:09:38.110528,0 days 00:00:00.123149,16,0.2,0.1,2e-05,balanced,0.9,6,PYSENTIMIENTO,0.01,"[6, 4, 4]",0.004623762951101284,4,"{""classifier_dropout"": 0.2, ""learning_rate"": 2e-05, ""loss_mode"": ""balanced"", ""num_train_epochs"": 6, ""weight_decay"": 0.01}",COMPLETE
6,0.7240654004365603,2026-10-02 15:09:38.345579,2026-10-02 15:10:32.608859,0 days 00:00:54.263280,16,0.3,0.1,2e-05,balanced,0.9,4,PYSENTIMIENTO,0.01,"[4, 4, 4]",0.004125403232976316,4,"{""classifier_dropout"": 0.3, ""learning_rate"": 2e-05, ""loss_mode"": ""balanced"", ""num_train_epochs"": 4, ""weight_decay"": 0.01}",COMPLETE
7,0.7199238673716314,2026-10-02 15:10:32.842890,2026-10-02 15:11:53.214393,0 days 00:01:20.371503,16,0.2,0.1,1e-05,balanced,0.9,6,PYSENTIMIENTO,0.01,"[6, 4, 6]",0.015765113331389392,6,"{""classifier_dropout"": 0.2, ""learning_rate"": 1e-05, ""loss_mode"": ""balanced"", ""num_train_epochs"": 6, ""weight_decay"": 0.01}",COMPLETE
8,0.7283153453437962,2026-10-02 15:11:53.453163,2026-10-02 15:12:47.990738,0 days 00:00:54.537575,16,0.1,0.1,2e-05,balanced,0.9,4,PYSENTIMIENTO,0.1,"[3, 3, 4]",0.0062564708563952985,3,"{""classifier_dropout"": 0.1, ""learning_rate"": 2e-05, ""loss_mode"": ""balanced"", ""num_train_epochs"": 4, ""weight_decay"": 0.1}",COMPLETE
9,0.7339606709858201,2026-10-02 15:12:48.222567,2026-10-02 15:14:08.705043,0 days 00:01:20.482476,16,0.1,0.1,2e-05,balanced,0.9,6,PYSENTIMIENTO,0.01,"[4, 4, 4]",0.00447139876162198,4,"{""classifier_dropout"": 0.1, ""learning_rate"": 2e-05, ""loss_mode"": ""balanced"", ""num_train_epochs"": 6, ""weight_decay"": 0.01}",COMPLETE
10,0.734217960411201,2026-10-02 15:14:08.936557,2026-10-02 15:15:29.723488,0 days 00:01:20.786931,16,0.3,0.1,2e-05,balanced,0.9,6,PYSENTIMIENTO,0.1,"[4, 4, 4]",0.007959937543988762,4,"{""classifier_dropout"": 0.3, ""learning_rate"": 2e-05, ""loss_mode"": ""balanced"", ""num_train_epochs"": 6, ""weight_decay"": 0.1}",COMPLETE
11,0.7371042923216989,2026-10-02 15:15:29.956169,2026-10-02 15:15:30.079936,0 days 00:00:00.123767,16,0.2,0.1,2e-05,balanced,0.9,6,PYSENTIMIENTO,0.01,"[6, 4, 4]",0.004623762951101284,4,"{""classifier_dropout"": 0.2, ""learning_rate"": 2e-05, ""loss_mode"": ""balanced"", ""num_train_epochs"": 6, ""weight_decay"": 0.01}",COMPLETE
12,0.6872067451674443,2026-10-02 15:15:30.321420,2026-10-02 15:16:25.833522,0 days 00:00:55.512102,16,0.2,0.1,1e-05,balanced,0.9,4,PYSENTIMIENTO,0.1,"[4, 3, 4]",0.004299368544527629,4,"{""classifier_dropout"": 0.2, ""learning_rate"": 1e-05, ""loss_mode"": ""balanced"", ""num_train_epochs"": 4, ""weight_decay"": 0.1}",COMPLETE
13,0.7261782382189734,2026-10-02 15:16:26.078853,2026-10-02 15:17:21.197963,0 days 00:00:55.119110,16,0.2,0.1,2e-05,balanced,0.9,4,PYSENTIMIENTO,0.01,"[4, 4, 4]",0.003955699254288529,4,"{""classifier_dropout"": 0.2, ""learning_rate"": 2e-05, ""loss_mode"": ""balanced"", ""num_train_epochs"": 4, ""weight_decay"": 0.01}",COMPLETE
14,0.7178832313230629,2026-10-02 15:17:21.432201,2026-10-02 15:18:41.711843,0 days 00:01:20.279642,16,0.1,0.1,1e-05,standard,0.9,6,PYSENTIMIENTO,0.01,"[5, 6, 5]",0.017425651878379706,5,"{""classifier_dropout"": 0.1, ""learning_rate"": 1e-05, ""loss_mode"": ""standard"", ""num_train_epochs"": 6, ""weight_decay"": 0.01}",COMPLETE
15,0.7329056692546324,2026-10-02 15:18:41.957195,2026-10-02 15:19:44.706559,0 days 00:01:02.749364,16,0.2,0.1,2e-05,standard,0.9,6,PYSENTIMIENTO,0.01,"[5, 2, 2]",0.003466363692583703,2,"{""classifier_dropout"": 0.2, ""learning_rate"": 2e-05, ""loss_mode"": ""standard"", ""num_train_epochs"": 6, ""weight_decay"": 0.01}",COMPLETE
16,0.7345636783545441,2026-10-02 15:19:44.940832,2026-10-02 15:21:05.926127,0 days 00:01:20.985295,16,0.3,0.1,2e-05,balanced,0.9,6,PYSENTIMIENTO,0.01,"[4, 4, 4]",0.006991008928120312,4,"{""classifier_dropout"": 0.3, ""learning_rate"": 2e-05, ""loss_mode"": ""balanced"", ""num_train_epochs"": 6, ""weight_decay"": 0.01}",COMPLETE
17,0.6892284600587025,2026-10-02 15:21:06.168382,2026-10-02 15:22:00.971453,0 days 00:00:54.803071,16,0.2,0.1,1e-05,standard,0.9,4,PYSENTIMIENTO,0.01,"[3, 4, 3]",0.012261231664534203,3,"{""classifier_dropout"": 0.2, ""learning_rate"": 1e-05, ""loss_mode"": ""standard"", ""num_train_epochs"": 4, ""weight_decay"": 0.01}",COMPLETE
18,0.7382476095519728,2026-10-02 15:22:01.198074,2026-10-02 15:23:21.878705,0 days 00:01:20.680631,16,0.2,0.1,2e-05,balanced,0.9,6,PYSENTIMIENTO,0.1,"[6, 4, 4]",0.003063320559338617,4,"{""classifier_dropout"": 0.2, ""learning_rate"": 2e-05, ""loss_mode"": ""balanced"", ""num_train_epochs"": 6, ""weight_decay"": 0.1}",COMPLETE
19,0.7382476095519728,2026-10-02 15:23:22.117259,2026-10-02 15:23:22.240829,0 days 00:00:00.123570,16,0.2,0.1,2e-05,balanced,0.9,6,PYSENTIMIENTO,0.1,"[6, 4, 4]",0.003063320559338617,4,"{""classifier_dropout"": 0.2, ""learning_rate"": 2e-05, ""loss_mode"": ""balanced"", ""num_train_epochs"": 6, ""weight_decay"": 0.1}",COMPLETE
