number,value,datetime_start,datetime_complete,duration,params_batch_size,params_classifier_dropout,params_label_smoothing,params_learning_rate,params_loss_mode,params_lr_decay,params_num_train_epochs,params_preprocessing,params_weight_decay,user_attrs_best_epochs_inner,user_attrs_f1_inner_std,user_attrs_refit_epochs,system_attrs_tpe:relative_params:0,state
0,0.7029573078475178,2026-10-02 18:37:26.719127,2026-10-02 18:38:32.586724,0 days 00:01:05.867597,16,0.2,0.1,2e-05,balanced,0.9,4,PYSENTIMIENTO,0.01,"[3, 3, 4]",0.02352056267392513,3,,COMPLETE
1,0.6734618485181064,2026-10-02 18:38:32.824124,2026-10-02 18:39:37.818393,0 days 00:01:04.994269,16,0.2,0.1,1e-05,standard,0.9,4,PYSENTIMIENTO,0.1,"[3, 3, 4]",0.03394634781624324,3,,COMPLETE
2,0.7144130418631095,2026-10-02 18:39:38.064188,2026-10-02 18:41:13.009743,0 days 00:01:34.945555,16,0.1,0.1,2e-05,standard,0.9,6,PYSENTIMIENTO,0.1,"[4, 5, 6]",0.028041206388320326,5,,COMPLETE
3,0.7010859588559389,2026-10-02 18:41:13.290880,2026-10-02 18:42:18.501810,0 days 00:01:05.210930,16,0.3,0.1,2e-05,standard,0.9,4,PYSENTIMIENTO,0.1,"[3, 4, 4]",0.0204418022603422,4,,COMPLETE
4,0.7152209386172738,2026-10-02 18:42:18.755023,2026-10-02 18:43:53.930524,0 days 00:01:35.175501,16,0.1,0.1,2e-05,standard,0.9,6,PYSENTIMIENTO,0.01,"[4, 5, 6]",0.028213113660549564,5,,COMPLETE
5,0.7019750657150267,2026-10-02 18:43:54.199427,2026-10-02 18:45:18.546026,0 days 00:01:24.346599,16,0.1,0.1,1e-05,standard,0.9,6,PYSENTIMIENTO,0.01,"[3, 3, 6]",0.013868046336047692,3,"{""classifier_dropout"": 0.1, ""learning_rate"": 1e-05, ""loss_mode"": ""standard"", ""num_train_epochs"": 6, ""weight_decay"": 0.01}",COMPLETE
6,0.7104776725579874,2026-10-02 18:45:18.827538,2026-10-02 18:46:53.429812,0 days 00:01:34.602274,16,0.3,0.1,2e-05,standard,0.9,6,PYSENTIMIENTO,0.01,"[4, 5, 4]",0.025983430749938422,4,"{""classifier_dropout"": 0.3, ""learning_rate"": 2e-05, ""loss_mode"": ""standard"", ""num_train_epochs"": 6, ""weight_decay"": 0.01}",COMPLETE
7,0.7152209386172738,2026-10-02 18:46:53.723083,2026-10-02 18:46:53.828197,0 days 00:00:00.105114,16,0.1,0.1,2e-05,standard,0.9,6,PYSENTIMIENTO,0.01,"[4, 5, 6]",0.028213113660549564,5,"{""classifier_dropout"": 0.1, ""learning_rate"": 2e-05, ""loss_mode"": ""standard"", ""num_train_epochs"": 6, ""weight_decay"": 0.01}",COMPLETE
8,0.6994486923758818,2026-10-02 18:46:54.092586,2026-10-02 18:48:23.242576,0 days 00:01:29.149990,16,0.3,0.1,1e-05,balanced,0.9,6,PYSENTIMIENTO,0.1,"[2, 6, 5]",0.02571047624324578,5,"{""classifier_dropout"": 0.3, ""learning_rate"": 1e-05, ""loss_mode"": ""balanced"", ""num_train_epochs"": 6, ""weight_decay"": 0.1}",COMPLETE
9,0.7143532680135278,2026-10-02 18:48:23.506739,2026-10-02 18:49:48.027258,0 days 00:01:24.520519,16,0.1,0.1,2e-05,balanced,0.9,6,PYSENTIMIENTO,0.01,"[2, 6, 6]",0.026030146638521205,6,"{""classifier_dropout"": 0.1, ""learning_rate"": 2e-05, ""loss_mode"": ""balanced"", ""num_train_epochs"": 6, ""weight_decay"": 0.01}",COMPLETE
10,0.7033672177891944,2026-10-02 18:49:48.285793,2026-10-02 18:50:52.173524,0 days 00:01:03.887731,16,0.1,0.1,2e-05,standard,0.9,4,PYSENTIMIENTO,0.01,"[3, 3, 4]",0.015542551357700008,3,"{""classifier_dropout"": 0.1, ""learning_rate"": 2e-05, ""loss_mode"": ""standard"", ""num_train_epochs"": 4, ""weight_decay"": 0.01}",COMPLETE
11,0.7152209386172738,2026-10-02 18:50:52.423938,2026-10-02 18:50:52.537810,0 days 00:00:00.113872,16,0.1,0.1,2e-05,standard,0.9,6,PYSENTIMIENTO,0.01,"[4, 5, 6]",0.028213113660549564,5,"{""classifier_dropout"": 0.1, ""learning_rate"": 2e-05, ""loss_mode"": ""standard"", ""num_train_epochs"": 6, ""weight_decay"": 0.01}",COMPLETE
12,0.7156582663001373,2026-10-02 18:50:52.790493,2026-10-02 18:52:27.561184,0 days 00:01:34.770691,16,0.2,0.1,2e-05,standard,0.9,6,PYSENTIMIENTO,0.01,"[4, 5, 6]",0.028664383024569966,5,"{""classifier_dropout"": 0.2, ""learning_rate"": 2e-05, ""loss_mode"": ""standard"", ""num_train_epochs"": 6, ""weight_decay"": 0.01}",COMPLETE
13,0.7156582663001373,2026-10-02 18:52:27.819074,2026-10-02 18:52:27.929583,0 days 00:00:00.110509,16,0.2,0.1,2e-05,standard,0.9,6,PYSENTIMIENTO,0.01,"[4, 5, 6]",0.028664383024569966,5,"{""classifier_dropout"": 0.2, ""learning_rate"": 2e-05, ""loss_mode"": ""standard"", ""num_train_epochs"": 6, ""weight_decay"": 0.01}",COMPLETE
14,0.7156582663001373,2026-10-02 18:52:28.207432,2026-10-02 18:52:28.318330,0 days 00:00:00.110898,16,0.2,0.1,2e-05,standard,0.9,6,PYSENTIMIENTO,0.01,"[4, 5, 6]",0.028664383024569966,5,"{""classifier_dropout"": 0.2, ""learning_rate"": 2e-05, ""loss_mode"": ""standard"", ""num_train_epochs"": 6, ""weight_decay"": 0.01}",COMPLETE
15,0.6956937489600143,2026-10-02 18:52:28.584536,2026-10-02 18:53:48.031342,0 days 00:01:19.446806,16,0.2,0.1,1e-05,standard,0.9,6,PYSENTIMIENTO,0.01,"[3, 2, 5]",0.010288426201933395,3,"{""classifier_dropout"": 0.2, ""learning_rate"": 1e-05, ""loss_mode"": ""standard"", ""num_train_epochs"": 6, ""weight_decay"": 0.01}",COMPLETE
16,0.7201094670026406,2026-10-02 18:53:48.296336,2026-10-02 18:55:13.326855,0 days 00:01:25.030519,16,0.2,0.1,2e-05,balanced,0.9,6,PYSENTIMIENTO,0.1,"[2, 4, 6]",0.025457019431447306,4,"{""classifier_dropout"": 0.2, ""learning_rate"": 2e-05, ""loss_mode"": ""balanced"", ""num_train_epochs"": 6, ""weight_decay"": 0.1}",COMPLETE
17,0.7201094670026406,2026-10-02 18:55:13.579823,2026-10-02 18:55:13.694502,0 days 00:00:00.114679,16,0.2,0.1,2e-05,balanced,0.9,6,PYSENTIMIENTO,0.1,"[2, 4, 6]",0.025457019431447306,4,"{""classifier_dropout"": 0.2, ""learning_rate"": 2e-05, ""loss_mode"": ""balanced"", ""num_train_epochs"": 6, ""weight_decay"": 0.1}",COMPLETE
18,0.7201094670026406,2026-10-02 18:55:13.953401,2026-10-02 18:55:14.065490,0 days 00:00:00.112089,16,0.2,0.1,2e-05,balanced,0.9,6,PYSENTIMIENTO,0.1,"[2, 4, 6]",0.025457019431447306,4,"{""classifier_dropout"": 0.2, ""learning_rate"": 2e-05, ""loss_mode"": ""balanced"", ""num_train_epochs"": 6, ""weight_decay"": 0.1}",COMPLETE
19,0.7066569613997179,2026-10-02 18:55:14.327019,2026-10-02 18:56:19.243049,0 days 00:01:04.916030,16,0.1,0.1,2e-05,balanced,0.9,4,PYSENTIMIENTO,0.1,"[2, 3, 4]",0.02373962403768827,3,"{""classifier_dropout"": 0.1, ""learning_rate"": 2e-05, ""loss_mode"": ""balanced"", ""num_train_epochs"": 4, ""weight_decay"": 0.1}",COMPLETE
