number,value,datetime_start,datetime_complete,duration,params_batch_size,params_classifier_dropout,params_label_smoothing,params_learning_rate,params_loss_mode,params_lr_decay,params_num_train_epochs,params_preprocessing,params_weight_decay,user_attrs_best_epochs_inner,user_attrs_f1_inner_std,user_attrs_refit_epochs,system_attrs_tpe:relative_params:0,state
0,0.6799450063101773,2026-10-02 16:50:12.764163,2026-10-02 16:51:05.249859,0 days 00:00:52.485696,16,0.3,0.1,1e-05,balanced,0.9,4,PYSENTIMIENTO,0.1,"[3, 4, 4]",0.016342831633960695,4,,COMPLETE
1,0.6988517922918521,2026-10-02 16:51:05.485634,2026-10-02 16:52:22.918684,0 days 00:01:17.433050,16,0.2,0.1,1e-05,standard,0.9,6,PYSENTIMIENTO,0.01,"[6, 6, 6]",0.008561493902240813,6,,COMPLETE
2,0.7208640941767631,2026-10-02 16:52:23.160437,2026-10-02 16:53:41.872100,0 days 00:01:18.711663,16,0.3,0.1,2e-05,standard,0.9,6,PYSENTIMIENTO,0.01,"[5, 6, 6]",0.017294186975689404,6,,COMPLETE
3,0.7109132849277385,2026-10-02 16:53:42.091362,2026-10-02 16:54:35.876292,0 days 00:00:53.784930,16,0.2,0.1,2e-05,balanced,0.9,4,PYSENTIMIENTO,0.1,"[4, 4, 3]",0.01386520484387671,4,,COMPLETE
4,0.7001886035287402,2026-10-02 16:54:36.110305,2026-10-02 16:55:52.554923,0 days 00:01:16.444618,16,0.3,0.1,1e-05,balanced,0.9,6,PYSENTIMIENTO,0.01,"[6, 5, 5]",0.012090734949538048,5,,COMPLETE
5,0.7208640941767631,2026-10-02 16:55:52.799458,2026-10-02 16:55:52.924868,0 days 00:00:00.125410,16,0.3,0.1,2e-05,standard,0.9,6,PYSENTIMIENTO,0.01,"[5, 6, 6]",0.017294186975689404,6,"{""classifier_dropout"": 0.3, ""learning_rate"": 2e-05, ""loss_mode"": ""standard"", ""num_train_epochs"": 6, ""weight_decay"": 0.01}",COMPLETE
6,0.7260807340526304,2026-10-02 16:55:53.164546,2026-10-02 16:57:09.956258,0 days 00:01:16.791712,16,0.1,0.1,2e-05,balanced,0.9,6,PYSENTIMIENTO,0.01,"[6, 6, 6]",0.01530295548247106,6,"{""classifier_dropout"": 0.1, ""learning_rate"": 2e-05, ""loss_mode"": ""balanced"", ""num_train_epochs"": 6, ""weight_decay"": 0.01}",COMPLETE
7,0.7260807340526304,2026-10-02 16:57:10.191409,2026-10-02 16:57:10.310922,0 days 00:00:00.119513,16,0.1,0.1,2e-05,balanced,0.9,6,PYSENTIMIENTO,0.01,"[6, 6, 6]",0.01530295548247106,6,"{""classifier_dropout"": 0.1, ""learning_rate"": 2e-05, ""loss_mode"": ""balanced"", ""num_train_epochs"": 6, ""weight_decay"": 0.01}",COMPLETE
8,0.7117928497109075,2026-10-02 16:57:10.549106,2026-10-02 16:58:03.175201,0 days 00:00:52.626095,16,0.1,0.1,2e-05,balanced,0.9,4,PYSENTIMIENTO,0.01,"[3, 4, 4]",0.018024902873967397,4,"{""classifier_dropout"": 0.1, ""learning_rate"": 2e-05, ""loss_mode"": ""balanced"", ""num_train_epochs"": 4, ""weight_decay"": 0.01}",COMPLETE
9,0.7227458090203189,2026-10-02 16:58:03.405370,2026-10-02 16:59:20.012264,0 days 00:01:16.606894,16,0.1,0.1,2e-05,standard,0.9,6,PYSENTIMIENTO,0.1,"[5, 6, 6]",0.01869025659699725,6,"{""classifier_dropout"": 0.1, ""learning_rate"": 2e-05, ""loss_mode"": ""standard"", ""num_train_epochs"": 6, ""weight_decay"": 0.1}",COMPLETE
10,0.723188064654715,2026-10-02 16:59:20.249442,2026-10-02 17:00:37.820715,0 days 00:01:17.571273,16,0.2,0.1,2e-05,balanced,0.9,6,PYSENTIMIENTO,0.01,"[6, 6, 6]",0.017174924371499218,6,"{""classifier_dropout"": 0.2, ""learning_rate"": 2e-05, ""loss_mode"": ""balanced"", ""num_train_epochs"": 6, ""weight_decay"": 0.01}",COMPLETE
11,0.7260807340526304,2026-10-02 17:00:38.055694,2026-10-02 17:00:38.180414,0 days 00:00:00.124720,16,0.1,0.1,2e-05,balanced,0.9,6,PYSENTIMIENTO,0.01,"[6, 6, 6]",0.01530295548247106,6,"{""classifier_dropout"": 0.1, ""learning_rate"": 2e-05, ""loss_mode"": ""balanced"", ""num_train_epochs"": 6, ""weight_decay"": 0.01}",COMPLETE
12,0.6999190658720401,2026-10-02 17:00:38.414214,2026-10-02 17:01:55.186892,0 days 00:01:16.772678,16,0.1,0.1,1e-05,balanced,0.9,6,PYSENTIMIENTO,0.01,"[4, 6, 4]",0.012906341395149368,4,"{""classifier_dropout"": 0.1, ""learning_rate"": 1e-05, ""loss_mode"": ""balanced"", ""num_train_epochs"": 6, ""weight_decay"": 0.01}",COMPLETE
13,0.7263581085295416,2026-10-02 17:01:55.432368,2026-10-02 17:03:11.891284,0 days 00:01:16.458916,16,0.1,0.1,2e-05,balanced,0.9,6,PYSENTIMIENTO,0.1,"[5, 6, 6]",0.013791943281426832,6,"{""classifier_dropout"": 0.1, ""learning_rate"": 2e-05, ""loss_mode"": ""balanced"", ""num_train_epochs"": 6, ""weight_decay"": 0.1}",COMPLETE
14,0.7263581085295416,2026-10-02 17:03:12.121515,2026-10-02 17:03:12.247753,0 days 00:00:00.126238,16,0.1,0.1,2e-05,balanced,0.9,6,PYSENTIMIENTO,0.1,"[5, 6, 6]",0.013791943281426832,6,"{""classifier_dropout"": 0.1, ""learning_rate"": 2e-05, ""loss_mode"": ""balanced"", ""num_train_epochs"": 6, ""weight_decay"": 0.1}",COMPLETE
15,0.7270179142690396,2026-10-02 17:03:12.487620,2026-10-02 17:04:29.562317,0 days 00:01:17.074697,16,0.3,0.1,2e-05,balanced,0.9,6,PYSENTIMIENTO,0.1,"[6, 5, 6]",0.013951846857238888,6,"{""classifier_dropout"": 0.3, ""learning_rate"": 2e-05, ""loss_mode"": ""balanced"", ""num_train_epochs"": 6, ""weight_decay"": 0.1}",COMPLETE
16,0.7270179142690396,2026-10-02 17:04:29.798795,2026-10-02 17:04:29.922084,0 days 00:00:00.123289,16,0.3,0.1,2e-05,balanced,0.9,6,PYSENTIMIENTO,0.1,"[6, 5, 6]",0.013951846857238888,6,"{""classifier_dropout"": 0.3, ""learning_rate"": 2e-05, ""loss_mode"": ""balanced"", ""num_train_epochs"": 6, ""weight_decay"": 0.1}",COMPLETE
17,0.7270179142690396,2026-10-02 17:04:30.158640,2026-10-02 17:04:30.285556,0 days 00:00:00.126916,16,0.3,0.1,2e-05,balanced,0.9,6,PYSENTIMIENTO,0.1,"[6, 5, 6]",0.013951846857238888,6,"{""classifier_dropout"": 0.3, ""learning_rate"": 2e-05, ""loss_mode"": ""balanced"", ""num_train_epochs"": 6, ""weight_decay"": 0.1}",COMPLETE
18,0.7051523821379558,2026-10-02 17:04:30.525178,2026-10-02 17:05:22.531250,0 days 00:00:52.006072,16,0.3,0.1,2e-05,balanced,0.9,4,PYSENTIMIENTO,0.1,"[4, 4, 4]",0.011376363758367005,4,"{""classifier_dropout"": 0.3, ""learning_rate"": 2e-05, ""loss_mode"": ""balanced"", ""num_train_epochs"": 4, ""weight_decay"": 0.1}",COMPLETE
19,0.695514931910151,2026-10-02 17:05:22.766182,2026-10-02 17:06:39.062649,0 days 00:01:16.296467,16,0.3,0.1,1e-05,standard,0.9,6,PYSENTIMIENTO,0.1,"[6, 6, 4]",0.011986582326520332,6,"{""classifier_dropout"": 0.3, ""learning_rate"": 1e-05, ""loss_mode"": ""standard"", ""num_train_epochs"": 6, ""weight_decay"": 0.1}",COMPLETE
