number,value,datetime_start,datetime_complete,duration,params_batch_size,params_classifier_dropout,params_label_smoothing,params_learning_rate,params_loss_mode,params_lr_decay,params_num_train_epochs,params_preprocessing,params_weight_decay,user_attrs_best_epochs_inner,user_attrs_f1_inner_std,user_attrs_refit_epochs,system_attrs_tpe:relative_params:0,state
0,0.7365032727830411,2026-10-02 18:18:46.577074,2026-10-02 18:19:54.832221,0 days 00:01:08.255147,16,0.2,0.1,2e-05,balanced,0.9,4,PYSENTIMIENTO,0.01,"[4, 3, 3]",0.014037708901068549,3,,COMPLETE
1,0.7038550796119752,2026-10-02 18:19:55.073858,2026-10-02 18:21:01.857720,0 days 00:01:06.783862,16,0.2,0.1,1e-05,standard,0.9,4,PYSENTIMIENTO,0.1,"[4, 4, 3]",0.018611251339756742,4,,COMPLETE
2,0.7255808802399346,2026-10-02 18:21:02.106428,2026-10-02 18:22:30.495803,0 days 00:01:28.389375,16,0.1,0.1,2e-05,standard,0.9,6,PYSENTIMIENTO,0.1,"[4, 2, 4]",0.011229721046517179,4,,COMPLETE
3,0.7262938235964488,2026-10-02 18:22:30.736362,2026-10-02 18:23:36.977763,0 days 00:01:06.241401,16,0.3,0.1,2e-05,standard,0.9,4,PYSENTIMIENTO,0.1,"[3, 3, 3]",0.008597640145435665,3,,COMPLETE
4,0.7257749622707251,2026-10-02 18:23:37.219553,2026-10-02 18:25:04.264396,0 days 00:01:27.044843,16,0.1,0.1,2e-05,standard,0.9,6,PYSENTIMIENTO,0.01,"[4, 2, 4]",0.012478353765363166,4,,COMPLETE
5,0.7365032727830411,2026-10-02 18:25:04.506839,2026-10-02 18:25:04.628722,0 days 00:00:00.121883,16,0.2,0.1,2e-05,balanced,0.9,4,PYSENTIMIENTO,0.01,"[4, 3, 3]",0.014037708901068549,3,"{""classifier_dropout"": 0.2, ""learning_rate"": 2e-05, ""loss_mode"": ""balanced"", ""num_train_epochs"": 4, ""weight_decay"": 0.01}",COMPLETE
6,0.7003760317175193,2026-10-02 18:25:04.904796,2026-10-02 18:26:12.481318,0 days 00:01:07.576522,16,0.3,0.1,1e-05,balanced,0.9,4,PYSENTIMIENTO,0.01,"[4, 4, 4]",0.01873596918834395,4,"{""classifier_dropout"": 0.3, ""learning_rate"": 1e-05, ""loss_mode"": ""balanced"", ""num_train_epochs"": 4, ""weight_decay"": 0.01}",COMPLETE
7,0.7262043755825157,2026-10-02 18:26:12.733453,2026-10-02 18:27:47.783396,0 days 00:01:35.049943,16,0.2,0.1,1e-05,balanced,0.9,6,PYSENTIMIENTO,0.01,"[4, 6, 5]",0.011248724253836963,5,"{""classifier_dropout"": 0.2, ""learning_rate"": 1e-05, ""loss_mode"": ""balanced"", ""num_train_epochs"": 6, ""weight_decay"": 0.01}",COMPLETE
8,0.7328356174204919,2026-10-02 18:27:48.049652,2026-10-02 18:28:53.377030,0 days 00:01:05.327378,16,0.1,0.1,2e-05,balanced,0.9,4,PYSENTIMIENTO,0.1,"[4, 3, 3]",0.010413908080221712,3,"{""classifier_dropout"": 0.1, ""learning_rate"": 2e-05, ""loss_mode"": ""balanced"", ""num_train_epochs"": 4, ""weight_decay"": 0.1}",COMPLETE
9,0.7292929486784145,2026-10-02 18:28:53.645401,2026-10-02 18:29:58.056563,0 days 00:01:04.411162,16,0.2,0.1,2e-05,standard,0.9,4,PYSENTIMIENTO,0.01,"[3, 3, 3]",0.01251846286151622,3,"{""classifier_dropout"": 0.2, ""learning_rate"": 2e-05, ""loss_mode"": ""standard"", ""num_train_epochs"": 4, ""weight_decay"": 0.01}",COMPLETE
10,0.735716978836626,2026-10-02 18:29:58.290412,2026-10-02 18:31:29.487231,0 days 00:01:31.196819,16,0.3,0.1,2e-05,balanced,0.9,6,PYSENTIMIENTO,0.01,"[4, 5, 3]",0.009625032398112571,4,"{""classifier_dropout"": 0.3, ""learning_rate"": 2e-05, ""loss_mode"": ""balanced"", ""num_train_epochs"": 6, ""weight_decay"": 0.01}",COMPLETE
11,0.7365032727830411,2026-10-02 18:31:29.729932,2026-10-02 18:31:29.848941,0 days 00:00:00.119009,16,0.2,0.1,2e-05,balanced,0.9,4,PYSENTIMIENTO,0.01,"[4, 3, 3]",0.014037708901068549,3,"{""classifier_dropout"": 0.2, ""learning_rate"": 2e-05, ""loss_mode"": ""balanced"", ""num_train_epochs"": 4, ""weight_decay"": 0.01}",COMPLETE
12,0.7375284748637373,2026-10-02 18:31:30.109007,2026-10-02 18:32:34.817237,0 days 00:01:04.708230,16,0.2,0.1,2e-05,balanced,0.9,4,PYSENTIMIENTO,0.1,"[4, 3, 3]",0.013171105342227441,3,"{""classifier_dropout"": 0.2, ""learning_rate"": 2e-05, ""loss_mode"": ""balanced"", ""num_train_epochs"": 4, ""weight_decay"": 0.1}",COMPLETE
13,0.7375284748637373,2026-10-02 18:32:35.062794,2026-10-02 18:32:35.178176,0 days 00:00:00.115382,16,0.2,0.1,2e-05,balanced,0.9,4,PYSENTIMIENTO,0.1,"[4, 3, 3]",0.013171105342227441,3,"{""classifier_dropout"": 0.2, ""learning_rate"": 2e-05, ""loss_mode"": ""balanced"", ""num_train_epochs"": 4, ""weight_decay"": 0.1}",COMPLETE
14,0.7375284748637373,2026-10-02 18:32:35.440351,2026-10-02 18:32:35.555609,0 days 00:00:00.115258,16,0.2,0.1,2e-05,balanced,0.9,4,PYSENTIMIENTO,0.1,"[4, 3, 3]",0.013171105342227441,3,"{""classifier_dropout"": 0.2, ""learning_rate"": 2e-05, ""loss_mode"": ""balanced"", ""num_train_epochs"": 4, ""weight_decay"": 0.1}",COMPLETE
15,0.7349321203704243,2026-10-02 18:32:35.823548,2026-10-02 18:34:10.783059,0 days 00:01:34.959511,16,0.2,0.1,2e-05,balanced,0.9,6,PYSENTIMIENTO,0.1,"[4, 5, 4]",0.010136123120255547,4,"{""classifier_dropout"": 0.2, ""learning_rate"": 2e-05, ""loss_mode"": ""balanced"", ""num_train_epochs"": 6, ""weight_decay"": 0.1}",COMPLETE
16,0.7109210145851735,2026-10-02 18:34:11.055936,2026-10-02 18:35:15.708706,0 days 00:01:04.652770,16,0.2,0.1,1e-05,balanced,0.9,4,PYSENTIMIENTO,0.1,"[4, 3, 4]",0.013295264123950927,4,"{""classifier_dropout"": 0.2, ""learning_rate"": 1e-05, ""loss_mode"": ""balanced"", ""num_train_epochs"": 4, ""weight_decay"": 0.1}",COMPLETE
17,0.7321998333661198,2026-10-02 18:35:15.951837,2026-10-02 18:36:21.059383,0 days 00:01:05.107546,16,0.3,0.1,2e-05,balanced,0.9,4,PYSENTIMIENTO,0.1,"[4, 4, 3]",0.014754521164231319,4,"{""classifier_dropout"": 0.3, ""learning_rate"": 2e-05, ""loss_mode"": ""balanced"", ""num_train_epochs"": 4, ""weight_decay"": 0.1}",COMPLETE
18,0.7293049056074183,2026-10-02 18:36:21.290906,2026-10-02 18:37:25.517271,0 days 00:01:04.226365,16,0.2,0.1,2e-05,standard,0.9,4,PYSENTIMIENTO,0.1,"[3, 3, 3]",0.013651593954029815,3,"{""classifier_dropout"": 0.2, ""learning_rate"": 2e-05, ""loss_mode"": ""standard"", ""num_train_epochs"": 4, ""weight_decay"": 0.1}",COMPLETE
19,0.7375284748637373,2026-10-02 18:37:25.777776,2026-10-02 18:37:25.892731,0 days 00:00:00.114955,16,0.2,0.1,2e-05,balanced,0.9,4,PYSENTIMIENTO,0.1,"[4, 3, 3]",0.013171105342227441,3,"{""classifier_dropout"": 0.2, ""learning_rate"": 2e-05, ""loss_mode"": ""balanced"", ""num_train_epochs"": 4, ""weight_decay"": 0.1}",COMPLETE
