number,value,datetime_start,datetime_complete,duration,params_batch_size,params_classifier_dropout,params_label_smoothing,params_learning_rate,params_loss_mode,params_lr_decay,params_num_train_epochs,params_preprocessing,params_weight_decay,user_attrs_best_epochs_inner,user_attrs_f1_inner_std,user_attrs_refit_epochs,system_attrs_tpe:relative_params:0,state
0,0.6975150159920354,2026-10-02 15:59:56.901256,2026-10-02 16:01:18.185653,0 days 00:01:21.284397,16,0.1,0.1,1e-05,balanced,0.9,6,PYSENTIMIENTO,0.1,"[6, 6, 4]",0.008151787380315639,6,,COMPLETE
1,0.7179626730223488,2026-10-02 16:01:18.423932,2026-10-02 16:02:25.369668,0 days 00:01:06.945736,16,0.1,0.1,2e-05,standard,0.9,6,PYSENTIMIENTO,0.01,"[3, 4, 2]",0.008693152368722876,3,,COMPLETE
2,0.7194497153496364,2026-10-02 16:02:25.600492,2026-10-02 16:03:42.013199,0 days 00:01:16.412707,16,0.2,0.1,2e-05,balanced,0.9,6,PYSENTIMIENTO,0.01,"[6, 4, 3]",0.008670034220874973,4,,COMPLETE
3,0.6973450472584459,2026-10-02 16:03:42.250213,2026-10-02 16:04:36.792224,0 days 00:00:54.542011,16,0.1,0.1,1e-05,standard,0.9,4,PYSENTIMIENTO,0.1,"[4, 3, 3]",0.02406511019154731,3,,COMPLETE
4,0.7166764836246032,2026-10-02 16:04:37.031995,2026-10-02 16:05:43.650452,0 days 00:01:06.618457,16,0.3,0.1,2e-05,balanced,0.9,6,PYSENTIMIENTO,0.1,"[6, 2, 3]",0.010407709992570565,3,,COMPLETE
5,0.7111444919926965,2026-10-02 16:05:43.888986,2026-10-02 16:07:03.488653,0 days 00:01:19.599667,16,0.2,0.1,1e-05,standard,0.9,6,PYSENTIMIENTO,0.01,"[6, 4, 5]",0.02199139691960994,5,"{""classifier_dropout"": 0.2, ""learning_rate"": 1e-05, ""loss_mode"": ""standard"", ""num_train_epochs"": 6, ""weight_decay"": 0.01}",COMPLETE
6,0.7194497153496364,2026-10-02 16:07:03.722515,2026-10-02 16:07:03.849765,0 days 00:00:00.127250,16,0.2,0.1,2e-05,balanced,0.9,6,PYSENTIMIENTO,0.01,"[6, 4, 3]",0.008670034220874973,4,"{""classifier_dropout"": 0.2, ""learning_rate"": 2e-05, ""loss_mode"": ""balanced"", ""num_train_epochs"": 6, ""weight_decay"": 0.01}",COMPLETE
7,0.7062131424966506,2026-10-02 16:07:04.090933,2026-10-02 16:07:58.158358,0 days 00:00:54.067425,16,0.2,0.1,2e-05,balanced,0.9,4,PYSENTIMIENTO,0.1,"[4, 2, 3]",0.009320237535635403,3,"{""classifier_dropout"": 0.2, ""learning_rate"": 2e-05, ""loss_mode"": ""balanced"", ""num_train_epochs"": 4, ""weight_decay"": 0.1}",COMPLETE
8,0.6847096244541317,2026-10-02 16:07:58.399532,2026-10-02 16:08:55.967747,0 days 00:00:57.568215,16,0.1,0.1,1e-05,balanced,0.9,4,PYSENTIMIENTO,0.01,"[3, 4, 2]",0.010061635539566793,3,"{""classifier_dropout"": 0.1, ""learning_rate"": 1e-05, ""loss_mode"": ""balanced"", ""num_train_epochs"": 4, ""weight_decay"": 0.01}",COMPLETE
9,0.6892176421192122,2026-10-02 16:08:56.200854,2026-10-02 16:09:51.634356,0 days 00:00:55.433502,16,0.3,0.1,1e-05,standard,0.9,4,PYSENTIMIENTO,0.01,"[4, 3, 4]",0.026254967021095813,4,"{""classifier_dropout"": 0.3, ""learning_rate"": 1e-05, ""loss_mode"": ""standard"", ""num_train_epochs"": 4, ""weight_decay"": 0.01}",COMPLETE
10,0.7077245063126646,2026-10-02 16:09:51.868493,2026-10-02 16:10:45.007652,0 days 00:00:53.139159,16,0.3,0.1,2e-05,balanced,0.9,4,PYSENTIMIENTO,0.01,"[4, 2, 4]",0.008916881744883691,4,"{""classifier_dropout"": 0.3, ""learning_rate"": 2e-05, ""loss_mode"": ""balanced"", ""num_train_epochs"": 4, ""weight_decay"": 0.01}",COMPLETE
11,0.7194497153496364,2026-10-02 16:10:45.250355,2026-10-02 16:10:45.371652,0 days 00:00:00.121297,16,0.2,0.1,2e-05,balanced,0.9,6,PYSENTIMIENTO,0.01,"[6, 4, 3]",0.008670034220874973,4,"{""classifier_dropout"": 0.2, ""learning_rate"": 2e-05, ""loss_mode"": ""balanced"", ""num_train_epochs"": 6, ""weight_decay"": 0.01}",COMPLETE
12,0.7136574461201938,2026-10-02 16:10:45.608146,2026-10-02 16:11:52.042344,0 days 00:01:06.434198,16,0.2,0.1,2e-05,standard,0.9,6,PYSENTIMIENTO,0.1,"[3, 4, 2]",0.012522646242472658,3,"{""classifier_dropout"": 0.2, ""learning_rate"": 2e-05, ""loss_mode"": ""standard"", ""num_train_epochs"": 6, ""weight_decay"": 0.1}",COMPLETE
13,0.7006589540484134,2026-10-02 16:11:52.277097,2026-10-02 16:13:14.784091,0 days 00:01:22.506994,16,0.2,0.1,1e-05,balanced,0.9,6,PYSENTIMIENTO,0.01,"[6, 4, 4]",0.010446014970238587,4,"{""classifier_dropout"": 0.2, ""learning_rate"": 1e-05, ""loss_mode"": ""balanced"", ""num_train_epochs"": 6, ""weight_decay"": 0.01}",COMPLETE
14,0.7207721202689008,2026-10-02 16:13:15.025683,2026-10-02 16:14:32.173719,0 days 00:01:17.148036,16,0.1,0.1,2e-05,balanced,0.9,6,PYSENTIMIENTO,0.01,"[6, 5, 3]",0.0057317982456987935,5,"{""classifier_dropout"": 0.1, ""learning_rate"": 2e-05, ""loss_mode"": ""balanced"", ""num_train_epochs"": 6, ""weight_decay"": 0.01}",COMPLETE
15,0.7207721202689008,2026-10-02 16:14:32.406519,2026-10-02 16:14:32.532823,0 days 00:00:00.126304,16,0.1,0.1,2e-05,balanced,0.9,6,PYSENTIMIENTO,0.01,"[6, 5, 3]",0.0057317982456987935,5,"{""classifier_dropout"": 0.1, ""learning_rate"": 2e-05, ""loss_mode"": ""balanced"", ""num_train_epochs"": 6, ""weight_decay"": 0.01}",COMPLETE
16,0.7207721202689008,2026-10-02 16:14:32.771351,2026-10-02 16:14:32.897137,0 days 00:00:00.125786,16,0.1,0.1,2e-05,balanced,0.9,6,PYSENTIMIENTO,0.01,"[6, 5, 3]",0.0057317982456987935,5,"{""classifier_dropout"": 0.1, ""learning_rate"": 2e-05, ""loss_mode"": ""balanced"", ""num_train_epochs"": 6, ""weight_decay"": 0.01}",COMPLETE
17,0.7176631916908208,2026-10-02 16:14:33.139053,2026-10-02 16:15:45.028024,0 days 00:01:11.888971,16,0.1,0.1,2e-05,balanced,0.9,6,PYSENTIMIENTO,0.1,"[3, 5, 3]",0.005472754118766616,3,"{""classifier_dropout"": 0.1, ""learning_rate"": 2e-05, ""loss_mode"": ""balanced"", ""num_train_epochs"": 6, ""weight_decay"": 0.1}",COMPLETE
18,0.7088138756770254,2026-10-02 16:15:45.268316,2026-10-02 16:16:39.972416,0 days 00:00:54.704100,16,0.1,0.1,2e-05,balanced,0.9,4,PYSENTIMIENTO,0.01,"[4, 4, 2]",0.0036977278422907754,4,"{""classifier_dropout"": 0.1, ""learning_rate"": 2e-05, ""loss_mode"": ""balanced"", ""num_train_epochs"": 4, ""weight_decay"": 0.01}",COMPLETE
19,0.7196837418931468,2026-10-02 16:16:40.214110,2026-10-02 16:17:47.488347,0 days 00:01:07.274237,16,0.3,0.1,2e-05,standard,0.9,6,PYSENTIMIENTO,0.01,"[3, 4, 2]",0.019579368038428413,3,"{""classifier_dropout"": 0.3, ""learning_rate"": 2e-05, ""loss_mode"": ""standard"", ""num_train_epochs"": 6, ""weight_decay"": 0.01}",COMPLETE
