number,value,datetime_start,datetime_complete,duration,params_colsample_bytree,params_gamma,params_learning_rate,params_max_depth,params_min_child_weight,params_n_estimators,params_ngramas,params_preprocessing,params_reg_alpha,params_reg_lambda,params_scale_pos_weight,params_subsample,user_attrs_inner_f1_std,system_attrs_fixed_params,system_attrs_tpe:relative_params:0,state
37,0.6743224448967439,2026-10-01 08:34:25.173017,2026-10-01 08:34:25.637902,0 days 00:00:00.464885,0.7091393932873046,3.428628548827227,0.06525539791759938,2,9,200,uni,stem,0.024192344612558727,0.6013684758109643,1.714797058074356,0.7457589953537691,0.01974676310032536,,"{""colsample_bytree"": 0.7091393932873046, ""gamma"": 3.428628548827227, ""learning_rate"": 0.06525539791759938, ""max_depth"": 2, ""min_child_weight"": 9, ""n_estimators"": 200, ""ngramas"": ""uni"", ""preprocessing"": ""stem"", ""reg_alpha"": 0.024192344612558727, ""reg_lambda"": 0.6013684758109643, ""scale_pos_weight"": 1.714797058074356, ""subsample"": 0.7457589953537691}",COMPLETE
38,0.6671681908975593,2026-10-01 08:34:25.646080,2026-10-01 08:34:26.196882,0 days 00:00:00.550802,0.763710495006211,3.624816541952221,0.11639275690201542,2,9,250,uni,stem,0.02221011296119059,0.46176049913364203,1.9802431073805296,0.7013841045009321,0.019679252536095003,,"{""colsample_bytree"": 0.763710495006211, ""gamma"": 3.624816541952221, ""learning_rate"": 0.11639275690201542, ""max_depth"": 2, ""min_child_weight"": 9, ""n_estimators"": 250, ""ngramas"": ""uni"", ""preprocessing"": ""stem"", ""reg_alpha"": 0.02221011296119059, ""reg_lambda"": 0.46176049913364203, ""scale_pos_weight"": 1.9802431073805296, ""subsample"": 0.7013841045009321}",COMPLETE
39,0.6752023329717702,2026-10-01 08:34:26.205395,2026-10-01 08:34:26.641636,0 days 00:00:00.436241,0.7254913141700562,4.446267753478224,0.16420134900901265,2,11,200,uni,stem,0.006042178170798513,1.5108465514919858,1.6398060150367368,0.7659938264038847,0.012256114360396,,"{""colsample_bytree"": 0.7254913141700562, ""gamma"": 4.446267753478224, ""learning_rate"": 0.16420134900901265, ""max_depth"": 2, ""min_child_weight"": 11, ""n_estimators"": 200, ""ngramas"": ""uni"", ""preprocessing"": ""stem"", ""reg_alpha"": 0.006042178170798513, ""reg_lambda"": 1.5108465514919858, ""scale_pos_weight"": 1.6398060150367368, ""subsample"": 0.7659938264038847}",COMPLETE
40,0.6726474408669079,2026-10-01 08:34:26.650182,2026-10-01 08:34:27.181417,0 days 00:00:00.531235,0.75059436411267,4.034078764358305,0.13747700760893536,2,8,250,uni,stem,0.0015972484082243342,0.7586933832367874,1.6282526599569354,0.6686487303105664,0.019356935064031734,,"{""colsample_bytree"": 0.75059436411267, ""gamma"": 4.034078764358305, ""learning_rate"": 0.13747700760893536, ""max_depth"": 2, ""min_child_weight"": 8, ""n_estimators"": 250, ""ngramas"": ""uni"", ""preprocessing"": ""stem"", ""reg_alpha"": 0.0015972484082243342, ""reg_lambda"": 0.7586933832367874, ""scale_pos_weight"": 1.6282526599569354, ""subsample"": 0.6686487303105664}",COMPLETE
41,0.6751896167690585,2026-10-01 08:34:27.191895,2026-10-01 08:34:27.762303,0 days 00:00:00.570408,0.8308497385240065,2.9095269014198815,0.0849426023050385,2,9,250,uni,stem,0.008124495794932761,1.032882462234649,2.007137502900849,0.7050827070840913,0.015927801793801474,,"{""colsample_bytree"": 0.8308497385240065, ""gamma"": 2.9095269014198815, ""learning_rate"": 0.0849426023050385, ""max_depth"": 2, ""min_child_weight"": 9, ""n_estimators"": 250, ""ngramas"": ""uni"", ""preprocessing"": ""stem"", ""reg_alpha"": 0.008124495794932761, ""reg_lambda"": 1.032882462234649, ""scale_pos_weight"": 2.007137502900849, ""subsample"": 0.7050827070840913}",COMPLETE
42,0.6729387610596825,2026-10-01 08:34:27.770326,2026-10-01 08:34:28.297023,0 days 00:00:00.526697,0.7491057660078563,3.6779106064312974,0.18159537880488158,2,11,250,uni,stem,0.008210063952015631,1.3833279984846414,1.797957155066327,0.6895924670903087,0.0275064843310972,,"{""colsample_bytree"": 0.7491057660078563, ""gamma"": 3.6779106064312974, ""learning_rate"": 0.18159537880488158, ""max_depth"": 2, ""min_child_weight"": 11, ""n_estimators"": 250, ""ngramas"": ""uni"", ""preprocessing"": ""stem"", ""reg_alpha"": 0.008210063952015631, ""reg_lambda"": 1.3833279984846414, ""scale_pos_weight"": 1.797957155066327, ""subsample"": 0.6895924670903087}",COMPLETE
43,0.6736619096181732,2026-10-01 08:34:28.305043,2026-10-01 08:34:28.705506,0 days 00:00:00.400463,0.719080167408185,3.8754777717924127,0.12000207889615275,2,8,150,uni,stem,0.017636122824057535,0.4847883918046941,1.6742920412067983,0.7354291323488713,0.01776173101535739,,"{""colsample_bytree"": 0.719080167408185, ""gamma"": 3.8754777717924127, ""learning_rate"": 0.12000207889615275, ""max_depth"": 2, ""min_child_weight"": 8, ""n_estimators"": 150, ""ngramas"": ""uni"", ""preprocessing"": ""stem"", ""reg_alpha"": 0.017636122824057535, ""reg_lambda"": 0.4847883918046941, ""scale_pos_weight"": 1.6742920412067983, ""subsample"": 0.7354291323488713}",COMPLETE
44,0.6822957838114388,2026-10-01 08:34:28.712890,2026-10-01 08:34:29.118875,0 days 00:00:00.405985,0.7139815564832188,2.4228447961903448,0.11941022740471295,2,10,150,uni,stem,0.0019343617502494716,0.504399699936563,1.573799947057541,0.6645164158544024,0.01741839002686169,,"{""colsample_bytree"": 0.7139815564832188, ""gamma"": 2.4228447961903448, ""learning_rate"": 0.11941022740471295, ""max_depth"": 2, ""min_child_weight"": 10, ""n_estimators"": 150, ""ngramas"": ""uni"", ""preprocessing"": ""stem"", ""reg_alpha"": 0.0019343617502494716, ""reg_lambda"": 0.504399699936563, ""scale_pos_weight"": 1.573799947057541, ""subsample"": 0.6645164158544024}",COMPLETE
45,0.6764937594189666,2026-10-01 08:34:29.127018,2026-10-01 08:34:29.525880,0 days 00:00:00.398862,0.7914105885871061,3.8821589517844384,0.09603829516508888,2,10,150,uni,stem,0.020117109493293612,0.5944609227691893,1.335114023837896,0.7162172547299821,0.015135103961908489,,"{""colsample_bytree"": 0.7914105885871061, ""gamma"": 3.8821589517844384, ""learning_rate"": 0.09603829516508888, ""max_depth"": 2, ""min_child_weight"": 10, ""n_estimators"": 150, ""ngramas"": ""uni"", ""preprocessing"": ""stem"", ""reg_alpha"": 0.020117109493293612, ""reg_lambda"": 0.5944609227691893, ""scale_pos_weight"": 1.335114023837896, ""subsample"": 0.7162172547299821}",COMPLETE
46,0.6775199384234778,2026-10-01 08:34:29.533909,2026-10-01 08:34:30.001075,0 days 00:00:00.467166,0.7196103248260007,2.956163229588325,0.12865953284488513,2,10,200,uni,stem,0.06709968173634279,0.7195723158330165,1.6201016467308462,0.6781644179337488,0.0228121023890051,,"{""colsample_bytree"": 0.7196103248260007, ""gamma"": 2.956163229588325, ""learning_rate"": 0.12865953284488513, ""max_depth"": 2, ""min_child_weight"": 10, ""n_estimators"": 200, ""ngramas"": ""uni"", ""preprocessing"": ""stem"", ""reg_alpha"": 0.06709968173634279, ""reg_lambda"": 0.7195723158330165, ""scale_pos_weight"": 1.6201016467308462, ""subsample"": 0.6781644179337488}",COMPLETE
47,0.6827199255528421,2026-10-01 08:34:30.010577,2026-10-01 08:34:30.403598,0 days 00:00:00.393021,0.6886260967305842,2.839477849087731,0.13880087359744991,2,10,150,uni,stem,0.0020807218278446954,0.4325916113678727,1.655952248457468,0.6716231657454321,0.023081764551378725,,"{""colsample_bytree"": 0.6886260967305842, ""gamma"": 2.839477849087731, ""learning_rate"": 0.13880087359744991, ""max_depth"": 2, ""min_child_weight"": 10, ""n_estimators"": 150, ""ngramas"": ""uni"", ""preprocessing"": ""stem"", ""reg_alpha"": 0.0020807218278446954, ""reg_lambda"": 0.4325916113678727, ""scale_pos_weight"": 1.655952248457468, ""subsample"": 0.6716231657454321}",COMPLETE
48,0.6737107995037442,2026-10-01 08:34:30.411871,2026-10-01 08:34:30.800114,0 days 00:00:00.388243,0.6534223780713093,1.3752673562538178,0.11585415739735787,2,11,150,uni,stem,0.00650351764301666,0.7103330679125368,1.6087476616653351,0.6789399611208619,0.022868977267921815,,"{""colsample_bytree"": 0.6534223780713093, ""gamma"": 1.3752673562538178, ""learning_rate"": 0.11585415739735787, ""max_depth"": 2, ""min_child_weight"": 11, ""n_estimators"": 150, ""ngramas"": ""uni"", ""preprocessing"": ""stem"", ""reg_alpha"": 0.00650351764301666, ""reg_lambda"": 0.7103330679125368, ""scale_pos_weight"": 1.6087476616653351, ""subsample"": 0.6789399611208619}",COMPLETE
49,0.6773824962687724,2026-10-01 08:34:30.808795,2026-10-01 08:34:31.262447,0 days 00:00:00.453652,0.7439010973480336,2.7044040798519626,0.09556439058690382,3,9,150,uni,stem,0.0011058123132952665,0.4602406110343679,1.515855462122004,0.6681097327698947,0.021526998577934126,,"{""colsample_bytree"": 0.7439010973480336, ""gamma"": 2.7044040798519626, ""learning_rate"": 0.09556439058690382, ""max_depth"": 3, ""min_child_weight"": 9, ""n_estimators"": 150, ""ngramas"": ""uni"", ""preprocessing"": ""stem"", ""reg_alpha"": 0.0011058123132952665, ""reg_lambda"": 0.4602406110343679, ""scale_pos_weight"": 1.515855462122004, ""subsample"": 0.6681097327698947}",COMPLETE
