number,value,datetime_start,datetime_complete,duration,params_colsample_bytree,params_gamma,params_learning_rate,params_max_depth,params_min_child_weight,params_n_estimators,params_ngramas,params_preprocessing,params_reg_alpha,params_reg_lambda,params_scale_pos_weight,params_subsample,user_attrs_inner_f1_std,system_attrs_fixed_params,system_attrs_tpe:relative_params:0,state
0,0.6626027260724852,2026-10-01 08:33:54.840706,2026-10-01 08:33:56.176916,0 days 00:00:01.336210,0.7436953522472607,3.4533466331618854,0.09306783316562625,2,7,650,uni,normal,0.0432803176388536,1.4903927845052178,2.06522198999061,0.6757587932328253,0.018183181673490898,"{'preprocessing': 'normal', 'ngramas': 'uni'}",,COMPLETE
1,0.6638700701779096,2026-10-01 08:33:56.178922,2026-10-01 08:33:59.090513,0 days 00:00:02.911591,0.8829888276271669,7.575130403032963,0.03600704293743974,4,3,700,uni_bi,normal,3.3674187413197743,3.0719213591045467,1.3207372181959127,0.6262646042712835,0.026848372359264933,"{'preprocessing': 'normal', 'ngramas': 'uni_bi'}",,COMPLETE
2,0.6671945880831496,2026-10-01 08:33:59.093513,2026-10-01 08:33:59.957377,0 days 00:00:00.863864,0.7659404391050126,6.970057520277194,0.03951734464314169,2,14,500,uni,stem,0.003939056880980291,1.9740799600801469,1.2387328957197217,0.6404576070534758,0.015824514394145315,"{'preprocessing': 'stem', 'ngramas': 'uni'}",,COMPLETE
3,0.6427282720990342,2026-10-01 08:33:59.961915,2026-10-01 08:34:01.407505,0 days 00:00:01.445590,0.8963290723923127,6.537629004353391,0.01836656312251054,2,8,250,uni_bi,stem,0.032334162966885155,1.5371890644724528,1.0883483820581161,0.8281012206798759,0.036022599572192296,"{'preprocessing': 'stem', 'ngramas': 'uni_bi'}",,COMPLETE
4,0.6141720813760709,2026-10-01 08:34:01.412016,2026-10-01 08:34:02.324799,0 days 00:00:00.912783,0.784092273531847,5.730724386531438,0.14070325441085038,2,12,550,uni,lemma,5.253046118204462,10.684530459247853,1.142457974944687,0.8416781743546147,0.03002707941761074,"{'preprocessing': 'lemma', 'ngramas': 'uni'}",,COMPLETE
5,0.6660093149916321,2026-10-01 08:34:02.328777,2026-10-01 08:34:04.453030,0 days 00:00:02.124253,0.6086240614847794,7.2286391496827855,0.013860464899017587,4,4,400,uni_bi,lemma,0.004538774247888522,0.20163244033417843,1.476030104003979,0.894499411657279,0.018696665402619,"{'preprocessing': 'lemma', 'ngramas': 'uni_bi'}",,COMPLETE
6,0.6623572086355375,2026-10-01 08:34:04.458364,2026-10-01 08:34:05.485898,0 days 00:00:01.027534,0.8414728983929038,5.567046302525413,0.1533833222310201,3,14,600,uni,stem,0.0014148850876635724,0.5139232082436145,1.8463742380182584,0.5555502301229424,0.018651054122897387,,,COMPLETE
7,0.6667726096419478,2026-10-01 08:34:05.489898,2026-10-01 08:34:06.392956,0 days 00:00:00.903058,0.5731614882962265,1.3450990856392837,0.04387673435597391,2,14,550,uni,stem,2.5893492801758677,0.1292690180393835,1.7491433427404066,0.5563892876890332,0.022637271966257342,,,COMPLETE
8,0.655904896568032,2026-10-01 08:34:06.396508,2026-10-01 08:34:07.077769,0 days 00:00:00.681261,0.5395650601643476,3.08581694906326,0.05949932057694586,2,11,450,uni,stem,0.5714998434643513,0.2625187053489086,1.0038118640805442,0.8094179114039053,0.016108326958089086,,,COMPLETE
9,0.6535266338778932,2026-10-01 08:34:07.081788,2026-10-01 08:34:07.935042,0 days 00:00:00.853254,0.8429704280354628,0.5027283137785244,0.014854003691581404,4,11,300,uni,stem,1.3079164299841135,6.654186513506214,1.0962094713354,0.7284323524451901,0.001452805262358943,,,COMPLETE
10,0.6706803397226556,2026-10-01 08:34:07.939172,2026-10-01 08:34:08.755549,0 days 00:00:00.816377,0.7499587253859195,6.296283017970633,0.04109926722971103,4,10,400,uni,stem,0.210572841460765,0.2701332543050331,2.192166543384603,0.6104883913968135,0.016755893036312194,,"{""colsample_bytree"": 0.7499587253859195, ""gamma"": 6.296283017970633, ""learning_rate"": 0.04109926722971103, ""max_depth"": 4, ""min_child_weight"": 10, ""n_estimators"": 400, ""ngramas"": ""uni"", ""preprocessing"": ""stem"", ""reg_alpha"": 0.210572841460765, ""reg_lambda"": 0.2701332543050331, ""scale_pos_weight"": 2.192166543384603, ""subsample"": 0.6104883913968135}",COMPLETE
11,0.6572925784502407,2026-10-01 08:34:08.759896,2026-10-01 08:34:09.458359,0 days 00:00:00.698463,0.786810172889758,6.824587173738448,0.01667407158632919,2,12,350,uni,stem,0.0528099404077683,0.9442038922077468,1.245383660777954,0.663725242706518,0.0150940985216201,,"{""colsample_bytree"": 0.786810172889758, ""gamma"": 6.824587173738448, ""learning_rate"": 0.01667407158632919, ""max_depth"": 2, ""min_child_weight"": 12, ""n_estimators"": 350, ""ngramas"": ""uni"", ""preprocessing"": ""stem"", ""reg_alpha"": 0.0528099404077683, ""reg_lambda"": 0.9442038922077468, ""scale_pos_weight"": 1.245383660777954, ""subsample"": 0.663725242706518}",COMPLETE
12,0.6728622025237746,2026-10-01 08:34:09.460883,2026-10-01 08:34:10.138949,0 days 00:00:00.678066,0.7842182236039431,5.850333620189279,0.04594348757900831,4,9,300,uni,stem,0.008532662849205532,1.177133356889845,1.7786211486845827,0.6696240141878066,0.017401453738903623,,"{""colsample_bytree"": 0.7842182236039431, ""gamma"": 5.850333620189279, ""learning_rate"": 0.04594348757900831, ""max_depth"": 4, ""min_child_weight"": 9, ""n_estimators"": 300, ""ngramas"": ""uni"", ""preprocessing"": ""stem"", ""reg_alpha"": 0.008532662849205532, ""reg_lambda"": 1.177133356889845, ""scale_pos_weight"": 1.7786211486845827, ""subsample"": 0.6696240141878066}",COMPLETE
13,0.6699217181937143,2026-10-01 08:34:10.141724,2026-10-01 08:34:10.983984,0 days 00:00:00.842260,0.709519889206401,6.460958725044619,0.021994366170807574,5,5,300,uni,stem,0.04338862354047053,0.35309495766970367,1.680746082034769,0.6461034484958359,0.013121662132030627,,"{""colsample_bytree"": 0.709519889206401, ""gamma"": 6.460958725044619, ""learning_rate"": 0.021994366170807574, ""max_depth"": 5, ""min_child_weight"": 5, ""n_estimators"": 300, ""ngramas"": ""uni"", ""preprocessing"": ""stem"", ""reg_alpha"": 0.04338862354047053, ""reg_lambda"": 0.35309495766970367, ""scale_pos_weight"": 1.680746082034769, ""subsample"": 0.6461034484958359}",COMPLETE
14,0.6740054564177648,2026-10-01 08:34:10.988976,2026-10-01 08:34:11.672349,0 days 00:00:00.683373,0.7249594618631952,4.3768035878459965,0.03953873454713894,4,10,300,uni,stem,0.019726638162210722,0.1997771909761032,1.493443878798475,0.7332485885048654,0.025554227337190205,,"{""colsample_bytree"": 0.7249594618631952, ""gamma"": 4.3768035878459965, ""learning_rate"": 0.03953873454713894, ""max_depth"": 4, ""min_child_weight"": 10, ""n_estimators"": 300, ""ngramas"": ""uni"", ""preprocessing"": ""stem"", ""reg_alpha"": 0.019726638162210722, ""reg_lambda"": 0.1997771909761032, ""scale_pos_weight"": 1.493443878798475, ""subsample"": 0.7332485885048654}",COMPLETE
15,0.6648803633338513,2026-10-01 08:34:11.677121,2026-10-01 08:34:12.567645,0 days 00:00:00.890524,0.861622833362053,4.147506739047521,0.03280693239924499,4,8,350,uni,stem,0.002417300716381503,1.7612447848077704,1.816831979669095,0.7072199952819825,0.024727874399979928,,"{""colsample_bytree"": 0.861622833362053, ""gamma"": 4.147506739047521, ""learning_rate"": 0.03280693239924499, ""max_depth"": 4, ""min_child_weight"": 8, ""n_estimators"": 350, ""ngramas"": ""uni"", ""preprocessing"": ""stem"", ""reg_alpha"": 0.002417300716381503, ""reg_lambda"": 1.7612447848077704, ""scale_pos_weight"": 1.816831979669095, ""subsample"": 0.7072199952819825}",COMPLETE
16,0.6717507052812962,2026-10-01 08:34:12.572395,2026-10-01 08:34:13.227726,0 days 00:00:00.655331,0.7872996957772856,5.353277352518013,0.06945180061611023,4,7,300,uni,stem,0.009978481653679566,0.5420562932332227,1.557679935447225,0.7036181125661842,0.022645551404593255,,"{""colsample_bytree"": 0.7872996957772856, ""gamma"": 5.353277352518013, ""learning_rate"": 0.06945180061611023, ""max_depth"": 4, ""min_child_weight"": 7, ""n_estimators"": 300, ""ngramas"": ""uni"", ""preprocessing"": ""stem"", ""reg_alpha"": 0.009978481653679566, ""reg_lambda"": 0.5420562932332227, ""scale_pos_weight"": 1.557679935447225, ""subsample"": 0.7036181125661842}",COMPLETE
17,0.6748543966595997,2026-10-01 08:34:13.233745,2026-10-01 08:34:14.019657,0 days 00:00:00.785912,0.6649885784861006,6.0920806485821695,0.03452345386679774,3,10,450,uni,stem,0.003879391335893908,1.4628482832147545,1.4579551913724371,0.7078745273900555,0.015478372103393482,,"{""colsample_bytree"": 0.6649885784861006, ""gamma"": 6.0920806485821695, ""learning_rate"": 0.03452345386679774, ""max_depth"": 3, ""min_child_weight"": 10, ""n_estimators"": 450, ""ngramas"": ""uni"", ""preprocessing"": ""stem"", ""reg_alpha"": 0.003879391335893908, ""reg_lambda"": 1.4628482832147545, ""scale_pos_weight"": 1.4579551913724371, ""subsample"": 0.7078745273900555}",COMPLETE
18,0.6607381495636407,2026-10-01 08:34:14.024228,2026-10-01 08:34:14.566198,0 days 00:00:00.541970,0.6246809971245006,7.047124551475203,0.026241501122259554,3,11,250,uni,stem,0.0011099392787371468,10.114482215319645,1.6489148928109176,0.7763279032414651,0.002474389672491541,,"{""colsample_bytree"": 0.6246809971245006, ""gamma"": 7.047124551475203, ""learning_rate"": 0.026241501122259554, ""max_depth"": 3, ""min_child_weight"": 11, ""n_estimators"": 250, ""ngramas"": ""uni"", ""preprocessing"": ""stem"", ""reg_alpha"": 0.0011099392787371468, ""reg_lambda"": 10.114482215319645, ""scale_pos_weight"": 1.6489148928109176, ""subsample"": 0.7763279032414651}",COMPLETE
19,0.6718297958550056,2026-10-01 08:34:14.572359,2026-10-01 08:34:15.274935,0 days 00:00:00.702576,0.7409966272276772,5.69652276625295,0.019037361443545623,3,11,300,uni,stem,0.006673106193283758,0.9086038832719233,1.7247737114434396,0.7759934509857213,0.011966037688387669,,"{""colsample_bytree"": 0.7409966272276772, ""gamma"": 5.69652276625295, ""learning_rate"": 0.019037361443545623, ""max_depth"": 3, ""min_child_weight"": 11, ""n_estimators"": 300, ""ngramas"": ""uni"", ""preprocessing"": ""stem"", ""reg_alpha"": 0.006673106193283758, ""reg_lambda"": 0.9086038832719233, ""scale_pos_weight"": 1.7247737114434396, ""subsample"": 0.7759934509857213}",COMPLETE
20,0.6691572357720288,2026-10-01 08:34:15.278942,2026-10-01 08:34:16.298748,0 days 00:00:01.019806,0.6927709871401084,5.631832255825947,0.048111210835968476,4,13,650,uni,stem,0.0036868553992192524,1.1048373804792948,1.1277858276626065,0.6397313515655848,0.008392973751829616,,"{""colsample_bytree"": 0.6927709871401084, ""gamma"": 5.631832255825947, ""learning_rate"": 0.048111210835968476, ""max_depth"": 4, ""min_child_weight"": 13, ""n_estimators"": 650, ""ngramas"": ""uni"", ""preprocessing"": ""stem"", ""reg_alpha"": 0.0036868553992192524, ""reg_lambda"": 1.1048373804792948, ""scale_pos_weight"": 1.1277858276626065, ""subsample"": 0.6397313515655848}",COMPLETE
21,0.6688394358744117,2026-10-01 08:34:16.304257,2026-10-01 08:34:16.955950,0 days 00:00:00.651693,0.6337479364017018,4.791018946782825,0.03572952601845973,3,9,300,uni,stem,0.011435960143626035,0.6944847753981752,1.7907581998762359,0.7114100756536098,0.01689997654367685,,"{""colsample_bytree"": 0.6337479364017018, ""gamma"": 4.791018946782825, ""learning_rate"": 0.03572952601845973, ""max_depth"": 3, ""min_child_weight"": 9, ""n_estimators"": 300, ""ngramas"": ""uni"", ""preprocessing"": ""stem"", ""reg_alpha"": 0.011435960143626035, ""reg_lambda"": 0.6944847753981752, ""scale_pos_weight"": 1.7907581998762359, ""subsample"": 0.7114100756536098}",COMPLETE
22,0.6719493310668443,2026-10-01 08:34:16.960744,2026-10-01 08:34:17.848541,0 days 00:00:00.887797,0.6732151466308465,6.858123985377984,0.018652274987221436,3,13,500,uni,stem,0.004307621760177781,1.5487345924524683,1.6106461653561377,0.7728938977804221,0.017001696244686646,,"{""colsample_bytree"": 0.6732151466308465, ""gamma"": 6.858123985377984, ""learning_rate"": 0.018652274987221436, ""max_depth"": 3, ""min_child_weight"": 13, ""n_estimators"": 500, ""ngramas"": ""uni"", ""preprocessing"": ""stem"", ""reg_alpha"": 0.004307621760177781, ""reg_lambda"": 1.5487345924524683, ""scale_pos_weight"": 1.6106461653561377, ""subsample"": 0.7728938977804221}",COMPLETE
23,0.674971731887715,2026-10-01 08:34:17.854574,2026-10-01 08:34:18.362330,0 days 00:00:00.507756,0.6985308891542261,3.0768423683655186,0.07633664885979369,3,9,200,uni,stem,0.026425192339093195,0.22095162516933523,1.4270084254173652,0.7045287269445248,0.01689398672927215,,"{""colsample_bytree"": 0.6985308891542261, ""gamma"": 3.0768423683655186, ""learning_rate"": 0.07633664885979369, ""max_depth"": 3, ""min_child_weight"": 9, ""n_estimators"": 200, ""ngramas"": ""uni"", ""preprocessing"": ""stem"", ""reg_alpha"": 0.026425192339093195, ""reg_lambda"": 0.22095162516933523, ""scale_pos_weight"": 1.4270084254173652, ""subsample"": 0.7045287269445248}",COMPLETE
24,0.6696746595190005,2026-10-01 08:34:18.368840,2026-10-01 08:34:19.147570,0 days 00:00:00.778730,0.774903983868375,3.503567157330888,0.061162909712677745,4,9,350,uni,stem,0.016811144553352662,0.11302151488164237,1.747584002029205,0.8156562284660865,0.024583854620054135,,"{""colsample_bytree"": 0.774903983868375, ""gamma"": 3.503567157330888, ""learning_rate"": 0.061162909712677745, ""max_depth"": 4, ""min_child_weight"": 9, ""n_estimators"": 350, ""ngramas"": ""uni"", ""preprocessing"": ""stem"", ""reg_alpha"": 0.016811144553352662, ""reg_lambda"": 0.11302151488164237, ""scale_pos_weight"": 1.747584002029205, ""subsample"": 0.8156562284660865}",COMPLETE
25,0.6718581951762754,2026-10-01 08:34:19.153103,2026-10-01 08:34:19.754779,0 days 00:00:00.601676,0.7520292558993592,2.4639089485541392,0.08665418812281303,3,11,250,uni,stem,0.011960408177599002,0.16128723550455712,1.4512349579093322,0.7557924093839479,0.025263431311997195,,"{""colsample_bytree"": 0.7520292558993592, ""gamma"": 2.4639089485541392, ""learning_rate"": 0.08665418812281303, ""max_depth"": 3, ""min_child_weight"": 11, ""n_estimators"": 250, ""ngramas"": ""uni"", ""preprocessing"": ""stem"", ""reg_alpha"": 0.011960408177599002, ""reg_lambda"": 0.16128723550455712, ""scale_pos_weight"": 1.4512349579093322, ""subsample"": 0.7557924093839479}",COMPLETE
26,0.6748992422793813,2026-10-01 08:34:19.760935,2026-10-01 08:34:20.160351,0 days 00:00:00.399416,0.6513097797711015,4.337346404379028,0.11822464251301153,3,11,150,uni,stem,0.09947954935895051,0.4048515217107594,1.5449279586366111,0.6966148218288362,0.012002729448671475,,"{""colsample_bytree"": 0.6513097797711015, ""gamma"": 4.337346404379028, ""learning_rate"": 0.11822464251301153, ""max_depth"": 3, ""min_child_weight"": 11, ""n_estimators"": 150, ""ngramas"": ""uni"", ""preprocessing"": ""stem"", ""reg_alpha"": 0.09947954935895051, ""reg_lambda"": 0.4048515217107594, ""scale_pos_weight"": 1.5449279586366111, ""subsample"": 0.6966148218288362}",COMPLETE
27,0.679801238836821,2026-10-01 08:34:20.166370,2026-10-01 08:34:20.606543,0 days 00:00:00.440173,0.7338469755355586,4.479161707589023,0.18747322124529958,2,12,200,uni,stem,0.01516182989598515,1.0193685919429494,1.627703622793345,0.6960902461216213,0.018377357392317183,,"{""colsample_bytree"": 0.7338469755355586, ""gamma"": 4.479161707589023, ""learning_rate"": 0.18747322124529958, ""max_depth"": 2, ""min_child_weight"": 12, ""n_estimators"": 200, ""ngramas"": ""uni"", ""preprocessing"": ""stem"", ""reg_alpha"": 0.01516182989598515, ""reg_lambda"": 1.0193685919429494, ""scale_pos_weight"": 1.627703622793345, ""subsample"": 0.6960902461216213}",COMPLETE
28,0.681226346670495,2026-10-01 08:34:20.612566,2026-10-01 08:34:21.043859,0 days 00:00:00.431293,0.7211506121985056,3.8946846350964868,0.14753372321092237,2,10,150,uni,stem,0.010575595950578075,0.4622433733740044,1.698643483424935,0.6892181321609409,0.027872003373708255,,"{""colsample_bytree"": 0.7211506121985056, ""gamma"": 3.8946846350964868, ""learning_rate"": 0.14753372321092237, ""max_depth"": 2, ""min_child_weight"": 10, ""n_estimators"": 150, ""ngramas"": ""uni"", ""preprocessing"": ""stem"", ""reg_alpha"": 0.010575595950578075, ""reg_lambda"": 0.4622433733740044, ""scale_pos_weight"": 1.698643483424935, ""subsample"": 0.6892181321609409}",COMPLETE
29,0.6735973276198569,2026-10-01 08:34:21.048870,2026-10-01 08:34:21.668889,0 days 00:00:00.620019,0.7415090034390814,5.128286576565989,0.1275475603965157,2,12,350,uni,stem,0.003299795387200151,2.8476140267829044,1.7906222624497696,0.7134002846738583,0.026806757830843332,,"{""colsample_bytree"": 0.7415090034390814, ""gamma"": 5.128286576565989, ""learning_rate"": 0.1275475603965157, ""max_depth"": 2, ""min_child_weight"": 12, ""n_estimators"": 350, ""ngramas"": ""uni"", ""preprocessing"": ""stem"", ""reg_alpha"": 0.003299795387200151, ""reg_lambda"": 2.8476140267829044, ""scale_pos_weight"": 1.7906222624497696, ""subsample"": 0.7134002846738583}",COMPLETE
30,0.6639084804230536,2026-10-01 08:34:21.674119,2026-10-01 08:34:22.172863,0 days 00:00:00.498744,0.8025757469891577,2.9077002914248116,0.1910436374872327,2,9,200,uni,stem,0.037538968426905614,0.3770318594352686,2.1075465035514114,0.6306017409806766,0.017845563251258325,,"{""colsample_bytree"": 0.8025757469891577, ""gamma"": 2.9077002914248116, ""learning_rate"": 0.1910436374872327, ""max_depth"": 2, ""min_child_weight"": 9, ""n_estimators"": 200, ""ngramas"": ""uni"", ""preprocessing"": ""stem"", ""reg_alpha"": 0.037538968426905614, ""reg_lambda"": 0.3770318594352686, ""scale_pos_weight"": 2.1075465035514114, ""subsample"": 0.6306017409806766}",COMPLETE
31,0.6688878123632834,2026-10-01 08:34:22.180169,2026-10-01 08:34:22.647413,0 days 00:00:00.467244,0.8510120420847667,3.6404249696949464,0.14700455473143823,2,14,200,uni,stem,0.02215173024982077,2.1630527670614863,1.5758681702594,0.699342131224321,0.013719484141704333,,"{""colsample_bytree"": 0.8510120420847667, ""gamma"": 3.6404249696949464, ""learning_rate"": 0.14700455473143823, ""max_depth"": 2, ""min_child_weight"": 14, ""n_estimators"": 200, ""ngramas"": ""uni"", ""preprocessing"": ""stem"", ""reg_alpha"": 0.02215173024982077, ""reg_lambda"": 2.1630527670614863, ""scale_pos_weight"": 1.5758681702594, ""subsample"": 0.699342131224321}",COMPLETE
32,0.6774891889148904,2026-10-01 08:34:22.654949,2026-10-01 08:34:23.273256,0 days 00:00:00.618307,0.7697448313253032,2.7249930418774393,0.1285668927428832,2,10,300,uni,stem,0.022331602984912442,0.5122640017747261,1.4939275706244985,0.661656125843056,0.01633567443530244,,"{""colsample_bytree"": 0.7697448313253032, ""gamma"": 2.7249930418774393, ""learning_rate"": 0.1285668927428832, ""max_depth"": 2, ""min_child_weight"": 10, ""n_estimators"": 300, ""ngramas"": ""uni"", ""preprocessing"": ""stem"", ""reg_alpha"": 0.022331602984912442, ""reg_lambda"": 0.5122640017747261, ""scale_pos_weight"": 1.4939275706244985, ""subsample"": 0.661656125843056}",COMPLETE
33,0.6668650197244969,2026-10-01 08:34:23.281787,2026-10-01 08:34:23.872948,0 days 00:00:00.591161,0.6759491610540788,3.184582573828056,0.16962887344463154,2,7,300,uni,stem,0.014894122847992103,0.8391584916184494,1.6029963130126648,0.694565595925362,0.012748229714440866,,"{""colsample_bytree"": 0.6759491610540788, ""gamma"": 3.184582573828056, ""learning_rate"": 0.16962887344463154, ""max_depth"": 2, ""min_child_weight"": 7, ""n_estimators"": 300, ""ngramas"": ""uni"", ""preprocessing"": ""stem"", ""reg_alpha"": 0.014894122847992103, ""reg_lambda"": 0.8391584916184494, ""scale_pos_weight"": 1.6029963130126648, ""subsample"": 0.694565595925362}",COMPLETE
34,0.6758101088274083,2026-10-01 08:34:23.879745,2026-10-01 08:34:24.288609,0 days 00:00:00.408864,0.8024946898827563,3.5589806564367072,0.10689529334707318,2,10,150,uni,stem,0.01005776082905499,0.6099272568147995,1.7966556748778193,0.7188412499314856,0.013427113758958314,,"{""colsample_bytree"": 0.8024946898827563, ""gamma"": 3.5589806564367072, ""learning_rate"": 0.10689529334707318, ""max_depth"": 2, ""min_child_weight"": 10, ""n_estimators"": 150, ""ngramas"": ""uni"", ""preprocessing"": ""stem"", ""reg_alpha"": 0.01005776082905499, ""reg_lambda"": 0.6099272568147995, ""scale_pos_weight"": 1.7966556748778193, ""subsample"": 0.7188412499314856}",COMPLETE
35,0.6709909233320293,2026-10-01 08:34:24.296555,2026-10-01 08:34:24.752070,0 days 00:00:00.455515,0.8117214769344886,4.249154766720282,0.061110538907591085,3,11,150,uni,stem,0.010784264930776829,0.6160898732463368,1.895799019845001,0.7223346851958392,0.01900368267976922,,"{""colsample_bytree"": 0.8117214769344886, ""gamma"": 4.249154766720282, ""learning_rate"": 0.061110538907591085, ""max_depth"": 3, ""min_child_weight"": 11, ""n_estimators"": 150, ""ngramas"": ""uni"", ""preprocessing"": ""stem"", ""reg_alpha"": 0.010784264930776829, ""reg_lambda"": 0.6160898732463368, ""scale_pos_weight"": 1.895799019845001, ""subsample"": 0.7223346851958392}",COMPLETE
36,0.6778411484209906,2026-10-01 08:34:24.759116,2026-10-01 08:34:25.166652,0 days 00:00:00.407536,0.7743643284934012,3.0003810099114165,0.09307276172988913,2,9,150,uni,stem,0.007688881177965257,0.42626224049266576,1.5632495178856505,0.7421111064482396,0.019058042794695036,,"{""colsample_bytree"": 0.7743643284934012, ""gamma"": 3.0003810099114165, ""learning_rate"": 0.09307276172988913, ""max_depth"": 2, ""min_child_weight"": 9, ""n_estimators"": 150, ""ngramas"": ""uni"", ""preprocessing"": ""stem"", ""reg_alpha"": 0.007688881177965257, ""reg_lambda"": 0.42626224049266576, ""scale_pos_weight"": 1.5632495178856505, ""subsample"": 0.7421111064482396}",COMPLETE
